[2022-10-31 20:39:06,122] {taskinstance.py:851} INFO - Dependencies all met for <TaskInstance: example_bash_operator.run_after_loop 2022-10-31T20:39:03.770890+00:00 [queued]>
[2022-10-31 20:39:06,129] {taskinstance.py:851} INFO - Dependencies all met for <TaskInstance: example_bash_operator.run_after_loop 2022-10-31T20:39:03.770890+00:00 [queued]>
[2022-10-31 20:39:06,129] {taskinstance.py:1042} INFO - 
--------------------------------------------------------------------------------
[2022-10-31 20:39:06,129] {taskinstance.py:1043} INFO - Starting attempt 1 of 1
[2022-10-31 20:39:06,129] {taskinstance.py:1044} INFO - 
--------------------------------------------------------------------------------
[2022-10-31 20:39:06,137] {taskinstance.py:1063} INFO - Executing <Task(BashOperator): run_after_loop> on 2022-10-31T20:39:03.770890+00:00
[2022-10-31 20:39:06,140] {standard_task_runner.py:52} INFO - Started process 89 to run task
[2022-10-31 20:39:06,143] {standard_task_runner.py:76} INFO - Running: ['airflow', 'tasks', 'run', 'example_bash_operator', 'run_after_loop', '2022-10-31T20:39:03.770890+00:00', '--job-id', '18', '--pool', 'default_pool', '--raw', '--subdir', '/home/airflow/.local/lib/python3.6/site-packages/airflow/example_dags/example_bash_operator.py', '--cfg-path', '/tmp/tmpk7hcvoqv', '--error-file', '/tmp/tmpfrdd_qd9']
[2022-10-31 20:39:06,143] {standard_task_runner.py:77} INFO - Job 18: Subtask run_after_loop
[2022-10-31 20:39:06,168] {logging_mixin.py:104} INFO - Running <TaskInstance: example_bash_operator.run_after_loop 2022-10-31T20:39:03.770890+00:00 [running]> on host 8311e947f87b
[2022-10-31 20:39:06,192] {taskinstance.py:1257} INFO - Exporting the following env vars:
AIRFLOW_CTX_DAG_OWNER=airflow
AIRFLOW_CTX_DAG_ID=example_bash_operator
AIRFLOW_CTX_TASK_ID=run_after_loop
AIRFLOW_CTX_EXECUTION_DATE=2022-10-31T20:39:03.770890+00:00
AIRFLOW_CTX_DAG_RUN_ID=manual__2022-10-31T20:39:03.770890+00:00
[2022-10-31 20:39:06,192] {bash.py:135} INFO - Tmp dir root location: 
 /tmp
[2022-10-31 20:39:06,192] {bash.py:158} INFO - Running command: echo 1
[2022-10-31 20:39:06,199] {bash.py:169} INFO - Output:
[2022-10-31 20:39:06,200] {bash.py:173} INFO - 1
[2022-10-31 20:39:06,201] {bash.py:177} INFO - Command exited with return code 0
[2022-10-31 20:39:06,218] {taskinstance.py:1166} INFO - Marking task as SUCCESS. dag_id=example_bash_operator, task_id=run_after_loop, execution_date=20221031T203903, start_date=20221031T203906, end_date=20221031T203906
[2022-10-31 20:39:06,237] {taskinstance.py:1220} INFO - 1 downstream tasks scheduled from follow-on schedule check
[2022-10-31 20:39:06,275] {local_task_job.py:146} INFO - Task exited with return code 0
