[2022-11-01 11:01:52,006] {scheduler_job.py:182} INFO - Started process (PID=5642) to work on /opt/airflow/dags/parallel_dag.py
[2022-11-01 11:01:52,007] {scheduler_job.py:629} INFO - Processing file /opt/airflow/dags/parallel_dag.py for tasks to queue
[2022-11-01 11:01:52,007] {logging_mixin.py:104} INFO - [2022-11-01 11:01:52,007] {dagbag.py:448} INFO - Filling up the DagBag from /opt/airflow/dags/parallel_dag.py
[2022-11-01 11:01:52,014] {scheduler_job.py:639} INFO - DAG(s) dict_keys(['parallel_dag']) retrieved from /opt/airflow/dags/parallel_dag.py
[2022-11-01 11:01:52,027] {logging_mixin.py:104} INFO - [2022-11-01 11:01:52,027] {dag.py:1818} INFO - Sync 1 DAGs
[2022-11-01 11:01:52,034] {logging_mixin.py:104} INFO - [2022-11-01 11:01:52,034] {dag.py:1837} INFO - Creating ORM DAG for parallel_dag
[2022-11-01 11:01:52,046] {logging_mixin.py:104} INFO - [2022-11-01 11:01:52,046] {dag.py:2273} INFO - Setting next_dagrun for parallel_dag to 2022-10-31 00:00:00+00:00
[2022-11-01 11:01:52,058] {scheduler_job.py:190} INFO - Processing /opt/airflow/dags/parallel_dag.py took 0.053 seconds
[2022-11-01 11:02:22,208] {scheduler_job.py:182} INFO - Started process (PID=5670) to work on /opt/airflow/dags/parallel_dag.py
[2022-11-01 11:02:22,208] {scheduler_job.py:629} INFO - Processing file /opt/airflow/dags/parallel_dag.py for tasks to queue
[2022-11-01 11:02:22,209] {logging_mixin.py:104} INFO - [2022-11-01 11:02:22,209] {dagbag.py:448} INFO - Filling up the DagBag from /opt/airflow/dags/parallel_dag.py
[2022-11-01 11:02:22,215] {scheduler_job.py:639} INFO - DAG(s) dict_keys(['parallel_dag']) retrieved from /opt/airflow/dags/parallel_dag.py
[2022-11-01 11:02:22,227] {logging_mixin.py:104} INFO - [2022-11-01 11:02:22,227] {dag.py:1818} INFO - Sync 1 DAGs
[2022-11-01 11:02:22,242] {logging_mixin.py:104} INFO - [2022-11-01 11:02:22,242] {dag.py:2273} INFO - Setting next_dagrun for parallel_dag to 2022-10-31 00:00:00+00:00
[2022-11-01 11:02:22,252] {scheduler_job.py:190} INFO - Processing /opt/airflow/dags/parallel_dag.py took 0.046 seconds
[2022-11-01 11:02:52,271] {scheduler_job.py:182} INFO - Started process (PID=5698) to work on /opt/airflow/dags/parallel_dag.py
[2022-11-01 11:02:52,272] {scheduler_job.py:629} INFO - Processing file /opt/airflow/dags/parallel_dag.py for tasks to queue
[2022-11-01 11:02:52,273] {logging_mixin.py:104} INFO - [2022-11-01 11:02:52,273] {dagbag.py:448} INFO - Filling up the DagBag from /opt/airflow/dags/parallel_dag.py
[2022-11-01 11:02:52,282] {scheduler_job.py:639} INFO - DAG(s) dict_keys(['parallel_dag']) retrieved from /opt/airflow/dags/parallel_dag.py
[2022-11-01 11:02:52,296] {logging_mixin.py:104} INFO - [2022-11-01 11:02:52,296] {dag.py:1818} INFO - Sync 1 DAGs
[2022-11-01 11:02:52,314] {logging_mixin.py:104} INFO - [2022-11-01 11:02:52,314] {dag.py:2273} INFO - Setting next_dagrun for parallel_dag to 2022-10-31 00:00:00+00:00
[2022-11-01 11:02:52,325] {scheduler_job.py:190} INFO - Processing /opt/airflow/dags/parallel_dag.py took 0.056 seconds
[2022-11-01 11:03:22,499] {scheduler_job.py:182} INFO - Started process (PID=5726) to work on /opt/airflow/dags/parallel_dag.py
[2022-11-01 11:03:22,502] {scheduler_job.py:629} INFO - Processing file /opt/airflow/dags/parallel_dag.py for tasks to queue
[2022-11-01 11:03:22,504] {logging_mixin.py:104} INFO - [2022-11-01 11:03:22,504] {dagbag.py:448} INFO - Filling up the DagBag from /opt/airflow/dags/parallel_dag.py
[2022-11-01 11:03:22,527] {scheduler_job.py:639} INFO - DAG(s) dict_keys(['parallel_dag']) retrieved from /opt/airflow/dags/parallel_dag.py
[2022-11-01 11:03:22,545] {logging_mixin.py:104} INFO - [2022-11-01 11:03:22,545] {dag.py:1818} INFO - Sync 1 DAGs
[2022-11-01 11:03:22,566] {logging_mixin.py:104} INFO - [2022-11-01 11:03:22,566] {dag.py:2273} INFO - Setting next_dagrun for parallel_dag to 2022-10-31 00:00:00+00:00
[2022-11-01 11:03:22,582] {scheduler_job.py:190} INFO - Processing /opt/airflow/dags/parallel_dag.py took 0.090 seconds
[2022-11-01 11:03:52,846] {scheduler_job.py:182} INFO - Started process (PID=5754) to work on /opt/airflow/dags/parallel_dag.py
[2022-11-01 11:03:52,847] {scheduler_job.py:629} INFO - Processing file /opt/airflow/dags/parallel_dag.py for tasks to queue
[2022-11-01 11:03:52,848] {logging_mixin.py:104} INFO - [2022-11-01 11:03:52,847] {dagbag.py:448} INFO - Filling up the DagBag from /opt/airflow/dags/parallel_dag.py
[2022-11-01 11:03:52,856] {scheduler_job.py:639} INFO - DAG(s) dict_keys(['parallel_dag']) retrieved from /opt/airflow/dags/parallel_dag.py
[2022-11-01 11:03:52,870] {logging_mixin.py:104} INFO - [2022-11-01 11:03:52,870] {dag.py:1818} INFO - Sync 1 DAGs
[2022-11-01 11:03:52,888] {logging_mixin.py:104} INFO - [2022-11-01 11:03:52,888] {dag.py:2273} INFO - Setting next_dagrun for parallel_dag to 2022-10-31 00:00:00+00:00
[2022-11-01 11:03:52,893] {scheduler_job.py:190} INFO - Processing /opt/airflow/dags/parallel_dag.py took 0.049 seconds
[2022-11-01 11:04:23,119] {scheduler_job.py:182} INFO - Started process (PID=5782) to work on /opt/airflow/dags/parallel_dag.py
[2022-11-01 11:04:23,122] {scheduler_job.py:629} INFO - Processing file /opt/airflow/dags/parallel_dag.py for tasks to queue
[2022-11-01 11:04:23,123] {logging_mixin.py:104} INFO - [2022-11-01 11:04:23,123] {dagbag.py:448} INFO - Filling up the DagBag from /opt/airflow/dags/parallel_dag.py
[2022-11-01 11:04:23,148] {scheduler_job.py:639} INFO - DAG(s) dict_keys(['parallel_dag']) retrieved from /opt/airflow/dags/parallel_dag.py
[2022-11-01 11:04:23,166] {logging_mixin.py:104} INFO - [2022-11-01 11:04:23,166] {dag.py:1818} INFO - Sync 1 DAGs
[2022-11-01 11:04:23,186] {logging_mixin.py:104} INFO - [2022-11-01 11:04:23,186] {dag.py:2273} INFO - Setting next_dagrun for parallel_dag to 2022-10-31 00:00:00+00:00
[2022-11-01 11:04:23,197] {scheduler_job.py:190} INFO - Processing /opt/airflow/dags/parallel_dag.py took 0.085 seconds
[2022-11-01 11:04:53,231] {scheduler_job.py:182} INFO - Started process (PID=5810) to work on /opt/airflow/dags/parallel_dag.py
[2022-11-01 11:04:53,232] {scheduler_job.py:629} INFO - Processing file /opt/airflow/dags/parallel_dag.py for tasks to queue
[2022-11-01 11:04:53,232] {logging_mixin.py:104} INFO - [2022-11-01 11:04:53,232] {dagbag.py:448} INFO - Filling up the DagBag from /opt/airflow/dags/parallel_dag.py
[2022-11-01 11:04:53,240] {scheduler_job.py:639} INFO - DAG(s) dict_keys(['parallel_dag']) retrieved from /opt/airflow/dags/parallel_dag.py
[2022-11-01 11:04:53,253] {logging_mixin.py:104} INFO - [2022-11-01 11:04:53,253] {dag.py:1818} INFO - Sync 1 DAGs
[2022-11-01 11:04:53,270] {logging_mixin.py:104} INFO - [2022-11-01 11:04:53,270] {dag.py:2273} INFO - Setting next_dagrun for parallel_dag to 2022-10-31 00:00:00+00:00
[2022-11-01 11:04:53,285] {scheduler_job.py:190} INFO - Processing /opt/airflow/dags/parallel_dag.py took 0.055 seconds
[2022-11-01 11:05:23,400] {scheduler_job.py:182} INFO - Started process (PID=5838) to work on /opt/airflow/dags/parallel_dag.py
[2022-11-01 11:05:23,402] {scheduler_job.py:629} INFO - Processing file /opt/airflow/dags/parallel_dag.py for tasks to queue
[2022-11-01 11:05:23,404] {logging_mixin.py:104} INFO - [2022-11-01 11:05:23,404] {dagbag.py:448} INFO - Filling up the DagBag from /opt/airflow/dags/parallel_dag.py
[2022-11-01 11:05:23,425] {scheduler_job.py:639} INFO - DAG(s) dict_keys(['parallel_dag']) retrieved from /opt/airflow/dags/parallel_dag.py
[2022-11-01 11:05:23,439] {logging_mixin.py:104} INFO - [2022-11-01 11:05:23,438] {dag.py:1818} INFO - Sync 1 DAGs
[2022-11-01 11:05:23,457] {logging_mixin.py:104} INFO - [2022-11-01 11:05:23,457] {dag.py:2273} INFO - Setting next_dagrun for parallel_dag to 2022-10-31 00:00:00+00:00
[2022-11-01 11:05:23,461] {scheduler_job.py:190} INFO - Processing /opt/airflow/dags/parallel_dag.py took 0.069 seconds
[2022-11-01 11:05:53,705] {scheduler_job.py:182} INFO - Started process (PID=5866) to work on /opt/airflow/dags/parallel_dag.py
[2022-11-01 11:05:53,707] {scheduler_job.py:629} INFO - Processing file /opt/airflow/dags/parallel_dag.py for tasks to queue
[2022-11-01 11:05:53,709] {logging_mixin.py:104} INFO - [2022-11-01 11:05:53,709] {dagbag.py:448} INFO - Filling up the DagBag from /opt/airflow/dags/parallel_dag.py
[2022-11-01 11:05:53,730] {scheduler_job.py:639} INFO - DAG(s) dict_keys(['parallel_dag']) retrieved from /opt/airflow/dags/parallel_dag.py
[2022-11-01 11:05:53,747] {logging_mixin.py:104} INFO - [2022-11-01 11:05:53,747] {dag.py:1818} INFO - Sync 1 DAGs
[2022-11-01 11:05:53,765] {logging_mixin.py:104} INFO - [2022-11-01 11:05:53,765] {dag.py:2273} INFO - Setting next_dagrun for parallel_dag to 2022-10-31 00:00:00+00:00
[2022-11-01 11:05:53,775] {scheduler_job.py:190} INFO - Processing /opt/airflow/dags/parallel_dag.py took 0.077 seconds
[2022-11-01 11:06:23,994] {scheduler_job.py:182} INFO - Started process (PID=5894) to work on /opt/airflow/dags/parallel_dag.py
[2022-11-01 11:06:23,996] {scheduler_job.py:629} INFO - Processing file /opt/airflow/dags/parallel_dag.py for tasks to queue
[2022-11-01 11:06:23,998] {logging_mixin.py:104} INFO - [2022-11-01 11:06:23,998] {dagbag.py:448} INFO - Filling up the DagBag from /opt/airflow/dags/parallel_dag.py
[2022-11-01 11:06:24,022] {scheduler_job.py:639} INFO - DAG(s) dict_keys(['parallel_dag']) retrieved from /opt/airflow/dags/parallel_dag.py
[2022-11-01 11:06:24,041] {logging_mixin.py:104} INFO - [2022-11-01 11:06:24,041] {dag.py:1818} INFO - Sync 1 DAGs
[2022-11-01 11:06:24,064] {logging_mixin.py:104} INFO - [2022-11-01 11:06:24,064] {dag.py:2273} INFO - Setting next_dagrun for parallel_dag to 2022-10-31 00:00:00+00:00
[2022-11-01 11:06:24,069] {scheduler_job.py:190} INFO - Processing /opt/airflow/dags/parallel_dag.py took 0.082 seconds
[2022-11-01 11:06:54,404] {scheduler_job.py:182} INFO - Started process (PID=5922) to work on /opt/airflow/dags/parallel_dag.py
[2022-11-01 11:06:54,405] {scheduler_job.py:629} INFO - Processing file /opt/airflow/dags/parallel_dag.py for tasks to queue
[2022-11-01 11:06:54,405] {logging_mixin.py:104} INFO - [2022-11-01 11:06:54,405] {dagbag.py:448} INFO - Filling up the DagBag from /opt/airflow/dags/parallel_dag.py
[2022-11-01 11:06:54,413] {scheduler_job.py:639} INFO - DAG(s) dict_keys(['parallel_dag']) retrieved from /opt/airflow/dags/parallel_dag.py
[2022-11-01 11:06:54,425] {logging_mixin.py:104} INFO - [2022-11-01 11:06:54,425] {dag.py:1818} INFO - Sync 1 DAGs
[2022-11-01 11:06:54,441] {logging_mixin.py:104} INFO - [2022-11-01 11:06:54,441] {dag.py:2273} INFO - Setting next_dagrun for parallel_dag to 2022-10-31 00:00:00+00:00
[2022-11-01 11:06:54,446] {scheduler_job.py:190} INFO - Processing /opt/airflow/dags/parallel_dag.py took 0.043 seconds
[2022-11-01 11:07:25,430] {scheduler_job.py:182} INFO - Started process (PID=5950) to work on /opt/airflow/dags/parallel_dag.py
[2022-11-01 11:07:25,433] {scheduler_job.py:629} INFO - Processing file /opt/airflow/dags/parallel_dag.py for tasks to queue
[2022-11-01 11:07:25,434] {logging_mixin.py:104} INFO - [2022-11-01 11:07:25,434] {dagbag.py:448} INFO - Filling up the DagBag from /opt/airflow/dags/parallel_dag.py
[2022-11-01 11:07:25,455] {scheduler_job.py:639} INFO - DAG(s) dict_keys(['parallel_dag']) retrieved from /opt/airflow/dags/parallel_dag.py
[2022-11-01 11:07:25,473] {logging_mixin.py:104} INFO - [2022-11-01 11:07:25,472] {dag.py:1818} INFO - Sync 1 DAGs
[2022-11-01 11:07:25,493] {logging_mixin.py:104} INFO - [2022-11-01 11:07:25,493] {dag.py:2273} INFO - Setting next_dagrun for parallel_dag to 2022-10-31 00:00:00+00:00
[2022-11-01 11:07:25,498] {scheduler_job.py:190} INFO - Processing /opt/airflow/dags/parallel_dag.py took 0.076 seconds
[2022-11-01 11:07:56,308] {scheduler_job.py:182} INFO - Started process (PID=5978) to work on /opt/airflow/dags/parallel_dag.py
[2022-11-01 11:07:56,310] {scheduler_job.py:629} INFO - Processing file /opt/airflow/dags/parallel_dag.py for tasks to queue
[2022-11-01 11:07:56,312] {logging_mixin.py:104} INFO - [2022-11-01 11:07:56,311] {dagbag.py:448} INFO - Filling up the DagBag from /opt/airflow/dags/parallel_dag.py
[2022-11-01 11:07:56,336] {scheduler_job.py:639} INFO - DAG(s) dict_keys(['parallel_dag']) retrieved from /opt/airflow/dags/parallel_dag.py
[2022-11-01 11:07:56,354] {logging_mixin.py:104} INFO - [2022-11-01 11:07:56,354] {dag.py:1818} INFO - Sync 1 DAGs
[2022-11-01 11:07:56,378] {logging_mixin.py:104} INFO - [2022-11-01 11:07:56,378] {dag.py:2273} INFO - Setting next_dagrun for parallel_dag to 2022-10-31 00:00:00+00:00
[2022-11-01 11:07:56,393] {scheduler_job.py:190} INFO - Processing /opt/airflow/dags/parallel_dag.py took 0.091 seconds
[2022-11-01 11:08:27,167] {scheduler_job.py:182} INFO - Started process (PID=6006) to work on /opt/airflow/dags/parallel_dag.py
[2022-11-01 11:08:27,168] {scheduler_job.py:629} INFO - Processing file /opt/airflow/dags/parallel_dag.py for tasks to queue
[2022-11-01 11:08:27,169] {logging_mixin.py:104} INFO - [2022-11-01 11:08:27,169] {dagbag.py:448} INFO - Filling up the DagBag from /opt/airflow/dags/parallel_dag.py
[2022-11-01 11:08:27,184] {scheduler_job.py:639} INFO - DAG(s) dict_keys(['parallel_dag']) retrieved from /opt/airflow/dags/parallel_dag.py
[2022-11-01 11:08:27,208] {logging_mixin.py:104} INFO - [2022-11-01 11:08:27,208] {dag.py:1818} INFO - Sync 1 DAGs
[2022-11-01 11:08:27,230] {logging_mixin.py:104} INFO - [2022-11-01 11:08:27,230] {dag.py:2273} INFO - Setting next_dagrun for parallel_dag to 2022-10-31 00:00:00+00:00
[2022-11-01 11:08:27,234] {scheduler_job.py:190} INFO - Processing /opt/airflow/dags/parallel_dag.py took 0.071 seconds
[2022-11-01 11:08:57,291] {scheduler_job.py:182} INFO - Started process (PID=6034) to work on /opt/airflow/dags/parallel_dag.py
[2022-11-01 11:08:57,292] {scheduler_job.py:629} INFO - Processing file /opt/airflow/dags/parallel_dag.py for tasks to queue
[2022-11-01 11:08:57,292] {logging_mixin.py:104} INFO - [2022-11-01 11:08:57,292] {dagbag.py:448} INFO - Filling up the DagBag from /opt/airflow/dags/parallel_dag.py
[2022-11-01 11:08:57,301] {scheduler_job.py:639} INFO - DAG(s) dict_keys(['parallel_dag']) retrieved from /opt/airflow/dags/parallel_dag.py
[2022-11-01 11:08:57,315] {logging_mixin.py:104} INFO - [2022-11-01 11:08:57,315] {dag.py:1818} INFO - Sync 1 DAGs
[2022-11-01 11:08:57,333] {logging_mixin.py:104} INFO - [2022-11-01 11:08:57,333] {dag.py:2273} INFO - Setting next_dagrun for parallel_dag to 2022-10-31 00:00:00+00:00
[2022-11-01 11:08:57,344] {scheduler_job.py:190} INFO - Processing /opt/airflow/dags/parallel_dag.py took 0.056 seconds
[2022-11-01 11:09:27,373] {scheduler_job.py:182} INFO - Started process (PID=6062) to work on /opt/airflow/dags/parallel_dag.py
[2022-11-01 11:09:27,374] {scheduler_job.py:629} INFO - Processing file /opt/airflow/dags/parallel_dag.py for tasks to queue
[2022-11-01 11:09:27,374] {logging_mixin.py:104} INFO - [2022-11-01 11:09:27,374] {dagbag.py:448} INFO - Filling up the DagBag from /opt/airflow/dags/parallel_dag.py
[2022-11-01 11:09:27,382] {scheduler_job.py:639} INFO - DAG(s) dict_keys(['parallel_dag']) retrieved from /opt/airflow/dags/parallel_dag.py
[2022-11-01 11:09:27,394] {logging_mixin.py:104} INFO - [2022-11-01 11:09:27,394] {dag.py:1818} INFO - Sync 1 DAGs
[2022-11-01 11:09:27,411] {logging_mixin.py:104} INFO - [2022-11-01 11:09:27,410] {dag.py:2273} INFO - Setting next_dagrun for parallel_dag to 2022-10-31 00:00:00+00:00
[2022-11-01 11:09:27,415] {scheduler_job.py:190} INFO - Processing /opt/airflow/dags/parallel_dag.py took 0.044 seconds
[2022-11-01 11:09:57,519] {scheduler_job.py:182} INFO - Started process (PID=6090) to work on /opt/airflow/dags/parallel_dag.py
[2022-11-01 11:09:57,519] {scheduler_job.py:629} INFO - Processing file /opt/airflow/dags/parallel_dag.py for tasks to queue
[2022-11-01 11:09:57,520] {logging_mixin.py:104} INFO - [2022-11-01 11:09:57,520] {dagbag.py:448} INFO - Filling up the DagBag from /opt/airflow/dags/parallel_dag.py
[2022-11-01 11:09:57,528] {scheduler_job.py:639} INFO - DAG(s) dict_keys(['parallel_dag']) retrieved from /opt/airflow/dags/parallel_dag.py
[2022-11-01 11:09:57,541] {logging_mixin.py:104} INFO - [2022-11-01 11:09:57,541] {dag.py:1818} INFO - Sync 1 DAGs
[2022-11-01 11:09:57,558] {logging_mixin.py:104} INFO - [2022-11-01 11:09:57,558] {dag.py:2273} INFO - Setting next_dagrun for parallel_dag to 2022-10-31 00:00:00+00:00
[2022-11-01 11:09:57,573] {scheduler_job.py:190} INFO - Processing /opt/airflow/dags/parallel_dag.py took 0.056 seconds
[2022-11-01 11:10:27,667] {scheduler_job.py:182} INFO - Started process (PID=6118) to work on /opt/airflow/dags/parallel_dag.py
[2022-11-01 11:10:27,667] {scheduler_job.py:629} INFO - Processing file /opt/airflow/dags/parallel_dag.py for tasks to queue
[2022-11-01 11:10:27,668] {logging_mixin.py:104} INFO - [2022-11-01 11:10:27,667] {dagbag.py:448} INFO - Filling up the DagBag from /opt/airflow/dags/parallel_dag.py
[2022-11-01 11:10:27,675] {scheduler_job.py:639} INFO - DAG(s) dict_keys(['parallel_dag']) retrieved from /opt/airflow/dags/parallel_dag.py
[2022-11-01 11:10:27,688] {logging_mixin.py:104} INFO - [2022-11-01 11:10:27,688] {dag.py:1818} INFO - Sync 1 DAGs
[2022-11-01 11:10:27,706] {logging_mixin.py:104} INFO - [2022-11-01 11:10:27,706] {dag.py:2273} INFO - Setting next_dagrun for parallel_dag to 2022-10-31 00:00:00+00:00
[2022-11-01 11:10:27,711] {scheduler_job.py:190} INFO - Processing /opt/airflow/dags/parallel_dag.py took 0.046 seconds
[2022-11-01 11:10:57,768] {scheduler_job.py:182} INFO - Started process (PID=6146) to work on /opt/airflow/dags/parallel_dag.py
[2022-11-01 11:10:57,769] {scheduler_job.py:629} INFO - Processing file /opt/airflow/dags/parallel_dag.py for tasks to queue
[2022-11-01 11:10:57,769] {logging_mixin.py:104} INFO - [2022-11-01 11:10:57,769] {dagbag.py:448} INFO - Filling up the DagBag from /opt/airflow/dags/parallel_dag.py
[2022-11-01 11:10:57,778] {scheduler_job.py:639} INFO - DAG(s) dict_keys(['parallel_dag']) retrieved from /opt/airflow/dags/parallel_dag.py
[2022-11-01 11:10:57,792] {logging_mixin.py:104} INFO - [2022-11-01 11:10:57,792] {dag.py:1818} INFO - Sync 1 DAGs
[2022-11-01 11:10:57,810] {logging_mixin.py:104} INFO - [2022-11-01 11:10:57,810] {dag.py:2273} INFO - Setting next_dagrun for parallel_dag to 2022-10-31 00:00:00+00:00
[2022-11-01 11:10:57,825] {scheduler_job.py:190} INFO - Processing /opt/airflow/dags/parallel_dag.py took 0.059 seconds
[2022-11-01 11:11:27,851] {scheduler_job.py:182} INFO - Started process (PID=6174) to work on /opt/airflow/dags/parallel_dag.py
[2022-11-01 11:11:27,852] {scheduler_job.py:629} INFO - Processing file /opt/airflow/dags/parallel_dag.py for tasks to queue
[2022-11-01 11:11:27,852] {logging_mixin.py:104} INFO - [2022-11-01 11:11:27,852] {dagbag.py:448} INFO - Filling up the DagBag from /opt/airflow/dags/parallel_dag.py
[2022-11-01 11:11:27,861] {scheduler_job.py:639} INFO - DAG(s) dict_keys(['parallel_dag']) retrieved from /opt/airflow/dags/parallel_dag.py
[2022-11-01 11:11:27,875] {logging_mixin.py:104} INFO - [2022-11-01 11:11:27,875] {dag.py:1818} INFO - Sync 1 DAGs
[2022-11-01 11:11:27,896] {logging_mixin.py:104} INFO - [2022-11-01 11:11:27,896] {dag.py:2273} INFO - Setting next_dagrun for parallel_dag to 2022-10-31 00:00:00+00:00
[2022-11-01 11:11:27,907] {scheduler_job.py:190} INFO - Processing /opt/airflow/dags/parallel_dag.py took 0.059 seconds
[2022-11-01 11:11:57,986] {scheduler_job.py:182} INFO - Started process (PID=6202) to work on /opt/airflow/dags/parallel_dag.py
[2022-11-01 11:11:57,989] {scheduler_job.py:629} INFO - Processing file /opt/airflow/dags/parallel_dag.py for tasks to queue
[2022-11-01 11:11:57,990] {logging_mixin.py:104} INFO - [2022-11-01 11:11:57,990] {dagbag.py:448} INFO - Filling up the DagBag from /opt/airflow/dags/parallel_dag.py
[2022-11-01 11:11:58,015] {scheduler_job.py:639} INFO - DAG(s) dict_keys(['parallel_dag']) retrieved from /opt/airflow/dags/parallel_dag.py
[2022-11-01 11:11:58,030] {logging_mixin.py:104} INFO - [2022-11-01 11:11:58,030] {dag.py:1818} INFO - Sync 1 DAGs
[2022-11-01 11:11:58,047] {logging_mixin.py:104} INFO - [2022-11-01 11:11:58,047] {dag.py:2273} INFO - Setting next_dagrun for parallel_dag to 2022-10-31 00:00:00+00:00
[2022-11-01 11:11:58,061] {scheduler_job.py:190} INFO - Processing /opt/airflow/dags/parallel_dag.py took 0.081 seconds
[2022-11-01 11:12:28,095] {scheduler_job.py:182} INFO - Started process (PID=6230) to work on /opt/airflow/dags/parallel_dag.py
[2022-11-01 11:12:28,096] {scheduler_job.py:629} INFO - Processing file /opt/airflow/dags/parallel_dag.py for tasks to queue
[2022-11-01 11:12:28,096] {logging_mixin.py:104} INFO - [2022-11-01 11:12:28,096] {dagbag.py:448} INFO - Filling up the DagBag from /opt/airflow/dags/parallel_dag.py
[2022-11-01 11:12:28,105] {scheduler_job.py:639} INFO - DAG(s) dict_keys(['parallel_dag']) retrieved from /opt/airflow/dags/parallel_dag.py
[2022-11-01 11:12:28,119] {logging_mixin.py:104} INFO - [2022-11-01 11:12:28,119] {dag.py:1818} INFO - Sync 1 DAGs
[2022-11-01 11:12:28,137] {logging_mixin.py:104} INFO - [2022-11-01 11:12:28,137] {dag.py:2273} INFO - Setting next_dagrun for parallel_dag to 2022-10-31 00:00:00+00:00
[2022-11-01 11:12:28,149] {scheduler_job.py:190} INFO - Processing /opt/airflow/dags/parallel_dag.py took 0.056 seconds
[2022-11-01 11:12:58,217] {scheduler_job.py:182} INFO - Started process (PID=6258) to work on /opt/airflow/dags/parallel_dag.py
[2022-11-01 11:12:58,218] {scheduler_job.py:629} INFO - Processing file /opt/airflow/dags/parallel_dag.py for tasks to queue
[2022-11-01 11:12:58,218] {logging_mixin.py:104} INFO - [2022-11-01 11:12:58,218] {dagbag.py:448} INFO - Filling up the DagBag from /opt/airflow/dags/parallel_dag.py
[2022-11-01 11:12:58,226] {scheduler_job.py:639} INFO - DAG(s) dict_keys(['parallel_dag']) retrieved from /opt/airflow/dags/parallel_dag.py
[2022-11-01 11:12:58,239] {logging_mixin.py:104} INFO - [2022-11-01 11:12:58,239] {dag.py:1818} INFO - Sync 1 DAGs
[2022-11-01 11:12:58,256] {logging_mixin.py:104} INFO - [2022-11-01 11:12:58,256] {dag.py:2273} INFO - Setting next_dagrun for parallel_dag to 2022-10-31 00:00:00+00:00
[2022-11-01 11:12:58,270] {scheduler_job.py:190} INFO - Processing /opt/airflow/dags/parallel_dag.py took 0.055 seconds
[2022-11-01 11:13:28,289] {scheduler_job.py:182} INFO - Started process (PID=6286) to work on /opt/airflow/dags/parallel_dag.py
[2022-11-01 11:13:28,290] {scheduler_job.py:629} INFO - Processing file /opt/airflow/dags/parallel_dag.py for tasks to queue
[2022-11-01 11:13:28,290] {logging_mixin.py:104} INFO - [2022-11-01 11:13:28,290] {dagbag.py:448} INFO - Filling up the DagBag from /opt/airflow/dags/parallel_dag.py
[2022-11-01 11:13:28,299] {scheduler_job.py:639} INFO - DAG(s) dict_keys(['parallel_dag']) retrieved from /opt/airflow/dags/parallel_dag.py
[2022-11-01 11:13:28,313] {logging_mixin.py:104} INFO - [2022-11-01 11:13:28,313] {dag.py:1818} INFO - Sync 1 DAGs
[2022-11-01 11:13:28,332] {logging_mixin.py:104} INFO - [2022-11-01 11:13:28,332] {dag.py:2273} INFO - Setting next_dagrun for parallel_dag to 2022-10-31 00:00:00+00:00
[2022-11-01 11:13:28,346] {scheduler_job.py:190} INFO - Processing /opt/airflow/dags/parallel_dag.py took 0.059 seconds
[2022-11-01 11:13:59,180] {scheduler_job.py:182} INFO - Started process (PID=6314) to work on /opt/airflow/dags/parallel_dag.py
[2022-11-01 11:13:59,181] {scheduler_job.py:629} INFO - Processing file /opt/airflow/dags/parallel_dag.py for tasks to queue
[2022-11-01 11:13:59,181] {logging_mixin.py:104} INFO - [2022-11-01 11:13:59,181] {dagbag.py:448} INFO - Filling up the DagBag from /opt/airflow/dags/parallel_dag.py
[2022-11-01 11:13:59,190] {scheduler_job.py:639} INFO - DAG(s) dict_keys(['parallel_dag']) retrieved from /opt/airflow/dags/parallel_dag.py
[2022-11-01 11:13:59,204] {logging_mixin.py:104} INFO - [2022-11-01 11:13:59,204] {dag.py:1818} INFO - Sync 1 DAGs
[2022-11-01 11:13:59,223] {logging_mixin.py:104} INFO - [2022-11-01 11:13:59,223] {dag.py:2273} INFO - Setting next_dagrun for parallel_dag to 2022-10-31 00:00:00+00:00
[2022-11-01 11:13:59,234] {scheduler_job.py:190} INFO - Processing /opt/airflow/dags/parallel_dag.py took 0.057 seconds
[2022-11-01 11:14:30,103] {scheduler_job.py:182} INFO - Started process (PID=6342) to work on /opt/airflow/dags/parallel_dag.py
[2022-11-01 11:14:30,104] {scheduler_job.py:629} INFO - Processing file /opt/airflow/dags/parallel_dag.py for tasks to queue
[2022-11-01 11:14:30,104] {logging_mixin.py:104} INFO - [2022-11-01 11:14:30,104] {dagbag.py:448} INFO - Filling up the DagBag from /opt/airflow/dags/parallel_dag.py
[2022-11-01 11:14:30,113] {scheduler_job.py:639} INFO - DAG(s) dict_keys(['parallel_dag']) retrieved from /opt/airflow/dags/parallel_dag.py
[2022-11-01 11:14:30,127] {logging_mixin.py:104} INFO - [2022-11-01 11:14:30,127] {dag.py:1818} INFO - Sync 1 DAGs
[2022-11-01 11:14:30,147] {logging_mixin.py:104} INFO - [2022-11-01 11:14:30,147] {dag.py:2273} INFO - Setting next_dagrun for parallel_dag to 2022-10-31 00:00:00+00:00
[2022-11-01 11:14:30,159] {scheduler_job.py:190} INFO - Processing /opt/airflow/dags/parallel_dag.py took 0.058 seconds
[2022-11-01 11:15:00,991] {scheduler_job.py:182} INFO - Started process (PID=6370) to work on /opt/airflow/dags/parallel_dag.py
[2022-11-01 11:15:00,992] {scheduler_job.py:629} INFO - Processing file /opt/airflow/dags/parallel_dag.py for tasks to queue
[2022-11-01 11:15:00,992] {logging_mixin.py:104} INFO - [2022-11-01 11:15:00,992] {dagbag.py:448} INFO - Filling up the DagBag from /opt/airflow/dags/parallel_dag.py
[2022-11-01 11:15:01,000] {scheduler_job.py:639} INFO - DAG(s) dict_keys(['parallel_dag']) retrieved from /opt/airflow/dags/parallel_dag.py
[2022-11-01 11:15:01,013] {logging_mixin.py:104} INFO - [2022-11-01 11:15:01,013] {dag.py:1818} INFO - Sync 1 DAGs
[2022-11-01 11:15:01,030] {logging_mixin.py:104} INFO - [2022-11-01 11:15:01,030] {dag.py:2273} INFO - Setting next_dagrun for parallel_dag to 2022-10-31 00:00:00+00:00
[2022-11-01 11:15:01,041] {scheduler_job.py:190} INFO - Processing /opt/airflow/dags/parallel_dag.py took 0.053 seconds
[2022-11-01 11:15:31,912] {scheduler_job.py:182} INFO - Started process (PID=6398) to work on /opt/airflow/dags/parallel_dag.py
[2022-11-01 11:15:31,913] {scheduler_job.py:629} INFO - Processing file /opt/airflow/dags/parallel_dag.py for tasks to queue
[2022-11-01 11:15:31,914] {logging_mixin.py:104} INFO - [2022-11-01 11:15:31,914] {dagbag.py:448} INFO - Filling up the DagBag from /opt/airflow/dags/parallel_dag.py
[2022-11-01 11:15:31,922] {scheduler_job.py:639} INFO - DAG(s) dict_keys(['parallel_dag']) retrieved from /opt/airflow/dags/parallel_dag.py
[2022-11-01 11:15:31,937] {logging_mixin.py:104} INFO - [2022-11-01 11:15:31,936] {dag.py:1818} INFO - Sync 1 DAGs
[2022-11-01 11:15:31,956] {logging_mixin.py:104} INFO - [2022-11-01 11:15:31,956] {dag.py:2273} INFO - Setting next_dagrun for parallel_dag to 2022-10-31 00:00:00+00:00
[2022-11-01 11:15:31,967] {scheduler_job.py:190} INFO - Processing /opt/airflow/dags/parallel_dag.py took 0.057 seconds
[2022-11-01 11:16:02,796] {scheduler_job.py:182} INFO - Started process (PID=6426) to work on /opt/airflow/dags/parallel_dag.py
[2022-11-01 11:16:02,797] {scheduler_job.py:629} INFO - Processing file /opt/airflow/dags/parallel_dag.py for tasks to queue
[2022-11-01 11:16:02,798] {logging_mixin.py:104} INFO - [2022-11-01 11:16:02,797] {dagbag.py:448} INFO - Filling up the DagBag from /opt/airflow/dags/parallel_dag.py
[2022-11-01 11:16:02,808] {scheduler_job.py:639} INFO - DAG(s) dict_keys(['parallel_dag']) retrieved from /opt/airflow/dags/parallel_dag.py
[2022-11-01 11:16:02,826] {logging_mixin.py:104} INFO - [2022-11-01 11:16:02,826] {dag.py:1818} INFO - Sync 1 DAGs
[2022-11-01 11:16:02,850] {logging_mixin.py:104} INFO - [2022-11-01 11:16:02,850] {dag.py:2273} INFO - Setting next_dagrun for parallel_dag to 2022-10-31 00:00:00+00:00
[2022-11-01 11:16:02,861] {scheduler_job.py:190} INFO - Processing /opt/airflow/dags/parallel_dag.py took 0.067 seconds
[2022-11-01 11:16:33,713] {scheduler_job.py:182} INFO - Started process (PID=6454) to work on /opt/airflow/dags/parallel_dag.py
[2022-11-01 11:16:33,714] {scheduler_job.py:629} INFO - Processing file /opt/airflow/dags/parallel_dag.py for tasks to queue
[2022-11-01 11:16:33,715] {logging_mixin.py:104} INFO - [2022-11-01 11:16:33,714] {dagbag.py:448} INFO - Filling up the DagBag from /opt/airflow/dags/parallel_dag.py
[2022-11-01 11:16:33,723] {scheduler_job.py:639} INFO - DAG(s) dict_keys(['parallel_dag']) retrieved from /opt/airflow/dags/parallel_dag.py
[2022-11-01 11:16:33,737] {logging_mixin.py:104} INFO - [2022-11-01 11:16:33,737] {dag.py:1818} INFO - Sync 1 DAGs
[2022-11-01 11:16:33,755] {logging_mixin.py:104} INFO - [2022-11-01 11:16:33,755] {dag.py:2273} INFO - Setting next_dagrun for parallel_dag to 2022-10-31 00:00:00+00:00
[2022-11-01 11:16:33,766] {scheduler_job.py:190} INFO - Processing /opt/airflow/dags/parallel_dag.py took 0.055 seconds
[2022-11-01 11:17:04,661] {scheduler_job.py:182} INFO - Started process (PID=6482) to work on /opt/airflow/dags/parallel_dag.py
[2022-11-01 11:17:04,663] {scheduler_job.py:629} INFO - Processing file /opt/airflow/dags/parallel_dag.py for tasks to queue
[2022-11-01 11:17:04,664] {logging_mixin.py:104} INFO - [2022-11-01 11:17:04,664] {dagbag.py:448} INFO - Filling up the DagBag from /opt/airflow/dags/parallel_dag.py
[2022-11-01 11:17:04,690] {scheduler_job.py:639} INFO - DAG(s) dict_keys(['parallel_dag']) retrieved from /opt/airflow/dags/parallel_dag.py
[2022-11-01 11:17:04,710] {logging_mixin.py:104} INFO - [2022-11-01 11:17:04,710] {dag.py:1818} INFO - Sync 1 DAGs
[2022-11-01 11:17:04,733] {logging_mixin.py:104} INFO - [2022-11-01 11:17:04,733] {dag.py:2273} INFO - Setting next_dagrun for parallel_dag to 2022-10-31 00:00:00+00:00
[2022-11-01 11:17:04,745] {scheduler_job.py:190} INFO - Processing /opt/airflow/dags/parallel_dag.py took 0.090 seconds
[2022-11-01 11:17:35,476] {scheduler_job.py:182} INFO - Started process (PID=6510) to work on /opt/airflow/dags/parallel_dag.py
[2022-11-01 11:17:35,477] {scheduler_job.py:629} INFO - Processing file /opt/airflow/dags/parallel_dag.py for tasks to queue
[2022-11-01 11:17:35,477] {logging_mixin.py:104} INFO - [2022-11-01 11:17:35,477] {dagbag.py:448} INFO - Filling up the DagBag from /opt/airflow/dags/parallel_dag.py
[2022-11-01 11:17:35,486] {scheduler_job.py:639} INFO - DAG(s) dict_keys(['parallel_dag']) retrieved from /opt/airflow/dags/parallel_dag.py
[2022-11-01 11:17:35,500] {logging_mixin.py:104} INFO - [2022-11-01 11:17:35,500] {dag.py:1818} INFO - Sync 1 DAGs
[2022-11-01 11:17:35,518] {logging_mixin.py:104} INFO - [2022-11-01 11:17:35,518] {dag.py:2273} INFO - Setting next_dagrun for parallel_dag to 2022-10-31 00:00:00+00:00
[2022-11-01 11:17:35,529] {scheduler_job.py:190} INFO - Processing /opt/airflow/dags/parallel_dag.py took 0.056 seconds
[2022-11-01 11:18:06,334] {scheduler_job.py:182} INFO - Started process (PID=6538) to work on /opt/airflow/dags/parallel_dag.py
[2022-11-01 11:18:06,335] {scheduler_job.py:629} INFO - Processing file /opt/airflow/dags/parallel_dag.py for tasks to queue
[2022-11-01 11:18:06,336] {logging_mixin.py:104} INFO - [2022-11-01 11:18:06,336] {dagbag.py:448} INFO - Filling up the DagBag from /opt/airflow/dags/parallel_dag.py
[2022-11-01 11:18:06,347] {scheduler_job.py:639} INFO - DAG(s) dict_keys(['parallel_dag']) retrieved from /opt/airflow/dags/parallel_dag.py
[2022-11-01 11:18:06,366] {logging_mixin.py:104} INFO - [2022-11-01 11:18:06,366] {dag.py:1818} INFO - Sync 1 DAGs
[2022-11-01 11:18:06,388] {logging_mixin.py:104} INFO - [2022-11-01 11:18:06,388] {dag.py:2273} INFO - Setting next_dagrun for parallel_dag to 2022-10-31 00:00:00+00:00
[2022-11-01 11:18:06,399] {scheduler_job.py:190} INFO - Processing /opt/airflow/dags/parallel_dag.py took 0.067 seconds
[2022-11-01 11:18:37,325] {scheduler_job.py:182} INFO - Started process (PID=6566) to work on /opt/airflow/dags/parallel_dag.py
[2022-11-01 11:18:37,326] {scheduler_job.py:629} INFO - Processing file /opt/airflow/dags/parallel_dag.py for tasks to queue
[2022-11-01 11:18:37,327] {logging_mixin.py:104} INFO - [2022-11-01 11:18:37,326] {dagbag.py:448} INFO - Filling up the DagBag from /opt/airflow/dags/parallel_dag.py
[2022-11-01 11:18:37,335] {scheduler_job.py:639} INFO - DAG(s) dict_keys(['parallel_dag']) retrieved from /opt/airflow/dags/parallel_dag.py
[2022-11-01 11:18:37,349] {logging_mixin.py:104} INFO - [2022-11-01 11:18:37,349] {dag.py:1818} INFO - Sync 1 DAGs
[2022-11-01 11:18:37,368] {logging_mixin.py:104} INFO - [2022-11-01 11:18:37,368] {dag.py:2273} INFO - Setting next_dagrun for parallel_dag to 2022-10-31 00:00:00+00:00
[2022-11-01 11:18:37,382] {scheduler_job.py:190} INFO - Processing /opt/airflow/dags/parallel_dag.py took 0.059 seconds
[2022-11-01 11:19:08,250] {scheduler_job.py:182} INFO - Started process (PID=6594) to work on /opt/airflow/dags/parallel_dag.py
[2022-11-01 11:19:08,252] {scheduler_job.py:629} INFO - Processing file /opt/airflow/dags/parallel_dag.py for tasks to queue
[2022-11-01 11:19:08,252] {logging_mixin.py:104} INFO - [2022-11-01 11:19:08,252] {dagbag.py:448} INFO - Filling up the DagBag from /opt/airflow/dags/parallel_dag.py
[2022-11-01 11:19:08,262] {scheduler_job.py:639} INFO - DAG(s) dict_keys(['parallel_dag']) retrieved from /opt/airflow/dags/parallel_dag.py
[2022-11-01 11:19:08,279] {logging_mixin.py:104} INFO - [2022-11-01 11:19:08,279] {dag.py:1818} INFO - Sync 1 DAGs
[2022-11-01 11:19:08,300] {logging_mixin.py:104} INFO - [2022-11-01 11:19:08,300] {dag.py:2273} INFO - Setting next_dagrun for parallel_dag to 2022-10-31 00:00:00+00:00
[2022-11-01 11:19:08,313] {scheduler_job.py:190} INFO - Processing /opt/airflow/dags/parallel_dag.py took 0.066 seconds
[2022-11-01 11:19:39,118] {scheduler_job.py:182} INFO - Started process (PID=6622) to work on /opt/airflow/dags/parallel_dag.py
[2022-11-01 11:19:39,119] {scheduler_job.py:629} INFO - Processing file /opt/airflow/dags/parallel_dag.py for tasks to queue
[2022-11-01 11:19:39,119] {logging_mixin.py:104} INFO - [2022-11-01 11:19:39,119] {dagbag.py:448} INFO - Filling up the DagBag from /opt/airflow/dags/parallel_dag.py
[2022-11-01 11:19:39,128] {scheduler_job.py:639} INFO - DAG(s) dict_keys(['parallel_dag']) retrieved from /opt/airflow/dags/parallel_dag.py
[2022-11-01 11:19:39,141] {logging_mixin.py:104} INFO - [2022-11-01 11:19:39,141] {dag.py:1818} INFO - Sync 1 DAGs
[2022-11-01 11:19:39,159] {logging_mixin.py:104} INFO - [2022-11-01 11:19:39,159] {dag.py:2273} INFO - Setting next_dagrun for parallel_dag to 2022-10-31 00:00:00+00:00
[2022-11-01 11:19:39,170] {scheduler_job.py:190} INFO - Processing /opt/airflow/dags/parallel_dag.py took 0.054 seconds
[2022-11-01 11:20:10,078] {scheduler_job.py:182} INFO - Started process (PID=6650) to work on /opt/airflow/dags/parallel_dag.py
[2022-11-01 11:20:10,079] {scheduler_job.py:629} INFO - Processing file /opt/airflow/dags/parallel_dag.py for tasks to queue
[2022-11-01 11:20:10,080] {logging_mixin.py:104} INFO - [2022-11-01 11:20:10,080] {dagbag.py:448} INFO - Filling up the DagBag from /opt/airflow/dags/parallel_dag.py
[2022-11-01 11:20:10,088] {scheduler_job.py:639} INFO - DAG(s) dict_keys(['parallel_dag']) retrieved from /opt/airflow/dags/parallel_dag.py
[2022-11-01 11:20:10,101] {logging_mixin.py:104} INFO - [2022-11-01 11:20:10,101] {dag.py:1818} INFO - Sync 1 DAGs
[2022-11-01 11:20:10,119] {logging_mixin.py:104} INFO - [2022-11-01 11:20:10,119] {dag.py:2273} INFO - Setting next_dagrun for parallel_dag to 2022-10-31 00:00:00+00:00
[2022-11-01 11:20:10,130] {scheduler_job.py:190} INFO - Processing /opt/airflow/dags/parallel_dag.py took 0.054 seconds
[2022-11-01 11:20:41,063] {scheduler_job.py:182} INFO - Started process (PID=6678) to work on /opt/airflow/dags/parallel_dag.py
[2022-11-01 11:20:41,065] {scheduler_job.py:629} INFO - Processing file /opt/airflow/dags/parallel_dag.py for tasks to queue
[2022-11-01 11:20:41,065] {logging_mixin.py:104} INFO - [2022-11-01 11:20:41,065] {dagbag.py:448} INFO - Filling up the DagBag from /opt/airflow/dags/parallel_dag.py
[2022-11-01 11:20:41,076] {scheduler_job.py:639} INFO - DAG(s) dict_keys(['parallel_dag']) retrieved from /opt/airflow/dags/parallel_dag.py
[2022-11-01 11:20:41,090] {logging_mixin.py:104} INFO - [2022-11-01 11:20:41,090] {dag.py:1818} INFO - Sync 1 DAGs
[2022-11-01 11:20:41,108] {logging_mixin.py:104} INFO - [2022-11-01 11:20:41,107] {dag.py:2273} INFO - Setting next_dagrun for parallel_dag to 2022-10-31 00:00:00+00:00
[2022-11-01 11:20:41,121] {scheduler_job.py:190} INFO - Processing /opt/airflow/dags/parallel_dag.py took 0.061 seconds
[2022-11-01 11:21:11,962] {scheduler_job.py:182} INFO - Started process (PID=6706) to work on /opt/airflow/dags/parallel_dag.py
[2022-11-01 11:21:11,962] {scheduler_job.py:629} INFO - Processing file /opt/airflow/dags/parallel_dag.py for tasks to queue
[2022-11-01 11:21:11,963] {logging_mixin.py:104} INFO - [2022-11-01 11:21:11,963] {dagbag.py:448} INFO - Filling up the DagBag from /opt/airflow/dags/parallel_dag.py
[2022-11-01 11:21:11,972] {scheduler_job.py:639} INFO - DAG(s) dict_keys(['parallel_dag']) retrieved from /opt/airflow/dags/parallel_dag.py
[2022-11-01 11:21:11,986] {logging_mixin.py:104} INFO - [2022-11-01 11:21:11,986] {dag.py:1818} INFO - Sync 1 DAGs
[2022-11-01 11:21:12,005] {logging_mixin.py:104} INFO - [2022-11-01 11:21:12,005] {dag.py:2273} INFO - Setting next_dagrun for parallel_dag to 2022-10-31 00:00:00+00:00
[2022-11-01 11:21:12,016] {scheduler_job.py:190} INFO - Processing /opt/airflow/dags/parallel_dag.py took 0.057 seconds
[2022-11-01 11:21:42,958] {scheduler_job.py:182} INFO - Started process (PID=6734) to work on /opt/airflow/dags/parallel_dag.py
[2022-11-01 11:21:42,960] {scheduler_job.py:629} INFO - Processing file /opt/airflow/dags/parallel_dag.py for tasks to queue
[2022-11-01 11:21:42,961] {logging_mixin.py:104} INFO - [2022-11-01 11:21:42,961] {dagbag.py:448} INFO - Filling up the DagBag from /opt/airflow/dags/parallel_dag.py
[2022-11-01 11:21:42,980] {scheduler_job.py:639} INFO - DAG(s) dict_keys(['parallel_dag']) retrieved from /opt/airflow/dags/parallel_dag.py
[2022-11-01 11:21:42,992] {logging_mixin.py:104} INFO - [2022-11-01 11:21:42,992] {dag.py:1818} INFO - Sync 1 DAGs
[2022-11-01 11:21:43,009] {logging_mixin.py:104} INFO - [2022-11-01 11:21:43,008] {dag.py:2273} INFO - Setting next_dagrun for parallel_dag to 2022-10-31 00:00:00+00:00
[2022-11-01 11:21:43,013] {scheduler_job.py:190} INFO - Processing /opt/airflow/dags/parallel_dag.py took 0.061 seconds
[2022-11-01 11:22:13,940] {scheduler_job.py:182} INFO - Started process (PID=6762) to work on /opt/airflow/dags/parallel_dag.py
[2022-11-01 11:22:13,941] {scheduler_job.py:629} INFO - Processing file /opt/airflow/dags/parallel_dag.py for tasks to queue
[2022-11-01 11:22:13,941] {logging_mixin.py:104} INFO - [2022-11-01 11:22:13,941] {dagbag.py:448} INFO - Filling up the DagBag from /opt/airflow/dags/parallel_dag.py
[2022-11-01 11:22:13,950] {scheduler_job.py:639} INFO - DAG(s) dict_keys(['parallel_dag']) retrieved from /opt/airflow/dags/parallel_dag.py
[2022-11-01 11:22:13,964] {logging_mixin.py:104} INFO - [2022-11-01 11:22:13,964] {dag.py:1818} INFO - Sync 1 DAGs
[2022-11-01 11:22:13,983] {logging_mixin.py:104} INFO - [2022-11-01 11:22:13,983] {dag.py:2273} INFO - Setting next_dagrun for parallel_dag to 2022-10-31 00:00:00+00:00
[2022-11-01 11:22:13,995] {scheduler_job.py:190} INFO - Processing /opt/airflow/dags/parallel_dag.py took 0.056 seconds
[2022-11-01 11:22:44,026] {scheduler_job.py:182} INFO - Started process (PID=6790) to work on /opt/airflow/dags/parallel_dag.py
[2022-11-01 11:22:44,026] {scheduler_job.py:629} INFO - Processing file /opt/airflow/dags/parallel_dag.py for tasks to queue
[2022-11-01 11:22:44,027] {logging_mixin.py:104} INFO - [2022-11-01 11:22:44,027] {dagbag.py:448} INFO - Filling up the DagBag from /opt/airflow/dags/parallel_dag.py
[2022-11-01 11:22:44,035] {scheduler_job.py:639} INFO - DAG(s) dict_keys(['parallel_dag']) retrieved from /opt/airflow/dags/parallel_dag.py
[2022-11-01 11:22:44,049] {logging_mixin.py:104} INFO - [2022-11-01 11:22:44,049] {dag.py:1818} INFO - Sync 1 DAGs
[2022-11-01 11:22:44,067] {logging_mixin.py:104} INFO - [2022-11-01 11:22:44,067] {dag.py:2273} INFO - Setting next_dagrun for parallel_dag to 2022-10-31 00:00:00+00:00
[2022-11-01 11:22:44,079] {scheduler_job.py:190} INFO - Processing /opt/airflow/dags/parallel_dag.py took 0.055 seconds
[2022-11-01 11:23:14,171] {scheduler_job.py:182} INFO - Started process (PID=6818) to work on /opt/airflow/dags/parallel_dag.py
[2022-11-01 11:23:14,172] {scheduler_job.py:629} INFO - Processing file /opt/airflow/dags/parallel_dag.py for tasks to queue
[2022-11-01 11:23:14,172] {logging_mixin.py:104} INFO - [2022-11-01 11:23:14,172] {dagbag.py:448} INFO - Filling up the DagBag from /opt/airflow/dags/parallel_dag.py
[2022-11-01 11:23:14,183] {scheduler_job.py:639} INFO - DAG(s) dict_keys(['parallel_dag']) retrieved from /opt/airflow/dags/parallel_dag.py
[2022-11-01 11:23:14,197] {logging_mixin.py:104} INFO - [2022-11-01 11:23:14,197] {dag.py:1818} INFO - Sync 1 DAGs
[2022-11-01 11:23:14,214] {logging_mixin.py:104} INFO - [2022-11-01 11:23:14,214] {dag.py:2273} INFO - Setting next_dagrun for parallel_dag to 2022-10-31 00:00:00+00:00
[2022-11-01 11:23:14,225] {scheduler_job.py:190} INFO - Processing /opt/airflow/dags/parallel_dag.py took 0.056 seconds
[2022-11-01 11:23:44,356] {scheduler_job.py:182} INFO - Started process (PID=6846) to work on /opt/airflow/dags/parallel_dag.py
[2022-11-01 11:23:44,357] {scheduler_job.py:629} INFO - Processing file /opt/airflow/dags/parallel_dag.py for tasks to queue
[2022-11-01 11:23:44,358] {logging_mixin.py:104} INFO - [2022-11-01 11:23:44,358] {dagbag.py:448} INFO - Filling up the DagBag from /opt/airflow/dags/parallel_dag.py
[2022-11-01 11:23:44,367] {scheduler_job.py:639} INFO - DAG(s) dict_keys(['parallel_dag']) retrieved from /opt/airflow/dags/parallel_dag.py
[2022-11-01 11:23:44,381] {logging_mixin.py:104} INFO - [2022-11-01 11:23:44,381] {dag.py:1818} INFO - Sync 1 DAGs
[2022-11-01 11:23:44,399] {logging_mixin.py:104} INFO - [2022-11-01 11:23:44,399] {dag.py:2273} INFO - Setting next_dagrun for parallel_dag to 2022-10-31 00:00:00+00:00
[2022-11-01 11:23:44,411] {scheduler_job.py:190} INFO - Processing /opt/airflow/dags/parallel_dag.py took 0.057 seconds
[2022-11-01 11:24:14,535] {scheduler_job.py:182} INFO - Started process (PID=6874) to work on /opt/airflow/dags/parallel_dag.py
[2022-11-01 11:24:14,536] {scheduler_job.py:629} INFO - Processing file /opt/airflow/dags/parallel_dag.py for tasks to queue
[2022-11-01 11:24:14,537] {logging_mixin.py:104} INFO - [2022-11-01 11:24:14,537] {dagbag.py:448} INFO - Filling up the DagBag from /opt/airflow/dags/parallel_dag.py
[2022-11-01 11:24:14,545] {scheduler_job.py:639} INFO - DAG(s) dict_keys(['parallel_dag']) retrieved from /opt/airflow/dags/parallel_dag.py
[2022-11-01 11:24:14,559] {logging_mixin.py:104} INFO - [2022-11-01 11:24:14,559] {dag.py:1818} INFO - Sync 1 DAGs
[2022-11-01 11:24:14,577] {logging_mixin.py:104} INFO - [2022-11-01 11:24:14,577] {dag.py:2273} INFO - Setting next_dagrun for parallel_dag to 2022-10-31 00:00:00+00:00
[2022-11-01 11:24:14,591] {scheduler_job.py:190} INFO - Processing /opt/airflow/dags/parallel_dag.py took 0.059 seconds
[2022-11-01 11:24:44,621] {scheduler_job.py:182} INFO - Started process (PID=6902) to work on /opt/airflow/dags/parallel_dag.py
[2022-11-01 11:24:44,622] {scheduler_job.py:629} INFO - Processing file /opt/airflow/dags/parallel_dag.py for tasks to queue
[2022-11-01 11:24:44,623] {logging_mixin.py:104} INFO - [2022-11-01 11:24:44,623] {dagbag.py:448} INFO - Filling up the DagBag from /opt/airflow/dags/parallel_dag.py
[2022-11-01 11:24:44,644] {scheduler_job.py:639} INFO - DAG(s) dict_keys(['parallel_dag']) retrieved from /opt/airflow/dags/parallel_dag.py
[2022-11-01 11:24:44,668] {logging_mixin.py:104} INFO - [2022-11-01 11:24:44,668] {dag.py:1818} INFO - Sync 1 DAGs
[2022-11-01 11:24:44,687] {logging_mixin.py:104} INFO - [2022-11-01 11:24:44,687] {dag.py:2273} INFO - Setting next_dagrun for parallel_dag to 2022-10-31 00:00:00+00:00
[2022-11-01 11:24:44,697] {scheduler_job.py:190} INFO - Processing /opt/airflow/dags/parallel_dag.py took 0.080 seconds
[2022-11-01 11:25:15,633] {scheduler_job.py:182} INFO - Started process (PID=6930) to work on /opt/airflow/dags/parallel_dag.py
[2022-11-01 11:25:15,636] {scheduler_job.py:629} INFO - Processing file /opt/airflow/dags/parallel_dag.py for tasks to queue
[2022-11-01 11:25:15,637] {logging_mixin.py:104} INFO - [2022-11-01 11:25:15,637] {dagbag.py:448} INFO - Filling up the DagBag from /opt/airflow/dags/parallel_dag.py
[2022-11-01 11:25:15,661] {scheduler_job.py:639} INFO - DAG(s) dict_keys(['parallel_dag']) retrieved from /opt/airflow/dags/parallel_dag.py
[2022-11-01 11:25:15,677] {logging_mixin.py:104} INFO - [2022-11-01 11:25:15,677] {dag.py:1818} INFO - Sync 1 DAGs
[2022-11-01 11:25:15,695] {logging_mixin.py:104} INFO - [2022-11-01 11:25:15,694] {dag.py:2273} INFO - Setting next_dagrun for parallel_dag to 2022-10-31 00:00:00+00:00
[2022-11-01 11:25:15,709] {scheduler_job.py:190} INFO - Processing /opt/airflow/dags/parallel_dag.py took 0.082 seconds
[2022-11-01 11:25:45,925] {scheduler_job.py:182} INFO - Started process (PID=6958) to work on /opt/airflow/dags/parallel_dag.py
[2022-11-01 11:25:45,926] {scheduler_job.py:629} INFO - Processing file /opt/airflow/dags/parallel_dag.py for tasks to queue
[2022-11-01 11:25:45,927] {logging_mixin.py:104} INFO - [2022-11-01 11:25:45,927] {dagbag.py:448} INFO - Filling up the DagBag from /opt/airflow/dags/parallel_dag.py
[2022-11-01 11:25:45,937] {scheduler_job.py:639} INFO - DAG(s) dict_keys(['parallel_dag']) retrieved from /opt/airflow/dags/parallel_dag.py
[2022-11-01 11:25:45,954] {logging_mixin.py:104} INFO - [2022-11-01 11:25:45,954] {dag.py:1818} INFO - Sync 1 DAGs
[2022-11-01 11:25:45,977] {logging_mixin.py:104} INFO - [2022-11-01 11:25:45,977] {dag.py:2273} INFO - Setting next_dagrun for parallel_dag to 2022-10-31 00:00:00+00:00
[2022-11-01 11:25:45,984] {scheduler_job.py:190} INFO - Processing /opt/airflow/dags/parallel_dag.py took 0.061 seconds
[2022-11-01 11:26:16,104] {scheduler_job.py:182} INFO - Started process (PID=6986) to work on /opt/airflow/dags/parallel_dag.py
[2022-11-01 11:26:16,106] {scheduler_job.py:629} INFO - Processing file /opt/airflow/dags/parallel_dag.py for tasks to queue
[2022-11-01 11:26:16,107] {logging_mixin.py:104} INFO - [2022-11-01 11:26:16,107] {dagbag.py:448} INFO - Filling up the DagBag from /opt/airflow/dags/parallel_dag.py
[2022-11-01 11:26:16,120] {scheduler_job.py:639} INFO - DAG(s) dict_keys(['parallel_dag']) retrieved from /opt/airflow/dags/parallel_dag.py
[2022-11-01 11:26:16,141] {logging_mixin.py:104} INFO - [2022-11-01 11:26:16,141] {dag.py:1818} INFO - Sync 1 DAGs
[2022-11-01 11:26:16,166] {logging_mixin.py:104} INFO - [2022-11-01 11:26:16,166] {dag.py:2273} INFO - Setting next_dagrun for parallel_dag to 2022-10-31 00:00:00+00:00
[2022-11-01 11:26:16,171] {scheduler_job.py:190} INFO - Processing /opt/airflow/dags/parallel_dag.py took 0.070 seconds
[2022-11-01 11:26:46,252] {scheduler_job.py:182} INFO - Started process (PID=7014) to work on /opt/airflow/dags/parallel_dag.py
[2022-11-01 11:26:46,255] {scheduler_job.py:629} INFO - Processing file /opt/airflow/dags/parallel_dag.py for tasks to queue
[2022-11-01 11:26:46,256] {logging_mixin.py:104} INFO - [2022-11-01 11:26:46,256] {dagbag.py:448} INFO - Filling up the DagBag from /opt/airflow/dags/parallel_dag.py
[2022-11-01 11:26:46,279] {scheduler_job.py:639} INFO - DAG(s) dict_keys(['parallel_dag']) retrieved from /opt/airflow/dags/parallel_dag.py
[2022-11-01 11:26:46,299] {logging_mixin.py:104} INFO - [2022-11-01 11:26:46,299] {dag.py:1818} INFO - Sync 1 DAGs
[2022-11-01 11:26:46,321] {logging_mixin.py:104} INFO - [2022-11-01 11:26:46,320] {dag.py:2273} INFO - Setting next_dagrun for parallel_dag to 2022-10-31 00:00:00+00:00
[2022-11-01 11:26:46,330] {scheduler_job.py:190} INFO - Processing /opt/airflow/dags/parallel_dag.py took 0.085 seconds
[2022-11-01 11:27:16,551] {scheduler_job.py:182} INFO - Started process (PID=7042) to work on /opt/airflow/dags/parallel_dag.py
[2022-11-01 11:27:16,552] {scheduler_job.py:629} INFO - Processing file /opt/airflow/dags/parallel_dag.py for tasks to queue
[2022-11-01 11:27:16,553] {logging_mixin.py:104} INFO - [2022-11-01 11:27:16,552] {dagbag.py:448} INFO - Filling up the DagBag from /opt/airflow/dags/parallel_dag.py
[2022-11-01 11:27:16,564] {scheduler_job.py:639} INFO - DAG(s) dict_keys(['parallel_dag']) retrieved from /opt/airflow/dags/parallel_dag.py
[2022-11-01 11:27:16,583] {logging_mixin.py:104} INFO - [2022-11-01 11:27:16,583] {dag.py:1818} INFO - Sync 1 DAGs
[2022-11-01 11:27:16,608] {logging_mixin.py:104} INFO - [2022-11-01 11:27:16,608] {dag.py:2273} INFO - Setting next_dagrun for parallel_dag to 2022-10-31 00:00:00+00:00
[2022-11-01 11:27:16,624] {scheduler_job.py:190} INFO - Processing /opt/airflow/dags/parallel_dag.py took 0.075 seconds
[2022-11-01 11:27:46,969] {scheduler_job.py:182} INFO - Started process (PID=7070) to work on /opt/airflow/dags/parallel_dag.py
[2022-11-01 11:27:46,969] {scheduler_job.py:629} INFO - Processing file /opt/airflow/dags/parallel_dag.py for tasks to queue
[2022-11-01 11:27:46,970] {logging_mixin.py:104} INFO - [2022-11-01 11:27:46,970] {dagbag.py:448} INFO - Filling up the DagBag from /opt/airflow/dags/parallel_dag.py
[2022-11-01 11:27:46,979] {scheduler_job.py:639} INFO - DAG(s) dict_keys(['parallel_dag']) retrieved from /opt/airflow/dags/parallel_dag.py
[2022-11-01 11:27:46,997] {logging_mixin.py:104} INFO - [2022-11-01 11:27:46,997] {dag.py:1818} INFO - Sync 1 DAGs
[2022-11-01 11:27:47,017] {logging_mixin.py:104} INFO - [2022-11-01 11:27:47,017] {dag.py:2273} INFO - Setting next_dagrun for parallel_dag to 2022-10-31 00:00:00+00:00
[2022-11-01 11:27:47,029] {scheduler_job.py:190} INFO - Processing /opt/airflow/dags/parallel_dag.py took 0.063 seconds
[2022-11-01 11:28:17,343] {scheduler_job.py:182} INFO - Started process (PID=7098) to work on /opt/airflow/dags/parallel_dag.py
[2022-11-01 11:28:17,344] {scheduler_job.py:629} INFO - Processing file /opt/airflow/dags/parallel_dag.py for tasks to queue
[2022-11-01 11:28:17,344] {logging_mixin.py:104} INFO - [2022-11-01 11:28:17,344] {dagbag.py:448} INFO - Filling up the DagBag from /opt/airflow/dags/parallel_dag.py
[2022-11-01 11:28:17,353] {scheduler_job.py:639} INFO - DAG(s) dict_keys(['parallel_dag']) retrieved from /opt/airflow/dags/parallel_dag.py
[2022-11-01 11:28:17,366] {logging_mixin.py:104} INFO - [2022-11-01 11:28:17,366] {dag.py:1818} INFO - Sync 1 DAGs
[2022-11-01 11:28:17,385] {logging_mixin.py:104} INFO - [2022-11-01 11:28:17,384] {dag.py:2273} INFO - Setting next_dagrun for parallel_dag to 2022-10-31 00:00:00+00:00
[2022-11-01 11:28:17,389] {scheduler_job.py:190} INFO - Processing /opt/airflow/dags/parallel_dag.py took 0.048 seconds
[2022-11-01 11:28:48,320] {scheduler_job.py:182} INFO - Started process (PID=7126) to work on /opt/airflow/dags/parallel_dag.py
[2022-11-01 11:28:48,321] {scheduler_job.py:629} INFO - Processing file /opt/airflow/dags/parallel_dag.py for tasks to queue
[2022-11-01 11:28:48,321] {logging_mixin.py:104} INFO - [2022-11-01 11:28:48,321] {dagbag.py:448} INFO - Filling up the DagBag from /opt/airflow/dags/parallel_dag.py
[2022-11-01 11:28:48,330] {scheduler_job.py:639} INFO - DAG(s) dict_keys(['parallel_dag']) retrieved from /opt/airflow/dags/parallel_dag.py
[2022-11-01 11:28:48,344] {logging_mixin.py:104} INFO - [2022-11-01 11:28:48,343] {dag.py:1818} INFO - Sync 1 DAGs
[2022-11-01 11:28:48,361] {logging_mixin.py:104} INFO - [2022-11-01 11:28:48,361] {dag.py:2273} INFO - Setting next_dagrun for parallel_dag to 2022-10-31 00:00:00+00:00
[2022-11-01 11:28:48,375] {scheduler_job.py:190} INFO - Processing /opt/airflow/dags/parallel_dag.py took 0.059 seconds
[2022-11-01 11:29:18,548] {scheduler_job.py:182} INFO - Started process (PID=7154) to work on /opt/airflow/dags/parallel_dag.py
[2022-11-01 11:29:18,552] {scheduler_job.py:629} INFO - Processing file /opt/airflow/dags/parallel_dag.py for tasks to queue
[2022-11-01 11:29:18,553] {logging_mixin.py:104} INFO - [2022-11-01 11:29:18,553] {dagbag.py:448} INFO - Filling up the DagBag from /opt/airflow/dags/parallel_dag.py
[2022-11-01 11:29:18,573] {scheduler_job.py:639} INFO - DAG(s) dict_keys(['parallel_dag']) retrieved from /opt/airflow/dags/parallel_dag.py
[2022-11-01 11:29:18,591] {logging_mixin.py:104} INFO - [2022-11-01 11:29:18,591] {dag.py:1818} INFO - Sync 1 DAGs
[2022-11-01 11:29:18,612] {logging_mixin.py:104} INFO - [2022-11-01 11:29:18,611] {dag.py:2273} INFO - Setting next_dagrun for parallel_dag to 2022-10-31 00:00:00+00:00
[2022-11-01 11:29:18,628] {scheduler_job.py:190} INFO - Processing /opt/airflow/dags/parallel_dag.py took 0.088 seconds
[2022-11-01 11:29:48,730] {scheduler_job.py:182} INFO - Started process (PID=7182) to work on /opt/airflow/dags/parallel_dag.py
[2022-11-01 11:29:48,731] {scheduler_job.py:629} INFO - Processing file /opt/airflow/dags/parallel_dag.py for tasks to queue
[2022-11-01 11:29:48,732] {logging_mixin.py:104} INFO - [2022-11-01 11:29:48,732] {dagbag.py:448} INFO - Filling up the DagBag from /opt/airflow/dags/parallel_dag.py
[2022-11-01 11:29:48,741] {scheduler_job.py:639} INFO - DAG(s) dict_keys(['parallel_dag']) retrieved from /opt/airflow/dags/parallel_dag.py
[2022-11-01 11:29:48,761] {logging_mixin.py:104} INFO - [2022-11-01 11:29:48,761] {dag.py:1818} INFO - Sync 1 DAGs
[2022-11-01 11:29:48,785] {logging_mixin.py:104} INFO - [2022-11-01 11:29:48,785] {dag.py:2273} INFO - Setting next_dagrun for parallel_dag to 2022-10-31 00:00:00+00:00
[2022-11-01 11:29:48,799] {scheduler_job.py:190} INFO - Processing /opt/airflow/dags/parallel_dag.py took 0.071 seconds
[2022-11-01 11:30:18,903] {scheduler_job.py:182} INFO - Started process (PID=7210) to work on /opt/airflow/dags/parallel_dag.py
[2022-11-01 11:30:18,905] {scheduler_job.py:629} INFO - Processing file /opt/airflow/dags/parallel_dag.py for tasks to queue
[2022-11-01 11:30:18,907] {logging_mixin.py:104} INFO - [2022-11-01 11:30:18,907] {dagbag.py:448} INFO - Filling up the DagBag from /opt/airflow/dags/parallel_dag.py
[2022-11-01 11:30:18,931] {scheduler_job.py:639} INFO - DAG(s) dict_keys(['parallel_dag']) retrieved from /opt/airflow/dags/parallel_dag.py
[2022-11-01 11:30:18,951] {logging_mixin.py:104} INFO - [2022-11-01 11:30:18,951] {dag.py:1818} INFO - Sync 1 DAGs
[2022-11-01 11:30:18,973] {logging_mixin.py:104} INFO - [2022-11-01 11:30:18,973] {dag.py:2273} INFO - Setting next_dagrun for parallel_dag to 2022-10-31 00:00:00+00:00
[2022-11-01 11:30:18,987] {scheduler_job.py:190} INFO - Processing /opt/airflow/dags/parallel_dag.py took 0.092 seconds
[2022-11-01 11:30:49,045] {scheduler_job.py:182} INFO - Started process (PID=7238) to work on /opt/airflow/dags/parallel_dag.py
[2022-11-01 11:30:49,046] {scheduler_job.py:629} INFO - Processing file /opt/airflow/dags/parallel_dag.py for tasks to queue
[2022-11-01 11:30:49,046] {logging_mixin.py:104} INFO - [2022-11-01 11:30:49,046] {dagbag.py:448} INFO - Filling up the DagBag from /opt/airflow/dags/parallel_dag.py
[2022-11-01 11:30:49,059] {scheduler_job.py:639} INFO - DAG(s) dict_keys(['parallel_dag']) retrieved from /opt/airflow/dags/parallel_dag.py
[2022-11-01 11:30:49,075] {logging_mixin.py:104} INFO - [2022-11-01 11:30:49,075] {dag.py:1818} INFO - Sync 1 DAGs
[2022-11-01 11:30:49,103] {logging_mixin.py:104} INFO - [2022-11-01 11:30:49,103] {dag.py:2273} INFO - Setting next_dagrun for parallel_dag to 2022-10-31 00:00:00+00:00
[2022-11-01 11:30:49,109] {scheduler_job.py:190} INFO - Processing /opt/airflow/dags/parallel_dag.py took 0.067 seconds
[2022-11-01 11:31:19,211] {scheduler_job.py:182} INFO - Started process (PID=7266) to work on /opt/airflow/dags/parallel_dag.py
[2022-11-01 11:31:19,212] {scheduler_job.py:629} INFO - Processing file /opt/airflow/dags/parallel_dag.py for tasks to queue
[2022-11-01 11:31:19,213] {logging_mixin.py:104} INFO - [2022-11-01 11:31:19,213] {dagbag.py:448} INFO - Filling up the DagBag from /opt/airflow/dags/parallel_dag.py
[2022-11-01 11:31:19,223] {scheduler_job.py:639} INFO - DAG(s) dict_keys(['parallel_dag']) retrieved from /opt/airflow/dags/parallel_dag.py
[2022-11-01 11:31:19,240] {logging_mixin.py:104} INFO - [2022-11-01 11:31:19,240] {dag.py:1818} INFO - Sync 1 DAGs
[2022-11-01 11:31:19,264] {logging_mixin.py:104} INFO - [2022-11-01 11:31:19,264] {dag.py:2273} INFO - Setting next_dagrun for parallel_dag to 2022-10-31 00:00:00+00:00
[2022-11-01 11:31:19,278] {scheduler_job.py:190} INFO - Processing /opt/airflow/dags/parallel_dag.py took 0.070 seconds
[2022-11-01 11:31:49,357] {scheduler_job.py:182} INFO - Started process (PID=7294) to work on /opt/airflow/dags/parallel_dag.py
[2022-11-01 11:31:49,358] {scheduler_job.py:629} INFO - Processing file /opt/airflow/dags/parallel_dag.py for tasks to queue
[2022-11-01 11:31:49,359] {logging_mixin.py:104} INFO - [2022-11-01 11:31:49,359] {dagbag.py:448} INFO - Filling up the DagBag from /opt/airflow/dags/parallel_dag.py
[2022-11-01 11:31:49,369] {scheduler_job.py:639} INFO - DAG(s) dict_keys(['parallel_dag']) retrieved from /opt/airflow/dags/parallel_dag.py
[2022-11-01 11:31:49,384] {logging_mixin.py:104} INFO - [2022-11-01 11:31:49,384] {dag.py:1818} INFO - Sync 1 DAGs
[2022-11-01 11:31:49,404] {logging_mixin.py:104} INFO - [2022-11-01 11:31:49,404] {dag.py:2273} INFO - Setting next_dagrun for parallel_dag to 2022-10-31 00:00:00+00:00
[2022-11-01 11:31:49,419] {scheduler_job.py:190} INFO - Processing /opt/airflow/dags/parallel_dag.py took 0.064 seconds
[2022-11-01 11:32:19,446] {scheduler_job.py:182} INFO - Started process (PID=7322) to work on /opt/airflow/dags/parallel_dag.py
[2022-11-01 11:32:19,448] {scheduler_job.py:629} INFO - Processing file /opt/airflow/dags/parallel_dag.py for tasks to queue
[2022-11-01 11:32:19,449] {logging_mixin.py:104} INFO - [2022-11-01 11:32:19,449] {dagbag.py:448} INFO - Filling up the DagBag from /opt/airflow/dags/parallel_dag.py
[2022-11-01 11:32:19,472] {scheduler_job.py:639} INFO - DAG(s) dict_keys(['parallel_dag']) retrieved from /opt/airflow/dags/parallel_dag.py
[2022-11-01 11:32:19,487] {logging_mixin.py:104} INFO - [2022-11-01 11:32:19,487] {dag.py:1818} INFO - Sync 1 DAGs
[2022-11-01 11:32:19,506] {logging_mixin.py:104} INFO - [2022-11-01 11:32:19,506] {dag.py:2273} INFO - Setting next_dagrun for parallel_dag to 2022-10-31 00:00:00+00:00
[2022-11-01 11:32:19,514] {scheduler_job.py:190} INFO - Processing /opt/airflow/dags/parallel_dag.py took 0.075 seconds
[2022-11-01 11:32:49,601] {scheduler_job.py:182} INFO - Started process (PID=7350) to work on /opt/airflow/dags/parallel_dag.py
[2022-11-01 11:32:49,602] {scheduler_job.py:629} INFO - Processing file /opt/airflow/dags/parallel_dag.py for tasks to queue
[2022-11-01 11:32:49,603] {logging_mixin.py:104} INFO - [2022-11-01 11:32:49,603] {dagbag.py:448} INFO - Filling up the DagBag from /opt/airflow/dags/parallel_dag.py
[2022-11-01 11:32:49,611] {scheduler_job.py:639} INFO - DAG(s) dict_keys(['parallel_dag']) retrieved from /opt/airflow/dags/parallel_dag.py
[2022-11-01 11:32:49,624] {logging_mixin.py:104} INFO - [2022-11-01 11:32:49,624] {dag.py:1818} INFO - Sync 1 DAGs
[2022-11-01 11:32:49,641] {logging_mixin.py:104} INFO - [2022-11-01 11:32:49,641] {dag.py:2273} INFO - Setting next_dagrun for parallel_dag to 2022-10-31 00:00:00+00:00
[2022-11-01 11:32:49,652] {scheduler_job.py:190} INFO - Processing /opt/airflow/dags/parallel_dag.py took 0.053 seconds
[2022-11-01 11:33:19,928] {scheduler_job.py:182} INFO - Started process (PID=7378) to work on /opt/airflow/dags/parallel_dag.py
[2022-11-01 11:33:19,930] {scheduler_job.py:629} INFO - Processing file /opt/airflow/dags/parallel_dag.py for tasks to queue
[2022-11-01 11:33:19,932] {logging_mixin.py:104} INFO - [2022-11-01 11:33:19,932] {dagbag.py:448} INFO - Filling up the DagBag from /opt/airflow/dags/parallel_dag.py
[2022-11-01 11:33:19,956] {scheduler_job.py:639} INFO - DAG(s) dict_keys(['parallel_dag']) retrieved from /opt/airflow/dags/parallel_dag.py
[2022-11-01 11:33:19,973] {logging_mixin.py:104} INFO - [2022-11-01 11:33:19,972] {dag.py:1818} INFO - Sync 1 DAGs
[2022-11-01 11:33:19,992] {logging_mixin.py:104} INFO - [2022-11-01 11:33:19,992] {dag.py:2273} INFO - Setting next_dagrun for parallel_dag to 2022-10-31 00:00:00+00:00
[2022-11-01 11:33:20,005] {scheduler_job.py:190} INFO - Processing /opt/airflow/dags/parallel_dag.py took 0.084 seconds
[2022-11-01 11:33:50,122] {scheduler_job.py:182} INFO - Started process (PID=7406) to work on /opt/airflow/dags/parallel_dag.py
[2022-11-01 11:33:50,123] {scheduler_job.py:629} INFO - Processing file /opt/airflow/dags/parallel_dag.py for tasks to queue
[2022-11-01 11:33:50,123] {logging_mixin.py:104} INFO - [2022-11-01 11:33:50,123] {dagbag.py:448} INFO - Filling up the DagBag from /opt/airflow/dags/parallel_dag.py
[2022-11-01 11:33:50,132] {scheduler_job.py:639} INFO - DAG(s) dict_keys(['parallel_dag']) retrieved from /opt/airflow/dags/parallel_dag.py
[2022-11-01 11:33:50,145] {logging_mixin.py:104} INFO - [2022-11-01 11:33:50,145] {dag.py:1818} INFO - Sync 1 DAGs
[2022-11-01 11:33:50,164] {logging_mixin.py:104} INFO - [2022-11-01 11:33:50,164] {dag.py:2273} INFO - Setting next_dagrun for parallel_dag to 2022-10-31 00:00:00+00:00
[2022-11-01 11:33:50,175] {scheduler_job.py:190} INFO - Processing /opt/airflow/dags/parallel_dag.py took 0.060 seconds
[2022-11-01 11:34:20,273] {scheduler_job.py:182} INFO - Started process (PID=7434) to work on /opt/airflow/dags/parallel_dag.py
[2022-11-01 11:34:20,274] {scheduler_job.py:629} INFO - Processing file /opt/airflow/dags/parallel_dag.py for tasks to queue
[2022-11-01 11:34:20,275] {logging_mixin.py:104} INFO - [2022-11-01 11:34:20,274] {dagbag.py:448} INFO - Filling up the DagBag from /opt/airflow/dags/parallel_dag.py
[2022-11-01 11:34:20,283] {scheduler_job.py:639} INFO - DAG(s) dict_keys(['parallel_dag']) retrieved from /opt/airflow/dags/parallel_dag.py
[2022-11-01 11:34:20,296] {logging_mixin.py:104} INFO - [2022-11-01 11:34:20,296] {dag.py:1818} INFO - Sync 1 DAGs
[2022-11-01 11:34:20,315] {logging_mixin.py:104} INFO - [2022-11-01 11:34:20,315] {dag.py:2273} INFO - Setting next_dagrun for parallel_dag to 2022-10-31 00:00:00+00:00
[2022-11-01 11:34:20,326] {scheduler_job.py:190} INFO - Processing /opt/airflow/dags/parallel_dag.py took 0.055 seconds
[2022-11-01 11:34:50,361] {scheduler_job.py:182} INFO - Started process (PID=7462) to work on /opt/airflow/dags/parallel_dag.py
[2022-11-01 11:34:50,363] {scheduler_job.py:629} INFO - Processing file /opt/airflow/dags/parallel_dag.py for tasks to queue
[2022-11-01 11:34:50,364] {logging_mixin.py:104} INFO - [2022-11-01 11:34:50,364] {dagbag.py:448} INFO - Filling up the DagBag from /opt/airflow/dags/parallel_dag.py
[2022-11-01 11:34:50,378] {scheduler_job.py:639} INFO - DAG(s) dict_keys(['parallel_dag']) retrieved from /opt/airflow/dags/parallel_dag.py
[2022-11-01 11:34:50,394] {logging_mixin.py:104} INFO - [2022-11-01 11:34:50,394] {dag.py:1818} INFO - Sync 1 DAGs
[2022-11-01 11:34:50,415] {logging_mixin.py:104} INFO - [2022-11-01 11:34:50,415] {dag.py:2273} INFO - Setting next_dagrun for parallel_dag to 2022-10-31 00:00:00+00:00
[2022-11-01 11:34:50,428] {scheduler_job.py:190} INFO - Processing /opt/airflow/dags/parallel_dag.py took 0.074 seconds
[2022-11-01 11:35:21,292] {scheduler_job.py:182} INFO - Started process (PID=7489) to work on /opt/airflow/dags/parallel_dag.py
[2022-11-01 11:35:21,294] {scheduler_job.py:629} INFO - Processing file /opt/airflow/dags/parallel_dag.py for tasks to queue
[2022-11-01 11:35:21,295] {logging_mixin.py:104} INFO - [2022-11-01 11:35:21,295] {dagbag.py:448} INFO - Filling up the DagBag from /opt/airflow/dags/parallel_dag.py
[2022-11-01 11:35:21,312] {scheduler_job.py:639} INFO - DAG(s) dict_keys(['parallel_dag']) retrieved from /opt/airflow/dags/parallel_dag.py
[2022-11-01 11:35:21,325] {logging_mixin.py:104} INFO - [2022-11-01 11:35:21,325] {dag.py:1818} INFO - Sync 1 DAGs
[2022-11-01 11:35:21,343] {logging_mixin.py:104} INFO - [2022-11-01 11:35:21,342] {dag.py:2273} INFO - Setting next_dagrun for parallel_dag to 2022-10-31 00:00:00+00:00
[2022-11-01 11:35:21,353] {scheduler_job.py:190} INFO - Processing /opt/airflow/dags/parallel_dag.py took 0.068 seconds
[2022-11-01 11:35:51,417] {scheduler_job.py:182} INFO - Started process (PID=7517) to work on /opt/airflow/dags/parallel_dag.py
[2022-11-01 11:35:51,418] {scheduler_job.py:629} INFO - Processing file /opt/airflow/dags/parallel_dag.py for tasks to queue
[2022-11-01 11:35:51,418] {logging_mixin.py:104} INFO - [2022-11-01 11:35:51,418] {dagbag.py:448} INFO - Filling up the DagBag from /opt/airflow/dags/parallel_dag.py
[2022-11-01 11:35:51,426] {scheduler_job.py:639} INFO - DAG(s) dict_keys(['parallel_dag']) retrieved from /opt/airflow/dags/parallel_dag.py
[2022-11-01 11:35:51,439] {logging_mixin.py:104} INFO - [2022-11-01 11:35:51,439] {dag.py:1818} INFO - Sync 1 DAGs
[2022-11-01 11:35:51,464] {logging_mixin.py:104} INFO - [2022-11-01 11:35:51,464] {dag.py:2273} INFO - Setting next_dagrun for parallel_dag to 2022-10-31 00:00:00+00:00
[2022-11-01 11:35:51,476] {scheduler_job.py:190} INFO - Processing /opt/airflow/dags/parallel_dag.py took 0.061 seconds
[2022-11-01 11:36:21,520] {scheduler_job.py:182} INFO - Started process (PID=7545) to work on /opt/airflow/dags/parallel_dag.py
[2022-11-01 11:36:21,521] {scheduler_job.py:629} INFO - Processing file /opt/airflow/dags/parallel_dag.py for tasks to queue
[2022-11-01 11:36:21,522] {logging_mixin.py:104} INFO - [2022-11-01 11:36:21,522] {dagbag.py:448} INFO - Filling up the DagBag from /opt/airflow/dags/parallel_dag.py
[2022-11-01 11:36:21,536] {scheduler_job.py:639} INFO - DAG(s) dict_keys(['parallel_dag']) retrieved from /opt/airflow/dags/parallel_dag.py
[2022-11-01 11:36:21,555] {logging_mixin.py:104} INFO - [2022-11-01 11:36:21,555] {dag.py:1818} INFO - Sync 1 DAGs
[2022-11-01 11:36:21,577] {logging_mixin.py:104} INFO - [2022-11-01 11:36:21,577] {dag.py:2273} INFO - Setting next_dagrun for parallel_dag to 2022-10-31 00:00:00+00:00
[2022-11-01 11:36:21,590] {scheduler_job.py:190} INFO - Processing /opt/airflow/dags/parallel_dag.py took 0.072 seconds
[2022-11-01 11:36:51,943] {scheduler_job.py:182} INFO - Started process (PID=7573) to work on /opt/airflow/dags/parallel_dag.py
[2022-11-01 11:36:51,945] {scheduler_job.py:629} INFO - Processing file /opt/airflow/dags/parallel_dag.py for tasks to queue
[2022-11-01 11:36:51,947] {logging_mixin.py:104} INFO - [2022-11-01 11:36:51,946] {dagbag.py:448} INFO - Filling up the DagBag from /opt/airflow/dags/parallel_dag.py
[2022-11-01 11:36:51,968] {scheduler_job.py:639} INFO - DAG(s) dict_keys(['parallel_dag']) retrieved from /opt/airflow/dags/parallel_dag.py
[2022-11-01 11:36:51,984] {logging_mixin.py:104} INFO - [2022-11-01 11:36:51,984] {dag.py:1818} INFO - Sync 1 DAGs
[2022-11-01 11:36:52,001] {logging_mixin.py:104} INFO - [2022-11-01 11:36:52,001] {dag.py:2273} INFO - Setting next_dagrun for parallel_dag to 2022-10-31 00:00:00+00:00
[2022-11-01 11:36:52,012] {scheduler_job.py:190} INFO - Processing /opt/airflow/dags/parallel_dag.py took 0.076 seconds
[2022-11-01 11:37:22,154] {scheduler_job.py:182} INFO - Started process (PID=7601) to work on /opt/airflow/dags/parallel_dag.py
[2022-11-01 11:37:22,155] {scheduler_job.py:629} INFO - Processing file /opt/airflow/dags/parallel_dag.py for tasks to queue
[2022-11-01 11:37:22,156] {logging_mixin.py:104} INFO - [2022-11-01 11:37:22,156] {dagbag.py:448} INFO - Filling up the DagBag from /opt/airflow/dags/parallel_dag.py
[2022-11-01 11:37:22,166] {scheduler_job.py:639} INFO - DAG(s) dict_keys(['parallel_dag']) retrieved from /opt/airflow/dags/parallel_dag.py
[2022-11-01 11:37:22,182] {logging_mixin.py:104} INFO - [2022-11-01 11:37:22,181] {dag.py:1818} INFO - Sync 1 DAGs
[2022-11-01 11:37:22,199] {logging_mixin.py:104} INFO - [2022-11-01 11:37:22,199] {dag.py:2273} INFO - Setting next_dagrun for parallel_dag to 2022-10-31 00:00:00+00:00
[2022-11-01 11:37:22,209] {scheduler_job.py:190} INFO - Processing /opt/airflow/dags/parallel_dag.py took 0.057 seconds
[2022-11-01 11:37:52,249] {scheduler_job.py:182} INFO - Started process (PID=7629) to work on /opt/airflow/dags/parallel_dag.py
[2022-11-01 11:37:52,250] {scheduler_job.py:629} INFO - Processing file /opt/airflow/dags/parallel_dag.py for tasks to queue
[2022-11-01 11:37:52,251] {logging_mixin.py:104} INFO - [2022-11-01 11:37:52,250] {dagbag.py:448} INFO - Filling up the DagBag from /opt/airflow/dags/parallel_dag.py
[2022-11-01 11:37:52,259] {scheduler_job.py:639} INFO - DAG(s) dict_keys(['parallel_dag']) retrieved from /opt/airflow/dags/parallel_dag.py
[2022-11-01 11:37:52,279] {logging_mixin.py:104} INFO - [2022-11-01 11:37:52,278] {dag.py:1818} INFO - Sync 1 DAGs
[2022-11-01 11:37:52,297] {logging_mixin.py:104} INFO - [2022-11-01 11:37:52,297] {dag.py:2273} INFO - Setting next_dagrun for parallel_dag to 2022-10-31 00:00:00+00:00
[2022-11-01 11:37:52,302] {scheduler_job.py:190} INFO - Processing /opt/airflow/dags/parallel_dag.py took 0.054 seconds
[2022-11-01 11:38:22,337] {scheduler_job.py:182} INFO - Started process (PID=7657) to work on /opt/airflow/dags/parallel_dag.py
[2022-11-01 11:38:22,337] {scheduler_job.py:629} INFO - Processing file /opt/airflow/dags/parallel_dag.py for tasks to queue
[2022-11-01 11:38:22,338] {logging_mixin.py:104} INFO - [2022-11-01 11:38:22,338] {dagbag.py:448} INFO - Filling up the DagBag from /opt/airflow/dags/parallel_dag.py
[2022-11-01 11:38:22,347] {scheduler_job.py:639} INFO - DAG(s) dict_keys(['parallel_dag']) retrieved from /opt/airflow/dags/parallel_dag.py
[2022-11-01 11:38:22,360] {logging_mixin.py:104} INFO - [2022-11-01 11:38:22,360] {dag.py:1818} INFO - Sync 1 DAGs
[2022-11-01 11:38:22,378] {logging_mixin.py:104} INFO - [2022-11-01 11:38:22,378] {dag.py:2273} INFO - Setting next_dagrun for parallel_dag to 2022-10-31 00:00:00+00:00
[2022-11-01 11:38:22,384] {scheduler_job.py:190} INFO - Processing /opt/airflow/dags/parallel_dag.py took 0.050 seconds
[2022-11-01 11:38:52,469] {scheduler_job.py:182} INFO - Started process (PID=7685) to work on /opt/airflow/dags/parallel_dag.py
[2022-11-01 11:38:52,471] {scheduler_job.py:629} INFO - Processing file /opt/airflow/dags/parallel_dag.py for tasks to queue
[2022-11-01 11:38:52,472] {logging_mixin.py:104} INFO - [2022-11-01 11:38:52,472] {dagbag.py:448} INFO - Filling up the DagBag from /opt/airflow/dags/parallel_dag.py
[2022-11-01 11:38:52,492] {scheduler_job.py:639} INFO - DAG(s) dict_keys(['parallel_dag']) retrieved from /opt/airflow/dags/parallel_dag.py
[2022-11-01 11:38:52,512] {logging_mixin.py:104} INFO - [2022-11-01 11:38:52,512] {dag.py:1818} INFO - Sync 1 DAGs
[2022-11-01 11:38:52,539] {logging_mixin.py:104} INFO - [2022-11-01 11:38:52,539] {dag.py:2273} INFO - Setting next_dagrun for parallel_dag to 2022-10-31 00:00:00+00:00
[2022-11-01 11:38:52,554] {scheduler_job.py:190} INFO - Processing /opt/airflow/dags/parallel_dag.py took 0.089 seconds
[2022-11-01 11:39:22,685] {scheduler_job.py:182} INFO - Started process (PID=7713) to work on /opt/airflow/dags/parallel_dag.py
[2022-11-01 11:39:22,685] {scheduler_job.py:629} INFO - Processing file /opt/airflow/dags/parallel_dag.py for tasks to queue
[2022-11-01 11:39:22,686] {logging_mixin.py:104} INFO - [2022-11-01 11:39:22,686] {dagbag.py:448} INFO - Filling up the DagBag from /opt/airflow/dags/parallel_dag.py
[2022-11-01 11:39:22,695] {scheduler_job.py:639} INFO - DAG(s) dict_keys(['parallel_dag']) retrieved from /opt/airflow/dags/parallel_dag.py
[2022-11-01 11:39:22,710] {logging_mixin.py:104} INFO - [2022-11-01 11:39:22,710] {dag.py:1818} INFO - Sync 1 DAGs
[2022-11-01 11:39:22,731] {logging_mixin.py:104} INFO - [2022-11-01 11:39:22,730] {dag.py:2273} INFO - Setting next_dagrun for parallel_dag to 2022-10-31 00:00:00+00:00
[2022-11-01 11:39:22,744] {scheduler_job.py:190} INFO - Processing /opt/airflow/dags/parallel_dag.py took 0.061 seconds
[2022-11-01 11:39:52,827] {scheduler_job.py:182} INFO - Started process (PID=7741) to work on /opt/airflow/dags/parallel_dag.py
[2022-11-01 11:39:52,828] {scheduler_job.py:629} INFO - Processing file /opt/airflow/dags/parallel_dag.py for tasks to queue
[2022-11-01 11:39:52,828] {logging_mixin.py:104} INFO - [2022-11-01 11:39:52,828] {dagbag.py:448} INFO - Filling up the DagBag from /opt/airflow/dags/parallel_dag.py
[2022-11-01 11:39:52,838] {scheduler_job.py:639} INFO - DAG(s) dict_keys(['parallel_dag']) retrieved from /opt/airflow/dags/parallel_dag.py
[2022-11-01 11:39:52,853] {logging_mixin.py:104} INFO - [2022-11-01 11:39:52,853] {dag.py:1818} INFO - Sync 1 DAGs
[2022-11-01 11:39:52,874] {logging_mixin.py:104} INFO - [2022-11-01 11:39:52,874] {dag.py:2273} INFO - Setting next_dagrun for parallel_dag to 2022-10-31 00:00:00+00:00
[2022-11-01 11:39:52,885] {scheduler_job.py:190} INFO - Processing /opt/airflow/dags/parallel_dag.py took 0.061 seconds
[2022-11-01 11:40:22,966] {scheduler_job.py:182} INFO - Started process (PID=7769) to work on /opt/airflow/dags/parallel_dag.py
[2022-11-01 11:40:22,966] {scheduler_job.py:629} INFO - Processing file /opt/airflow/dags/parallel_dag.py for tasks to queue
[2022-11-01 11:40:22,967] {logging_mixin.py:104} INFO - [2022-11-01 11:40:22,967] {dagbag.py:448} INFO - Filling up the DagBag from /opt/airflow/dags/parallel_dag.py
[2022-11-01 11:40:22,974] {scheduler_job.py:639} INFO - DAG(s) dict_keys(['parallel_dag']) retrieved from /opt/airflow/dags/parallel_dag.py
[2022-11-01 11:40:22,987] {logging_mixin.py:104} INFO - [2022-11-01 11:40:22,987] {dag.py:1818} INFO - Sync 1 DAGs
[2022-11-01 11:40:23,005] {logging_mixin.py:104} INFO - [2022-11-01 11:40:23,005] {dag.py:2273} INFO - Setting next_dagrun for parallel_dag to 2022-10-31 00:00:00+00:00
[2022-11-01 11:40:23,009] {scheduler_job.py:190} INFO - Processing /opt/airflow/dags/parallel_dag.py took 0.045 seconds
[2022-11-01 11:40:53,138] {scheduler_job.py:182} INFO - Started process (PID=7797) to work on /opt/airflow/dags/parallel_dag.py
[2022-11-01 11:40:53,138] {scheduler_job.py:629} INFO - Processing file /opt/airflow/dags/parallel_dag.py for tasks to queue
[2022-11-01 11:40:53,139] {logging_mixin.py:104} INFO - [2022-11-01 11:40:53,139] {dagbag.py:448} INFO - Filling up the DagBag from /opt/airflow/dags/parallel_dag.py
[2022-11-01 11:40:53,148] {scheduler_job.py:639} INFO - DAG(s) dict_keys(['parallel_dag']) retrieved from /opt/airflow/dags/parallel_dag.py
[2022-11-01 11:40:53,162] {logging_mixin.py:104} INFO - [2022-11-01 11:40:53,162] {dag.py:1818} INFO - Sync 1 DAGs
[2022-11-01 11:40:53,181] {logging_mixin.py:104} INFO - [2022-11-01 11:40:53,181] {dag.py:2273} INFO - Setting next_dagrun for parallel_dag to 2022-10-31 00:00:00+00:00
[2022-11-01 11:40:53,186] {scheduler_job.py:190} INFO - Processing /opt/airflow/dags/parallel_dag.py took 0.052 seconds
[2022-11-01 11:41:23,200] {scheduler_job.py:182} INFO - Started process (PID=7825) to work on /opt/airflow/dags/parallel_dag.py
[2022-11-01 11:41:23,201] {scheduler_job.py:629} INFO - Processing file /opt/airflow/dags/parallel_dag.py for tasks to queue
[2022-11-01 11:41:23,202] {logging_mixin.py:104} INFO - [2022-11-01 11:41:23,201] {dagbag.py:448} INFO - Filling up the DagBag from /opt/airflow/dags/parallel_dag.py
[2022-11-01 11:41:23,209] {scheduler_job.py:639} INFO - DAG(s) dict_keys(['parallel_dag']) retrieved from /opt/airflow/dags/parallel_dag.py
[2022-11-01 11:41:23,221] {logging_mixin.py:104} INFO - [2022-11-01 11:41:23,221] {dag.py:1818} INFO - Sync 1 DAGs
[2022-11-01 11:41:23,238] {logging_mixin.py:104} INFO - [2022-11-01 11:41:23,238] {dag.py:2273} INFO - Setting next_dagrun for parallel_dag to 2022-10-31 00:00:00+00:00
[2022-11-01 11:41:23,248] {scheduler_job.py:190} INFO - Processing /opt/airflow/dags/parallel_dag.py took 0.049 seconds
[2022-11-01 11:41:53,412] {scheduler_job.py:182} INFO - Started process (PID=7853) to work on /opt/airflow/dags/parallel_dag.py
[2022-11-01 11:41:53,413] {scheduler_job.py:629} INFO - Processing file /opt/airflow/dags/parallel_dag.py for tasks to queue
[2022-11-01 11:41:53,413] {logging_mixin.py:104} INFO - [2022-11-01 11:41:53,413] {dagbag.py:448} INFO - Filling up the DagBag from /opt/airflow/dags/parallel_dag.py
[2022-11-01 11:41:53,425] {scheduler_job.py:639} INFO - DAG(s) dict_keys(['parallel_dag']) retrieved from /opt/airflow/dags/parallel_dag.py
[2022-11-01 11:41:53,445] {logging_mixin.py:104} INFO - [2022-11-01 11:41:53,445] {dag.py:1818} INFO - Sync 1 DAGs
[2022-11-01 11:41:53,466] {logging_mixin.py:104} INFO - [2022-11-01 11:41:53,466] {dag.py:2273} INFO - Setting next_dagrun for parallel_dag to 2022-10-31 00:00:00+00:00
[2022-11-01 11:41:53,480] {scheduler_job.py:190} INFO - Processing /opt/airflow/dags/parallel_dag.py took 0.071 seconds
[2022-11-01 11:42:23,696] {scheduler_job.py:182} INFO - Started process (PID=7881) to work on /opt/airflow/dags/parallel_dag.py
[2022-11-01 11:42:23,697] {scheduler_job.py:629} INFO - Processing file /opt/airflow/dags/parallel_dag.py for tasks to queue
[2022-11-01 11:42:23,697] {logging_mixin.py:104} INFO - [2022-11-01 11:42:23,697] {dagbag.py:448} INFO - Filling up the DagBag from /opt/airflow/dags/parallel_dag.py
[2022-11-01 11:42:23,706] {scheduler_job.py:639} INFO - DAG(s) dict_keys(['parallel_dag']) retrieved from /opt/airflow/dags/parallel_dag.py
[2022-11-01 11:42:23,720] {logging_mixin.py:104} INFO - [2022-11-01 11:42:23,720] {dag.py:1818} INFO - Sync 1 DAGs
[2022-11-01 11:42:23,740] {logging_mixin.py:104} INFO - [2022-11-01 11:42:23,740] {dag.py:2273} INFO - Setting next_dagrun for parallel_dag to 2022-10-31 00:00:00+00:00
[2022-11-01 11:42:23,752] {scheduler_job.py:190} INFO - Processing /opt/airflow/dags/parallel_dag.py took 0.059 seconds
[2022-11-01 11:42:53,830] {scheduler_job.py:182} INFO - Started process (PID=7909) to work on /opt/airflow/dags/parallel_dag.py
[2022-11-01 11:42:53,832] {scheduler_job.py:629} INFO - Processing file /opt/airflow/dags/parallel_dag.py for tasks to queue
[2022-11-01 11:42:53,834] {logging_mixin.py:104} INFO - [2022-11-01 11:42:53,833] {dagbag.py:448} INFO - Filling up the DagBag from /opt/airflow/dags/parallel_dag.py
[2022-11-01 11:42:53,846] {scheduler_job.py:639} INFO - DAG(s) dict_keys(['parallel_dag']) retrieved from /opt/airflow/dags/parallel_dag.py
[2022-11-01 11:42:53,859] {logging_mixin.py:104} INFO - [2022-11-01 11:42:53,859] {dag.py:1818} INFO - Sync 1 DAGs
[2022-11-01 11:42:53,876] {logging_mixin.py:104} INFO - [2022-11-01 11:42:53,876] {dag.py:2273} INFO - Setting next_dagrun for parallel_dag to 2022-10-31 00:00:00+00:00
[2022-11-01 11:42:53,880] {scheduler_job.py:190} INFO - Processing /opt/airflow/dags/parallel_dag.py took 0.057 seconds
[2022-11-01 11:43:23,970] {scheduler_job.py:182} INFO - Started process (PID=7937) to work on /opt/airflow/dags/parallel_dag.py
[2022-11-01 11:43:23,971] {scheduler_job.py:629} INFO - Processing file /opt/airflow/dags/parallel_dag.py for tasks to queue
[2022-11-01 11:43:23,972] {logging_mixin.py:104} INFO - [2022-11-01 11:43:23,972] {dagbag.py:448} INFO - Filling up the DagBag from /opt/airflow/dags/parallel_dag.py
[2022-11-01 11:43:23,991] {scheduler_job.py:639} INFO - DAG(s) dict_keys(['parallel_dag']) retrieved from /opt/airflow/dags/parallel_dag.py
[2022-11-01 11:43:24,010] {logging_mixin.py:104} INFO - [2022-11-01 11:43:24,010] {dag.py:1818} INFO - Sync 1 DAGs
[2022-11-01 11:43:24,029] {logging_mixin.py:104} INFO - [2022-11-01 11:43:24,029] {dag.py:2273} INFO - Setting next_dagrun for parallel_dag to 2022-10-31 00:00:00+00:00
[2022-11-01 11:43:24,040] {scheduler_job.py:190} INFO - Processing /opt/airflow/dags/parallel_dag.py took 0.075 seconds
[2022-11-01 11:43:54,146] {scheduler_job.py:182} INFO - Started process (PID=7965) to work on /opt/airflow/dags/parallel_dag.py
[2022-11-01 11:43:54,147] {scheduler_job.py:629} INFO - Processing file /opt/airflow/dags/parallel_dag.py for tasks to queue
[2022-11-01 11:43:54,148] {logging_mixin.py:104} INFO - [2022-11-01 11:43:54,147] {dagbag.py:448} INFO - Filling up the DagBag from /opt/airflow/dags/parallel_dag.py
[2022-11-01 11:43:54,156] {scheduler_job.py:639} INFO - DAG(s) dict_keys(['parallel_dag']) retrieved from /opt/airflow/dags/parallel_dag.py
[2022-11-01 11:43:54,171] {logging_mixin.py:104} INFO - [2022-11-01 11:43:54,171] {dag.py:1818} INFO - Sync 1 DAGs
[2022-11-01 11:43:54,189] {logging_mixin.py:104} INFO - [2022-11-01 11:43:54,189] {dag.py:2273} INFO - Setting next_dagrun for parallel_dag to 2022-10-31 00:00:00+00:00
[2022-11-01 11:43:54,200] {scheduler_job.py:190} INFO - Processing /opt/airflow/dags/parallel_dag.py took 0.056 seconds
[2022-11-01 11:44:24,295] {scheduler_job.py:182} INFO - Started process (PID=7993) to work on /opt/airflow/dags/parallel_dag.py
[2022-11-01 11:44:24,297] {scheduler_job.py:629} INFO - Processing file /opt/airflow/dags/parallel_dag.py for tasks to queue
[2022-11-01 11:44:24,299] {logging_mixin.py:104} INFO - [2022-11-01 11:44:24,298] {dagbag.py:448} INFO - Filling up the DagBag from /opt/airflow/dags/parallel_dag.py
[2022-11-01 11:44:24,311] {scheduler_job.py:639} INFO - DAG(s) dict_keys(['parallel_dag']) retrieved from /opt/airflow/dags/parallel_dag.py
[2022-11-01 11:44:24,326] {logging_mixin.py:104} INFO - [2022-11-01 11:44:24,326] {dag.py:1818} INFO - Sync 1 DAGs
[2022-11-01 11:44:24,344] {logging_mixin.py:104} INFO - [2022-11-01 11:44:24,344] {dag.py:2273} INFO - Setting next_dagrun for parallel_dag to 2022-10-31 00:00:00+00:00
[2022-11-01 11:44:24,355] {scheduler_job.py:190} INFO - Processing /opt/airflow/dags/parallel_dag.py took 0.066 seconds
[2022-11-01 11:44:55,298] {scheduler_job.py:182} INFO - Started process (PID=8021) to work on /opt/airflow/dags/parallel_dag.py
[2022-11-01 11:44:55,300] {scheduler_job.py:629} INFO - Processing file /opt/airflow/dags/parallel_dag.py for tasks to queue
[2022-11-01 11:44:55,301] {logging_mixin.py:104} INFO - [2022-11-01 11:44:55,301] {dagbag.py:448} INFO - Filling up the DagBag from /opt/airflow/dags/parallel_dag.py
[2022-11-01 11:44:55,323] {scheduler_job.py:639} INFO - DAG(s) dict_keys(['parallel_dag']) retrieved from /opt/airflow/dags/parallel_dag.py
[2022-11-01 11:44:55,339] {logging_mixin.py:104} INFO - [2022-11-01 11:44:55,339] {dag.py:1818} INFO - Sync 1 DAGs
[2022-11-01 11:44:55,356] {logging_mixin.py:104} INFO - [2022-11-01 11:44:55,356] {dag.py:2273} INFO - Setting next_dagrun for parallel_dag to 2022-10-31 00:00:00+00:00
[2022-11-01 11:44:55,367] {scheduler_job.py:190} INFO - Processing /opt/airflow/dags/parallel_dag.py took 0.076 seconds
[2022-11-01 11:45:25,418] {scheduler_job.py:182} INFO - Started process (PID=8049) to work on /opt/airflow/dags/parallel_dag.py
[2022-11-01 11:45:25,419] {scheduler_job.py:629} INFO - Processing file /opt/airflow/dags/parallel_dag.py for tasks to queue
[2022-11-01 11:45:25,420] {logging_mixin.py:104} INFO - [2022-11-01 11:45:25,419] {dagbag.py:448} INFO - Filling up the DagBag from /opt/airflow/dags/parallel_dag.py
[2022-11-01 11:45:25,428] {scheduler_job.py:639} INFO - DAG(s) dict_keys(['parallel_dag']) retrieved from /opt/airflow/dags/parallel_dag.py
[2022-11-01 11:45:25,442] {logging_mixin.py:104} INFO - [2022-11-01 11:45:25,442] {dag.py:1818} INFO - Sync 1 DAGs
[2022-11-01 11:45:25,460] {logging_mixin.py:104} INFO - [2022-11-01 11:45:25,460] {dag.py:2273} INFO - Setting next_dagrun for parallel_dag to 2022-10-31 00:00:00+00:00
[2022-11-01 11:45:25,465] {scheduler_job.py:190} INFO - Processing /opt/airflow/dags/parallel_dag.py took 0.049 seconds
[2022-11-01 11:45:56,369] {scheduler_job.py:182} INFO - Started process (PID=8077) to work on /opt/airflow/dags/parallel_dag.py
[2022-11-01 11:45:56,369] {scheduler_job.py:629} INFO - Processing file /opt/airflow/dags/parallel_dag.py for tasks to queue
[2022-11-01 11:45:56,370] {logging_mixin.py:104} INFO - [2022-11-01 11:45:56,370] {dagbag.py:448} INFO - Filling up the DagBag from /opt/airflow/dags/parallel_dag.py
[2022-11-01 11:45:56,378] {scheduler_job.py:639} INFO - DAG(s) dict_keys(['parallel_dag']) retrieved from /opt/airflow/dags/parallel_dag.py
[2022-11-01 11:45:56,390] {logging_mixin.py:104} INFO - [2022-11-01 11:45:56,390] {dag.py:1818} INFO - Sync 1 DAGs
[2022-11-01 11:45:56,409] {logging_mixin.py:104} INFO - [2022-11-01 11:45:56,408] {dag.py:2273} INFO - Setting next_dagrun for parallel_dag to 2022-10-31 00:00:00+00:00
[2022-11-01 11:45:56,420] {scheduler_job.py:190} INFO - Processing /opt/airflow/dags/parallel_dag.py took 0.053 seconds
[2022-11-01 11:46:27,332] {scheduler_job.py:182} INFO - Started process (PID=8105) to work on /opt/airflow/dags/parallel_dag.py
[2022-11-01 11:46:27,334] {scheduler_job.py:629} INFO - Processing file /opt/airflow/dags/parallel_dag.py for tasks to queue
[2022-11-01 11:46:27,335] {logging_mixin.py:104} INFO - [2022-11-01 11:46:27,335] {dagbag.py:448} INFO - Filling up the DagBag from /opt/airflow/dags/parallel_dag.py
[2022-11-01 11:46:27,356] {scheduler_job.py:639} INFO - DAG(s) dict_keys(['parallel_dag']) retrieved from /opt/airflow/dags/parallel_dag.py
[2022-11-01 11:46:27,374] {logging_mixin.py:104} INFO - [2022-11-01 11:46:27,374] {dag.py:1818} INFO - Sync 1 DAGs
[2022-11-01 11:46:27,391] {logging_mixin.py:104} INFO - [2022-11-01 11:46:27,391] {dag.py:2273} INFO - Setting next_dagrun for parallel_dag to 2022-10-31 00:00:00+00:00
[2022-11-01 11:46:27,402] {scheduler_job.py:190} INFO - Processing /opt/airflow/dags/parallel_dag.py took 0.075 seconds
[2022-11-01 11:46:58,350] {scheduler_job.py:182} INFO - Started process (PID=8133) to work on /opt/airflow/dags/parallel_dag.py
[2022-11-01 11:46:58,352] {scheduler_job.py:629} INFO - Processing file /opt/airflow/dags/parallel_dag.py for tasks to queue
[2022-11-01 11:46:58,353] {logging_mixin.py:104} INFO - [2022-11-01 11:46:58,353] {dagbag.py:448} INFO - Filling up the DagBag from /opt/airflow/dags/parallel_dag.py
[2022-11-01 11:46:58,377] {scheduler_job.py:639} INFO - DAG(s) dict_keys(['parallel_dag']) retrieved from /opt/airflow/dags/parallel_dag.py
[2022-11-01 11:46:58,396] {logging_mixin.py:104} INFO - [2022-11-01 11:46:58,396] {dag.py:1818} INFO - Sync 1 DAGs
[2022-11-01 11:46:58,420] {logging_mixin.py:104} INFO - [2022-11-01 11:46:58,420] {dag.py:2273} INFO - Setting next_dagrun for parallel_dag to 2022-10-31 00:00:00+00:00
[2022-11-01 11:46:58,432] {scheduler_job.py:190} INFO - Processing /opt/airflow/dags/parallel_dag.py took 0.089 seconds
