[2022-10-31 20:39:04,271] {taskinstance.py:851} INFO - Dependencies all met for <TaskInstance: example_bash_operator.runme_2 2022-10-31T20:39:03.770890+00:00 [queued]>
[2022-10-31 20:39:04,289] {taskinstance.py:851} INFO - Dependencies all met for <TaskInstance: example_bash_operator.runme_2 2022-10-31T20:39:03.770890+00:00 [queued]>
[2022-10-31 20:39:04,289] {taskinstance.py:1042} INFO - 
--------------------------------------------------------------------------------
[2022-10-31 20:39:04,289] {taskinstance.py:1043} INFO - Starting attempt 1 of 1
[2022-10-31 20:39:04,289] {taskinstance.py:1044} INFO - 
--------------------------------------------------------------------------------
[2022-10-31 20:39:04,298] {taskinstance.py:1063} INFO - Executing <Task(BashOperator): runme_2> on 2022-10-31T20:39:03.770890+00:00
[2022-10-31 20:39:04,303] {standard_task_runner.py:52} INFO - Started process 83 to run task
[2022-10-31 20:39:04,307] {standard_task_runner.py:76} INFO - Running: ['airflow', 'tasks', 'run', 'example_bash_operator', 'runme_2', '2022-10-31T20:39:03.770890+00:00', '--job-id', '17', '--pool', 'default_pool', '--raw', '--subdir', '/home/airflow/.local/lib/python3.6/site-packages/airflow/example_dags/example_bash_operator.py', '--cfg-path', '/tmp/tmpzn2fy2r3', '--error-file', '/tmp/tmpanmzgglu']
[2022-10-31 20:39:04,307] {standard_task_runner.py:77} INFO - Job 17: Subtask runme_2
[2022-10-31 20:39:04,345] {logging_mixin.py:104} INFO - Running <TaskInstance: example_bash_operator.runme_2 2022-10-31T20:39:03.770890+00:00 [running]> on host 8311e947f87b
[2022-10-31 20:39:04,392] {taskinstance.py:1257} INFO - Exporting the following env vars:
AIRFLOW_CTX_DAG_OWNER=airflow
AIRFLOW_CTX_DAG_ID=example_bash_operator
AIRFLOW_CTX_TASK_ID=runme_2
AIRFLOW_CTX_EXECUTION_DATE=2022-10-31T20:39:03.770890+00:00
AIRFLOW_CTX_DAG_RUN_ID=manual__2022-10-31T20:39:03.770890+00:00
[2022-10-31 20:39:04,393] {bash.py:135} INFO - Tmp dir root location: 
 /tmp
[2022-10-31 20:39:04,394] {bash.py:158} INFO - Running command: echo "example_bash_operator__runme_2__20221031" && sleep 1
[2022-10-31 20:39:04,409] {bash.py:169} INFO - Output:
[2022-10-31 20:39:04,411] {bash.py:173} INFO - example_bash_operator__runme_2__20221031
[2022-10-31 20:39:05,413] {bash.py:177} INFO - Command exited with return code 0
[2022-10-31 20:39:05,436] {taskinstance.py:1166} INFO - Marking task as SUCCESS. dag_id=example_bash_operator, task_id=runme_2, execution_date=20221031T203903, start_date=20221031T203904, end_date=20221031T203905
[2022-10-31 20:39:05,465] {taskinstance.py:1220} INFO - 0 downstream tasks scheduled from follow-on schedule check
[2022-10-31 20:39:05,481] {local_task_job.py:146} INFO - Task exited with return code 0
