[2022-11-02 10:25:01,983] {scheduler_job.py:182} INFO - Started process (PID=51) to work on /opt/airflow/dags/parallel_dag.py
[2022-11-02 10:25:01,984] {scheduler_job.py:629} INFO - Processing file /opt/airflow/dags/parallel_dag.py for tasks to queue
[2022-11-02 10:25:01,985] {logging_mixin.py:104} INFO - [2022-11-02 10:25:01,985] {dagbag.py:448} INFO - Filling up the DagBag from /opt/airflow/dags/parallel_dag.py
[2022-11-02 10:25:01,998] {scheduler_job.py:639} INFO - DAG(s) dict_keys(['parallel_dag']) retrieved from /opt/airflow/dags/parallel_dag.py
[2022-11-02 10:25:02,050] {logging_mixin.py:104} INFO - [2022-11-02 10:25:02,050] {dag.py:1818} INFO - Sync 1 DAGs
[2022-11-02 10:25:02,105] {logging_mixin.py:104} INFO - [2022-11-02 10:25:02,104] {dag.py:2273} INFO - Setting next_dagrun for parallel_dag to 2022-11-01 00:00:00+00:00
[2022-11-02 10:25:02,113] {scheduler_job.py:190} INFO - Processing /opt/airflow/dags/parallel_dag.py took 0.133 seconds
[2022-11-02 10:25:32,862] {scheduler_job.py:182} INFO - Started process (PID=77) to work on /opt/airflow/dags/parallel_dag.py
[2022-11-02 10:25:32,863] {scheduler_job.py:629} INFO - Processing file /opt/airflow/dags/parallel_dag.py for tasks to queue
[2022-11-02 10:25:32,864] {logging_mixin.py:104} INFO - [2022-11-02 10:25:32,864] {dagbag.py:448} INFO - Filling up the DagBag from /opt/airflow/dags/parallel_dag.py
[2022-11-02 10:25:32,874] {scheduler_job.py:639} INFO - DAG(s) dict_keys(['parallel_dag']) retrieved from /opt/airflow/dags/parallel_dag.py
[2022-11-02 10:25:32,896] {logging_mixin.py:104} INFO - [2022-11-02 10:25:32,895] {dag.py:1818} INFO - Sync 1 DAGs
[2022-11-02 10:25:32,930] {logging_mixin.py:104} INFO - [2022-11-02 10:25:32,930] {dag.py:2273} INFO - Setting next_dagrun for parallel_dag to 2022-11-01 00:00:00+00:00
[2022-11-02 10:25:32,938] {scheduler_job.py:190} INFO - Processing /opt/airflow/dags/parallel_dag.py took 0.080 seconds
[2022-11-02 10:26:03,389] {scheduler_job.py:182} INFO - Started process (PID=105) to work on /opt/airflow/dags/parallel_dag.py
[2022-11-02 10:26:03,389] {scheduler_job.py:629} INFO - Processing file /opt/airflow/dags/parallel_dag.py for tasks to queue
[2022-11-02 10:26:03,390] {logging_mixin.py:104} INFO - [2022-11-02 10:26:03,390] {dagbag.py:448} INFO - Filling up the DagBag from /opt/airflow/dags/parallel_dag.py
[2022-11-02 10:26:03,399] {scheduler_job.py:639} INFO - DAG(s) dict_keys(['parallel_dag']) retrieved from /opt/airflow/dags/parallel_dag.py
[2022-11-02 10:26:03,412] {logging_mixin.py:104} INFO - [2022-11-02 10:26:03,412] {dag.py:1818} INFO - Sync 1 DAGs
[2022-11-02 10:26:03,430] {logging_mixin.py:104} INFO - [2022-11-02 10:26:03,430] {dag.py:2273} INFO - Setting next_dagrun for parallel_dag to 2022-11-01 00:00:00+00:00
[2022-11-02 10:26:03,434] {scheduler_job.py:190} INFO - Processing /opt/airflow/dags/parallel_dag.py took 0.048 seconds
[2022-11-02 10:26:33,522] {scheduler_job.py:182} INFO - Started process (PID=133) to work on /opt/airflow/dags/parallel_dag.py
[2022-11-02 10:26:33,522] {scheduler_job.py:629} INFO - Processing file /opt/airflow/dags/parallel_dag.py for tasks to queue
[2022-11-02 10:26:33,523] {logging_mixin.py:104} INFO - [2022-11-02 10:26:33,523] {dagbag.py:448} INFO - Filling up the DagBag from /opt/airflow/dags/parallel_dag.py
[2022-11-02 10:26:33,531] {scheduler_job.py:639} INFO - DAG(s) dict_keys(['parallel_dag']) retrieved from /opt/airflow/dags/parallel_dag.py
[2022-11-02 10:26:33,546] {logging_mixin.py:104} INFO - [2022-11-02 10:26:33,546] {dag.py:1818} INFO - Sync 1 DAGs
[2022-11-02 10:26:33,569] {logging_mixin.py:104} INFO - [2022-11-02 10:26:33,568] {dag.py:2273} INFO - Setting next_dagrun for parallel_dag to 2022-11-01 00:00:00+00:00
[2022-11-02 10:26:33,576] {scheduler_job.py:190} INFO - Processing /opt/airflow/dags/parallel_dag.py took 0.056 seconds
[2022-11-02 10:27:03,608] {scheduler_job.py:182} INFO - Started process (PID=161) to work on /opt/airflow/dags/parallel_dag.py
[2022-11-02 10:27:03,609] {scheduler_job.py:629} INFO - Processing file /opt/airflow/dags/parallel_dag.py for tasks to queue
[2022-11-02 10:27:03,609] {logging_mixin.py:104} INFO - [2022-11-02 10:27:03,609] {dagbag.py:448} INFO - Filling up the DagBag from /opt/airflow/dags/parallel_dag.py
[2022-11-02 10:27:03,620] {scheduler_job.py:639} INFO - DAG(s) dict_keys(['parallel_dag']) retrieved from /opt/airflow/dags/parallel_dag.py
[2022-11-02 10:27:03,636] {logging_mixin.py:104} INFO - [2022-11-02 10:27:03,636] {dag.py:1818} INFO - Sync 1 DAGs
[2022-11-02 10:27:03,658] {logging_mixin.py:104} INFO - [2022-11-02 10:27:03,658] {dag.py:2273} INFO - Setting next_dagrun for parallel_dag to 2022-11-01 00:00:00+00:00
[2022-11-02 10:27:03,663] {scheduler_job.py:190} INFO - Processing /opt/airflow/dags/parallel_dag.py took 0.057 seconds
[2022-11-02 10:27:34,013] {scheduler_job.py:182} INFO - Started process (PID=189) to work on /opt/airflow/dags/parallel_dag.py
[2022-11-02 10:27:34,014] {scheduler_job.py:629} INFO - Processing file /opt/airflow/dags/parallel_dag.py for tasks to queue
[2022-11-02 10:27:34,015] {logging_mixin.py:104} INFO - [2022-11-02 10:27:34,015] {dagbag.py:448} INFO - Filling up the DagBag from /opt/airflow/dags/parallel_dag.py
[2022-11-02 10:27:34,026] {scheduler_job.py:639} INFO - DAG(s) dict_keys(['parallel_dag']) retrieved from /opt/airflow/dags/parallel_dag.py
[2022-11-02 10:27:34,045] {logging_mixin.py:104} INFO - [2022-11-02 10:27:34,045] {dag.py:1818} INFO - Sync 1 DAGs
[2022-11-02 10:27:34,069] {logging_mixin.py:104} INFO - [2022-11-02 10:27:34,068] {dag.py:2273} INFO - Setting next_dagrun for parallel_dag to 2022-11-01 00:00:00+00:00
[2022-11-02 10:27:34,075] {scheduler_job.py:190} INFO - Processing /opt/airflow/dags/parallel_dag.py took 0.064 seconds
[2022-11-02 10:28:04,093] {scheduler_job.py:182} INFO - Started process (PID=217) to work on /opt/airflow/dags/parallel_dag.py
[2022-11-02 10:28:04,094] {scheduler_job.py:629} INFO - Processing file /opt/airflow/dags/parallel_dag.py for tasks to queue
[2022-11-02 10:28:04,094] {logging_mixin.py:104} INFO - [2022-11-02 10:28:04,094] {dagbag.py:448} INFO - Filling up the DagBag from /opt/airflow/dags/parallel_dag.py
[2022-11-02 10:28:04,102] {scheduler_job.py:639} INFO - DAG(s) dict_keys(['parallel_dag']) retrieved from /opt/airflow/dags/parallel_dag.py
[2022-11-02 10:28:04,115] {logging_mixin.py:104} INFO - [2022-11-02 10:28:04,115] {dag.py:1818} INFO - Sync 1 DAGs
[2022-11-02 10:28:04,132] {logging_mixin.py:104} INFO - [2022-11-02 10:28:04,132] {dag.py:2273} INFO - Setting next_dagrun for parallel_dag to 2022-11-01 00:00:00+00:00
[2022-11-02 10:28:04,137] {scheduler_job.py:190} INFO - Processing /opt/airflow/dags/parallel_dag.py took 0.046 seconds
[2022-11-02 10:28:34,200] {scheduler_job.py:182} INFO - Started process (PID=245) to work on /opt/airflow/dags/parallel_dag.py
[2022-11-02 10:28:34,201] {scheduler_job.py:629} INFO - Processing file /opt/airflow/dags/parallel_dag.py for tasks to queue
[2022-11-02 10:28:34,201] {logging_mixin.py:104} INFO - [2022-11-02 10:28:34,201] {dagbag.py:448} INFO - Filling up the DagBag from /opt/airflow/dags/parallel_dag.py
[2022-11-02 10:28:34,209] {scheduler_job.py:639} INFO - DAG(s) dict_keys(['parallel_dag']) retrieved from /opt/airflow/dags/parallel_dag.py
[2022-11-02 10:28:34,222] {logging_mixin.py:104} INFO - [2022-11-02 10:28:34,222] {dag.py:1818} INFO - Sync 1 DAGs
[2022-11-02 10:28:34,239] {logging_mixin.py:104} INFO - [2022-11-02 10:28:34,239] {dag.py:2273} INFO - Setting next_dagrun for parallel_dag to 2022-11-01 00:00:00+00:00
[2022-11-02 10:28:34,243] {scheduler_job.py:190} INFO - Processing /opt/airflow/dags/parallel_dag.py took 0.045 seconds
[2022-11-02 10:29:04,301] {scheduler_job.py:182} INFO - Started process (PID=273) to work on /opt/airflow/dags/parallel_dag.py
[2022-11-02 10:29:04,301] {scheduler_job.py:629} INFO - Processing file /opt/airflow/dags/parallel_dag.py for tasks to queue
[2022-11-02 10:29:04,302] {logging_mixin.py:104} INFO - [2022-11-02 10:29:04,302] {dagbag.py:448} INFO - Filling up the DagBag from /opt/airflow/dags/parallel_dag.py
[2022-11-02 10:29:04,310] {scheduler_job.py:639} INFO - DAG(s) dict_keys(['parallel_dag']) retrieved from /opt/airflow/dags/parallel_dag.py
[2022-11-02 10:29:04,322] {logging_mixin.py:104} INFO - [2022-11-02 10:29:04,322] {dag.py:1818} INFO - Sync 1 DAGs
[2022-11-02 10:29:04,338] {logging_mixin.py:104} INFO - [2022-11-02 10:29:04,338] {dag.py:2273} INFO - Setting next_dagrun for parallel_dag to 2022-11-01 00:00:00+00:00
[2022-11-02 10:29:04,342] {scheduler_job.py:190} INFO - Processing /opt/airflow/dags/parallel_dag.py took 0.043 seconds
[2022-11-02 10:29:34,374] {scheduler_job.py:182} INFO - Started process (PID=301) to work on /opt/airflow/dags/parallel_dag.py
[2022-11-02 10:29:34,374] {scheduler_job.py:629} INFO - Processing file /opt/airflow/dags/parallel_dag.py for tasks to queue
[2022-11-02 10:29:34,375] {logging_mixin.py:104} INFO - [2022-11-02 10:29:34,375] {dagbag.py:448} INFO - Filling up the DagBag from /opt/airflow/dags/parallel_dag.py
[2022-11-02 10:29:34,383] {scheduler_job.py:639} INFO - DAG(s) dict_keys(['parallel_dag']) retrieved from /opt/airflow/dags/parallel_dag.py
[2022-11-02 10:29:34,395] {logging_mixin.py:104} INFO - [2022-11-02 10:29:34,395] {dag.py:1818} INFO - Sync 1 DAGs
[2022-11-02 10:29:34,413] {logging_mixin.py:104} INFO - [2022-11-02 10:29:34,413] {dag.py:2273} INFO - Setting next_dagrun for parallel_dag to 2022-11-01 00:00:00+00:00
[2022-11-02 10:29:34,418] {scheduler_job.py:190} INFO - Processing /opt/airflow/dags/parallel_dag.py took 0.046 seconds
[2022-11-02 10:30:04,542] {scheduler_job.py:182} INFO - Started process (PID=328) to work on /opt/airflow/dags/parallel_dag.py
[2022-11-02 10:30:04,543] {scheduler_job.py:629} INFO - Processing file /opt/airflow/dags/parallel_dag.py for tasks to queue
[2022-11-02 10:30:04,543] {logging_mixin.py:104} INFO - [2022-11-02 10:30:04,543] {dagbag.py:448} INFO - Filling up the DagBag from /opt/airflow/dags/parallel_dag.py
[2022-11-02 10:30:04,551] {scheduler_job.py:639} INFO - DAG(s) dict_keys(['parallel_dag']) retrieved from /opt/airflow/dags/parallel_dag.py
[2022-11-02 10:30:04,564] {logging_mixin.py:104} INFO - [2022-11-02 10:30:04,564] {dag.py:1818} INFO - Sync 1 DAGs
[2022-11-02 10:30:04,582] {logging_mixin.py:104} INFO - [2022-11-02 10:30:04,582] {dag.py:2273} INFO - Setting next_dagrun for parallel_dag to 2022-11-01 00:00:00+00:00
[2022-11-02 10:30:04,586] {scheduler_job.py:190} INFO - Processing /opt/airflow/dags/parallel_dag.py took 0.046 seconds
[2022-11-02 10:30:34,606] {scheduler_job.py:182} INFO - Started process (PID=356) to work on /opt/airflow/dags/parallel_dag.py
[2022-11-02 10:30:34,607] {scheduler_job.py:629} INFO - Processing file /opt/airflow/dags/parallel_dag.py for tasks to queue
[2022-11-02 10:30:34,607] {logging_mixin.py:104} INFO - [2022-11-02 10:30:34,607] {dagbag.py:448} INFO - Filling up the DagBag from /opt/airflow/dags/parallel_dag.py
[2022-11-02 10:30:34,615] {scheduler_job.py:639} INFO - DAG(s) dict_keys(['parallel_dag']) retrieved from /opt/airflow/dags/parallel_dag.py
[2022-11-02 10:30:34,629] {logging_mixin.py:104} INFO - [2022-11-02 10:30:34,629] {dag.py:1818} INFO - Sync 1 DAGs
[2022-11-02 10:30:34,647] {logging_mixin.py:104} INFO - [2022-11-02 10:30:34,647] {dag.py:2273} INFO - Setting next_dagrun for parallel_dag to 2022-11-01 00:00:00+00:00
[2022-11-02 10:30:34,652] {scheduler_job.py:190} INFO - Processing /opt/airflow/dags/parallel_dag.py took 0.047 seconds
[2022-11-02 10:31:04,753] {scheduler_job.py:182} INFO - Started process (PID=384) to work on /opt/airflow/dags/parallel_dag.py
[2022-11-02 10:31:04,754] {scheduler_job.py:629} INFO - Processing file /opt/airflow/dags/parallel_dag.py for tasks to queue
[2022-11-02 10:31:04,754] {logging_mixin.py:104} INFO - [2022-11-02 10:31:04,754] {dagbag.py:448} INFO - Filling up the DagBag from /opt/airflow/dags/parallel_dag.py
[2022-11-02 10:31:04,762] {scheduler_job.py:639} INFO - DAG(s) dict_keys(['parallel_dag']) retrieved from /opt/airflow/dags/parallel_dag.py
[2022-11-02 10:31:04,776] {logging_mixin.py:104} INFO - [2022-11-02 10:31:04,776] {dag.py:1818} INFO - Sync 1 DAGs
[2022-11-02 10:31:04,794] {logging_mixin.py:104} INFO - [2022-11-02 10:31:04,793] {dag.py:2273} INFO - Setting next_dagrun for parallel_dag to 2022-11-01 00:00:00+00:00
[2022-11-02 10:31:04,798] {scheduler_job.py:190} INFO - Processing /opt/airflow/dags/parallel_dag.py took 0.047 seconds
[2022-11-02 10:31:34,832] {scheduler_job.py:182} INFO - Started process (PID=412) to work on /opt/airflow/dags/parallel_dag.py
[2022-11-02 10:31:34,833] {scheduler_job.py:629} INFO - Processing file /opt/airflow/dags/parallel_dag.py for tasks to queue
[2022-11-02 10:31:34,833] {logging_mixin.py:104} INFO - [2022-11-02 10:31:34,833] {dagbag.py:448} INFO - Filling up the DagBag from /opt/airflow/dags/parallel_dag.py
[2022-11-02 10:31:34,841] {scheduler_job.py:639} INFO - DAG(s) dict_keys(['parallel_dag']) retrieved from /opt/airflow/dags/parallel_dag.py
[2022-11-02 10:31:34,855] {logging_mixin.py:104} INFO - [2022-11-02 10:31:34,855] {dag.py:1818} INFO - Sync 1 DAGs
[2022-11-02 10:31:34,873] {logging_mixin.py:104} INFO - [2022-11-02 10:31:34,873] {dag.py:2273} INFO - Setting next_dagrun for parallel_dag to 2022-11-01 00:00:00+00:00
[2022-11-02 10:31:34,877] {scheduler_job.py:190} INFO - Processing /opt/airflow/dags/parallel_dag.py took 0.047 seconds
[2022-11-02 10:32:05,676] {scheduler_job.py:182} INFO - Started process (PID=441) to work on /opt/airflow/dags/parallel_dag.py
[2022-11-02 10:32:05,677] {scheduler_job.py:629} INFO - Processing file /opt/airflow/dags/parallel_dag.py for tasks to queue
[2022-11-02 10:32:05,677] {logging_mixin.py:104} INFO - [2022-11-02 10:32:05,677] {dagbag.py:448} INFO - Filling up the DagBag from /opt/airflow/dags/parallel_dag.py
[2022-11-02 10:32:05,684] {scheduler_job.py:639} INFO - DAG(s) dict_keys(['parallel_dag']) retrieved from /opt/airflow/dags/parallel_dag.py
[2022-11-02 10:32:05,725] {logging_mixin.py:104} INFO - [2022-11-02 10:32:05,725] {dag.py:1818} INFO - Sync 1 DAGs
[2022-11-02 10:32:05,745] {logging_mixin.py:104} INFO - [2022-11-02 10:32:05,745] {dag.py:2273} INFO - Setting next_dagrun for parallel_dag to 2022-11-01 00:00:00+00:00
[2022-11-02 10:32:05,749] {scheduler_job.py:190} INFO - Processing /opt/airflow/dags/parallel_dag.py took 0.077 seconds
[2022-11-02 10:32:35,842] {scheduler_job.py:182} INFO - Started process (PID=469) to work on /opt/airflow/dags/parallel_dag.py
[2022-11-02 10:32:35,843] {scheduler_job.py:629} INFO - Processing file /opt/airflow/dags/parallel_dag.py for tasks to queue
[2022-11-02 10:32:35,843] {logging_mixin.py:104} INFO - [2022-11-02 10:32:35,843] {dagbag.py:448} INFO - Filling up the DagBag from /opt/airflow/dags/parallel_dag.py
[2022-11-02 10:32:35,851] {scheduler_job.py:639} INFO - DAG(s) dict_keys(['parallel_dag']) retrieved from /opt/airflow/dags/parallel_dag.py
[2022-11-02 10:32:35,864] {logging_mixin.py:104} INFO - [2022-11-02 10:32:35,863] {dag.py:1818} INFO - Sync 1 DAGs
[2022-11-02 10:32:35,881] {logging_mixin.py:104} INFO - [2022-11-02 10:32:35,881] {dag.py:2273} INFO - Setting next_dagrun for parallel_dag to 2022-11-01 00:00:00+00:00
[2022-11-02 10:32:35,886] {scheduler_job.py:190} INFO - Processing /opt/airflow/dags/parallel_dag.py took 0.046 seconds
[2022-11-02 10:33:05,922] {scheduler_job.py:182} INFO - Started process (PID=497) to work on /opt/airflow/dags/parallel_dag.py
[2022-11-02 10:33:05,923] {scheduler_job.py:629} INFO - Processing file /opt/airflow/dags/parallel_dag.py for tasks to queue
[2022-11-02 10:33:05,923] {logging_mixin.py:104} INFO - [2022-11-02 10:33:05,923] {dagbag.py:448} INFO - Filling up the DagBag from /opt/airflow/dags/parallel_dag.py
[2022-11-02 10:33:05,931] {scheduler_job.py:639} INFO - DAG(s) dict_keys(['parallel_dag']) retrieved from /opt/airflow/dags/parallel_dag.py
[2022-11-02 10:33:05,943] {logging_mixin.py:104} INFO - [2022-11-02 10:33:05,943] {dag.py:1818} INFO - Sync 1 DAGs
[2022-11-02 10:33:05,960] {logging_mixin.py:104} INFO - [2022-11-02 10:33:05,960] {dag.py:2273} INFO - Setting next_dagrun for parallel_dag to 2022-11-01 00:00:00+00:00
[2022-11-02 10:33:05,964] {scheduler_job.py:190} INFO - Processing /opt/airflow/dags/parallel_dag.py took 0.044 seconds
[2022-11-02 10:33:36,031] {scheduler_job.py:182} INFO - Started process (PID=525) to work on /opt/airflow/dags/parallel_dag.py
[2022-11-02 10:33:36,032] {scheduler_job.py:629} INFO - Processing file /opt/airflow/dags/parallel_dag.py for tasks to queue
[2022-11-02 10:33:36,032] {logging_mixin.py:104} INFO - [2022-11-02 10:33:36,032] {dagbag.py:448} INFO - Filling up the DagBag from /opt/airflow/dags/parallel_dag.py
[2022-11-02 10:33:36,040] {scheduler_job.py:639} INFO - DAG(s) dict_keys(['parallel_dag']) retrieved from /opt/airflow/dags/parallel_dag.py
[2022-11-02 10:33:36,052] {logging_mixin.py:104} INFO - [2022-11-02 10:33:36,052] {dag.py:1818} INFO - Sync 1 DAGs
[2022-11-02 10:33:36,069] {logging_mixin.py:104} INFO - [2022-11-02 10:33:36,069] {dag.py:2273} INFO - Setting next_dagrun for parallel_dag to 2022-11-01 00:00:00+00:00
[2022-11-02 10:33:36,073] {scheduler_job.py:190} INFO - Processing /opt/airflow/dags/parallel_dag.py took 0.044 seconds
[2022-11-02 10:34:06,117] {scheduler_job.py:182} INFO - Started process (PID=553) to work on /opt/airflow/dags/parallel_dag.py
[2022-11-02 10:34:06,117] {scheduler_job.py:629} INFO - Processing file /opt/airflow/dags/parallel_dag.py for tasks to queue
[2022-11-02 10:34:06,118] {logging_mixin.py:104} INFO - [2022-11-02 10:34:06,118] {dagbag.py:448} INFO - Filling up the DagBag from /opt/airflow/dags/parallel_dag.py
[2022-11-02 10:34:06,126] {scheduler_job.py:639} INFO - DAG(s) dict_keys(['parallel_dag']) retrieved from /opt/airflow/dags/parallel_dag.py
[2022-11-02 10:34:06,138] {logging_mixin.py:104} INFO - [2022-11-02 10:34:06,138] {dag.py:1818} INFO - Sync 1 DAGs
[2022-11-02 10:34:06,156] {logging_mixin.py:104} INFO - [2022-11-02 10:34:06,156] {dag.py:2273} INFO - Setting next_dagrun for parallel_dag to 2022-11-01 00:00:00+00:00
[2022-11-02 10:34:06,160] {scheduler_job.py:190} INFO - Processing /opt/airflow/dags/parallel_dag.py took 0.045 seconds
[2022-11-02 10:34:36,334] {scheduler_job.py:182} INFO - Started process (PID=581) to work on /opt/airflow/dags/parallel_dag.py
[2022-11-02 10:34:36,335] {scheduler_job.py:629} INFO - Processing file /opt/airflow/dags/parallel_dag.py for tasks to queue
[2022-11-02 10:34:36,337] {logging_mixin.py:104} INFO - [2022-11-02 10:34:36,336] {dagbag.py:448} INFO - Filling up the DagBag from /opt/airflow/dags/parallel_dag.py
[2022-11-02 10:34:36,348] {scheduler_job.py:639} INFO - DAG(s) dict_keys(['parallel_dag']) retrieved from /opt/airflow/dags/parallel_dag.py
[2022-11-02 10:34:36,363] {logging_mixin.py:104} INFO - [2022-11-02 10:34:36,362] {dag.py:1818} INFO - Sync 1 DAGs
[2022-11-02 10:34:36,382] {logging_mixin.py:104} INFO - [2022-11-02 10:34:36,382] {dag.py:2273} INFO - Setting next_dagrun for parallel_dag to 2022-11-01 00:00:00+00:00
[2022-11-02 10:34:36,388] {scheduler_job.py:190} INFO - Processing /opt/airflow/dags/parallel_dag.py took 0.057 seconds
[2022-11-02 10:35:06,581] {scheduler_job.py:182} INFO - Started process (PID=608) to work on /opt/airflow/dags/parallel_dag.py
[2022-11-02 10:35:06,582] {scheduler_job.py:629} INFO - Processing file /opt/airflow/dags/parallel_dag.py for tasks to queue
[2022-11-02 10:35:06,583] {logging_mixin.py:104} INFO - [2022-11-02 10:35:06,583] {dagbag.py:448} INFO - Filling up the DagBag from /opt/airflow/dags/parallel_dag.py
[2022-11-02 10:35:06,595] {scheduler_job.py:639} INFO - DAG(s) dict_keys(['parallel_dag']) retrieved from /opt/airflow/dags/parallel_dag.py
[2022-11-02 10:35:06,612] {logging_mixin.py:104} INFO - [2022-11-02 10:35:06,612] {dag.py:1818} INFO - Sync 1 DAGs
[2022-11-02 10:35:06,643] {logging_mixin.py:104} INFO - [2022-11-02 10:35:06,643] {dag.py:2273} INFO - Setting next_dagrun for parallel_dag to 2022-11-01 00:00:00+00:00
[2022-11-02 10:35:06,650] {scheduler_job.py:190} INFO - Processing /opt/airflow/dags/parallel_dag.py took 0.073 seconds
[2022-11-02 10:35:36,830] {scheduler_job.py:182} INFO - Started process (PID=636) to work on /opt/airflow/dags/parallel_dag.py
[2022-11-02 10:35:36,831] {scheduler_job.py:629} INFO - Processing file /opt/airflow/dags/parallel_dag.py for tasks to queue
[2022-11-02 10:35:36,832] {logging_mixin.py:104} INFO - [2022-11-02 10:35:36,832] {dagbag.py:448} INFO - Filling up the DagBag from /opt/airflow/dags/parallel_dag.py
[2022-11-02 10:35:36,843] {scheduler_job.py:639} INFO - DAG(s) dict_keys(['parallel_dag']) retrieved from /opt/airflow/dags/parallel_dag.py
[2022-11-02 10:35:36,859] {logging_mixin.py:104} INFO - [2022-11-02 10:35:36,859] {dag.py:1818} INFO - Sync 1 DAGs
[2022-11-02 10:35:36,884] {logging_mixin.py:104} INFO - [2022-11-02 10:35:36,884] {dag.py:2273} INFO - Setting next_dagrun for parallel_dag to 2022-11-01 00:00:00+00:00
[2022-11-02 10:35:36,888] {scheduler_job.py:190} INFO - Processing /opt/airflow/dags/parallel_dag.py took 0.061 seconds
[2022-11-02 10:36:07,873] {scheduler_job.py:182} INFO - Started process (PID=665) to work on /opt/airflow/dags/parallel_dag.py
[2022-11-02 10:36:07,874] {scheduler_job.py:629} INFO - Processing file /opt/airflow/dags/parallel_dag.py for tasks to queue
[2022-11-02 10:36:07,874] {logging_mixin.py:104} INFO - [2022-11-02 10:36:07,874] {dagbag.py:448} INFO - Filling up the DagBag from /opt/airflow/dags/parallel_dag.py
[2022-11-02 10:36:07,882] {scheduler_job.py:639} INFO - DAG(s) dict_keys(['parallel_dag']) retrieved from /opt/airflow/dags/parallel_dag.py
[2022-11-02 10:36:07,911] {logging_mixin.py:104} INFO - [2022-11-02 10:36:07,911] {dag.py:1818} INFO - Sync 1 DAGs
[2022-11-02 10:36:07,941] {logging_mixin.py:104} INFO - [2022-11-02 10:36:07,941] {dag.py:2273} INFO - Setting next_dagrun for parallel_dag to 2022-11-01 00:00:00+00:00
[2022-11-02 10:36:07,947] {scheduler_job.py:190} INFO - Processing /opt/airflow/dags/parallel_dag.py took 0.076 seconds
[2022-11-02 10:36:38,085] {scheduler_job.py:182} INFO - Started process (PID=693) to work on /opt/airflow/dags/parallel_dag.py
[2022-11-02 10:36:38,085] {scheduler_job.py:629} INFO - Processing file /opt/airflow/dags/parallel_dag.py for tasks to queue
[2022-11-02 10:36:38,086] {logging_mixin.py:104} INFO - [2022-11-02 10:36:38,085] {dagbag.py:448} INFO - Filling up the DagBag from /opt/airflow/dags/parallel_dag.py
[2022-11-02 10:36:38,093] {scheduler_job.py:639} INFO - DAG(s) dict_keys(['parallel_dag']) retrieved from /opt/airflow/dags/parallel_dag.py
[2022-11-02 10:36:38,106] {logging_mixin.py:104} INFO - [2022-11-02 10:36:38,106] {dag.py:1818} INFO - Sync 1 DAGs
[2022-11-02 10:36:38,125] {logging_mixin.py:104} INFO - [2022-11-02 10:36:38,124] {dag.py:2273} INFO - Setting next_dagrun for parallel_dag to 2022-11-01 00:00:00+00:00
[2022-11-02 10:36:38,130] {scheduler_job.py:190} INFO - Processing /opt/airflow/dags/parallel_dag.py took 0.048 seconds
[2022-11-02 10:37:08,442] {scheduler_job.py:182} INFO - Started process (PID=721) to work on /opt/airflow/dags/parallel_dag.py
[2022-11-02 10:37:08,443] {scheduler_job.py:629} INFO - Processing file /opt/airflow/dags/parallel_dag.py for tasks to queue
[2022-11-02 10:37:08,443] {logging_mixin.py:104} INFO - [2022-11-02 10:37:08,443] {dagbag.py:448} INFO - Filling up the DagBag from /opt/airflow/dags/parallel_dag.py
[2022-11-02 10:37:08,454] {scheduler_job.py:639} INFO - DAG(s) dict_keys(['parallel_dag']) retrieved from /opt/airflow/dags/parallel_dag.py
[2022-11-02 10:37:08,470] {logging_mixin.py:104} INFO - [2022-11-02 10:37:08,470] {dag.py:1818} INFO - Sync 1 DAGs
[2022-11-02 10:37:08,491] {logging_mixin.py:104} INFO - [2022-11-02 10:37:08,491] {dag.py:2273} INFO - Setting next_dagrun for parallel_dag to 2022-11-01 00:00:00+00:00
[2022-11-02 10:37:08,496] {scheduler_job.py:190} INFO - Processing /opt/airflow/dags/parallel_dag.py took 0.057 seconds
[2022-11-02 10:37:38,689] {scheduler_job.py:182} INFO - Started process (PID=749) to work on /opt/airflow/dags/parallel_dag.py
[2022-11-02 10:37:38,689] {scheduler_job.py:629} INFO - Processing file /opt/airflow/dags/parallel_dag.py for tasks to queue
[2022-11-02 10:37:38,690] {logging_mixin.py:104} INFO - [2022-11-02 10:37:38,690] {dagbag.py:448} INFO - Filling up the DagBag from /opt/airflow/dags/parallel_dag.py
[2022-11-02 10:37:38,697] {scheduler_job.py:639} INFO - DAG(s) dict_keys(['parallel_dag']) retrieved from /opt/airflow/dags/parallel_dag.py
[2022-11-02 10:37:38,712] {logging_mixin.py:104} INFO - [2022-11-02 10:37:38,712] {dag.py:1818} INFO - Sync 1 DAGs
[2022-11-02 10:37:38,731] {logging_mixin.py:104} INFO - [2022-11-02 10:37:38,731] {dag.py:2273} INFO - Setting next_dagrun for parallel_dag to 2022-11-01 00:00:00+00:00
[2022-11-02 10:37:38,735] {scheduler_job.py:190} INFO - Processing /opt/airflow/dags/parallel_dag.py took 0.049 seconds
[2022-11-02 10:38:08,779] {scheduler_job.py:182} INFO - Started process (PID=777) to work on /opt/airflow/dags/parallel_dag.py
[2022-11-02 10:38:08,779] {scheduler_job.py:629} INFO - Processing file /opt/airflow/dags/parallel_dag.py for tasks to queue
[2022-11-02 10:38:08,779] {logging_mixin.py:104} INFO - [2022-11-02 10:38:08,779] {dagbag.py:448} INFO - Filling up the DagBag from /opt/airflow/dags/parallel_dag.py
[2022-11-02 10:38:08,787] {scheduler_job.py:639} INFO - DAG(s) dict_keys(['parallel_dag']) retrieved from /opt/airflow/dags/parallel_dag.py
[2022-11-02 10:38:08,801] {logging_mixin.py:104} INFO - [2022-11-02 10:38:08,801] {dag.py:1818} INFO - Sync 1 DAGs
[2022-11-02 10:38:08,820] {logging_mixin.py:104} INFO - [2022-11-02 10:38:08,819] {dag.py:2273} INFO - Setting next_dagrun for parallel_dag to 2022-11-01 00:00:00+00:00
[2022-11-02 10:38:08,824] {scheduler_job.py:190} INFO - Processing /opt/airflow/dags/parallel_dag.py took 0.047 seconds
[2022-11-02 10:38:39,083] {scheduler_job.py:182} INFO - Started process (PID=805) to work on /opt/airflow/dags/parallel_dag.py
[2022-11-02 10:38:39,083] {scheduler_job.py:629} INFO - Processing file /opt/airflow/dags/parallel_dag.py for tasks to queue
[2022-11-02 10:38:39,084] {logging_mixin.py:104} INFO - [2022-11-02 10:38:39,084] {dagbag.py:448} INFO - Filling up the DagBag from /opt/airflow/dags/parallel_dag.py
[2022-11-02 10:38:39,092] {scheduler_job.py:639} INFO - DAG(s) dict_keys(['parallel_dag']) retrieved from /opt/airflow/dags/parallel_dag.py
[2022-11-02 10:38:39,106] {logging_mixin.py:104} INFO - [2022-11-02 10:38:39,106] {dag.py:1818} INFO - Sync 1 DAGs
[2022-11-02 10:38:39,125] {logging_mixin.py:104} INFO - [2022-11-02 10:38:39,125] {dag.py:2273} INFO - Setting next_dagrun for parallel_dag to 2022-11-01 00:00:00+00:00
[2022-11-02 10:38:39,130] {scheduler_job.py:190} INFO - Processing /opt/airflow/dags/parallel_dag.py took 0.049 seconds
[2022-11-02 10:39:09,315] {scheduler_job.py:182} INFO - Started process (PID=832) to work on /opt/airflow/dags/parallel_dag.py
[2022-11-02 10:39:09,315] {scheduler_job.py:629} INFO - Processing file /opt/airflow/dags/parallel_dag.py for tasks to queue
[2022-11-02 10:39:09,316] {logging_mixin.py:104} INFO - [2022-11-02 10:39:09,316] {dagbag.py:448} INFO - Filling up the DagBag from /opt/airflow/dags/parallel_dag.py
[2022-11-02 10:39:09,325] {scheduler_job.py:639} INFO - DAG(s) dict_keys(['parallel_dag']) retrieved from /opt/airflow/dags/parallel_dag.py
[2022-11-02 10:39:09,342] {logging_mixin.py:104} INFO - [2022-11-02 10:39:09,342] {dag.py:1818} INFO - Sync 1 DAGs
[2022-11-02 10:39:09,361] {logging_mixin.py:104} INFO - [2022-11-02 10:39:09,361] {dag.py:2273} INFO - Setting next_dagrun for parallel_dag to 2022-11-01 00:00:00+00:00
[2022-11-02 10:39:09,366] {scheduler_job.py:190} INFO - Processing /opt/airflow/dags/parallel_dag.py took 0.054 seconds
[2022-11-02 10:39:39,591] {scheduler_job.py:182} INFO - Started process (PID=860) to work on /opt/airflow/dags/parallel_dag.py
[2022-11-02 10:39:39,592] {scheduler_job.py:629} INFO - Processing file /opt/airflow/dags/parallel_dag.py for tasks to queue
[2022-11-02 10:39:39,592] {logging_mixin.py:104} INFO - [2022-11-02 10:39:39,592] {dagbag.py:448} INFO - Filling up the DagBag from /opt/airflow/dags/parallel_dag.py
[2022-11-02 10:39:39,601] {scheduler_job.py:639} INFO - DAG(s) dict_keys(['parallel_dag']) retrieved from /opt/airflow/dags/parallel_dag.py
[2022-11-02 10:39:39,615] {logging_mixin.py:104} INFO - [2022-11-02 10:39:39,615] {dag.py:1818} INFO - Sync 1 DAGs
[2022-11-02 10:39:39,635] {logging_mixin.py:104} INFO - [2022-11-02 10:39:39,635] {dag.py:2273} INFO - Setting next_dagrun for parallel_dag to 2022-11-01 00:00:00+00:00
[2022-11-02 10:39:39,640] {scheduler_job.py:190} INFO - Processing /opt/airflow/dags/parallel_dag.py took 0.050 seconds
[2022-11-02 10:40:09,918] {scheduler_job.py:182} INFO - Started process (PID=889) to work on /opt/airflow/dags/parallel_dag.py
[2022-11-02 10:40:09,919] {scheduler_job.py:629} INFO - Processing file /opt/airflow/dags/parallel_dag.py for tasks to queue
[2022-11-02 10:40:09,919] {logging_mixin.py:104} INFO - [2022-11-02 10:40:09,919] {dagbag.py:448} INFO - Filling up the DagBag from /opt/airflow/dags/parallel_dag.py
[2022-11-02 10:40:09,930] {scheduler_job.py:639} INFO - DAG(s) dict_keys(['parallel_dag']) retrieved from /opt/airflow/dags/parallel_dag.py
[2022-11-02 10:40:09,967] {logging_mixin.py:104} INFO - [2022-11-02 10:40:09,967] {dag.py:1818} INFO - Sync 1 DAGs
[2022-11-02 10:40:09,991] {logging_mixin.py:104} INFO - [2022-11-02 10:40:09,991] {dag.py:2273} INFO - Setting next_dagrun for parallel_dag to 2022-11-01 00:00:00+00:00
[2022-11-02 10:40:09,996] {scheduler_job.py:190} INFO - Processing /opt/airflow/dags/parallel_dag.py took 0.080 seconds
[2022-11-02 10:40:40,936] {scheduler_job.py:182} INFO - Started process (PID=917) to work on /opt/airflow/dags/parallel_dag.py
[2022-11-02 10:40:40,937] {scheduler_job.py:629} INFO - Processing file /opt/airflow/dags/parallel_dag.py for tasks to queue
[2022-11-02 10:40:40,937] {logging_mixin.py:104} INFO - [2022-11-02 10:40:40,937] {dagbag.py:448} INFO - Filling up the DagBag from /opt/airflow/dags/parallel_dag.py
[2022-11-02 10:40:40,946] {scheduler_job.py:639} INFO - DAG(s) dict_keys(['parallel_dag']) retrieved from /opt/airflow/dags/parallel_dag.py
[2022-11-02 10:40:40,959] {logging_mixin.py:104} INFO - [2022-11-02 10:40:40,959] {dag.py:1818} INFO - Sync 1 DAGs
[2022-11-02 10:40:40,978] {logging_mixin.py:104} INFO - [2022-11-02 10:40:40,978] {dag.py:2273} INFO - Setting next_dagrun for parallel_dag to 2022-11-01 00:00:00+00:00
[2022-11-02 10:40:40,983] {scheduler_job.py:190} INFO - Processing /opt/airflow/dags/parallel_dag.py took 0.049 seconds
[2022-11-02 10:41:11,122] {scheduler_job.py:182} INFO - Started process (PID=945) to work on /opt/airflow/dags/parallel_dag.py
[2022-11-02 10:41:11,123] {scheduler_job.py:629} INFO - Processing file /opt/airflow/dags/parallel_dag.py for tasks to queue
[2022-11-02 10:41:11,124] {logging_mixin.py:104} INFO - [2022-11-02 10:41:11,124] {dagbag.py:448} INFO - Filling up the DagBag from /opt/airflow/dags/parallel_dag.py
[2022-11-02 10:41:11,135] {scheduler_job.py:639} INFO - DAG(s) dict_keys(['parallel_dag']) retrieved from /opt/airflow/dags/parallel_dag.py
[2022-11-02 10:41:11,152] {logging_mixin.py:104} INFO - [2022-11-02 10:41:11,152] {dag.py:1818} INFO - Sync 1 DAGs
[2022-11-02 10:41:11,171] {logging_mixin.py:104} INFO - [2022-11-02 10:41:11,171] {dag.py:2273} INFO - Setting next_dagrun for parallel_dag to 2022-11-01 00:00:00+00:00
[2022-11-02 10:41:11,177] {scheduler_job.py:190} INFO - Processing /opt/airflow/dags/parallel_dag.py took 0.059 seconds
[2022-11-02 10:41:41,277] {scheduler_job.py:182} INFO - Started process (PID=973) to work on /opt/airflow/dags/parallel_dag.py
[2022-11-02 10:41:41,278] {scheduler_job.py:629} INFO - Processing file /opt/airflow/dags/parallel_dag.py for tasks to queue
[2022-11-02 10:41:41,278] {logging_mixin.py:104} INFO - [2022-11-02 10:41:41,278] {dagbag.py:448} INFO - Filling up the DagBag from /opt/airflow/dags/parallel_dag.py
[2022-11-02 10:41:41,287] {scheduler_job.py:639} INFO - DAG(s) dict_keys(['parallel_dag']) retrieved from /opt/airflow/dags/parallel_dag.py
[2022-11-02 10:41:41,300] {logging_mixin.py:104} INFO - [2022-11-02 10:41:41,300] {dag.py:1818} INFO - Sync 1 DAGs
[2022-11-02 10:41:41,319] {logging_mixin.py:104} INFO - [2022-11-02 10:41:41,319] {dag.py:2273} INFO - Setting next_dagrun for parallel_dag to 2022-11-01 00:00:00+00:00
[2022-11-02 10:41:41,325] {scheduler_job.py:190} INFO - Processing /opt/airflow/dags/parallel_dag.py took 0.050 seconds
[2022-11-02 10:42:11,559] {scheduler_job.py:182} INFO - Started process (PID=1001) to work on /opt/airflow/dags/parallel_dag.py
[2022-11-02 10:42:11,561] {scheduler_job.py:629} INFO - Processing file /opt/airflow/dags/parallel_dag.py for tasks to queue
[2022-11-02 10:42:11,561] {logging_mixin.py:104} INFO - [2022-11-02 10:42:11,561] {dagbag.py:448} INFO - Filling up the DagBag from /opt/airflow/dags/parallel_dag.py
[2022-11-02 10:42:11,571] {scheduler_job.py:639} INFO - DAG(s) dict_keys(['parallel_dag']) retrieved from /opt/airflow/dags/parallel_dag.py
[2022-11-02 10:42:11,587] {logging_mixin.py:104} INFO - [2022-11-02 10:42:11,587] {dag.py:1818} INFO - Sync 1 DAGs
[2022-11-02 10:42:11,606] {logging_mixin.py:104} INFO - [2022-11-02 10:42:11,606] {dag.py:2273} INFO - Setting next_dagrun for parallel_dag to 2022-11-01 00:00:00+00:00
[2022-11-02 10:42:11,611] {scheduler_job.py:190} INFO - Processing /opt/airflow/dags/parallel_dag.py took 0.054 seconds
[2022-11-02 10:42:41,953] {scheduler_job.py:182} INFO - Started process (PID=1029) to work on /opt/airflow/dags/parallel_dag.py
[2022-11-02 10:42:41,954] {scheduler_job.py:629} INFO - Processing file /opt/airflow/dags/parallel_dag.py for tasks to queue
[2022-11-02 10:42:41,955] {logging_mixin.py:104} INFO - [2022-11-02 10:42:41,955] {dagbag.py:448} INFO - Filling up the DagBag from /opt/airflow/dags/parallel_dag.py
[2022-11-02 10:42:41,967] {scheduler_job.py:639} INFO - DAG(s) dict_keys(['parallel_dag']) retrieved from /opt/airflow/dags/parallel_dag.py
[2022-11-02 10:42:41,999] {logging_mixin.py:104} INFO - [2022-11-02 10:42:41,999] {dag.py:1818} INFO - Sync 1 DAGs
[2022-11-02 10:42:42,033] {logging_mixin.py:104} INFO - [2022-11-02 10:42:42,033] {dag.py:2273} INFO - Setting next_dagrun for parallel_dag to 2022-11-01 00:00:00+00:00
[2022-11-02 10:42:42,042] {scheduler_job.py:190} INFO - Processing /opt/airflow/dags/parallel_dag.py took 0.091 seconds
[2022-11-02 10:43:13,000] {scheduler_job.py:182} INFO - Started process (PID=1057) to work on /opt/airflow/dags/parallel_dag.py
[2022-11-02 10:43:13,000] {scheduler_job.py:629} INFO - Processing file /opt/airflow/dags/parallel_dag.py for tasks to queue
[2022-11-02 10:43:13,001] {logging_mixin.py:104} INFO - [2022-11-02 10:43:13,001] {dagbag.py:448} INFO - Filling up the DagBag from /opt/airflow/dags/parallel_dag.py
[2022-11-02 10:43:13,010] {scheduler_job.py:639} INFO - DAG(s) dict_keys(['parallel_dag']) retrieved from /opt/airflow/dags/parallel_dag.py
[2022-11-02 10:43:13,024] {logging_mixin.py:104} INFO - [2022-11-02 10:43:13,024] {dag.py:1818} INFO - Sync 1 DAGs
[2022-11-02 10:43:13,042] {logging_mixin.py:104} INFO - [2022-11-02 10:43:13,042] {dag.py:2273} INFO - Setting next_dagrun for parallel_dag to 2022-11-01 00:00:00+00:00
[2022-11-02 10:43:13,047] {scheduler_job.py:190} INFO - Processing /opt/airflow/dags/parallel_dag.py took 0.050 seconds
[2022-11-02 10:43:43,150] {scheduler_job.py:182} INFO - Started process (PID=1085) to work on /opt/airflow/dags/parallel_dag.py
[2022-11-02 10:43:43,151] {scheduler_job.py:629} INFO - Processing file /opt/airflow/dags/parallel_dag.py for tasks to queue
[2022-11-02 10:43:43,152] {logging_mixin.py:104} INFO - [2022-11-02 10:43:43,152] {dagbag.py:448} INFO - Filling up the DagBag from /opt/airflow/dags/parallel_dag.py
[2022-11-02 10:43:43,170] {scheduler_job.py:639} INFO - DAG(s) dict_keys(['parallel_dag']) retrieved from /opt/airflow/dags/parallel_dag.py
[2022-11-02 10:43:43,191] {logging_mixin.py:104} INFO - [2022-11-02 10:43:43,191] {dag.py:1818} INFO - Sync 1 DAGs
[2022-11-02 10:43:43,221] {logging_mixin.py:104} INFO - [2022-11-02 10:43:43,221] {dag.py:2273} INFO - Setting next_dagrun for parallel_dag to 2022-11-01 00:00:00+00:00
[2022-11-02 10:43:43,231] {scheduler_job.py:190} INFO - Processing /opt/airflow/dags/parallel_dag.py took 0.084 seconds
[2022-11-02 10:44:13,317] {scheduler_job.py:182} INFO - Started process (PID=1114) to work on /opt/airflow/dags/parallel_dag.py
[2022-11-02 10:44:13,318] {scheduler_job.py:629} INFO - Processing file /opt/airflow/dags/parallel_dag.py for tasks to queue
[2022-11-02 10:44:13,318] {logging_mixin.py:104} INFO - [2022-11-02 10:44:13,318] {dagbag.py:448} INFO - Filling up the DagBag from /opt/airflow/dags/parallel_dag.py
[2022-11-02 10:44:13,330] {scheduler_job.py:639} INFO - DAG(s) dict_keys(['parallel_dag']) retrieved from /opt/airflow/dags/parallel_dag.py
[2022-11-02 10:44:13,352] {logging_mixin.py:104} INFO - [2022-11-02 10:44:13,352] {dag.py:1818} INFO - Sync 1 DAGs
[2022-11-02 10:44:13,375] {logging_mixin.py:104} INFO - [2022-11-02 10:44:13,375] {dag.py:2273} INFO - Setting next_dagrun for parallel_dag to 2022-11-01 00:00:00+00:00
[2022-11-02 10:44:13,382] {scheduler_job.py:190} INFO - Processing /opt/airflow/dags/parallel_dag.py took 0.067 seconds
[2022-11-02 10:44:43,419] {scheduler_job.py:182} INFO - Started process (PID=1142) to work on /opt/airflow/dags/parallel_dag.py
[2022-11-02 10:44:43,420] {scheduler_job.py:629} INFO - Processing file /opt/airflow/dags/parallel_dag.py for tasks to queue
[2022-11-02 10:44:43,420] {logging_mixin.py:104} INFO - [2022-11-02 10:44:43,420] {dagbag.py:448} INFO - Filling up the DagBag from /opt/airflow/dags/parallel_dag.py
[2022-11-02 10:44:43,430] {scheduler_job.py:639} INFO - DAG(s) dict_keys(['parallel_dag']) retrieved from /opt/airflow/dags/parallel_dag.py
[2022-11-02 10:44:43,443] {logging_mixin.py:104} INFO - [2022-11-02 10:44:43,443] {dag.py:1818} INFO - Sync 1 DAGs
[2022-11-02 10:44:43,461] {logging_mixin.py:104} INFO - [2022-11-02 10:44:43,461] {dag.py:2273} INFO - Setting next_dagrun for parallel_dag to 2022-11-01 00:00:00+00:00
[2022-11-02 10:44:43,467] {scheduler_job.py:190} INFO - Processing /opt/airflow/dags/parallel_dag.py took 0.050 seconds
[2022-11-02 10:45:13,729] {scheduler_job.py:182} INFO - Started process (PID=1171) to work on /opt/airflow/dags/parallel_dag.py
[2022-11-02 10:45:13,730] {scheduler_job.py:629} INFO - Processing file /opt/airflow/dags/parallel_dag.py for tasks to queue
[2022-11-02 10:45:13,730] {logging_mixin.py:104} INFO - [2022-11-02 10:45:13,730] {dagbag.py:448} INFO - Filling up the DagBag from /opt/airflow/dags/parallel_dag.py
[2022-11-02 10:45:13,739] {scheduler_job.py:639} INFO - DAG(s) dict_keys(['parallel_dag']) retrieved from /opt/airflow/dags/parallel_dag.py
[2022-11-02 10:45:13,752] {logging_mixin.py:104} INFO - [2022-11-02 10:45:13,752] {dag.py:1818} INFO - Sync 1 DAGs
[2022-11-02 10:45:13,773] {logging_mixin.py:104} INFO - [2022-11-02 10:45:13,773] {dag.py:2273} INFO - Setting next_dagrun for parallel_dag to 2022-11-01 00:00:00+00:00
[2022-11-02 10:45:13,778] {scheduler_job.py:190} INFO - Processing /opt/airflow/dags/parallel_dag.py took 0.052 seconds
[2022-11-02 10:45:43,874] {scheduler_job.py:182} INFO - Started process (PID=1199) to work on /opt/airflow/dags/parallel_dag.py
[2022-11-02 10:45:43,875] {scheduler_job.py:629} INFO - Processing file /opt/airflow/dags/parallel_dag.py for tasks to queue
[2022-11-02 10:45:43,876] {logging_mixin.py:104} INFO - [2022-11-02 10:45:43,875] {dagbag.py:448} INFO - Filling up the DagBag from /opt/airflow/dags/parallel_dag.py
[2022-11-02 10:45:43,889] {scheduler_job.py:639} INFO - DAG(s) dict_keys(['parallel_dag']) retrieved from /opt/airflow/dags/parallel_dag.py
[2022-11-02 10:45:43,914] {logging_mixin.py:104} INFO - [2022-11-02 10:45:43,914] {dag.py:1818} INFO - Sync 1 DAGs
[2022-11-02 10:45:43,948] {logging_mixin.py:104} INFO - [2022-11-02 10:45:43,948] {dag.py:2273} INFO - Setting next_dagrun for parallel_dag to 2022-11-01 00:00:00+00:00
[2022-11-02 10:45:43,955] {scheduler_job.py:190} INFO - Processing /opt/airflow/dags/parallel_dag.py took 0.086 seconds
[2022-11-02 10:46:14,946] {scheduler_job.py:182} INFO - Started process (PID=1227) to work on /opt/airflow/dags/parallel_dag.py
[2022-11-02 10:46:14,947] {scheduler_job.py:629} INFO - Processing file /opt/airflow/dags/parallel_dag.py for tasks to queue
[2022-11-02 10:46:14,948] {logging_mixin.py:104} INFO - [2022-11-02 10:46:14,948] {dagbag.py:448} INFO - Filling up the DagBag from /opt/airflow/dags/parallel_dag.py
[2022-11-02 10:46:14,963] {scheduler_job.py:639} INFO - DAG(s) dict_keys(['parallel_dag']) retrieved from /opt/airflow/dags/parallel_dag.py
[2022-11-02 10:46:14,986] {logging_mixin.py:104} INFO - [2022-11-02 10:46:14,986] {dag.py:1818} INFO - Sync 1 DAGs
[2022-11-02 10:46:15,019] {logging_mixin.py:104} INFO - [2022-11-02 10:46:15,019] {dag.py:2273} INFO - Setting next_dagrun for parallel_dag to 2022-11-01 00:00:00+00:00
[2022-11-02 10:46:15,028] {scheduler_job.py:190} INFO - Processing /opt/airflow/dags/parallel_dag.py took 0.084 seconds
[2022-11-02 10:46:45,138] {scheduler_job.py:182} INFO - Started process (PID=1256) to work on /opt/airflow/dags/parallel_dag.py
[2022-11-02 10:46:45,138] {scheduler_job.py:629} INFO - Processing file /opt/airflow/dags/parallel_dag.py for tasks to queue
[2022-11-02 10:46:45,139] {logging_mixin.py:104} INFO - [2022-11-02 10:46:45,138] {dagbag.py:448} INFO - Filling up the DagBag from /opt/airflow/dags/parallel_dag.py
[2022-11-02 10:46:45,147] {scheduler_job.py:639} INFO - DAG(s) dict_keys(['parallel_dag']) retrieved from /opt/airflow/dags/parallel_dag.py
[2022-11-02 10:46:45,160] {logging_mixin.py:104} INFO - [2022-11-02 10:46:45,160] {dag.py:1818} INFO - Sync 1 DAGs
[2022-11-02 10:46:45,177] {logging_mixin.py:104} INFO - [2022-11-02 10:46:45,177] {dag.py:2273} INFO - Setting next_dagrun for parallel_dag to 2022-11-01 00:00:00+00:00
[2022-11-02 10:46:45,182] {scheduler_job.py:190} INFO - Processing /opt/airflow/dags/parallel_dag.py took 0.046 seconds
[2022-11-02 10:47:15,391] {scheduler_job.py:182} INFO - Started process (PID=1285) to work on /opt/airflow/dags/parallel_dag.py
[2022-11-02 10:47:15,392] {scheduler_job.py:629} INFO - Processing file /opt/airflow/dags/parallel_dag.py for tasks to queue
[2022-11-02 10:47:15,392] {logging_mixin.py:104} INFO - [2022-11-02 10:47:15,392] {dagbag.py:448} INFO - Filling up the DagBag from /opt/airflow/dags/parallel_dag.py
[2022-11-02 10:47:15,400] {scheduler_job.py:639} INFO - DAG(s) dict_keys(['parallel_dag']) retrieved from /opt/airflow/dags/parallel_dag.py
[2022-11-02 10:47:15,414] {logging_mixin.py:104} INFO - [2022-11-02 10:47:15,414] {dag.py:1818} INFO - Sync 1 DAGs
[2022-11-02 10:47:15,434] {logging_mixin.py:104} INFO - [2022-11-02 10:47:15,434] {dag.py:2273} INFO - Setting next_dagrun for parallel_dag to 2022-11-01 00:00:00+00:00
[2022-11-02 10:47:15,439] {scheduler_job.py:190} INFO - Processing /opt/airflow/dags/parallel_dag.py took 0.050 seconds
[2022-11-02 10:47:45,522] {scheduler_job.py:182} INFO - Started process (PID=1312) to work on /opt/airflow/dags/parallel_dag.py
[2022-11-02 10:47:45,523] {scheduler_job.py:629} INFO - Processing file /opt/airflow/dags/parallel_dag.py for tasks to queue
[2022-11-02 10:47:45,523] {logging_mixin.py:104} INFO - [2022-11-02 10:47:45,523] {dagbag.py:448} INFO - Filling up the DagBag from /opt/airflow/dags/parallel_dag.py
[2022-11-02 10:47:45,532] {scheduler_job.py:639} INFO - DAG(s) dict_keys(['parallel_dag']) retrieved from /opt/airflow/dags/parallel_dag.py
[2022-11-02 10:47:45,544] {logging_mixin.py:104} INFO - [2022-11-02 10:47:45,544] {dag.py:1818} INFO - Sync 1 DAGs
[2022-11-02 10:47:45,565] {logging_mixin.py:104} INFO - [2022-11-02 10:47:45,565] {dag.py:2273} INFO - Setting next_dagrun for parallel_dag to 2022-11-01 00:00:00+00:00
[2022-11-02 10:47:45,570] {scheduler_job.py:190} INFO - Processing /opt/airflow/dags/parallel_dag.py took 0.050 seconds
[2022-11-02 10:48:16,004] {scheduler_job.py:182} INFO - Started process (PID=1342) to work on /opt/airflow/dags/parallel_dag.py
[2022-11-02 10:48:16,005] {scheduler_job.py:629} INFO - Processing file /opt/airflow/dags/parallel_dag.py for tasks to queue
[2022-11-02 10:48:16,005] {logging_mixin.py:104} INFO - [2022-11-02 10:48:16,005] {dagbag.py:448} INFO - Filling up the DagBag from /opt/airflow/dags/parallel_dag.py
[2022-11-02 10:48:16,017] {scheduler_job.py:639} INFO - DAG(s) dict_keys(['parallel_dag']) retrieved from /opt/airflow/dags/parallel_dag.py
[2022-11-02 10:48:16,036] {logging_mixin.py:104} INFO - [2022-11-02 10:48:16,036] {dag.py:1818} INFO - Sync 1 DAGs
[2022-11-02 10:48:16,063] {logging_mixin.py:104} INFO - [2022-11-02 10:48:16,063] {dag.py:2273} INFO - Setting next_dagrun for parallel_dag to 2022-11-01 00:00:00+00:00
[2022-11-02 10:48:16,069] {scheduler_job.py:190} INFO - Processing /opt/airflow/dags/parallel_dag.py took 0.067 seconds
[2022-11-02 10:48:46,148] {scheduler_job.py:182} INFO - Started process (PID=1370) to work on /opt/airflow/dags/parallel_dag.py
[2022-11-02 10:48:46,149] {scheduler_job.py:629} INFO - Processing file /opt/airflow/dags/parallel_dag.py for tasks to queue
[2022-11-02 10:48:46,149] {logging_mixin.py:104} INFO - [2022-11-02 10:48:46,149] {dagbag.py:448} INFO - Filling up the DagBag from /opt/airflow/dags/parallel_dag.py
[2022-11-02 10:48:46,159] {scheduler_job.py:639} INFO - DAG(s) dict_keys(['parallel_dag']) retrieved from /opt/airflow/dags/parallel_dag.py
[2022-11-02 10:48:46,173] {logging_mixin.py:104} INFO - [2022-11-02 10:48:46,173] {dag.py:1818} INFO - Sync 1 DAGs
[2022-11-02 10:48:46,192] {logging_mixin.py:104} INFO - [2022-11-02 10:48:46,192] {dag.py:2273} INFO - Setting next_dagrun for parallel_dag to 2022-11-01 00:00:00+00:00
[2022-11-02 10:48:46,197] {scheduler_job.py:190} INFO - Processing /opt/airflow/dags/parallel_dag.py took 0.051 seconds
[2022-11-02 10:49:16,323] {scheduler_job.py:182} INFO - Started process (PID=1398) to work on /opt/airflow/dags/parallel_dag.py
[2022-11-02 10:49:16,324] {scheduler_job.py:629} INFO - Processing file /opt/airflow/dags/parallel_dag.py for tasks to queue
[2022-11-02 10:49:16,324] {logging_mixin.py:104} INFO - [2022-11-02 10:49:16,324] {dagbag.py:448} INFO - Filling up the DagBag from /opt/airflow/dags/parallel_dag.py
[2022-11-02 10:49:16,333] {scheduler_job.py:639} INFO - DAG(s) dict_keys(['parallel_dag']) retrieved from /opt/airflow/dags/parallel_dag.py
[2022-11-02 10:49:16,350] {logging_mixin.py:104} INFO - [2022-11-02 10:49:16,350] {dag.py:1818} INFO - Sync 1 DAGs
[2022-11-02 10:49:16,371] {logging_mixin.py:104} INFO - [2022-11-02 10:49:16,371] {dag.py:2273} INFO - Setting next_dagrun for parallel_dag to 2022-11-01 00:00:00+00:00
[2022-11-02 10:49:16,376] {scheduler_job.py:190} INFO - Processing /opt/airflow/dags/parallel_dag.py took 0.055 seconds
[2022-11-02 10:49:46,484] {scheduler_job.py:182} INFO - Started process (PID=1426) to work on /opt/airflow/dags/parallel_dag.py
[2022-11-02 10:49:46,484] {scheduler_job.py:629} INFO - Processing file /opt/airflow/dags/parallel_dag.py for tasks to queue
[2022-11-02 10:49:46,485] {logging_mixin.py:104} INFO - [2022-11-02 10:49:46,485] {dagbag.py:448} INFO - Filling up the DagBag from /opt/airflow/dags/parallel_dag.py
[2022-11-02 10:49:46,494] {scheduler_job.py:639} INFO - DAG(s) dict_keys(['parallel_dag']) retrieved from /opt/airflow/dags/parallel_dag.py
[2022-11-02 10:49:46,508] {logging_mixin.py:104} INFO - [2022-11-02 10:49:46,508] {dag.py:1818} INFO - Sync 1 DAGs
[2022-11-02 10:49:46,526] {logging_mixin.py:104} INFO - [2022-11-02 10:49:46,526] {dag.py:2273} INFO - Setting next_dagrun for parallel_dag to 2022-11-01 00:00:00+00:00
[2022-11-02 10:49:46,531] {scheduler_job.py:190} INFO - Processing /opt/airflow/dags/parallel_dag.py took 0.049 seconds
[2022-11-02 10:50:16,563] {scheduler_job.py:182} INFO - Started process (PID=1454) to work on /opt/airflow/dags/parallel_dag.py
[2022-11-02 10:50:16,563] {scheduler_job.py:629} INFO - Processing file /opt/airflow/dags/parallel_dag.py for tasks to queue
[2022-11-02 10:50:16,564] {logging_mixin.py:104} INFO - [2022-11-02 10:50:16,564] {dagbag.py:448} INFO - Filling up the DagBag from /opt/airflow/dags/parallel_dag.py
[2022-11-02 10:50:16,573] {scheduler_job.py:639} INFO - DAG(s) dict_keys(['parallel_dag']) retrieved from /opt/airflow/dags/parallel_dag.py
[2022-11-02 10:50:16,586] {logging_mixin.py:104} INFO - [2022-11-02 10:50:16,586] {dag.py:1818} INFO - Sync 1 DAGs
[2022-11-02 10:50:16,606] {logging_mixin.py:104} INFO - [2022-11-02 10:50:16,606] {dag.py:2273} INFO - Setting next_dagrun for parallel_dag to 2022-11-01 00:00:00+00:00
[2022-11-02 10:50:16,611] {scheduler_job.py:190} INFO - Processing /opt/airflow/dags/parallel_dag.py took 0.051 seconds
[2022-11-02 10:50:47,604] {scheduler_job.py:182} INFO - Started process (PID=1482) to work on /opt/airflow/dags/parallel_dag.py
[2022-11-02 10:50:47,604] {scheduler_job.py:629} INFO - Processing file /opt/airflow/dags/parallel_dag.py for tasks to queue
[2022-11-02 10:50:47,605] {logging_mixin.py:104} INFO - [2022-11-02 10:50:47,605] {dagbag.py:448} INFO - Filling up the DagBag from /opt/airflow/dags/parallel_dag.py
[2022-11-02 10:50:47,613] {scheduler_job.py:639} INFO - DAG(s) dict_keys(['parallel_dag']) retrieved from /opt/airflow/dags/parallel_dag.py
[2022-11-02 10:50:47,626] {logging_mixin.py:104} INFO - [2022-11-02 10:50:47,626] {dag.py:1818} INFO - Sync 1 DAGs
[2022-11-02 10:50:47,644] {logging_mixin.py:104} INFO - [2022-11-02 10:50:47,644] {dag.py:2273} INFO - Setting next_dagrun for parallel_dag to 2022-11-01 00:00:00+00:00
[2022-11-02 10:50:47,649] {scheduler_job.py:190} INFO - Processing /opt/airflow/dags/parallel_dag.py took 0.048 seconds
[2022-11-02 10:51:17,663] {scheduler_job.py:182} INFO - Started process (PID=1509) to work on /opt/airflow/dags/parallel_dag.py
[2022-11-02 10:51:17,664] {scheduler_job.py:629} INFO - Processing file /opt/airflow/dags/parallel_dag.py for tasks to queue
[2022-11-02 10:51:17,664] {logging_mixin.py:104} INFO - [2022-11-02 10:51:17,664] {dagbag.py:448} INFO - Filling up the DagBag from /opt/airflow/dags/parallel_dag.py
[2022-11-02 10:51:17,672] {scheduler_job.py:639} INFO - DAG(s) dict_keys(['parallel_dag']) retrieved from /opt/airflow/dags/parallel_dag.py
[2022-11-02 10:51:17,685] {logging_mixin.py:104} INFO - [2022-11-02 10:51:17,684] {dag.py:1818} INFO - Sync 1 DAGs
[2022-11-02 10:51:17,703] {logging_mixin.py:104} INFO - [2022-11-02 10:51:17,703] {dag.py:2273} INFO - Setting next_dagrun for parallel_dag to 2022-11-01 00:00:00+00:00
[2022-11-02 10:51:17,708] {scheduler_job.py:190} INFO - Processing /opt/airflow/dags/parallel_dag.py took 0.047 seconds
[2022-11-02 10:51:47,875] {scheduler_job.py:182} INFO - Started process (PID=1535) to work on /opt/airflow/dags/parallel_dag.py
[2022-11-02 10:51:47,875] {scheduler_job.py:629} INFO - Processing file /opt/airflow/dags/parallel_dag.py for tasks to queue
[2022-11-02 10:51:47,876] {logging_mixin.py:104} INFO - [2022-11-02 10:51:47,876] {dagbag.py:448} INFO - Filling up the DagBag from /opt/airflow/dags/parallel_dag.py
[2022-11-02 10:51:47,890] {scheduler_job.py:639} INFO - DAG(s) dict_keys(['parallel_dag']) retrieved from /opt/airflow/dags/parallel_dag.py
[2022-11-02 10:51:47,912] {logging_mixin.py:104} INFO - [2022-11-02 10:51:47,912] {dag.py:1818} INFO - Sync 1 DAGs
[2022-11-02 10:51:47,942] {logging_mixin.py:104} INFO - [2022-11-02 10:51:47,942] {dag.py:2273} INFO - Setting next_dagrun for parallel_dag to 2022-11-01 00:00:00+00:00
[2022-11-02 10:51:47,947] {scheduler_job.py:190} INFO - Processing /opt/airflow/dags/parallel_dag.py took 0.075 seconds
[2022-11-02 10:52:18,109] {scheduler_job.py:182} INFO - Started process (PID=1563) to work on /opt/airflow/dags/parallel_dag.py
[2022-11-02 10:52:18,112] {scheduler_job.py:629} INFO - Processing file /opt/airflow/dags/parallel_dag.py for tasks to queue
[2022-11-02 10:52:18,113] {logging_mixin.py:104} INFO - [2022-11-02 10:52:18,113] {dagbag.py:448} INFO - Filling up the DagBag from /opt/airflow/dags/parallel_dag.py
[2022-11-02 10:52:18,122] {scheduler_job.py:639} INFO - DAG(s) dict_keys(['parallel_dag']) retrieved from /opt/airflow/dags/parallel_dag.py
[2022-11-02 10:52:18,138] {logging_mixin.py:104} INFO - [2022-11-02 10:52:18,138] {dag.py:1818} INFO - Sync 1 DAGs
[2022-11-02 10:52:18,159] {logging_mixin.py:104} INFO - [2022-11-02 10:52:18,159] {dag.py:2273} INFO - Setting next_dagrun for parallel_dag to 2022-11-01 00:00:00+00:00
[2022-11-02 10:52:18,164] {scheduler_job.py:190} INFO - Processing /opt/airflow/dags/parallel_dag.py took 0.057 seconds
[2022-11-02 10:52:48,458] {scheduler_job.py:182} INFO - Started process (PID=1591) to work on /opt/airflow/dags/parallel_dag.py
[2022-11-02 10:52:48,459] {scheduler_job.py:629} INFO - Processing file /opt/airflow/dags/parallel_dag.py for tasks to queue
[2022-11-02 10:52:48,460] {logging_mixin.py:104} INFO - [2022-11-02 10:52:48,460] {dagbag.py:448} INFO - Filling up the DagBag from /opt/airflow/dags/parallel_dag.py
[2022-11-02 10:52:48,469] {scheduler_job.py:639} INFO - DAG(s) dict_keys(['parallel_dag']) retrieved from /opt/airflow/dags/parallel_dag.py
[2022-11-02 10:52:48,490] {logging_mixin.py:104} INFO - [2022-11-02 10:52:48,490] {dag.py:1818} INFO - Sync 1 DAGs
[2022-11-02 10:52:48,519] {logging_mixin.py:104} INFO - [2022-11-02 10:52:48,519] {dag.py:2273} INFO - Setting next_dagrun for parallel_dag to 2022-11-01 00:00:00+00:00
[2022-11-02 10:52:48,529] {scheduler_job.py:190} INFO - Processing /opt/airflow/dags/parallel_dag.py took 0.074 seconds
[2022-11-02 10:53:18,641] {scheduler_job.py:182} INFO - Started process (PID=1620) to work on /opt/airflow/dags/parallel_dag.py
[2022-11-02 10:53:18,641] {scheduler_job.py:629} INFO - Processing file /opt/airflow/dags/parallel_dag.py for tasks to queue
[2022-11-02 10:53:18,642] {logging_mixin.py:104} INFO - [2022-11-02 10:53:18,642] {dagbag.py:448} INFO - Filling up the DagBag from /opt/airflow/dags/parallel_dag.py
[2022-11-02 10:53:18,653] {scheduler_job.py:639} INFO - DAG(s) dict_keys(['parallel_dag']) retrieved from /opt/airflow/dags/parallel_dag.py
[2022-11-02 10:53:18,672] {logging_mixin.py:104} INFO - [2022-11-02 10:53:18,672] {dag.py:1818} INFO - Sync 1 DAGs
[2022-11-02 10:53:18,700] {logging_mixin.py:104} INFO - [2022-11-02 10:53:18,700] {dag.py:2273} INFO - Setting next_dagrun for parallel_dag to 2022-11-01 00:00:00+00:00
[2022-11-02 10:53:18,709] {scheduler_job.py:190} INFO - Processing /opt/airflow/dags/parallel_dag.py took 0.071 seconds
[2022-11-02 10:53:48,792] {scheduler_job.py:182} INFO - Started process (PID=1648) to work on /opt/airflow/dags/parallel_dag.py
[2022-11-02 10:53:48,792] {scheduler_job.py:629} INFO - Processing file /opt/airflow/dags/parallel_dag.py for tasks to queue
[2022-11-02 10:53:48,793] {logging_mixin.py:104} INFO - [2022-11-02 10:53:48,793] {dagbag.py:448} INFO - Filling up the DagBag from /opt/airflow/dags/parallel_dag.py
[2022-11-02 10:53:48,806] {scheduler_job.py:639} INFO - DAG(s) dict_keys(['parallel_dag']) retrieved from /opt/airflow/dags/parallel_dag.py
[2022-11-02 10:53:48,821] {logging_mixin.py:104} INFO - [2022-11-02 10:53:48,821] {dag.py:1818} INFO - Sync 1 DAGs
[2022-11-02 10:53:48,843] {logging_mixin.py:104} INFO - [2022-11-02 10:53:48,843] {dag.py:2273} INFO - Setting next_dagrun for parallel_dag to 2022-11-01 00:00:00+00:00
[2022-11-02 10:53:48,848] {scheduler_job.py:190} INFO - Processing /opt/airflow/dags/parallel_dag.py took 0.059 seconds
[2022-11-02 10:54:18,901] {scheduler_job.py:182} INFO - Started process (PID=1676) to work on /opt/airflow/dags/parallel_dag.py
[2022-11-02 10:54:18,902] {scheduler_job.py:629} INFO - Processing file /opt/airflow/dags/parallel_dag.py for tasks to queue
[2022-11-02 10:54:18,903] {logging_mixin.py:104} INFO - [2022-11-02 10:54:18,903] {dagbag.py:448} INFO - Filling up the DagBag from /opt/airflow/dags/parallel_dag.py
[2022-11-02 10:54:18,921] {scheduler_job.py:639} INFO - DAG(s) dict_keys(['parallel_dag']) retrieved from /opt/airflow/dags/parallel_dag.py
[2022-11-02 10:54:18,940] {logging_mixin.py:104} INFO - [2022-11-02 10:54:18,940] {dag.py:1818} INFO - Sync 1 DAGs
[2022-11-02 10:54:18,967] {logging_mixin.py:104} INFO - [2022-11-02 10:54:18,967] {dag.py:2273} INFO - Setting next_dagrun for parallel_dag to 2022-11-01 00:00:00+00:00
[2022-11-02 10:54:18,975] {scheduler_job.py:190} INFO - Processing /opt/airflow/dags/parallel_dag.py took 0.080 seconds
[2022-11-02 10:54:49,102] {scheduler_job.py:182} INFO - Started process (PID=1704) to work on /opt/airflow/dags/parallel_dag.py
[2022-11-02 10:54:49,103] {scheduler_job.py:629} INFO - Processing file /opt/airflow/dags/parallel_dag.py for tasks to queue
[2022-11-02 10:54:49,104] {logging_mixin.py:104} INFO - [2022-11-02 10:54:49,103] {dagbag.py:448} INFO - Filling up the DagBag from /opt/airflow/dags/parallel_dag.py
[2022-11-02 10:54:49,116] {scheduler_job.py:639} INFO - DAG(s) dict_keys(['parallel_dag']) retrieved from /opt/airflow/dags/parallel_dag.py
[2022-11-02 10:54:49,134] {logging_mixin.py:104} INFO - [2022-11-02 10:54:49,134] {dag.py:1818} INFO - Sync 1 DAGs
[2022-11-02 10:54:49,159] {logging_mixin.py:104} INFO - [2022-11-02 10:54:49,159] {dag.py:2273} INFO - Setting next_dagrun for parallel_dag to 2022-11-01 00:00:00+00:00
[2022-11-02 10:54:49,164] {scheduler_job.py:190} INFO - Processing /opt/airflow/dags/parallel_dag.py took 0.067 seconds
[2022-11-02 10:55:19,217] {scheduler_job.py:182} INFO - Started process (PID=1732) to work on /opt/airflow/dags/parallel_dag.py
[2022-11-02 10:55:19,218] {scheduler_job.py:629} INFO - Processing file /opt/airflow/dags/parallel_dag.py for tasks to queue
[2022-11-02 10:55:19,219] {logging_mixin.py:104} INFO - [2022-11-02 10:55:19,219] {dagbag.py:448} INFO - Filling up the DagBag from /opt/airflow/dags/parallel_dag.py
[2022-11-02 10:55:19,235] {scheduler_job.py:639} INFO - DAG(s) dict_keys(['parallel_dag']) retrieved from /opt/airflow/dags/parallel_dag.py
[2022-11-02 10:55:19,255] {logging_mixin.py:104} INFO - [2022-11-02 10:55:19,255] {dag.py:1818} INFO - Sync 1 DAGs
[2022-11-02 10:55:19,280] {logging_mixin.py:104} INFO - [2022-11-02 10:55:19,280] {dag.py:2273} INFO - Setting next_dagrun for parallel_dag to 2022-11-01 00:00:00+00:00
[2022-11-02 10:55:19,286] {scheduler_job.py:190} INFO - Processing /opt/airflow/dags/parallel_dag.py took 0.072 seconds
[2022-11-02 10:55:49,374] {scheduler_job.py:182} INFO - Started process (PID=1760) to work on /opt/airflow/dags/parallel_dag.py
[2022-11-02 10:55:49,376] {scheduler_job.py:629} INFO - Processing file /opt/airflow/dags/parallel_dag.py for tasks to queue
[2022-11-02 10:55:49,377] {logging_mixin.py:104} INFO - [2022-11-02 10:55:49,377] {dagbag.py:448} INFO - Filling up the DagBag from /opt/airflow/dags/parallel_dag.py
[2022-11-02 10:55:49,392] {scheduler_job.py:639} INFO - DAG(s) dict_keys(['parallel_dag']) retrieved from /opt/airflow/dags/parallel_dag.py
[2022-11-02 10:55:49,416] {logging_mixin.py:104} INFO - [2022-11-02 10:55:49,416] {dag.py:1818} INFO - Sync 1 DAGs
[2022-11-02 10:55:49,449] {logging_mixin.py:104} INFO - [2022-11-02 10:55:49,448] {dag.py:2273} INFO - Setting next_dagrun for parallel_dag to 2022-11-01 00:00:00+00:00
[2022-11-02 10:55:49,455] {scheduler_job.py:190} INFO - Processing /opt/airflow/dags/parallel_dag.py took 0.087 seconds
[2022-11-02 10:56:19,526] {scheduler_job.py:182} INFO - Started process (PID=1788) to work on /opt/airflow/dags/parallel_dag.py
[2022-11-02 10:56:19,527] {scheduler_job.py:629} INFO - Processing file /opt/airflow/dags/parallel_dag.py for tasks to queue
[2022-11-02 10:56:19,527] {logging_mixin.py:104} INFO - [2022-11-02 10:56:19,527] {dagbag.py:448} INFO - Filling up the DagBag from /opt/airflow/dags/parallel_dag.py
[2022-11-02 10:56:19,538] {scheduler_job.py:639} INFO - DAG(s) dict_keys(['parallel_dag']) retrieved from /opt/airflow/dags/parallel_dag.py
[2022-11-02 10:56:19,556] {logging_mixin.py:104} INFO - [2022-11-02 10:56:19,556] {dag.py:1818} INFO - Sync 1 DAGs
[2022-11-02 10:56:19,578] {logging_mixin.py:104} INFO - [2022-11-02 10:56:19,578] {dag.py:2273} INFO - Setting next_dagrun for parallel_dag to 2022-11-01 00:00:00+00:00
[2022-11-02 10:56:19,585] {scheduler_job.py:190} INFO - Processing /opt/airflow/dags/parallel_dag.py took 0.062 seconds
[2022-11-02 10:56:49,626] {scheduler_job.py:182} INFO - Started process (PID=1816) to work on /opt/airflow/dags/parallel_dag.py
[2022-11-02 10:56:49,627] {scheduler_job.py:629} INFO - Processing file /opt/airflow/dags/parallel_dag.py for tasks to queue
[2022-11-02 10:56:49,627] {logging_mixin.py:104} INFO - [2022-11-02 10:56:49,627] {dagbag.py:448} INFO - Filling up the DagBag from /opt/airflow/dags/parallel_dag.py
[2022-11-02 10:56:49,639] {scheduler_job.py:639} INFO - DAG(s) dict_keys(['parallel_dag']) retrieved from /opt/airflow/dags/parallel_dag.py
[2022-11-02 10:56:49,656] {logging_mixin.py:104} INFO - [2022-11-02 10:56:49,655] {dag.py:1818} INFO - Sync 1 DAGs
[2022-11-02 10:56:49,676] {logging_mixin.py:104} INFO - [2022-11-02 10:56:49,676] {dag.py:2273} INFO - Setting next_dagrun for parallel_dag to 2022-11-01 00:00:00+00:00
[2022-11-02 10:56:49,681] {scheduler_job.py:190} INFO - Processing /opt/airflow/dags/parallel_dag.py took 0.058 seconds
[2022-11-02 10:57:20,031] {scheduler_job.py:182} INFO - Started process (PID=1843) to work on /opt/airflow/dags/parallel_dag.py
[2022-11-02 10:57:20,033] {scheduler_job.py:629} INFO - Processing file /opt/airflow/dags/parallel_dag.py for tasks to queue
[2022-11-02 10:57:20,034] {logging_mixin.py:104} INFO - [2022-11-02 10:57:20,034] {dagbag.py:448} INFO - Filling up the DagBag from /opt/airflow/dags/parallel_dag.py
[2022-11-02 10:57:20,050] {scheduler_job.py:639} INFO - DAG(s) dict_keys(['parallel_dag']) retrieved from /opt/airflow/dags/parallel_dag.py
[2022-11-02 10:57:20,067] {logging_mixin.py:104} INFO - [2022-11-02 10:57:20,067] {dag.py:1818} INFO - Sync 1 DAGs
[2022-11-02 10:57:20,086] {logging_mixin.py:104} INFO - [2022-11-02 10:57:20,086] {dag.py:2273} INFO - Setting next_dagrun for parallel_dag to 2022-11-01 00:00:00+00:00
[2022-11-02 10:57:20,096] {scheduler_job.py:190} INFO - Processing /opt/airflow/dags/parallel_dag.py took 0.068 seconds
[2022-11-02 10:57:51,031] {scheduler_job.py:182} INFO - Started process (PID=1871) to work on /opt/airflow/dags/parallel_dag.py
[2022-11-02 10:57:51,033] {scheduler_job.py:629} INFO - Processing file /opt/airflow/dags/parallel_dag.py for tasks to queue
[2022-11-02 10:57:51,034] {logging_mixin.py:104} INFO - [2022-11-02 10:57:51,034] {dagbag.py:448} INFO - Filling up the DagBag from /opt/airflow/dags/parallel_dag.py
[2022-11-02 10:57:51,057] {scheduler_job.py:639} INFO - DAG(s) dict_keys(['parallel_dag']) retrieved from /opt/airflow/dags/parallel_dag.py
[2022-11-02 10:57:51,073] {logging_mixin.py:104} INFO - [2022-11-02 10:57:51,073] {dag.py:1818} INFO - Sync 1 DAGs
[2022-11-02 10:57:51,095] {logging_mixin.py:104} INFO - [2022-11-02 10:57:51,095] {dag.py:2273} INFO - Setting next_dagrun for parallel_dag to 2022-11-01 00:00:00+00:00
[2022-11-02 10:57:51,102] {scheduler_job.py:190} INFO - Processing /opt/airflow/dags/parallel_dag.py took 0.079 seconds
[2022-11-02 10:58:21,356] {scheduler_job.py:182} INFO - Started process (PID=1899) to work on /opt/airflow/dags/parallel_dag.py
[2022-11-02 10:58:21,358] {scheduler_job.py:629} INFO - Processing file /opt/airflow/dags/parallel_dag.py for tasks to queue
[2022-11-02 10:58:21,360] {logging_mixin.py:104} INFO - [2022-11-02 10:58:21,360] {dagbag.py:448} INFO - Filling up the DagBag from /opt/airflow/dags/parallel_dag.py
[2022-11-02 10:58:21,383] {scheduler_job.py:639} INFO - DAG(s) dict_keys(['parallel_dag']) retrieved from /opt/airflow/dags/parallel_dag.py
[2022-11-02 10:58:21,399] {logging_mixin.py:104} INFO - [2022-11-02 10:58:21,398] {dag.py:1818} INFO - Sync 1 DAGs
[2022-11-02 10:58:21,417] {logging_mixin.py:104} INFO - [2022-11-02 10:58:21,417] {dag.py:2273} INFO - Setting next_dagrun for parallel_dag to 2022-11-01 00:00:00+00:00
[2022-11-02 10:58:21,422] {scheduler_job.py:190} INFO - Processing /opt/airflow/dags/parallel_dag.py took 0.073 seconds
[2022-11-02 10:58:51,845] {scheduler_job.py:182} INFO - Started process (PID=1927) to work on /opt/airflow/dags/parallel_dag.py
[2022-11-02 10:58:51,847] {scheduler_job.py:629} INFO - Processing file /opt/airflow/dags/parallel_dag.py for tasks to queue
[2022-11-02 10:58:51,849] {logging_mixin.py:104} INFO - [2022-11-02 10:58:51,848] {dagbag.py:448} INFO - Filling up the DagBag from /opt/airflow/dags/parallel_dag.py
[2022-11-02 10:58:51,868] {scheduler_job.py:639} INFO - DAG(s) dict_keys(['parallel_dag']) retrieved from /opt/airflow/dags/parallel_dag.py
[2022-11-02 10:58:51,883] {logging_mixin.py:104} INFO - [2022-11-02 10:58:51,883] {dag.py:1818} INFO - Sync 1 DAGs
[2022-11-02 10:58:51,902] {logging_mixin.py:104} INFO - [2022-11-02 10:58:51,901] {dag.py:2273} INFO - Setting next_dagrun for parallel_dag to 2022-11-01 00:00:00+00:00
[2022-11-02 10:58:51,908] {scheduler_job.py:190} INFO - Processing /opt/airflow/dags/parallel_dag.py took 0.071 seconds
[2022-11-02 10:59:21,950] {scheduler_job.py:182} INFO - Started process (PID=1956) to work on /opt/airflow/dags/parallel_dag.py
[2022-11-02 10:59:21,951] {scheduler_job.py:629} INFO - Processing file /opt/airflow/dags/parallel_dag.py for tasks to queue
[2022-11-02 10:59:21,951] {logging_mixin.py:104} INFO - [2022-11-02 10:59:21,951] {dagbag.py:448} INFO - Filling up the DagBag from /opt/airflow/dags/parallel_dag.py
[2022-11-02 10:59:21,959] {scheduler_job.py:639} INFO - DAG(s) dict_keys(['parallel_dag']) retrieved from /opt/airflow/dags/parallel_dag.py
[2022-11-02 10:59:21,973] {logging_mixin.py:104} INFO - [2022-11-02 10:59:21,973] {dag.py:1818} INFO - Sync 1 DAGs
[2022-11-02 10:59:21,991] {logging_mixin.py:104} INFO - [2022-11-02 10:59:21,991] {dag.py:2273} INFO - Setting next_dagrun for parallel_dag to 2022-11-01 00:00:00+00:00
[2022-11-02 10:59:21,996] {scheduler_job.py:190} INFO - Processing /opt/airflow/dags/parallel_dag.py took 0.048 seconds
[2022-11-02 10:59:52,058] {scheduler_job.py:182} INFO - Started process (PID=1984) to work on /opt/airflow/dags/parallel_dag.py
[2022-11-02 10:59:52,058] {scheduler_job.py:629} INFO - Processing file /opt/airflow/dags/parallel_dag.py for tasks to queue
[2022-11-02 10:59:52,059] {logging_mixin.py:104} INFO - [2022-11-02 10:59:52,059] {dagbag.py:448} INFO - Filling up the DagBag from /opt/airflow/dags/parallel_dag.py
[2022-11-02 10:59:52,067] {scheduler_job.py:639} INFO - DAG(s) dict_keys(['parallel_dag']) retrieved from /opt/airflow/dags/parallel_dag.py
[2022-11-02 10:59:52,081] {logging_mixin.py:104} INFO - [2022-11-02 10:59:52,081] {dag.py:1818} INFO - Sync 1 DAGs
[2022-11-02 10:59:52,101] {logging_mixin.py:104} INFO - [2022-11-02 10:59:52,101] {dag.py:2273} INFO - Setting next_dagrun for parallel_dag to 2022-11-01 00:00:00+00:00
[2022-11-02 10:59:52,106] {scheduler_job.py:190} INFO - Processing /opt/airflow/dags/parallel_dag.py took 0.050 seconds
[2022-11-02 11:00:22,260] {scheduler_job.py:182} INFO - Started process (PID=2012) to work on /opt/airflow/dags/parallel_dag.py
[2022-11-02 11:00:22,261] {scheduler_job.py:629} INFO - Processing file /opt/airflow/dags/parallel_dag.py for tasks to queue
[2022-11-02 11:00:22,261] {logging_mixin.py:104} INFO - [2022-11-02 11:00:22,261] {dagbag.py:448} INFO - Filling up the DagBag from /opt/airflow/dags/parallel_dag.py
[2022-11-02 11:00:22,269] {scheduler_job.py:639} INFO - DAG(s) dict_keys(['parallel_dag']) retrieved from /opt/airflow/dags/parallel_dag.py
[2022-11-02 11:00:22,283] {logging_mixin.py:104} INFO - [2022-11-02 11:00:22,283] {dag.py:1818} INFO - Sync 1 DAGs
[2022-11-02 11:00:22,301] {logging_mixin.py:104} INFO - [2022-11-02 11:00:22,301] {dag.py:2273} INFO - Setting next_dagrun for parallel_dag to 2022-11-01 00:00:00+00:00
[2022-11-02 11:00:22,307] {scheduler_job.py:190} INFO - Processing /opt/airflow/dags/parallel_dag.py took 0.049 seconds
[2022-11-02 11:00:52,598] {scheduler_job.py:182} INFO - Started process (PID=2041) to work on /opt/airflow/dags/parallel_dag.py
[2022-11-02 11:00:52,599] {scheduler_job.py:629} INFO - Processing file /opt/airflow/dags/parallel_dag.py for tasks to queue
[2022-11-02 11:00:52,599] {logging_mixin.py:104} INFO - [2022-11-02 11:00:52,599] {dagbag.py:448} INFO - Filling up the DagBag from /opt/airflow/dags/parallel_dag.py
[2022-11-02 11:00:52,607] {scheduler_job.py:639} INFO - DAG(s) dict_keys(['parallel_dag']) retrieved from /opt/airflow/dags/parallel_dag.py
[2022-11-02 11:00:52,620] {logging_mixin.py:104} INFO - [2022-11-02 11:00:52,620] {dag.py:1818} INFO - Sync 1 DAGs
[2022-11-02 11:00:52,638] {logging_mixin.py:104} INFO - [2022-11-02 11:00:52,638] {dag.py:2273} INFO - Setting next_dagrun for parallel_dag to 2022-11-01 00:00:00+00:00
[2022-11-02 11:00:52,643] {scheduler_job.py:190} INFO - Processing /opt/airflow/dags/parallel_dag.py took 0.047 seconds
[2022-11-02 11:01:23,079] {scheduler_job.py:182} INFO - Started process (PID=2069) to work on /opt/airflow/dags/parallel_dag.py
[2022-11-02 11:01:23,080] {scheduler_job.py:629} INFO - Processing file /opt/airflow/dags/parallel_dag.py for tasks to queue
[2022-11-02 11:01:23,080] {logging_mixin.py:104} INFO - [2022-11-02 11:01:23,080] {dagbag.py:448} INFO - Filling up the DagBag from /opt/airflow/dags/parallel_dag.py
[2022-11-02 11:01:23,091] {scheduler_job.py:639} INFO - DAG(s) dict_keys(['parallel_dag']) retrieved from /opt/airflow/dags/parallel_dag.py
[2022-11-02 11:01:23,107] {logging_mixin.py:104} INFO - [2022-11-02 11:01:23,107] {dag.py:1818} INFO - Sync 1 DAGs
[2022-11-02 11:01:23,127] {logging_mixin.py:104} INFO - [2022-11-02 11:01:23,126] {dag.py:2273} INFO - Setting next_dagrun for parallel_dag to 2022-11-01 00:00:00+00:00
[2022-11-02 11:01:23,133] {scheduler_job.py:190} INFO - Processing /opt/airflow/dags/parallel_dag.py took 0.056 seconds
[2022-11-02 11:01:53,330] {scheduler_job.py:182} INFO - Started process (PID=2097) to work on /opt/airflow/dags/parallel_dag.py
[2022-11-02 11:01:53,331] {scheduler_job.py:629} INFO - Processing file /opt/airflow/dags/parallel_dag.py for tasks to queue
[2022-11-02 11:01:53,332] {logging_mixin.py:104} INFO - [2022-11-02 11:01:53,331] {dagbag.py:448} INFO - Filling up the DagBag from /opt/airflow/dags/parallel_dag.py
[2022-11-02 11:01:53,341] {scheduler_job.py:639} INFO - DAG(s) dict_keys(['parallel_dag']) retrieved from /opt/airflow/dags/parallel_dag.py
[2022-11-02 11:01:53,357] {logging_mixin.py:104} INFO - [2022-11-02 11:01:53,357] {dag.py:1818} INFO - Sync 1 DAGs
[2022-11-02 11:01:53,378] {logging_mixin.py:104} INFO - [2022-11-02 11:01:53,378] {dag.py:2273} INFO - Setting next_dagrun for parallel_dag to 2022-11-01 00:00:00+00:00
[2022-11-02 11:01:53,384] {scheduler_job.py:190} INFO - Processing /opt/airflow/dags/parallel_dag.py took 0.056 seconds
[2022-11-02 11:02:23,507] {scheduler_job.py:182} INFO - Started process (PID=2125) to work on /opt/airflow/dags/parallel_dag.py
[2022-11-02 11:02:23,509] {scheduler_job.py:629} INFO - Processing file /opt/airflow/dags/parallel_dag.py for tasks to queue
[2022-11-02 11:02:23,510] {logging_mixin.py:104} INFO - [2022-11-02 11:02:23,510] {dagbag.py:448} INFO - Filling up the DagBag from /opt/airflow/dags/parallel_dag.py
[2022-11-02 11:02:23,523] {scheduler_job.py:639} INFO - DAG(s) dict_keys(['parallel_dag']) retrieved from /opt/airflow/dags/parallel_dag.py
[2022-11-02 11:02:23,540] {logging_mixin.py:104} INFO - [2022-11-02 11:02:23,540] {dag.py:1818} INFO - Sync 1 DAGs
[2022-11-02 11:02:23,561] {logging_mixin.py:104} INFO - [2022-11-02 11:02:23,561] {dag.py:2273} INFO - Setting next_dagrun for parallel_dag to 2022-11-01 00:00:00+00:00
[2022-11-02 11:02:23,568] {scheduler_job.py:190} INFO - Processing /opt/airflow/dags/parallel_dag.py took 0.065 seconds
[2022-11-02 11:02:53,669] {scheduler_job.py:182} INFO - Started process (PID=2153) to work on /opt/airflow/dags/parallel_dag.py
[2022-11-02 11:02:53,671] {scheduler_job.py:629} INFO - Processing file /opt/airflow/dags/parallel_dag.py for tasks to queue
[2022-11-02 11:02:53,671] {logging_mixin.py:104} INFO - [2022-11-02 11:02:53,671] {dagbag.py:448} INFO - Filling up the DagBag from /opt/airflow/dags/parallel_dag.py
[2022-11-02 11:02:53,681] {scheduler_job.py:639} INFO - DAG(s) dict_keys(['parallel_dag']) retrieved from /opt/airflow/dags/parallel_dag.py
[2022-11-02 11:02:53,694] {logging_mixin.py:104} INFO - [2022-11-02 11:02:53,694] {dag.py:1818} INFO - Sync 1 DAGs
[2022-11-02 11:02:53,717] {logging_mixin.py:104} INFO - [2022-11-02 11:02:53,717] {dag.py:2273} INFO - Setting next_dagrun for parallel_dag to 2022-11-01 00:00:00+00:00
[2022-11-02 11:02:53,726] {scheduler_job.py:190} INFO - Processing /opt/airflow/dags/parallel_dag.py took 0.060 seconds
[2022-11-02 11:03:23,790] {scheduler_job.py:182} INFO - Started process (PID=2181) to work on /opt/airflow/dags/parallel_dag.py
[2022-11-02 11:03:23,790] {scheduler_job.py:629} INFO - Processing file /opt/airflow/dags/parallel_dag.py for tasks to queue
[2022-11-02 11:03:23,791] {logging_mixin.py:104} INFO - [2022-11-02 11:03:23,791] {dagbag.py:448} INFO - Filling up the DagBag from /opt/airflow/dags/parallel_dag.py
[2022-11-02 11:03:23,799] {scheduler_job.py:639} INFO - DAG(s) dict_keys(['parallel_dag']) retrieved from /opt/airflow/dags/parallel_dag.py
[2022-11-02 11:03:23,812] {logging_mixin.py:104} INFO - [2022-11-02 11:03:23,812] {dag.py:1818} INFO - Sync 1 DAGs
[2022-11-02 11:03:23,830] {logging_mixin.py:104} INFO - [2022-11-02 11:03:23,830] {dag.py:2273} INFO - Setting next_dagrun for parallel_dag to 2022-11-01 00:00:00+00:00
[2022-11-02 11:03:23,836] {scheduler_job.py:190} INFO - Processing /opt/airflow/dags/parallel_dag.py took 0.048 seconds
[2022-11-02 11:03:54,009] {scheduler_job.py:182} INFO - Started process (PID=2209) to work on /opt/airflow/dags/parallel_dag.py
[2022-11-02 11:03:54,009] {scheduler_job.py:629} INFO - Processing file /opt/airflow/dags/parallel_dag.py for tasks to queue
[2022-11-02 11:03:54,010] {logging_mixin.py:104} INFO - [2022-11-02 11:03:54,010] {dagbag.py:448} INFO - Filling up the DagBag from /opt/airflow/dags/parallel_dag.py
[2022-11-02 11:03:54,023] {scheduler_job.py:639} INFO - DAG(s) dict_keys(['parallel_dag']) retrieved from /opt/airflow/dags/parallel_dag.py
[2022-11-02 11:03:54,046] {logging_mixin.py:104} INFO - [2022-11-02 11:03:54,046] {dag.py:1818} INFO - Sync 1 DAGs
[2022-11-02 11:03:54,068] {logging_mixin.py:104} INFO - [2022-11-02 11:03:54,068] {dag.py:2273} INFO - Setting next_dagrun for parallel_dag to 2022-11-01 00:00:00+00:00
[2022-11-02 11:03:54,073] {scheduler_job.py:190} INFO - Processing /opt/airflow/dags/parallel_dag.py took 0.067 seconds
[2022-11-02 11:04:24,091] {scheduler_job.py:182} INFO - Started process (PID=2236) to work on /opt/airflow/dags/parallel_dag.py
[2022-11-02 11:04:24,092] {scheduler_job.py:629} INFO - Processing file /opt/airflow/dags/parallel_dag.py for tasks to queue
[2022-11-02 11:04:24,093] {logging_mixin.py:104} INFO - [2022-11-02 11:04:24,093] {dagbag.py:448} INFO - Filling up the DagBag from /opt/airflow/dags/parallel_dag.py
[2022-11-02 11:04:24,101] {scheduler_job.py:639} INFO - DAG(s) dict_keys(['parallel_dag']) retrieved from /opt/airflow/dags/parallel_dag.py
[2022-11-02 11:04:24,116] {logging_mixin.py:104} INFO - [2022-11-02 11:04:24,115] {dag.py:1818} INFO - Sync 1 DAGs
[2022-11-02 11:04:24,148] {logging_mixin.py:104} INFO - [2022-11-02 11:04:24,148] {dag.py:2273} INFO - Setting next_dagrun for parallel_dag to 2022-11-01 00:00:00+00:00
[2022-11-02 11:04:24,153] {scheduler_job.py:190} INFO - Processing /opt/airflow/dags/parallel_dag.py took 0.064 seconds
[2022-11-02 11:04:54,237] {scheduler_job.py:182} INFO - Started process (PID=2264) to work on /opt/airflow/dags/parallel_dag.py
[2022-11-02 11:04:54,238] {scheduler_job.py:629} INFO - Processing file /opt/airflow/dags/parallel_dag.py for tasks to queue
[2022-11-02 11:04:54,238] {logging_mixin.py:104} INFO - [2022-11-02 11:04:54,238] {dagbag.py:448} INFO - Filling up the DagBag from /opt/airflow/dags/parallel_dag.py
[2022-11-02 11:04:54,246] {scheduler_job.py:639} INFO - DAG(s) dict_keys(['parallel_dag']) retrieved from /opt/airflow/dags/parallel_dag.py
[2022-11-02 11:04:54,260] {logging_mixin.py:104} INFO - [2022-11-02 11:04:54,260] {dag.py:1818} INFO - Sync 1 DAGs
[2022-11-02 11:04:54,282] {logging_mixin.py:104} INFO - [2022-11-02 11:04:54,282] {dag.py:2273} INFO - Setting next_dagrun for parallel_dag to 2022-11-01 00:00:00+00:00
[2022-11-02 11:04:54,289] {scheduler_job.py:190} INFO - Processing /opt/airflow/dags/parallel_dag.py took 0.054 seconds
[2022-11-02 11:05:24,395] {scheduler_job.py:182} INFO - Started process (PID=2292) to work on /opt/airflow/dags/parallel_dag.py
[2022-11-02 11:05:24,396] {scheduler_job.py:629} INFO - Processing file /opt/airflow/dags/parallel_dag.py for tasks to queue
[2022-11-02 11:05:24,396] {logging_mixin.py:104} INFO - [2022-11-02 11:05:24,396] {dagbag.py:448} INFO - Filling up the DagBag from /opt/airflow/dags/parallel_dag.py
[2022-11-02 11:05:24,408] {scheduler_job.py:639} INFO - DAG(s) dict_keys(['parallel_dag']) retrieved from /opt/airflow/dags/parallel_dag.py
[2022-11-02 11:05:24,422] {logging_mixin.py:104} INFO - [2022-11-02 11:05:24,422] {dag.py:1818} INFO - Sync 1 DAGs
[2022-11-02 11:05:24,441] {logging_mixin.py:104} INFO - [2022-11-02 11:05:24,441] {dag.py:2273} INFO - Setting next_dagrun for parallel_dag to 2022-11-01 00:00:00+00:00
[2022-11-02 11:05:24,446] {scheduler_job.py:190} INFO - Processing /opt/airflow/dags/parallel_dag.py took 0.053 seconds
[2022-11-02 11:05:54,603] {scheduler_job.py:182} INFO - Started process (PID=2321) to work on /opt/airflow/dags/parallel_dag.py
[2022-11-02 11:05:54,605] {scheduler_job.py:629} INFO - Processing file /opt/airflow/dags/parallel_dag.py for tasks to queue
[2022-11-02 11:05:54,605] {logging_mixin.py:104} INFO - [2022-11-02 11:05:54,605] {dagbag.py:448} INFO - Filling up the DagBag from /opt/airflow/dags/parallel_dag.py
[2022-11-02 11:05:54,616] {scheduler_job.py:639} INFO - DAG(s) dict_keys(['parallel_dag']) retrieved from /opt/airflow/dags/parallel_dag.py
[2022-11-02 11:05:54,630] {logging_mixin.py:104} INFO - [2022-11-02 11:05:54,630] {dag.py:1818} INFO - Sync 1 DAGs
[2022-11-02 11:05:54,649] {logging_mixin.py:104} INFO - [2022-11-02 11:05:54,649] {dag.py:2273} INFO - Setting next_dagrun for parallel_dag to 2022-11-01 00:00:00+00:00
[2022-11-02 11:05:54,654] {scheduler_job.py:190} INFO - Processing /opt/airflow/dags/parallel_dag.py took 0.055 seconds
[2022-11-02 11:06:25,037] {scheduler_job.py:182} INFO - Started process (PID=2349) to work on /opt/airflow/dags/parallel_dag.py
[2022-11-02 11:06:25,038] {scheduler_job.py:629} INFO - Processing file /opt/airflow/dags/parallel_dag.py for tasks to queue
[2022-11-02 11:06:25,038] {logging_mixin.py:104} INFO - [2022-11-02 11:06:25,038] {dagbag.py:448} INFO - Filling up the DagBag from /opt/airflow/dags/parallel_dag.py
[2022-11-02 11:06:25,053] {scheduler_job.py:639} INFO - DAG(s) dict_keys(['parallel_dag']) retrieved from /opt/airflow/dags/parallel_dag.py
[2022-11-02 11:06:25,076] {logging_mixin.py:104} INFO - [2022-11-02 11:06:25,076] {dag.py:1818} INFO - Sync 1 DAGs
[2022-11-02 11:06:25,102] {logging_mixin.py:104} INFO - [2022-11-02 11:06:25,102] {dag.py:2273} INFO - Setting next_dagrun for parallel_dag to 2022-11-01 00:00:00+00:00
[2022-11-02 11:06:25,110] {scheduler_job.py:190} INFO - Processing /opt/airflow/dags/parallel_dag.py took 0.077 seconds
[2022-11-02 11:06:55,568] {scheduler_job.py:182} INFO - Started process (PID=2377) to work on /opt/airflow/dags/parallel_dag.py
[2022-11-02 11:06:55,569] {scheduler_job.py:629} INFO - Processing file /opt/airflow/dags/parallel_dag.py for tasks to queue
[2022-11-02 11:06:55,569] {logging_mixin.py:104} INFO - [2022-11-02 11:06:55,569] {dagbag.py:448} INFO - Filling up the DagBag from /opt/airflow/dags/parallel_dag.py
[2022-11-02 11:06:55,578] {scheduler_job.py:639} INFO - DAG(s) dict_keys(['parallel_dag']) retrieved from /opt/airflow/dags/parallel_dag.py
[2022-11-02 11:06:55,591] {logging_mixin.py:104} INFO - [2022-11-02 11:06:55,591] {dag.py:1818} INFO - Sync 1 DAGs
[2022-11-02 11:06:55,611] {logging_mixin.py:104} INFO - [2022-11-02 11:06:55,611] {dag.py:2273} INFO - Setting next_dagrun for parallel_dag to 2022-11-01 00:00:00+00:00
[2022-11-02 11:06:55,615] {scheduler_job.py:190} INFO - Processing /opt/airflow/dags/parallel_dag.py took 0.049 seconds
[2022-11-02 11:07:25,965] {scheduler_job.py:182} INFO - Started process (PID=2405) to work on /opt/airflow/dags/parallel_dag.py
[2022-11-02 11:07:25,967] {scheduler_job.py:629} INFO - Processing file /opt/airflow/dags/parallel_dag.py for tasks to queue
[2022-11-02 11:07:25,968] {logging_mixin.py:104} INFO - [2022-11-02 11:07:25,967] {dagbag.py:448} INFO - Filling up the DagBag from /opt/airflow/dags/parallel_dag.py
[2022-11-02 11:07:25,978] {scheduler_job.py:639} INFO - DAG(s) dict_keys(['parallel_dag']) retrieved from /opt/airflow/dags/parallel_dag.py
[2022-11-02 11:07:25,993] {logging_mixin.py:104} INFO - [2022-11-02 11:07:25,993] {dag.py:1818} INFO - Sync 1 DAGs
[2022-11-02 11:07:26,012] {logging_mixin.py:104} INFO - [2022-11-02 11:07:26,012] {dag.py:2273} INFO - Setting next_dagrun for parallel_dag to 2022-11-01 00:00:00+00:00
[2022-11-02 11:07:26,018] {scheduler_job.py:190} INFO - Processing /opt/airflow/dags/parallel_dag.py took 0.054 seconds
[2022-11-02 11:07:56,129] {scheduler_job.py:182} INFO - Started process (PID=2433) to work on /opt/airflow/dags/parallel_dag.py
[2022-11-02 11:07:56,130] {scheduler_job.py:629} INFO - Processing file /opt/airflow/dags/parallel_dag.py for tasks to queue
[2022-11-02 11:07:56,131] {logging_mixin.py:104} INFO - [2022-11-02 11:07:56,131] {dagbag.py:448} INFO - Filling up the DagBag from /opt/airflow/dags/parallel_dag.py
[2022-11-02 11:07:56,150] {scheduler_job.py:639} INFO - DAG(s) dict_keys(['parallel_dag']) retrieved from /opt/airflow/dags/parallel_dag.py
[2022-11-02 11:07:56,174] {logging_mixin.py:104} INFO - [2022-11-02 11:07:56,174] {dag.py:1818} INFO - Sync 1 DAGs
[2022-11-02 11:07:56,200] {logging_mixin.py:104} INFO - [2022-11-02 11:07:56,200] {dag.py:2273} INFO - Setting next_dagrun for parallel_dag to 2022-11-01 00:00:00+00:00
[2022-11-02 11:07:56,207] {scheduler_job.py:190} INFO - Processing /opt/airflow/dags/parallel_dag.py took 0.080 seconds
[2022-11-02 11:08:26,436] {scheduler_job.py:182} INFO - Started process (PID=2461) to work on /opt/airflow/dags/parallel_dag.py
[2022-11-02 11:08:26,437] {scheduler_job.py:629} INFO - Processing file /opt/airflow/dags/parallel_dag.py for tasks to queue
[2022-11-02 11:08:26,438] {logging_mixin.py:104} INFO - [2022-11-02 11:08:26,438] {dagbag.py:448} INFO - Filling up the DagBag from /opt/airflow/dags/parallel_dag.py
[2022-11-02 11:08:26,448] {scheduler_job.py:639} INFO - DAG(s) dict_keys(['parallel_dag']) retrieved from /opt/airflow/dags/parallel_dag.py
[2022-11-02 11:08:26,469] {logging_mixin.py:104} INFO - [2022-11-02 11:08:26,469] {dag.py:1818} INFO - Sync 1 DAGs
[2022-11-02 11:08:26,495] {logging_mixin.py:104} INFO - [2022-11-02 11:08:26,495] {dag.py:2273} INFO - Setting next_dagrun for parallel_dag to 2022-11-01 00:00:00+00:00
[2022-11-02 11:08:26,503] {scheduler_job.py:190} INFO - Processing /opt/airflow/dags/parallel_dag.py took 0.070 seconds
[2022-11-02 11:08:56,639] {scheduler_job.py:182} INFO - Started process (PID=2489) to work on /opt/airflow/dags/parallel_dag.py
[2022-11-02 11:08:56,639] {scheduler_job.py:629} INFO - Processing file /opt/airflow/dags/parallel_dag.py for tasks to queue
[2022-11-02 11:08:56,640] {logging_mixin.py:104} INFO - [2022-11-02 11:08:56,640] {dagbag.py:448} INFO - Filling up the DagBag from /opt/airflow/dags/parallel_dag.py
[2022-11-02 11:08:56,648] {scheduler_job.py:639} INFO - DAG(s) dict_keys(['parallel_dag']) retrieved from /opt/airflow/dags/parallel_dag.py
[2022-11-02 11:08:56,664] {logging_mixin.py:104} INFO - [2022-11-02 11:08:56,664] {dag.py:1818} INFO - Sync 1 DAGs
[2022-11-02 11:08:56,687] {logging_mixin.py:104} INFO - [2022-11-02 11:08:56,687] {dag.py:2273} INFO - Setting next_dagrun for parallel_dag to 2022-11-01 00:00:00+00:00
[2022-11-02 11:08:56,694] {scheduler_job.py:190} INFO - Processing /opt/airflow/dags/parallel_dag.py took 0.057 seconds
[2022-11-02 11:09:27,178] {scheduler_job.py:182} INFO - Started process (PID=2513) to work on /opt/airflow/dags/parallel_dag.py
[2022-11-02 11:09:27,179] {scheduler_job.py:629} INFO - Processing file /opt/airflow/dags/parallel_dag.py for tasks to queue
[2022-11-02 11:09:27,179] {logging_mixin.py:104} INFO - [2022-11-02 11:09:27,179] {dagbag.py:448} INFO - Filling up the DagBag from /opt/airflow/dags/parallel_dag.py
[2022-11-02 11:09:27,191] {scheduler_job.py:639} INFO - DAG(s) dict_keys(['parallel_dag']) retrieved from /opt/airflow/dags/parallel_dag.py
[2022-11-02 11:09:27,216] {logging_mixin.py:104} INFO - [2022-11-02 11:09:27,215] {dag.py:1818} INFO - Sync 1 DAGs
[2022-11-02 11:09:27,251] {logging_mixin.py:104} INFO - [2022-11-02 11:09:27,251] {dag.py:2273} INFO - Setting next_dagrun for parallel_dag to 2022-11-01 00:00:00+00:00
[2022-11-02 11:09:27,262] {scheduler_job.py:190} INFO - Processing /opt/airflow/dags/parallel_dag.py took 0.087 seconds
[2022-11-02 11:09:57,754] {scheduler_job.py:182} INFO - Started process (PID=2542) to work on /opt/airflow/dags/parallel_dag.py
[2022-11-02 11:09:57,755] {scheduler_job.py:629} INFO - Processing file /opt/airflow/dags/parallel_dag.py for tasks to queue
[2022-11-02 11:09:57,757] {logging_mixin.py:104} INFO - [2022-11-02 11:09:57,757] {dagbag.py:448} INFO - Filling up the DagBag from /opt/airflow/dags/parallel_dag.py
[2022-11-02 11:09:57,772] {scheduler_job.py:639} INFO - DAG(s) dict_keys(['parallel_dag']) retrieved from /opt/airflow/dags/parallel_dag.py
[2022-11-02 11:09:57,794] {logging_mixin.py:104} INFO - [2022-11-02 11:09:57,794] {dag.py:1818} INFO - Sync 1 DAGs
[2022-11-02 11:09:57,821] {logging_mixin.py:104} INFO - [2022-11-02 11:09:57,820] {dag.py:2273} INFO - Setting next_dagrun for parallel_dag to 2022-11-01 00:00:00+00:00
[2022-11-02 11:09:57,827] {scheduler_job.py:190} INFO - Processing /opt/airflow/dags/parallel_dag.py took 0.076 seconds
[2022-11-02 11:10:28,290] {scheduler_job.py:182} INFO - Started process (PID=2569) to work on /opt/airflow/dags/parallel_dag.py
[2022-11-02 11:10:28,291] {scheduler_job.py:629} INFO - Processing file /opt/airflow/dags/parallel_dag.py for tasks to queue
[2022-11-02 11:10:28,292] {logging_mixin.py:104} INFO - [2022-11-02 11:10:28,291] {dagbag.py:448} INFO - Filling up the DagBag from /opt/airflow/dags/parallel_dag.py
[2022-11-02 11:10:28,306] {scheduler_job.py:639} INFO - DAG(s) dict_keys(['parallel_dag']) retrieved from /opt/airflow/dags/parallel_dag.py
[2022-11-02 11:10:28,335] {logging_mixin.py:104} INFO - [2022-11-02 11:10:28,335] {dag.py:1818} INFO - Sync 1 DAGs
[2022-11-02 11:10:28,378] {logging_mixin.py:104} INFO - [2022-11-02 11:10:28,377] {dag.py:2273} INFO - Setting next_dagrun for parallel_dag to 2022-11-01 00:00:00+00:00
[2022-11-02 11:10:28,385] {scheduler_job.py:190} INFO - Processing /opt/airflow/dags/parallel_dag.py took 0.098 seconds
[2022-11-02 11:10:58,813] {scheduler_job.py:182} INFO - Started process (PID=2597) to work on /opt/airflow/dags/parallel_dag.py
[2022-11-02 11:10:58,814] {scheduler_job.py:629} INFO - Processing file /opt/airflow/dags/parallel_dag.py for tasks to queue
[2022-11-02 11:10:58,815] {logging_mixin.py:104} INFO - [2022-11-02 11:10:58,815] {dagbag.py:448} INFO - Filling up the DagBag from /opt/airflow/dags/parallel_dag.py
[2022-11-02 11:10:58,837] {scheduler_job.py:639} INFO - DAG(s) dict_keys(['parallel_dag']) retrieved from /opt/airflow/dags/parallel_dag.py
[2022-11-02 11:10:58,863] {logging_mixin.py:104} INFO - [2022-11-02 11:10:58,863] {dag.py:1818} INFO - Sync 1 DAGs
[2022-11-02 11:10:58,890] {logging_mixin.py:104} INFO - [2022-11-02 11:10:58,890] {dag.py:2273} INFO - Setting next_dagrun for parallel_dag to 2022-11-01 00:00:00+00:00
[2022-11-02 11:10:58,896] {scheduler_job.py:190} INFO - Processing /opt/airflow/dags/parallel_dag.py took 0.086 seconds
[2022-11-02 11:11:29,327] {scheduler_job.py:182} INFO - Started process (PID=2625) to work on /opt/airflow/dags/parallel_dag.py
[2022-11-02 11:11:29,328] {scheduler_job.py:629} INFO - Processing file /opt/airflow/dags/parallel_dag.py for tasks to queue
[2022-11-02 11:11:29,329] {logging_mixin.py:104} INFO - [2022-11-02 11:11:29,329] {dagbag.py:448} INFO - Filling up the DagBag from /opt/airflow/dags/parallel_dag.py
[2022-11-02 11:11:29,343] {scheduler_job.py:639} INFO - DAG(s) dict_keys(['parallel_dag']) retrieved from /opt/airflow/dags/parallel_dag.py
[2022-11-02 11:11:29,372] {logging_mixin.py:104} INFO - [2022-11-02 11:11:29,372] {dag.py:1818} INFO - Sync 1 DAGs
[2022-11-02 11:11:29,411] {logging_mixin.py:104} INFO - [2022-11-02 11:11:29,411] {dag.py:2273} INFO - Setting next_dagrun for parallel_dag to 2022-11-01 00:00:00+00:00
[2022-11-02 11:11:29,428] {scheduler_job.py:190} INFO - Processing /opt/airflow/dags/parallel_dag.py took 0.105 seconds
