[2022-10-31 20:57:47,483] {taskinstance.py:851} INFO - Dependencies all met for <TaskInstance: user_processing.create_table 2022-10-30T00:00:00+00:00 [queued]>
[2022-10-31 20:57:47,495] {taskinstance.py:851} INFO - Dependencies all met for <TaskInstance: user_processing.create_table 2022-10-30T00:00:00+00:00 [queued]>
[2022-10-31 20:57:47,495] {taskinstance.py:1042} INFO - 
--------------------------------------------------------------------------------
[2022-10-31 20:57:47,495] {taskinstance.py:1043} INFO - Starting attempt 1 of 1
[2022-10-31 20:57:47,495] {taskinstance.py:1044} INFO - 
--------------------------------------------------------------------------------
[2022-10-31 20:57:47,502] {taskinstance.py:1063} INFO - Executing <Task(PostgresOperator): create_table> on 2022-10-30T00:00:00+00:00
[2022-10-31 20:57:47,507] {standard_task_runner.py:52} INFO - Started process 95 to run task
[2022-10-31 20:57:47,510] {standard_task_runner.py:76} INFO - Running: ['airflow', 'tasks', 'run', 'user_processing', 'create_table', '2022-10-30T00:00:00+00:00', '--job-id', '19', '--pool', 'default_pool', '--raw', '--subdir', 'DAGS_FOLDER/user_processing.py', '--cfg-path', '/tmp/tmphd4sco7u', '--error-file', '/tmp/tmpcgvgb4dq']
[2022-10-31 20:57:47,511] {standard_task_runner.py:77} INFO - Job 19: Subtask create_table
[2022-10-31 20:57:47,546] {logging_mixin.py:104} INFO - Running <TaskInstance: user_processing.create_table 2022-10-30T00:00:00+00:00 [running]> on host 8311e947f87b
[2022-10-31 20:57:47,578] {taskinstance.py:1257} INFO - Exporting the following env vars:
AIRFLOW_CTX_DAG_OWNER=airflow
AIRFLOW_CTX_DAG_ID=user_processing
AIRFLOW_CTX_TASK_ID=create_table
AIRFLOW_CTX_EXECUTION_DATE=2022-10-30T00:00:00+00:00
AIRFLOW_CTX_DAG_RUN_ID=scheduled__2022-10-30T00:00:00+00:00
[2022-10-31 20:57:47,578] {postgres.py:69} INFO - Executing: 
                CREATE TABLE IF NOT EXISTS users (
                firstname TEXT NOT NULL,
                lastname TEXT NOT NULL,
                country TEXT NOT NULL,
                username TEXT NOT NULL,
                password TEXT NOT NULL,
                email TEXT NOT NULL
                );
            
[2022-10-31 20:57:47,586] {base.py:74} INFO - Using connection to: id: postgres. Host: postgres, Port: 5432, Schema: , Login: airflow, Password: XXXXXXXX, extra: None
[2022-10-31 20:57:47,589] {dbapi.py:180} INFO - Running statement: 
                CREATE TABLE IF NOT EXISTS users (
                firstname TEXT NOT NULL,
                lastname TEXT NOT NULL,
                country TEXT NOT NULL,
                username TEXT NOT NULL,
                password TEXT NOT NULL,
                email TEXT NOT NULL
                );
            , parameters: None
[2022-10-31 20:57:47,595] {dbapi.py:186} INFO - Rows affected: -1
[2022-10-31 20:57:47,604] {taskinstance.py:1166} INFO - Marking task as SUCCESS. dag_id=user_processing, task_id=create_table, execution_date=20221030T000000, start_date=20221031T205747, end_date=20221031T205747
[2022-10-31 20:57:47,623] {taskinstance.py:1220} INFO - 0 downstream tasks scheduled from follow-on schedule check
[2022-10-31 20:57:47,641] {local_task_job.py:146} INFO - Task exited with return code 0
