[2022-10-31 20:34:27,534] {scheduler_job.py:182} INFO - Started process (PID=41) to work on /home/airflow/.local/lib/python3.6/site-packages/airflow/example_dags/example_xcom.py
[2022-10-31 20:34:27,535] {scheduler_job.py:629} INFO - Processing file /home/airflow/.local/lib/python3.6/site-packages/airflow/example_dags/example_xcom.py for tasks to queue
[2022-10-31 20:34:27,535] {logging_mixin.py:104} INFO - [2022-10-31 20:34:27,535] {dagbag.py:448} INFO - Filling up the DagBag from /home/airflow/.local/lib/python3.6/site-packages/airflow/example_dags/example_xcom.py
[2022-10-31 20:34:27,544] {scheduler_job.py:639} INFO - DAG(s) dict_keys(['example_xcom']) retrieved from /home/airflow/.local/lib/python3.6/site-packages/airflow/example_dags/example_xcom.py
[2022-10-31 20:34:27,558] {logging_mixin.py:104} INFO - [2022-10-31 20:34:27,558] {dag.py:1818} INFO - Sync 1 DAGs
[2022-10-31 20:34:27,565] {logging_mixin.py:104} INFO - [2022-10-31 20:34:27,565] {dag.py:1837} INFO - Creating ORM DAG for example_xcom
[2022-10-31 20:34:27,569] {logging_mixin.py:104} INFO - [2022-10-31 20:34:27,569] {dag.py:2273} INFO - Setting next_dagrun for example_xcom to 2022-10-29 00:00:00+00:00
[2022-10-31 20:34:27,578] {scheduler_job.py:190} INFO - Processing /home/airflow/.local/lib/python3.6/site-packages/airflow/example_dags/example_xcom.py took 0.046 seconds
[2022-10-31 20:34:58,413] {scheduler_job.py:182} INFO - Started process (PID=67) to work on /home/airflow/.local/lib/python3.6/site-packages/airflow/example_dags/example_xcom.py
[2022-10-31 20:34:58,413] {scheduler_job.py:629} INFO - Processing file /home/airflow/.local/lib/python3.6/site-packages/airflow/example_dags/example_xcom.py for tasks to queue
[2022-10-31 20:34:58,414] {logging_mixin.py:104} INFO - [2022-10-31 20:34:58,414] {dagbag.py:448} INFO - Filling up the DagBag from /home/airflow/.local/lib/python3.6/site-packages/airflow/example_dags/example_xcom.py
[2022-10-31 20:34:58,422] {scheduler_job.py:639} INFO - DAG(s) dict_keys(['example_xcom']) retrieved from /home/airflow/.local/lib/python3.6/site-packages/airflow/example_dags/example_xcom.py
[2022-10-31 20:34:58,436] {logging_mixin.py:104} INFO - [2022-10-31 20:34:58,436] {dag.py:1818} INFO - Sync 1 DAGs
[2022-10-31 20:34:58,446] {logging_mixin.py:104} INFO - [2022-10-31 20:34:58,446] {dag.py:2273} INFO - Setting next_dagrun for example_xcom to 2022-10-29 00:00:00+00:00
[2022-10-31 20:34:58,452] {scheduler_job.py:190} INFO - Processing /home/airflow/.local/lib/python3.6/site-packages/airflow/example_dags/example_xcom.py took 0.041 seconds
[2022-10-31 20:35:29,182] {scheduler_job.py:182} INFO - Started process (PID=93) to work on /home/airflow/.local/lib/python3.6/site-packages/airflow/example_dags/example_xcom.py
[2022-10-31 20:35:29,183] {scheduler_job.py:629} INFO - Processing file /home/airflow/.local/lib/python3.6/site-packages/airflow/example_dags/example_xcom.py for tasks to queue
[2022-10-31 20:35:29,183] {logging_mixin.py:104} INFO - [2022-10-31 20:35:29,183] {dagbag.py:448} INFO - Filling up the DagBag from /home/airflow/.local/lib/python3.6/site-packages/airflow/example_dags/example_xcom.py
[2022-10-31 20:35:29,193] {scheduler_job.py:639} INFO - DAG(s) dict_keys(['example_xcom']) retrieved from /home/airflow/.local/lib/python3.6/site-packages/airflow/example_dags/example_xcom.py
[2022-10-31 20:35:29,206] {logging_mixin.py:104} INFO - [2022-10-31 20:35:29,206] {dag.py:1818} INFO - Sync 1 DAGs
[2022-10-31 20:35:29,216] {logging_mixin.py:104} INFO - [2022-10-31 20:35:29,216] {dag.py:2273} INFO - Setting next_dagrun for example_xcom to 2022-10-29 00:00:00+00:00
[2022-10-31 20:35:29,222] {scheduler_job.py:190} INFO - Processing /home/airflow/.local/lib/python3.6/site-packages/airflow/example_dags/example_xcom.py took 0.041 seconds
[2022-10-31 20:36:00,028] {scheduler_job.py:182} INFO - Started process (PID=119) to work on /home/airflow/.local/lib/python3.6/site-packages/airflow/example_dags/example_xcom.py
[2022-10-31 20:36:00,029] {scheduler_job.py:629} INFO - Processing file /home/airflow/.local/lib/python3.6/site-packages/airflow/example_dags/example_xcom.py for tasks to queue
[2022-10-31 20:36:00,030] {logging_mixin.py:104} INFO - [2022-10-31 20:36:00,029] {dagbag.py:448} INFO - Filling up the DagBag from /home/airflow/.local/lib/python3.6/site-packages/airflow/example_dags/example_xcom.py
[2022-10-31 20:36:00,037] {scheduler_job.py:639} INFO - DAG(s) dict_keys(['example_xcom']) retrieved from /home/airflow/.local/lib/python3.6/site-packages/airflow/example_dags/example_xcom.py
[2022-10-31 20:36:00,051] {logging_mixin.py:104} INFO - [2022-10-31 20:36:00,050] {dag.py:1818} INFO - Sync 1 DAGs
[2022-10-31 20:36:00,061] {logging_mixin.py:104} INFO - [2022-10-31 20:36:00,061] {dag.py:2273} INFO - Setting next_dagrun for example_xcom to 2022-10-29 00:00:00+00:00
[2022-10-31 20:36:00,067] {scheduler_job.py:190} INFO - Processing /home/airflow/.local/lib/python3.6/site-packages/airflow/example_dags/example_xcom.py took 0.041 seconds
[2022-10-31 20:36:30,915] {scheduler_job.py:182} INFO - Started process (PID=145) to work on /home/airflow/.local/lib/python3.6/site-packages/airflow/example_dags/example_xcom.py
[2022-10-31 20:36:30,916] {scheduler_job.py:629} INFO - Processing file /home/airflow/.local/lib/python3.6/site-packages/airflow/example_dags/example_xcom.py for tasks to queue
[2022-10-31 20:36:30,916] {logging_mixin.py:104} INFO - [2022-10-31 20:36:30,916] {dagbag.py:448} INFO - Filling up the DagBag from /home/airflow/.local/lib/python3.6/site-packages/airflow/example_dags/example_xcom.py
[2022-10-31 20:36:30,924] {scheduler_job.py:639} INFO - DAG(s) dict_keys(['example_xcom']) retrieved from /home/airflow/.local/lib/python3.6/site-packages/airflow/example_dags/example_xcom.py
[2022-10-31 20:36:30,937] {logging_mixin.py:104} INFO - [2022-10-31 20:36:30,937] {dag.py:1818} INFO - Sync 1 DAGs
[2022-10-31 20:36:30,947] {logging_mixin.py:104} INFO - [2022-10-31 20:36:30,947] {dag.py:2273} INFO - Setting next_dagrun for example_xcom to 2022-10-29 00:00:00+00:00
[2022-10-31 20:36:30,953] {scheduler_job.py:190} INFO - Processing /home/airflow/.local/lib/python3.6/site-packages/airflow/example_dags/example_xcom.py took 0.040 seconds
[2022-10-31 20:37:01,695] {scheduler_job.py:182} INFO - Started process (PID=171) to work on /home/airflow/.local/lib/python3.6/site-packages/airflow/example_dags/example_xcom.py
[2022-10-31 20:37:01,696] {scheduler_job.py:629} INFO - Processing file /home/airflow/.local/lib/python3.6/site-packages/airflow/example_dags/example_xcom.py for tasks to queue
[2022-10-31 20:37:01,697] {logging_mixin.py:104} INFO - [2022-10-31 20:37:01,697] {dagbag.py:448} INFO - Filling up the DagBag from /home/airflow/.local/lib/python3.6/site-packages/airflow/example_dags/example_xcom.py
[2022-10-31 20:37:01,705] {scheduler_job.py:639} INFO - DAG(s) dict_keys(['example_xcom']) retrieved from /home/airflow/.local/lib/python3.6/site-packages/airflow/example_dags/example_xcom.py
[2022-10-31 20:37:01,720] {logging_mixin.py:104} INFO - [2022-10-31 20:37:01,720] {dag.py:1818} INFO - Sync 1 DAGs
[2022-10-31 20:37:01,734] {logging_mixin.py:104} INFO - [2022-10-31 20:37:01,734] {dag.py:2273} INFO - Setting next_dagrun for example_xcom to 2022-10-29 00:00:00+00:00
[2022-10-31 20:37:01,741] {scheduler_job.py:190} INFO - Processing /home/airflow/.local/lib/python3.6/site-packages/airflow/example_dags/example_xcom.py took 0.047 seconds
[2022-10-31 20:37:34,680] {scheduler_job.py:182} INFO - Started process (PID=45) to work on /home/airflow/.local/lib/python3.6/site-packages/airflow/example_dags/example_xcom.py
[2022-10-31 20:37:34,681] {scheduler_job.py:629} INFO - Processing file /home/airflow/.local/lib/python3.6/site-packages/airflow/example_dags/example_xcom.py for tasks to queue
[2022-10-31 20:37:34,681] {logging_mixin.py:104} INFO - [2022-10-31 20:37:34,681] {dagbag.py:448} INFO - Filling up the DagBag from /home/airflow/.local/lib/python3.6/site-packages/airflow/example_dags/example_xcom.py
[2022-10-31 20:37:34,691] {scheduler_job.py:639} INFO - DAG(s) dict_keys(['example_xcom']) retrieved from /home/airflow/.local/lib/python3.6/site-packages/airflow/example_dags/example_xcom.py
[2022-10-31 20:37:34,709] {logging_mixin.py:104} INFO - [2022-10-31 20:37:34,709] {dag.py:1818} INFO - Sync 1 DAGs
[2022-10-31 20:37:34,721] {logging_mixin.py:104} INFO - [2022-10-31 20:37:34,721] {dag.py:2273} INFO - Setting next_dagrun for example_xcom to 2022-10-29 00:00:00+00:00
[2022-10-31 20:37:34,728] {scheduler_job.py:190} INFO - Processing /home/airflow/.local/lib/python3.6/site-packages/airflow/example_dags/example_xcom.py took 0.050 seconds
[2022-10-31 20:38:04,743] {scheduler_job.py:182} INFO - Started process (PID=71) to work on /home/airflow/.local/lib/python3.6/site-packages/airflow/example_dags/example_xcom.py
[2022-10-31 20:38:04,743] {scheduler_job.py:629} INFO - Processing file /home/airflow/.local/lib/python3.6/site-packages/airflow/example_dags/example_xcom.py for tasks to queue
[2022-10-31 20:38:04,744] {logging_mixin.py:104} INFO - [2022-10-31 20:38:04,744] {dagbag.py:448} INFO - Filling up the DagBag from /home/airflow/.local/lib/python3.6/site-packages/airflow/example_dags/example_xcom.py
[2022-10-31 20:38:04,755] {scheduler_job.py:639} INFO - DAG(s) dict_keys(['example_xcom']) retrieved from /home/airflow/.local/lib/python3.6/site-packages/airflow/example_dags/example_xcom.py
[2022-10-31 20:38:04,775] {logging_mixin.py:104} INFO - [2022-10-31 20:38:04,775] {dag.py:1818} INFO - Sync 1 DAGs
[2022-10-31 20:38:04,788] {logging_mixin.py:104} INFO - [2022-10-31 20:38:04,788] {dag.py:2273} INFO - Setting next_dagrun for example_xcom to 2022-10-29 00:00:00+00:00
[2022-10-31 20:38:04,795] {scheduler_job.py:190} INFO - Processing /home/airflow/.local/lib/python3.6/site-packages/airflow/example_dags/example_xcom.py took 0.054 seconds
[2022-10-31 20:38:34,810] {scheduler_job.py:182} INFO - Started process (PID=97) to work on /home/airflow/.local/lib/python3.6/site-packages/airflow/example_dags/example_xcom.py
[2022-10-31 20:38:34,811] {scheduler_job.py:629} INFO - Processing file /home/airflow/.local/lib/python3.6/site-packages/airflow/example_dags/example_xcom.py for tasks to queue
[2022-10-31 20:38:34,811] {logging_mixin.py:104} INFO - [2022-10-31 20:38:34,811] {dagbag.py:448} INFO - Filling up the DagBag from /home/airflow/.local/lib/python3.6/site-packages/airflow/example_dags/example_xcom.py
[2022-10-31 20:38:34,819] {scheduler_job.py:639} INFO - DAG(s) dict_keys(['example_xcom']) retrieved from /home/airflow/.local/lib/python3.6/site-packages/airflow/example_dags/example_xcom.py
[2022-10-31 20:38:34,833] {logging_mixin.py:104} INFO - [2022-10-31 20:38:34,833] {dag.py:1818} INFO - Sync 1 DAGs
[2022-10-31 20:38:34,843] {logging_mixin.py:104} INFO - [2022-10-31 20:38:34,843] {dag.py:2273} INFO - Setting next_dagrun for example_xcom to 2022-10-29 00:00:00+00:00
[2022-10-31 20:38:34,848] {scheduler_job.py:190} INFO - Processing /home/airflow/.local/lib/python3.6/site-packages/airflow/example_dags/example_xcom.py took 0.040 seconds
[2022-10-31 20:39:05,421] {scheduler_job.py:182} INFO - Started process (PID=136) to work on /home/airflow/.local/lib/python3.6/site-packages/airflow/example_dags/example_xcom.py
[2022-10-31 20:39:05,421] {scheduler_job.py:629} INFO - Processing file /home/airflow/.local/lib/python3.6/site-packages/airflow/example_dags/example_xcom.py for tasks to queue
[2022-10-31 20:39:05,422] {logging_mixin.py:104} INFO - [2022-10-31 20:39:05,422] {dagbag.py:448} INFO - Filling up the DagBag from /home/airflow/.local/lib/python3.6/site-packages/airflow/example_dags/example_xcom.py
[2022-10-31 20:39:05,432] {scheduler_job.py:639} INFO - DAG(s) dict_keys(['example_xcom']) retrieved from /home/airflow/.local/lib/python3.6/site-packages/airflow/example_dags/example_xcom.py
[2022-10-31 20:39:05,447] {logging_mixin.py:104} INFO - [2022-10-31 20:39:05,447] {dag.py:1818} INFO - Sync 1 DAGs
[2022-10-31 20:39:05,459] {logging_mixin.py:104} INFO - [2022-10-31 20:39:05,459] {dag.py:2273} INFO - Setting next_dagrun for example_xcom to 2022-10-29 00:00:00+00:00
[2022-10-31 20:39:05,466] {scheduler_job.py:190} INFO - Processing /home/airflow/.local/lib/python3.6/site-packages/airflow/example_dags/example_xcom.py took 0.048 seconds
[2022-10-31 20:39:36,353] {scheduler_job.py:182} INFO - Started process (PID=162) to work on /home/airflow/.local/lib/python3.6/site-packages/airflow/example_dags/example_xcom.py
[2022-10-31 20:39:36,353] {scheduler_job.py:629} INFO - Processing file /home/airflow/.local/lib/python3.6/site-packages/airflow/example_dags/example_xcom.py for tasks to queue
[2022-10-31 20:39:36,354] {logging_mixin.py:104} INFO - [2022-10-31 20:39:36,353] {dagbag.py:448} INFO - Filling up the DagBag from /home/airflow/.local/lib/python3.6/site-packages/airflow/example_dags/example_xcom.py
[2022-10-31 20:39:36,362] {scheduler_job.py:639} INFO - DAG(s) dict_keys(['example_xcom']) retrieved from /home/airflow/.local/lib/python3.6/site-packages/airflow/example_dags/example_xcom.py
[2022-10-31 20:39:36,376] {logging_mixin.py:104} INFO - [2022-10-31 20:39:36,376] {dag.py:1818} INFO - Sync 1 DAGs
[2022-10-31 20:39:36,389] {logging_mixin.py:104} INFO - [2022-10-31 20:39:36,389] {dag.py:2273} INFO - Setting next_dagrun for example_xcom to 2022-10-29 00:00:00+00:00
[2022-10-31 20:39:36,395] {scheduler_job.py:190} INFO - Processing /home/airflow/.local/lib/python3.6/site-packages/airflow/example_dags/example_xcom.py took 0.044 seconds
[2022-10-31 20:40:07,296] {scheduler_job.py:182} INFO - Started process (PID=188) to work on /home/airflow/.local/lib/python3.6/site-packages/airflow/example_dags/example_xcom.py
[2022-10-31 20:40:07,297] {scheduler_job.py:629} INFO - Processing file /home/airflow/.local/lib/python3.6/site-packages/airflow/example_dags/example_xcom.py for tasks to queue
[2022-10-31 20:40:07,297] {logging_mixin.py:104} INFO - [2022-10-31 20:40:07,297] {dagbag.py:448} INFO - Filling up the DagBag from /home/airflow/.local/lib/python3.6/site-packages/airflow/example_dags/example_xcom.py
[2022-10-31 20:40:07,305] {scheduler_job.py:639} INFO - DAG(s) dict_keys(['example_xcom']) retrieved from /home/airflow/.local/lib/python3.6/site-packages/airflow/example_dags/example_xcom.py
[2022-10-31 20:40:07,319] {logging_mixin.py:104} INFO - [2022-10-31 20:40:07,319] {dag.py:1818} INFO - Sync 1 DAGs
[2022-10-31 20:40:07,329] {logging_mixin.py:104} INFO - [2022-10-31 20:40:07,329] {dag.py:2273} INFO - Setting next_dagrun for example_xcom to 2022-10-29 00:00:00+00:00
[2022-10-31 20:40:07,334] {scheduler_job.py:190} INFO - Processing /home/airflow/.local/lib/python3.6/site-packages/airflow/example_dags/example_xcom.py took 0.041 seconds
[2022-10-31 20:40:38,170] {scheduler_job.py:182} INFO - Started process (PID=214) to work on /home/airflow/.local/lib/python3.6/site-packages/airflow/example_dags/example_xcom.py
[2022-10-31 20:40:38,170] {scheduler_job.py:629} INFO - Processing file /home/airflow/.local/lib/python3.6/site-packages/airflow/example_dags/example_xcom.py for tasks to queue
[2022-10-31 20:40:38,171] {logging_mixin.py:104} INFO - [2022-10-31 20:40:38,171] {dagbag.py:448} INFO - Filling up the DagBag from /home/airflow/.local/lib/python3.6/site-packages/airflow/example_dags/example_xcom.py
[2022-10-31 20:40:38,179] {scheduler_job.py:639} INFO - DAG(s) dict_keys(['example_xcom']) retrieved from /home/airflow/.local/lib/python3.6/site-packages/airflow/example_dags/example_xcom.py
[2022-10-31 20:40:38,192] {logging_mixin.py:104} INFO - [2022-10-31 20:40:38,192] {dag.py:1818} INFO - Sync 1 DAGs
[2022-10-31 20:40:38,202] {logging_mixin.py:104} INFO - [2022-10-31 20:40:38,202] {dag.py:2273} INFO - Setting next_dagrun for example_xcom to 2022-10-29 00:00:00+00:00
[2022-10-31 20:40:38,208] {scheduler_job.py:190} INFO - Processing /home/airflow/.local/lib/python3.6/site-packages/airflow/example_dags/example_xcom.py took 0.040 seconds
[2022-10-31 20:41:09,112] {scheduler_job.py:182} INFO - Started process (PID=240) to work on /home/airflow/.local/lib/python3.6/site-packages/airflow/example_dags/example_xcom.py
[2022-10-31 20:41:09,112] {scheduler_job.py:629} INFO - Processing file /home/airflow/.local/lib/python3.6/site-packages/airflow/example_dags/example_xcom.py for tasks to queue
[2022-10-31 20:41:09,113] {logging_mixin.py:104} INFO - [2022-10-31 20:41:09,112] {dagbag.py:448} INFO - Filling up the DagBag from /home/airflow/.local/lib/python3.6/site-packages/airflow/example_dags/example_xcom.py
[2022-10-31 20:41:09,121] {scheduler_job.py:639} INFO - DAG(s) dict_keys(['example_xcom']) retrieved from /home/airflow/.local/lib/python3.6/site-packages/airflow/example_dags/example_xcom.py
[2022-10-31 20:41:09,135] {logging_mixin.py:104} INFO - [2022-10-31 20:41:09,135] {dag.py:1818} INFO - Sync 1 DAGs
[2022-10-31 20:41:09,145] {logging_mixin.py:104} INFO - [2022-10-31 20:41:09,145] {dag.py:2273} INFO - Setting next_dagrun for example_xcom to 2022-10-29 00:00:00+00:00
[2022-10-31 20:41:09,150] {scheduler_job.py:190} INFO - Processing /home/airflow/.local/lib/python3.6/site-packages/airflow/example_dags/example_xcom.py took 0.041 seconds
[2022-10-31 20:41:40,058] {scheduler_job.py:182} INFO - Started process (PID=266) to work on /home/airflow/.local/lib/python3.6/site-packages/airflow/example_dags/example_xcom.py
[2022-10-31 20:41:40,060] {scheduler_job.py:629} INFO - Processing file /home/airflow/.local/lib/python3.6/site-packages/airflow/example_dags/example_xcom.py for tasks to queue
[2022-10-31 20:41:40,062] {logging_mixin.py:104} INFO - [2022-10-31 20:41:40,061] {dagbag.py:448} INFO - Filling up the DagBag from /home/airflow/.local/lib/python3.6/site-packages/airflow/example_dags/example_xcom.py
[2022-10-31 20:41:40,075] {scheduler_job.py:639} INFO - DAG(s) dict_keys(['example_xcom']) retrieved from /home/airflow/.local/lib/python3.6/site-packages/airflow/example_dags/example_xcom.py
[2022-10-31 20:41:40,091] {logging_mixin.py:104} INFO - [2022-10-31 20:41:40,091] {dag.py:1818} INFO - Sync 1 DAGs
[2022-10-31 20:41:40,106] {logging_mixin.py:104} INFO - [2022-10-31 20:41:40,106] {dag.py:2273} INFO - Setting next_dagrun for example_xcom to 2022-10-29 00:00:00+00:00
[2022-10-31 20:41:40,113] {scheduler_job.py:190} INFO - Processing /home/airflow/.local/lib/python3.6/site-packages/airflow/example_dags/example_xcom.py took 0.063 seconds
[2022-10-31 20:42:10,921] {scheduler_job.py:182} INFO - Started process (PID=292) to work on /home/airflow/.local/lib/python3.6/site-packages/airflow/example_dags/example_xcom.py
[2022-10-31 20:42:10,922] {scheduler_job.py:629} INFO - Processing file /home/airflow/.local/lib/python3.6/site-packages/airflow/example_dags/example_xcom.py for tasks to queue
[2022-10-31 20:42:10,923] {logging_mixin.py:104} INFO - [2022-10-31 20:42:10,923] {dagbag.py:448} INFO - Filling up the DagBag from /home/airflow/.local/lib/python3.6/site-packages/airflow/example_dags/example_xcom.py
[2022-10-31 20:42:10,932] {scheduler_job.py:639} INFO - DAG(s) dict_keys(['example_xcom']) retrieved from /home/airflow/.local/lib/python3.6/site-packages/airflow/example_dags/example_xcom.py
[2022-10-31 20:42:10,948] {logging_mixin.py:104} INFO - [2022-10-31 20:42:10,948] {dag.py:1818} INFO - Sync 1 DAGs
[2022-10-31 20:42:10,960] {logging_mixin.py:104} INFO - [2022-10-31 20:42:10,959] {dag.py:2273} INFO - Setting next_dagrun for example_xcom to 2022-10-29 00:00:00+00:00
[2022-10-31 20:42:10,966] {scheduler_job.py:190} INFO - Processing /home/airflow/.local/lib/python3.6/site-packages/airflow/example_dags/example_xcom.py took 0.048 seconds
[2022-10-31 20:42:41,679] {scheduler_job.py:182} INFO - Started process (PID=320) to work on /home/airflow/.local/lib/python3.6/site-packages/airflow/example_dags/example_xcom.py
[2022-10-31 20:42:41,679] {scheduler_job.py:629} INFO - Processing file /home/airflow/.local/lib/python3.6/site-packages/airflow/example_dags/example_xcom.py for tasks to queue
[2022-10-31 20:42:41,680] {logging_mixin.py:104} INFO - [2022-10-31 20:42:41,680] {dagbag.py:448} INFO - Filling up the DagBag from /home/airflow/.local/lib/python3.6/site-packages/airflow/example_dags/example_xcom.py
[2022-10-31 20:42:41,691] {scheduler_job.py:639} INFO - DAG(s) dict_keys(['example_xcom']) retrieved from /home/airflow/.local/lib/python3.6/site-packages/airflow/example_dags/example_xcom.py
[2022-10-31 20:42:41,708] {logging_mixin.py:104} INFO - [2022-10-31 20:42:41,708] {dag.py:1818} INFO - Sync 1 DAGs
[2022-10-31 20:42:41,720] {logging_mixin.py:104} INFO - [2022-10-31 20:42:41,720] {dag.py:2273} INFO - Setting next_dagrun for example_xcom to 2022-10-29 00:00:00+00:00
[2022-10-31 20:42:41,731] {scheduler_job.py:190} INFO - Processing /home/airflow/.local/lib/python3.6/site-packages/airflow/example_dags/example_xcom.py took 0.054 seconds
[2022-10-31 20:43:11,802] {scheduler_job.py:182} INFO - Started process (PID=345) to work on /home/airflow/.local/lib/python3.6/site-packages/airflow/example_dags/example_xcom.py
[2022-10-31 20:43:11,803] {scheduler_job.py:629} INFO - Processing file /home/airflow/.local/lib/python3.6/site-packages/airflow/example_dags/example_xcom.py for tasks to queue
[2022-10-31 20:43:11,803] {logging_mixin.py:104} INFO - [2022-10-31 20:43:11,803] {dagbag.py:448} INFO - Filling up the DagBag from /home/airflow/.local/lib/python3.6/site-packages/airflow/example_dags/example_xcom.py
[2022-10-31 20:43:11,811] {scheduler_job.py:639} INFO - DAG(s) dict_keys(['example_xcom']) retrieved from /home/airflow/.local/lib/python3.6/site-packages/airflow/example_dags/example_xcom.py
[2022-10-31 20:43:11,825] {logging_mixin.py:104} INFO - [2022-10-31 20:43:11,825] {dag.py:1818} INFO - Sync 1 DAGs
[2022-10-31 20:43:11,835] {logging_mixin.py:104} INFO - [2022-10-31 20:43:11,835] {dag.py:2273} INFO - Setting next_dagrun for example_xcom to 2022-10-29 00:00:00+00:00
[2022-10-31 20:43:11,842] {scheduler_job.py:190} INFO - Processing /home/airflow/.local/lib/python3.6/site-packages/airflow/example_dags/example_xcom.py took 0.042 seconds
[2022-10-31 20:43:41,971] {scheduler_job.py:182} INFO - Started process (PID=372) to work on /home/airflow/.local/lib/python3.6/site-packages/airflow/example_dags/example_xcom.py
[2022-10-31 20:43:41,972] {scheduler_job.py:629} INFO - Processing file /home/airflow/.local/lib/python3.6/site-packages/airflow/example_dags/example_xcom.py for tasks to queue
[2022-10-31 20:43:41,972] {logging_mixin.py:104} INFO - [2022-10-31 20:43:41,972] {dagbag.py:448} INFO - Filling up the DagBag from /home/airflow/.local/lib/python3.6/site-packages/airflow/example_dags/example_xcom.py
[2022-10-31 20:43:41,980] {scheduler_job.py:639} INFO - DAG(s) dict_keys(['example_xcom']) retrieved from /home/airflow/.local/lib/python3.6/site-packages/airflow/example_dags/example_xcom.py
[2022-10-31 20:43:41,993] {logging_mixin.py:104} INFO - [2022-10-31 20:43:41,993] {dag.py:1818} INFO - Sync 1 DAGs
[2022-10-31 20:43:42,002] {logging_mixin.py:104} INFO - [2022-10-31 20:43:42,002] {dag.py:2273} INFO - Setting next_dagrun for example_xcom to 2022-10-29 00:00:00+00:00
[2022-10-31 20:43:42,009] {scheduler_job.py:190} INFO - Processing /home/airflow/.local/lib/python3.6/site-packages/airflow/example_dags/example_xcom.py took 0.040 seconds
[2022-10-31 20:44:12,413] {scheduler_job.py:182} INFO - Started process (PID=404) to work on /home/airflow/.local/lib/python3.6/site-packages/airflow/example_dags/example_xcom.py
[2022-10-31 20:44:12,414] {scheduler_job.py:629} INFO - Processing file /home/airflow/.local/lib/python3.6/site-packages/airflow/example_dags/example_xcom.py for tasks to queue
[2022-10-31 20:44:12,414] {logging_mixin.py:104} INFO - [2022-10-31 20:44:12,414] {dagbag.py:448} INFO - Filling up the DagBag from /home/airflow/.local/lib/python3.6/site-packages/airflow/example_dags/example_xcom.py
[2022-10-31 20:44:12,423] {scheduler_job.py:639} INFO - DAG(s) dict_keys(['example_xcom']) retrieved from /home/airflow/.local/lib/python3.6/site-packages/airflow/example_dags/example_xcom.py
[2022-10-31 20:44:12,435] {logging_mixin.py:104} INFO - [2022-10-31 20:44:12,435] {dag.py:1818} INFO - Sync 1 DAGs
[2022-10-31 20:44:12,447] {logging_mixin.py:104} INFO - [2022-10-31 20:44:12,447] {dag.py:2273} INFO - Setting next_dagrun for example_xcom to 2022-10-29 00:00:00+00:00
[2022-10-31 20:44:12,452] {scheduler_job.py:190} INFO - Processing /home/airflow/.local/lib/python3.6/site-packages/airflow/example_dags/example_xcom.py took 0.041 seconds
