[2022-10-31 20:34:27,926] {scheduler_job.py:182} INFO - Started process (PID=55) to work on /home/airflow/.local/lib/python3.6/site-packages/airflow/example_dags/example_kubernetes_executor.py
[2022-10-31 20:34:27,927] {scheduler_job.py:629} INFO - Processing file /home/airflow/.local/lib/python3.6/site-packages/airflow/example_dags/example_kubernetes_executor.py for tasks to queue
[2022-10-31 20:34:27,927] {logging_mixin.py:104} INFO - [2022-10-31 20:34:27,927] {dagbag.py:448} INFO - Filling up the DagBag from /home/airflow/.local/lib/python3.6/site-packages/airflow/example_dags/example_kubernetes_executor.py
[2022-10-31 20:34:27,936] {scheduler_job.py:639} INFO - DAG(s) dict_keys(['example_kubernetes_executor']) retrieved from /home/airflow/.local/lib/python3.6/site-packages/airflow/example_dags/example_kubernetes_executor.py
[2022-10-31 20:34:27,950] {logging_mixin.py:104} INFO - [2022-10-31 20:34:27,950] {dag.py:1818} INFO - Sync 1 DAGs
[2022-10-31 20:34:27,957] {logging_mixin.py:104} INFO - [2022-10-31 20:34:27,956] {dag.py:1837} INFO - Creating ORM DAG for example_kubernetes_executor
[2022-10-31 20:34:27,960] {logging_mixin.py:104} INFO - [2022-10-31 20:34:27,960] {dag.py:2273} INFO - Setting next_dagrun for example_kubernetes_executor to None
[2022-10-31 20:34:27,971] {scheduler_job.py:190} INFO - Processing /home/airflow/.local/lib/python3.6/site-packages/airflow/example_dags/example_kubernetes_executor.py took 0.046 seconds
[2022-10-31 20:34:58,748] {scheduler_job.py:182} INFO - Started process (PID=81) to work on /home/airflow/.local/lib/python3.6/site-packages/airflow/example_dags/example_kubernetes_executor.py
[2022-10-31 20:34:58,749] {scheduler_job.py:629} INFO - Processing file /home/airflow/.local/lib/python3.6/site-packages/airflow/example_dags/example_kubernetes_executor.py for tasks to queue
[2022-10-31 20:34:58,749] {logging_mixin.py:104} INFO - [2022-10-31 20:34:58,749] {dagbag.py:448} INFO - Filling up the DagBag from /home/airflow/.local/lib/python3.6/site-packages/airflow/example_dags/example_kubernetes_executor.py
[2022-10-31 20:34:58,757] {scheduler_job.py:639} INFO - DAG(s) dict_keys(['example_kubernetes_executor']) retrieved from /home/airflow/.local/lib/python3.6/site-packages/airflow/example_dags/example_kubernetes_executor.py
[2022-10-31 20:34:58,770] {logging_mixin.py:104} INFO - [2022-10-31 20:34:58,770] {dag.py:1818} INFO - Sync 1 DAGs
[2022-10-31 20:34:58,779] {logging_mixin.py:104} INFO - [2022-10-31 20:34:58,779] {dag.py:2273} INFO - Setting next_dagrun for example_kubernetes_executor to None
[2022-10-31 20:34:58,785] {scheduler_job.py:190} INFO - Processing /home/airflow/.local/lib/python3.6/site-packages/airflow/example_dags/example_kubernetes_executor.py took 0.039 seconds
[2022-10-31 20:35:29,587] {scheduler_job.py:182} INFO - Started process (PID=107) to work on /home/airflow/.local/lib/python3.6/site-packages/airflow/example_dags/example_kubernetes_executor.py
[2022-10-31 20:35:29,587] {scheduler_job.py:629} INFO - Processing file /home/airflow/.local/lib/python3.6/site-packages/airflow/example_dags/example_kubernetes_executor.py for tasks to queue
[2022-10-31 20:35:29,588] {logging_mixin.py:104} INFO - [2022-10-31 20:35:29,588] {dagbag.py:448} INFO - Filling up the DagBag from /home/airflow/.local/lib/python3.6/site-packages/airflow/example_dags/example_kubernetes_executor.py
[2022-10-31 20:35:29,599] {scheduler_job.py:639} INFO - DAG(s) dict_keys(['example_kubernetes_executor']) retrieved from /home/airflow/.local/lib/python3.6/site-packages/airflow/example_dags/example_kubernetes_executor.py
[2022-10-31 20:35:29,612] {logging_mixin.py:104} INFO - [2022-10-31 20:35:29,612] {dag.py:1818} INFO - Sync 1 DAGs
[2022-10-31 20:35:29,622] {logging_mixin.py:104} INFO - [2022-10-31 20:35:29,621] {dag.py:2273} INFO - Setting next_dagrun for example_kubernetes_executor to None
[2022-10-31 20:35:29,627] {scheduler_job.py:190} INFO - Processing /home/airflow/.local/lib/python3.6/site-packages/airflow/example_dags/example_kubernetes_executor.py took 0.042 seconds
[2022-10-31 20:36:00,378] {scheduler_job.py:182} INFO - Started process (PID=133) to work on /home/airflow/.local/lib/python3.6/site-packages/airflow/example_dags/example_kubernetes_executor.py
[2022-10-31 20:36:00,378] {scheduler_job.py:629} INFO - Processing file /home/airflow/.local/lib/python3.6/site-packages/airflow/example_dags/example_kubernetes_executor.py for tasks to queue
[2022-10-31 20:36:00,379] {logging_mixin.py:104} INFO - [2022-10-31 20:36:00,379] {dagbag.py:448} INFO - Filling up the DagBag from /home/airflow/.local/lib/python3.6/site-packages/airflow/example_dags/example_kubernetes_executor.py
[2022-10-31 20:36:00,387] {scheduler_job.py:639} INFO - DAG(s) dict_keys(['example_kubernetes_executor']) retrieved from /home/airflow/.local/lib/python3.6/site-packages/airflow/example_dags/example_kubernetes_executor.py
[2022-10-31 20:36:00,400] {logging_mixin.py:104} INFO - [2022-10-31 20:36:00,400] {dag.py:1818} INFO - Sync 1 DAGs
[2022-10-31 20:36:00,409] {logging_mixin.py:104} INFO - [2022-10-31 20:36:00,409] {dag.py:2273} INFO - Setting next_dagrun for example_kubernetes_executor to None
[2022-10-31 20:36:00,414] {scheduler_job.py:190} INFO - Processing /home/airflow/.local/lib/python3.6/site-packages/airflow/example_dags/example_kubernetes_executor.py took 0.038 seconds
[2022-10-31 20:36:31,261] {scheduler_job.py:182} INFO - Started process (PID=159) to work on /home/airflow/.local/lib/python3.6/site-packages/airflow/example_dags/example_kubernetes_executor.py
[2022-10-31 20:36:31,262] {scheduler_job.py:629} INFO - Processing file /home/airflow/.local/lib/python3.6/site-packages/airflow/example_dags/example_kubernetes_executor.py for tasks to queue
[2022-10-31 20:36:31,262] {logging_mixin.py:104} INFO - [2022-10-31 20:36:31,262] {dagbag.py:448} INFO - Filling up the DagBag from /home/airflow/.local/lib/python3.6/site-packages/airflow/example_dags/example_kubernetes_executor.py
[2022-10-31 20:36:31,271] {scheduler_job.py:639} INFO - DAG(s) dict_keys(['example_kubernetes_executor']) retrieved from /home/airflow/.local/lib/python3.6/site-packages/airflow/example_dags/example_kubernetes_executor.py
[2022-10-31 20:36:31,283] {logging_mixin.py:104} INFO - [2022-10-31 20:36:31,283] {dag.py:1818} INFO - Sync 1 DAGs
[2022-10-31 20:36:31,293] {logging_mixin.py:104} INFO - [2022-10-31 20:36:31,293] {dag.py:2273} INFO - Setting next_dagrun for example_kubernetes_executor to None
[2022-10-31 20:36:31,298] {scheduler_job.py:190} INFO - Processing /home/airflow/.local/lib/python3.6/site-packages/airflow/example_dags/example_kubernetes_executor.py took 0.039 seconds
[2022-10-31 20:37:02,073] {scheduler_job.py:182} INFO - Started process (PID=185) to work on /home/airflow/.local/lib/python3.6/site-packages/airflow/example_dags/example_kubernetes_executor.py
[2022-10-31 20:37:02,074] {scheduler_job.py:629} INFO - Processing file /home/airflow/.local/lib/python3.6/site-packages/airflow/example_dags/example_kubernetes_executor.py for tasks to queue
[2022-10-31 20:37:02,074] {logging_mixin.py:104} INFO - [2022-10-31 20:37:02,074] {dagbag.py:448} INFO - Filling up the DagBag from /home/airflow/.local/lib/python3.6/site-packages/airflow/example_dags/example_kubernetes_executor.py
[2022-10-31 20:37:02,082] {scheduler_job.py:639} INFO - DAG(s) dict_keys(['example_kubernetes_executor']) retrieved from /home/airflow/.local/lib/python3.6/site-packages/airflow/example_dags/example_kubernetes_executor.py
[2022-10-31 20:37:02,094] {logging_mixin.py:104} INFO - [2022-10-31 20:37:02,094] {dag.py:1818} INFO - Sync 1 DAGs
[2022-10-31 20:37:02,103] {logging_mixin.py:104} INFO - [2022-10-31 20:37:02,103] {dag.py:2273} INFO - Setting next_dagrun for example_kubernetes_executor to None
[2022-10-31 20:37:02,109] {scheduler_job.py:190} INFO - Processing /home/airflow/.local/lib/python3.6/site-packages/airflow/example_dags/example_kubernetes_executor.py took 0.038 seconds
[2022-10-31 20:37:34,115] {scheduler_job.py:182} INFO - Started process (PID=34) to work on /home/airflow/.local/lib/python3.6/site-packages/airflow/example_dags/example_kubernetes_executor.py
[2022-10-31 20:37:34,126] {scheduler_job.py:629} INFO - Processing file /home/airflow/.local/lib/python3.6/site-packages/airflow/example_dags/example_kubernetes_executor.py for tasks to queue
[2022-10-31 20:37:34,126] {logging_mixin.py:104} INFO - [2022-10-31 20:37:34,126] {dagbag.py:448} INFO - Filling up the DagBag from /home/airflow/.local/lib/python3.6/site-packages/airflow/example_dags/example_kubernetes_executor.py
[2022-10-31 20:37:34,161] {scheduler_job.py:639} INFO - DAG(s) dict_keys(['example_kubernetes_executor']) retrieved from /home/airflow/.local/lib/python3.6/site-packages/airflow/example_dags/example_kubernetes_executor.py
[2022-10-31 20:37:34,202] {logging_mixin.py:104} INFO - [2022-10-31 20:37:34,202] {dag.py:1818} INFO - Sync 1 DAGs
[2022-10-31 20:37:34,220] {logging_mixin.py:104} INFO - [2022-10-31 20:37:34,219] {dag.py:2273} INFO - Setting next_dagrun for example_kubernetes_executor to None
[2022-10-31 20:37:34,238] {scheduler_job.py:190} INFO - Processing /home/airflow/.local/lib/python3.6/site-packages/airflow/example_dags/example_kubernetes_executor.py took 0.126 seconds
[2022-10-31 20:38:04,295] {scheduler_job.py:182} INFO - Started process (PID=60) to work on /home/airflow/.local/lib/python3.6/site-packages/airflow/example_dags/example_kubernetes_executor.py
[2022-10-31 20:38:04,295] {scheduler_job.py:629} INFO - Processing file /home/airflow/.local/lib/python3.6/site-packages/airflow/example_dags/example_kubernetes_executor.py for tasks to queue
[2022-10-31 20:38:04,296] {logging_mixin.py:104} INFO - [2022-10-31 20:38:04,296] {dagbag.py:448} INFO - Filling up the DagBag from /home/airflow/.local/lib/python3.6/site-packages/airflow/example_dags/example_kubernetes_executor.py
[2022-10-31 20:38:04,307] {scheduler_job.py:639} INFO - DAG(s) dict_keys(['example_kubernetes_executor']) retrieved from /home/airflow/.local/lib/python3.6/site-packages/airflow/example_dags/example_kubernetes_executor.py
[2022-10-31 20:38:04,321] {logging_mixin.py:104} INFO - [2022-10-31 20:38:04,321] {dag.py:1818} INFO - Sync 1 DAGs
[2022-10-31 20:38:04,331] {logging_mixin.py:104} INFO - [2022-10-31 20:38:04,331] {dag.py:2273} INFO - Setting next_dagrun for example_kubernetes_executor to None
[2022-10-31 20:38:04,338] {scheduler_job.py:190} INFO - Processing /home/airflow/.local/lib/python3.6/site-packages/airflow/example_dags/example_kubernetes_executor.py took 0.045 seconds
[2022-10-31 20:38:34,363] {scheduler_job.py:182} INFO - Started process (PID=86) to work on /home/airflow/.local/lib/python3.6/site-packages/airflow/example_dags/example_kubernetes_executor.py
[2022-10-31 20:38:34,363] {scheduler_job.py:629} INFO - Processing file /home/airflow/.local/lib/python3.6/site-packages/airflow/example_dags/example_kubernetes_executor.py for tasks to queue
[2022-10-31 20:38:34,364] {logging_mixin.py:104} INFO - [2022-10-31 20:38:34,364] {dagbag.py:448} INFO - Filling up the DagBag from /home/airflow/.local/lib/python3.6/site-packages/airflow/example_dags/example_kubernetes_executor.py
[2022-10-31 20:38:34,373] {scheduler_job.py:639} INFO - DAG(s) dict_keys(['example_kubernetes_executor']) retrieved from /home/airflow/.local/lib/python3.6/site-packages/airflow/example_dags/example_kubernetes_executor.py
[2022-10-31 20:38:34,386] {logging_mixin.py:104} INFO - [2022-10-31 20:38:34,386] {dag.py:1818} INFO - Sync 1 DAGs
[2022-10-31 20:38:34,397] {logging_mixin.py:104} INFO - [2022-10-31 20:38:34,396] {dag.py:2273} INFO - Setting next_dagrun for example_kubernetes_executor to None
[2022-10-31 20:38:34,403] {scheduler_job.py:190} INFO - Processing /home/airflow/.local/lib/python3.6/site-packages/airflow/example_dags/example_kubernetes_executor.py took 0.042 seconds
[2022-10-31 20:39:05,479] {scheduler_job.py:182} INFO - Started process (PID=138) to work on /home/airflow/.local/lib/python3.6/site-packages/airflow/example_dags/example_kubernetes_executor.py
[2022-10-31 20:39:05,479] {scheduler_job.py:629} INFO - Processing file /home/airflow/.local/lib/python3.6/site-packages/airflow/example_dags/example_kubernetes_executor.py for tasks to queue
[2022-10-31 20:39:05,480] {logging_mixin.py:104} INFO - [2022-10-31 20:39:05,480] {dagbag.py:448} INFO - Filling up the DagBag from /home/airflow/.local/lib/python3.6/site-packages/airflow/example_dags/example_kubernetes_executor.py
[2022-10-31 20:39:05,491] {scheduler_job.py:639} INFO - DAG(s) dict_keys(['example_kubernetes_executor']) retrieved from /home/airflow/.local/lib/python3.6/site-packages/airflow/example_dags/example_kubernetes_executor.py
[2022-10-31 20:39:05,507] {logging_mixin.py:104} INFO - [2022-10-31 20:39:05,507] {dag.py:1818} INFO - Sync 1 DAGs
[2022-10-31 20:39:05,518] {logging_mixin.py:104} INFO - [2022-10-31 20:39:05,518] {dag.py:2273} INFO - Setting next_dagrun for example_kubernetes_executor to None
[2022-10-31 20:39:05,524] {scheduler_job.py:190} INFO - Processing /home/airflow/.local/lib/python3.6/site-packages/airflow/example_dags/example_kubernetes_executor.py took 0.047 seconds
[2022-10-31 20:39:36,447] {scheduler_job.py:182} INFO - Started process (PID=164) to work on /home/airflow/.local/lib/python3.6/site-packages/airflow/example_dags/example_kubernetes_executor.py
[2022-10-31 20:39:36,447] {scheduler_job.py:629} INFO - Processing file /home/airflow/.local/lib/python3.6/site-packages/airflow/example_dags/example_kubernetes_executor.py for tasks to queue
[2022-10-31 20:39:36,448] {logging_mixin.py:104} INFO - [2022-10-31 20:39:36,447] {dagbag.py:448} INFO - Filling up the DagBag from /home/airflow/.local/lib/python3.6/site-packages/airflow/example_dags/example_kubernetes_executor.py
[2022-10-31 20:39:36,456] {scheduler_job.py:639} INFO - DAG(s) dict_keys(['example_kubernetes_executor']) retrieved from /home/airflow/.local/lib/python3.6/site-packages/airflow/example_dags/example_kubernetes_executor.py
[2022-10-31 20:39:36,470] {logging_mixin.py:104} INFO - [2022-10-31 20:39:36,469] {dag.py:1818} INFO - Sync 1 DAGs
[2022-10-31 20:39:36,479] {logging_mixin.py:104} INFO - [2022-10-31 20:39:36,479] {dag.py:2273} INFO - Setting next_dagrun for example_kubernetes_executor to None
[2022-10-31 20:39:36,485] {scheduler_job.py:190} INFO - Processing /home/airflow/.local/lib/python3.6/site-packages/airflow/example_dags/example_kubernetes_executor.py took 0.040 seconds
[2022-10-31 20:40:07,388] {scheduler_job.py:182} INFO - Started process (PID=190) to work on /home/airflow/.local/lib/python3.6/site-packages/airflow/example_dags/example_kubernetes_executor.py
[2022-10-31 20:40:07,389] {scheduler_job.py:629} INFO - Processing file /home/airflow/.local/lib/python3.6/site-packages/airflow/example_dags/example_kubernetes_executor.py for tasks to queue
[2022-10-31 20:40:07,390] {logging_mixin.py:104} INFO - [2022-10-31 20:40:07,390] {dagbag.py:448} INFO - Filling up the DagBag from /home/airflow/.local/lib/python3.6/site-packages/airflow/example_dags/example_kubernetes_executor.py
[2022-10-31 20:40:07,398] {scheduler_job.py:639} INFO - DAG(s) dict_keys(['example_kubernetes_executor']) retrieved from /home/airflow/.local/lib/python3.6/site-packages/airflow/example_dags/example_kubernetes_executor.py
[2022-10-31 20:40:07,412] {logging_mixin.py:104} INFO - [2022-10-31 20:40:07,412] {dag.py:1818} INFO - Sync 1 DAGs
[2022-10-31 20:40:07,423] {logging_mixin.py:104} INFO - [2022-10-31 20:40:07,422] {dag.py:2273} INFO - Setting next_dagrun for example_kubernetes_executor to None
[2022-10-31 20:40:07,428] {scheduler_job.py:190} INFO - Processing /home/airflow/.local/lib/python3.6/site-packages/airflow/example_dags/example_kubernetes_executor.py took 0.042 seconds
[2022-10-31 20:40:38,261] {scheduler_job.py:182} INFO - Started process (PID=216) to work on /home/airflow/.local/lib/python3.6/site-packages/airflow/example_dags/example_kubernetes_executor.py
[2022-10-31 20:40:38,261] {scheduler_job.py:629} INFO - Processing file /home/airflow/.local/lib/python3.6/site-packages/airflow/example_dags/example_kubernetes_executor.py for tasks to queue
[2022-10-31 20:40:38,262] {logging_mixin.py:104} INFO - [2022-10-31 20:40:38,262] {dagbag.py:448} INFO - Filling up the DagBag from /home/airflow/.local/lib/python3.6/site-packages/airflow/example_dags/example_kubernetes_executor.py
[2022-10-31 20:40:38,271] {scheduler_job.py:639} INFO - DAG(s) dict_keys(['example_kubernetes_executor']) retrieved from /home/airflow/.local/lib/python3.6/site-packages/airflow/example_dags/example_kubernetes_executor.py
[2022-10-31 20:40:38,285] {logging_mixin.py:104} INFO - [2022-10-31 20:40:38,285] {dag.py:1818} INFO - Sync 1 DAGs
[2022-10-31 20:40:38,295] {logging_mixin.py:104} INFO - [2022-10-31 20:40:38,295] {dag.py:2273} INFO - Setting next_dagrun for example_kubernetes_executor to None
[2022-10-31 20:40:38,301] {scheduler_job.py:190} INFO - Processing /home/airflow/.local/lib/python3.6/site-packages/airflow/example_dags/example_kubernetes_executor.py took 0.042 seconds
[2022-10-31 20:41:09,162] {scheduler_job.py:182} INFO - Started process (PID=242) to work on /home/airflow/.local/lib/python3.6/site-packages/airflow/example_dags/example_kubernetes_executor.py
[2022-10-31 20:41:09,162] {scheduler_job.py:629} INFO - Processing file /home/airflow/.local/lib/python3.6/site-packages/airflow/example_dags/example_kubernetes_executor.py for tasks to queue
[2022-10-31 20:41:09,163] {logging_mixin.py:104} INFO - [2022-10-31 20:41:09,163] {dagbag.py:448} INFO - Filling up the DagBag from /home/airflow/.local/lib/python3.6/site-packages/airflow/example_dags/example_kubernetes_executor.py
[2022-10-31 20:41:09,172] {scheduler_job.py:639} INFO - DAG(s) dict_keys(['example_kubernetes_executor']) retrieved from /home/airflow/.local/lib/python3.6/site-packages/airflow/example_dags/example_kubernetes_executor.py
[2022-10-31 20:41:09,186] {logging_mixin.py:104} INFO - [2022-10-31 20:41:09,186] {dag.py:1818} INFO - Sync 1 DAGs
[2022-10-31 20:41:09,197] {logging_mixin.py:104} INFO - [2022-10-31 20:41:09,197] {dag.py:2273} INFO - Setting next_dagrun for example_kubernetes_executor to None
[2022-10-31 20:41:09,202] {scheduler_job.py:190} INFO - Processing /home/airflow/.local/lib/python3.6/site-packages/airflow/example_dags/example_kubernetes_executor.py took 0.043 seconds
[2022-10-31 20:41:40,126] {scheduler_job.py:182} INFO - Started process (PID=268) to work on /home/airflow/.local/lib/python3.6/site-packages/airflow/example_dags/example_kubernetes_executor.py
[2022-10-31 20:41:40,126] {scheduler_job.py:629} INFO - Processing file /home/airflow/.local/lib/python3.6/site-packages/airflow/example_dags/example_kubernetes_executor.py for tasks to queue
[2022-10-31 20:41:40,127] {logging_mixin.py:104} INFO - [2022-10-31 20:41:40,127] {dagbag.py:448} INFO - Filling up the DagBag from /home/airflow/.local/lib/python3.6/site-packages/airflow/example_dags/example_kubernetes_executor.py
[2022-10-31 20:41:40,135] {scheduler_job.py:639} INFO - DAG(s) dict_keys(['example_kubernetes_executor']) retrieved from /home/airflow/.local/lib/python3.6/site-packages/airflow/example_dags/example_kubernetes_executor.py
[2022-10-31 20:41:40,149] {logging_mixin.py:104} INFO - [2022-10-31 20:41:40,149] {dag.py:1818} INFO - Sync 1 DAGs
[2022-10-31 20:41:40,159] {logging_mixin.py:104} INFO - [2022-10-31 20:41:40,159] {dag.py:2273} INFO - Setting next_dagrun for example_kubernetes_executor to None
[2022-10-31 20:41:40,165] {scheduler_job.py:190} INFO - Processing /home/airflow/.local/lib/python3.6/site-packages/airflow/example_dags/example_kubernetes_executor.py took 0.041 seconds
[2022-10-31 20:42:10,979] {scheduler_job.py:182} INFO - Started process (PID=294) to work on /home/airflow/.local/lib/python3.6/site-packages/airflow/example_dags/example_kubernetes_executor.py
[2022-10-31 20:42:10,980] {scheduler_job.py:629} INFO - Processing file /home/airflow/.local/lib/python3.6/site-packages/airflow/example_dags/example_kubernetes_executor.py for tasks to queue
[2022-10-31 20:42:10,980] {logging_mixin.py:104} INFO - [2022-10-31 20:42:10,980] {dagbag.py:448} INFO - Filling up the DagBag from /home/airflow/.local/lib/python3.6/site-packages/airflow/example_dags/example_kubernetes_executor.py
[2022-10-31 20:42:10,992] {scheduler_job.py:639} INFO - DAG(s) dict_keys(['example_kubernetes_executor']) retrieved from /home/airflow/.local/lib/python3.6/site-packages/airflow/example_dags/example_kubernetes_executor.py
[2022-10-31 20:42:11,008] {logging_mixin.py:104} INFO - [2022-10-31 20:42:11,008] {dag.py:1818} INFO - Sync 1 DAGs
[2022-10-31 20:42:11,021] {logging_mixin.py:104} INFO - [2022-10-31 20:42:11,021] {dag.py:2273} INFO - Setting next_dagrun for example_kubernetes_executor to None
[2022-10-31 20:42:11,030] {scheduler_job.py:190} INFO - Processing /home/airflow/.local/lib/python3.6/site-packages/airflow/example_dags/example_kubernetes_executor.py took 0.053 seconds
[2022-10-31 20:42:41,746] {scheduler_job.py:182} INFO - Started process (PID=322) to work on /home/airflow/.local/lib/python3.6/site-packages/airflow/example_dags/example_kubernetes_executor.py
[2022-10-31 20:42:41,747] {scheduler_job.py:629} INFO - Processing file /home/airflow/.local/lib/python3.6/site-packages/airflow/example_dags/example_kubernetes_executor.py for tasks to queue
[2022-10-31 20:42:41,747] {logging_mixin.py:104} INFO - [2022-10-31 20:42:41,747] {dagbag.py:448} INFO - Filling up the DagBag from /home/airflow/.local/lib/python3.6/site-packages/airflow/example_dags/example_kubernetes_executor.py
[2022-10-31 20:42:41,758] {scheduler_job.py:639} INFO - DAG(s) dict_keys(['example_kubernetes_executor']) retrieved from /home/airflow/.local/lib/python3.6/site-packages/airflow/example_dags/example_kubernetes_executor.py
[2022-10-31 20:42:41,774] {logging_mixin.py:104} INFO - [2022-10-31 20:42:41,774] {dag.py:1818} INFO - Sync 1 DAGs
[2022-10-31 20:42:41,785] {logging_mixin.py:104} INFO - [2022-10-31 20:42:41,785] {dag.py:2273} INFO - Setting next_dagrun for example_kubernetes_executor to None
[2022-10-31 20:42:41,793] {scheduler_job.py:190} INFO - Processing /home/airflow/.local/lib/python3.6/site-packages/airflow/example_dags/example_kubernetes_executor.py took 0.050 seconds
[2022-10-31 20:43:12,058] {scheduler_job.py:182} INFO - Started process (PID=354) to work on /home/airflow/.local/lib/python3.6/site-packages/airflow/example_dags/example_kubernetes_executor.py
[2022-10-31 20:43:12,059] {scheduler_job.py:629} INFO - Processing file /home/airflow/.local/lib/python3.6/site-packages/airflow/example_dags/example_kubernetes_executor.py for tasks to queue
[2022-10-31 20:43:12,059] {logging_mixin.py:104} INFO - [2022-10-31 20:43:12,059] {dagbag.py:448} INFO - Filling up the DagBag from /home/airflow/.local/lib/python3.6/site-packages/airflow/example_dags/example_kubernetes_executor.py
[2022-10-31 20:43:12,068] {scheduler_job.py:639} INFO - DAG(s) dict_keys(['example_kubernetes_executor']) retrieved from /home/airflow/.local/lib/python3.6/site-packages/airflow/example_dags/example_kubernetes_executor.py
[2022-10-31 20:43:12,082] {logging_mixin.py:104} INFO - [2022-10-31 20:43:12,082] {dag.py:1818} INFO - Sync 1 DAGs
[2022-10-31 20:43:12,092] {logging_mixin.py:104} INFO - [2022-10-31 20:43:12,092] {dag.py:2273} INFO - Setting next_dagrun for example_kubernetes_executor to None
[2022-10-31 20:43:12,099] {scheduler_job.py:190} INFO - Processing /home/airflow/.local/lib/python3.6/site-packages/airflow/example_dags/example_kubernetes_executor.py took 0.043 seconds
[2022-10-31 20:43:42,330] {scheduler_job.py:182} INFO - Started process (PID=384) to work on /home/airflow/.local/lib/python3.6/site-packages/airflow/example_dags/example_kubernetes_executor.py
[2022-10-31 20:43:42,330] {scheduler_job.py:629} INFO - Processing file /home/airflow/.local/lib/python3.6/site-packages/airflow/example_dags/example_kubernetes_executor.py for tasks to queue
[2022-10-31 20:43:42,331] {logging_mixin.py:104} INFO - [2022-10-31 20:43:42,331] {dagbag.py:448} INFO - Filling up the DagBag from /home/airflow/.local/lib/python3.6/site-packages/airflow/example_dags/example_kubernetes_executor.py
[2022-10-31 20:43:42,339] {scheduler_job.py:639} INFO - DAG(s) dict_keys(['example_kubernetes_executor']) retrieved from /home/airflow/.local/lib/python3.6/site-packages/airflow/example_dags/example_kubernetes_executor.py
[2022-10-31 20:43:42,352] {logging_mixin.py:104} INFO - [2022-10-31 20:43:42,352] {dag.py:1818} INFO - Sync 1 DAGs
[2022-10-31 20:43:42,363] {logging_mixin.py:104} INFO - [2022-10-31 20:43:42,363] {dag.py:2273} INFO - Setting next_dagrun for example_kubernetes_executor to None
[2022-10-31 20:43:42,369] {scheduler_job.py:190} INFO - Processing /home/airflow/.local/lib/python3.6/site-packages/airflow/example_dags/example_kubernetes_executor.py took 0.041 seconds
[2022-10-31 20:44:12,664] {scheduler_job.py:182} INFO - Started process (PID=412) to work on /home/airflow/.local/lib/python3.6/site-packages/airflow/example_dags/example_kubernetes_executor.py
[2022-10-31 20:44:12,665] {scheduler_job.py:629} INFO - Processing file /home/airflow/.local/lib/python3.6/site-packages/airflow/example_dags/example_kubernetes_executor.py for tasks to queue
[2022-10-31 20:44:12,665] {logging_mixin.py:104} INFO - [2022-10-31 20:44:12,665] {dagbag.py:448} INFO - Filling up the DagBag from /home/airflow/.local/lib/python3.6/site-packages/airflow/example_dags/example_kubernetes_executor.py
[2022-10-31 20:44:12,674] {scheduler_job.py:639} INFO - DAG(s) dict_keys(['example_kubernetes_executor']) retrieved from /home/airflow/.local/lib/python3.6/site-packages/airflow/example_dags/example_kubernetes_executor.py
[2022-10-31 20:44:12,687] {logging_mixin.py:104} INFO - [2022-10-31 20:44:12,687] {dag.py:1818} INFO - Sync 1 DAGs
[2022-10-31 20:44:12,699] {logging_mixin.py:104} INFO - [2022-10-31 20:44:12,698] {dag.py:2273} INFO - Setting next_dagrun for example_kubernetes_executor to None
[2022-10-31 20:44:12,704] {scheduler_job.py:190} INFO - Processing /home/airflow/.local/lib/python3.6/site-packages/airflow/example_dags/example_kubernetes_executor.py took 0.042 seconds
