[2022-10-31 20:34:27,198] {scheduler_job.py:182} INFO - Started process (PID=32) to work on /home/airflow/.local/lib/python3.6/site-packages/airflow/example_dags/example_task_group.py
[2022-10-31 20:34:27,199] {scheduler_job.py:629} INFO - Processing file /home/airflow/.local/lib/python3.6/site-packages/airflow/example_dags/example_task_group.py for tasks to queue
[2022-10-31 20:34:27,199] {logging_mixin.py:104} INFO - [2022-10-31 20:34:27,199] {dagbag.py:448} INFO - Filling up the DagBag from /home/airflow/.local/lib/python3.6/site-packages/airflow/example_dags/example_task_group.py
[2022-10-31 20:34:27,207] {scheduler_job.py:639} INFO - DAG(s) dict_keys(['example_task_group']) retrieved from /home/airflow/.local/lib/python3.6/site-packages/airflow/example_dags/example_task_group.py
[2022-10-31 20:34:27,222] {logging_mixin.py:104} INFO - [2022-10-31 20:34:27,222] {dag.py:1818} INFO - Sync 1 DAGs
[2022-10-31 20:34:27,228] {logging_mixin.py:104} INFO - [2022-10-31 20:34:27,228] {dag.py:1837} INFO - Creating ORM DAG for example_task_group
[2022-10-31 20:34:27,232] {logging_mixin.py:104} INFO - [2022-10-31 20:34:27,231] {dag.py:2273} INFO - Setting next_dagrun for example_task_group to 2022-10-29 00:00:00+00:00
[2022-10-31 20:34:27,240] {scheduler_job.py:190} INFO - Processing /home/airflow/.local/lib/python3.6/site-packages/airflow/example_dags/example_task_group.py took 0.043 seconds
[2022-10-31 20:34:58,110] {scheduler_job.py:182} INFO - Started process (PID=58) to work on /home/airflow/.local/lib/python3.6/site-packages/airflow/example_dags/example_task_group.py
[2022-10-31 20:34:58,111] {scheduler_job.py:629} INFO - Processing file /home/airflow/.local/lib/python3.6/site-packages/airflow/example_dags/example_task_group.py for tasks to queue
[2022-10-31 20:34:58,112] {logging_mixin.py:104} INFO - [2022-10-31 20:34:58,111] {dagbag.py:448} INFO - Filling up the DagBag from /home/airflow/.local/lib/python3.6/site-packages/airflow/example_dags/example_task_group.py
[2022-10-31 20:34:58,121] {scheduler_job.py:639} INFO - DAG(s) dict_keys(['example_task_group']) retrieved from /home/airflow/.local/lib/python3.6/site-packages/airflow/example_dags/example_task_group.py
[2022-10-31 20:34:58,134] {logging_mixin.py:104} INFO - [2022-10-31 20:34:58,133] {dag.py:1818} INFO - Sync 1 DAGs
[2022-10-31 20:34:58,144] {logging_mixin.py:104} INFO - [2022-10-31 20:34:58,144] {dag.py:2273} INFO - Setting next_dagrun for example_task_group to 2022-10-29 00:00:00+00:00
[2022-10-31 20:34:58,150] {scheduler_job.py:190} INFO - Processing /home/airflow/.local/lib/python3.6/site-packages/airflow/example_dags/example_task_group.py took 0.042 seconds
[2022-10-31 20:35:28,935] {scheduler_job.py:182} INFO - Started process (PID=84) to work on /home/airflow/.local/lib/python3.6/site-packages/airflow/example_dags/example_task_group.py
[2022-10-31 20:35:28,935] {scheduler_job.py:629} INFO - Processing file /home/airflow/.local/lib/python3.6/site-packages/airflow/example_dags/example_task_group.py for tasks to queue
[2022-10-31 20:35:28,936] {logging_mixin.py:104} INFO - [2022-10-31 20:35:28,936] {dagbag.py:448} INFO - Filling up the DagBag from /home/airflow/.local/lib/python3.6/site-packages/airflow/example_dags/example_task_group.py
[2022-10-31 20:35:28,944] {scheduler_job.py:639} INFO - DAG(s) dict_keys(['example_task_group']) retrieved from /home/airflow/.local/lib/python3.6/site-packages/airflow/example_dags/example_task_group.py
[2022-10-31 20:35:28,957] {logging_mixin.py:104} INFO - [2022-10-31 20:35:28,957] {dag.py:1818} INFO - Sync 1 DAGs
[2022-10-31 20:35:28,967] {logging_mixin.py:104} INFO - [2022-10-31 20:35:28,967] {dag.py:2273} INFO - Setting next_dagrun for example_task_group to 2022-10-29 00:00:00+00:00
[2022-10-31 20:35:28,973] {scheduler_job.py:190} INFO - Processing /home/airflow/.local/lib/python3.6/site-packages/airflow/example_dags/example_task_group.py took 0.040 seconds
[2022-10-31 20:35:59,757] {scheduler_job.py:182} INFO - Started process (PID=110) to work on /home/airflow/.local/lib/python3.6/site-packages/airflow/example_dags/example_task_group.py
[2022-10-31 20:35:59,758] {scheduler_job.py:629} INFO - Processing file /home/airflow/.local/lib/python3.6/site-packages/airflow/example_dags/example_task_group.py for tasks to queue
[2022-10-31 20:35:59,759] {logging_mixin.py:104} INFO - [2022-10-31 20:35:59,759] {dagbag.py:448} INFO - Filling up the DagBag from /home/airflow/.local/lib/python3.6/site-packages/airflow/example_dags/example_task_group.py
[2022-10-31 20:35:59,770] {scheduler_job.py:639} INFO - DAG(s) dict_keys(['example_task_group']) retrieved from /home/airflow/.local/lib/python3.6/site-packages/airflow/example_dags/example_task_group.py
[2022-10-31 20:35:59,784] {logging_mixin.py:104} INFO - [2022-10-31 20:35:59,784] {dag.py:1818} INFO - Sync 1 DAGs
[2022-10-31 20:35:59,794] {logging_mixin.py:104} INFO - [2022-10-31 20:35:59,794] {dag.py:2273} INFO - Setting next_dagrun for example_task_group to 2022-10-29 00:00:00+00:00
[2022-10-31 20:35:59,799] {scheduler_job.py:190} INFO - Processing /home/airflow/.local/lib/python3.6/site-packages/airflow/example_dags/example_task_group.py took 0.045 seconds
[2022-10-31 20:36:30,569] {scheduler_job.py:182} INFO - Started process (PID=136) to work on /home/airflow/.local/lib/python3.6/site-packages/airflow/example_dags/example_task_group.py
[2022-10-31 20:36:30,570] {scheduler_job.py:629} INFO - Processing file /home/airflow/.local/lib/python3.6/site-packages/airflow/example_dags/example_task_group.py for tasks to queue
[2022-10-31 20:36:30,570] {logging_mixin.py:104} INFO - [2022-10-31 20:36:30,570] {dagbag.py:448} INFO - Filling up the DagBag from /home/airflow/.local/lib/python3.6/site-packages/airflow/example_dags/example_task_group.py
[2022-10-31 20:36:30,578] {scheduler_job.py:639} INFO - DAG(s) dict_keys(['example_task_group']) retrieved from /home/airflow/.local/lib/python3.6/site-packages/airflow/example_dags/example_task_group.py
[2022-10-31 20:36:30,591] {logging_mixin.py:104} INFO - [2022-10-31 20:36:30,591] {dag.py:1818} INFO - Sync 1 DAGs
[2022-10-31 20:36:30,604] {logging_mixin.py:104} INFO - [2022-10-31 20:36:30,604] {dag.py:2273} INFO - Setting next_dagrun for example_task_group to 2022-10-29 00:00:00+00:00
[2022-10-31 20:36:30,610] {scheduler_job.py:190} INFO - Processing /home/airflow/.local/lib/python3.6/site-packages/airflow/example_dags/example_task_group.py took 0.043 seconds
[2022-10-31 20:37:01,445] {scheduler_job.py:182} INFO - Started process (PID=162) to work on /home/airflow/.local/lib/python3.6/site-packages/airflow/example_dags/example_task_group.py
[2022-10-31 20:37:01,446] {scheduler_job.py:629} INFO - Processing file /home/airflow/.local/lib/python3.6/site-packages/airflow/example_dags/example_task_group.py for tasks to queue
[2022-10-31 20:37:01,446] {logging_mixin.py:104} INFO - [2022-10-31 20:37:01,446] {dagbag.py:448} INFO - Filling up the DagBag from /home/airflow/.local/lib/python3.6/site-packages/airflow/example_dags/example_task_group.py
[2022-10-31 20:37:01,454] {scheduler_job.py:639} INFO - DAG(s) dict_keys(['example_task_group']) retrieved from /home/airflow/.local/lib/python3.6/site-packages/airflow/example_dags/example_task_group.py
[2022-10-31 20:37:01,468] {logging_mixin.py:104} INFO - [2022-10-31 20:37:01,468] {dag.py:1818} INFO - Sync 1 DAGs
[2022-10-31 20:37:01,478] {logging_mixin.py:104} INFO - [2022-10-31 20:37:01,478] {dag.py:2273} INFO - Setting next_dagrun for example_task_group to 2022-10-29 00:00:00+00:00
[2022-10-31 20:37:01,484] {scheduler_job.py:190} INFO - Processing /home/airflow/.local/lib/python3.6/site-packages/airflow/example_dags/example_task_group.py took 0.041 seconds
[2022-10-31 20:37:34,609] {scheduler_job.py:182} INFO - Started process (PID=44) to work on /home/airflow/.local/lib/python3.6/site-packages/airflow/example_dags/example_task_group.py
[2022-10-31 20:37:34,610] {scheduler_job.py:629} INFO - Processing file /home/airflow/.local/lib/python3.6/site-packages/airflow/example_dags/example_task_group.py for tasks to queue
[2022-10-31 20:37:34,610] {logging_mixin.py:104} INFO - [2022-10-31 20:37:34,610] {dagbag.py:448} INFO - Filling up the DagBag from /home/airflow/.local/lib/python3.6/site-packages/airflow/example_dags/example_task_group.py
[2022-10-31 20:37:34,620] {scheduler_job.py:639} INFO - DAG(s) dict_keys(['example_task_group']) retrieved from /home/airflow/.local/lib/python3.6/site-packages/airflow/example_dags/example_task_group.py
[2022-10-31 20:37:34,641] {logging_mixin.py:104} INFO - [2022-10-31 20:37:34,640] {dag.py:1818} INFO - Sync 1 DAGs
[2022-10-31 20:37:34,655] {logging_mixin.py:104} INFO - [2022-10-31 20:37:34,655] {dag.py:2273} INFO - Setting next_dagrun for example_task_group to 2022-10-29 00:00:00+00:00
[2022-10-31 20:37:34,665] {scheduler_job.py:190} INFO - Processing /home/airflow/.local/lib/python3.6/site-packages/airflow/example_dags/example_task_group.py took 0.058 seconds
[2022-10-31 20:38:04,686] {scheduler_job.py:182} INFO - Started process (PID=70) to work on /home/airflow/.local/lib/python3.6/site-packages/airflow/example_dags/example_task_group.py
[2022-10-31 20:38:04,687] {scheduler_job.py:629} INFO - Processing file /home/airflow/.local/lib/python3.6/site-packages/airflow/example_dags/example_task_group.py for tasks to queue
[2022-10-31 20:38:04,687] {logging_mixin.py:104} INFO - [2022-10-31 20:38:04,687] {dagbag.py:448} INFO - Filling up the DagBag from /home/airflow/.local/lib/python3.6/site-packages/airflow/example_dags/example_task_group.py
[2022-10-31 20:38:04,696] {scheduler_job.py:639} INFO - DAG(s) dict_keys(['example_task_group']) retrieved from /home/airflow/.local/lib/python3.6/site-packages/airflow/example_dags/example_task_group.py
[2022-10-31 20:38:04,710] {logging_mixin.py:104} INFO - [2022-10-31 20:38:04,710] {dag.py:1818} INFO - Sync 1 DAGs
[2022-10-31 20:38:04,725] {logging_mixin.py:104} INFO - [2022-10-31 20:38:04,724] {dag.py:2273} INFO - Setting next_dagrun for example_task_group to 2022-10-29 00:00:00+00:00
[2022-10-31 20:38:04,730] {scheduler_job.py:190} INFO - Processing /home/airflow/.local/lib/python3.6/site-packages/airflow/example_dags/example_task_group.py took 0.046 seconds
[2022-10-31 20:38:34,763] {scheduler_job.py:182} INFO - Started process (PID=96) to work on /home/airflow/.local/lib/python3.6/site-packages/airflow/example_dags/example_task_group.py
[2022-10-31 20:38:34,764] {scheduler_job.py:629} INFO - Processing file /home/airflow/.local/lib/python3.6/site-packages/airflow/example_dags/example_task_group.py for tasks to queue
[2022-10-31 20:38:34,764] {logging_mixin.py:104} INFO - [2022-10-31 20:38:34,764] {dagbag.py:448} INFO - Filling up the DagBag from /home/airflow/.local/lib/python3.6/site-packages/airflow/example_dags/example_task_group.py
[2022-10-31 20:38:34,772] {scheduler_job.py:639} INFO - DAG(s) dict_keys(['example_task_group']) retrieved from /home/airflow/.local/lib/python3.6/site-packages/airflow/example_dags/example_task_group.py
[2022-10-31 20:38:34,785] {logging_mixin.py:104} INFO - [2022-10-31 20:38:34,785] {dag.py:1818} INFO - Sync 1 DAGs
[2022-10-31 20:38:34,795] {logging_mixin.py:104} INFO - [2022-10-31 20:38:34,795] {dag.py:2273} INFO - Setting next_dagrun for example_task_group to 2022-10-29 00:00:00+00:00
[2022-10-31 20:38:34,800] {scheduler_job.py:190} INFO - Processing /home/airflow/.local/lib/python3.6/site-packages/airflow/example_dags/example_task_group.py took 0.038 seconds
[2022-10-31 20:39:05,412] {scheduler_job.py:182} INFO - Started process (PID=135) to work on /home/airflow/.local/lib/python3.6/site-packages/airflow/example_dags/example_task_group.py
[2022-10-31 20:39:05,412] {scheduler_job.py:629} INFO - Processing file /home/airflow/.local/lib/python3.6/site-packages/airflow/example_dags/example_task_group.py for tasks to queue
[2022-10-31 20:39:05,413] {logging_mixin.py:104} INFO - [2022-10-31 20:39:05,413] {dagbag.py:448} INFO - Filling up the DagBag from /home/airflow/.local/lib/python3.6/site-packages/airflow/example_dags/example_task_group.py
[2022-10-31 20:39:05,423] {scheduler_job.py:639} INFO - DAG(s) dict_keys(['example_task_group']) retrieved from /home/airflow/.local/lib/python3.6/site-packages/airflow/example_dags/example_task_group.py
[2022-10-31 20:39:05,439] {logging_mixin.py:104} INFO - [2022-10-31 20:39:05,439] {dag.py:1818} INFO - Sync 1 DAGs
[2022-10-31 20:39:05,453] {logging_mixin.py:104} INFO - [2022-10-31 20:39:05,453] {dag.py:2273} INFO - Setting next_dagrun for example_task_group to 2022-10-29 00:00:00+00:00
[2022-10-31 20:39:05,459] {scheduler_job.py:190} INFO - Processing /home/airflow/.local/lib/python3.6/site-packages/airflow/example_dags/example_task_group.py took 0.049 seconds
[2022-10-31 20:39:36,348] {scheduler_job.py:182} INFO - Started process (PID=161) to work on /home/airflow/.local/lib/python3.6/site-packages/airflow/example_dags/example_task_group.py
[2022-10-31 20:39:36,349] {scheduler_job.py:629} INFO - Processing file /home/airflow/.local/lib/python3.6/site-packages/airflow/example_dags/example_task_group.py for tasks to queue
[2022-10-31 20:39:36,349] {logging_mixin.py:104} INFO - [2022-10-31 20:39:36,349] {dagbag.py:448} INFO - Filling up the DagBag from /home/airflow/.local/lib/python3.6/site-packages/airflow/example_dags/example_task_group.py
[2022-10-31 20:39:36,358] {scheduler_job.py:639} INFO - DAG(s) dict_keys(['example_task_group']) retrieved from /home/airflow/.local/lib/python3.6/site-packages/airflow/example_dags/example_task_group.py
[2022-10-31 20:39:36,373] {logging_mixin.py:104} INFO - [2022-10-31 20:39:36,373] {dag.py:1818} INFO - Sync 1 DAGs
[2022-10-31 20:39:36,386] {logging_mixin.py:104} INFO - [2022-10-31 20:39:36,386] {dag.py:2273} INFO - Setting next_dagrun for example_task_group to 2022-10-29 00:00:00+00:00
[2022-10-31 20:39:36,393] {scheduler_job.py:190} INFO - Processing /home/airflow/.local/lib/python3.6/site-packages/airflow/example_dags/example_task_group.py took 0.046 seconds
[2022-10-31 20:40:07,291] {scheduler_job.py:182} INFO - Started process (PID=187) to work on /home/airflow/.local/lib/python3.6/site-packages/airflow/example_dags/example_task_group.py
[2022-10-31 20:40:07,292] {scheduler_job.py:629} INFO - Processing file /home/airflow/.local/lib/python3.6/site-packages/airflow/example_dags/example_task_group.py for tasks to queue
[2022-10-31 20:40:07,292] {logging_mixin.py:104} INFO - [2022-10-31 20:40:07,292] {dagbag.py:448} INFO - Filling up the DagBag from /home/airflow/.local/lib/python3.6/site-packages/airflow/example_dags/example_task_group.py
[2022-10-31 20:40:07,300] {scheduler_job.py:639} INFO - DAG(s) dict_keys(['example_task_group']) retrieved from /home/airflow/.local/lib/python3.6/site-packages/airflow/example_dags/example_task_group.py
[2022-10-31 20:40:07,315] {logging_mixin.py:104} INFO - [2022-10-31 20:40:07,315] {dag.py:1818} INFO - Sync 1 DAGs
[2022-10-31 20:40:07,325] {logging_mixin.py:104} INFO - [2022-10-31 20:40:07,325] {dag.py:2273} INFO - Setting next_dagrun for example_task_group to 2022-10-29 00:00:00+00:00
[2022-10-31 20:40:07,331] {scheduler_job.py:190} INFO - Processing /home/airflow/.local/lib/python3.6/site-packages/airflow/example_dags/example_task_group.py took 0.042 seconds
[2022-10-31 20:40:38,165] {scheduler_job.py:182} INFO - Started process (PID=213) to work on /home/airflow/.local/lib/python3.6/site-packages/airflow/example_dags/example_task_group.py
[2022-10-31 20:40:38,166] {scheduler_job.py:629} INFO - Processing file /home/airflow/.local/lib/python3.6/site-packages/airflow/example_dags/example_task_group.py for tasks to queue
[2022-10-31 20:40:38,166] {logging_mixin.py:104} INFO - [2022-10-31 20:40:38,166] {dagbag.py:448} INFO - Filling up the DagBag from /home/airflow/.local/lib/python3.6/site-packages/airflow/example_dags/example_task_group.py
[2022-10-31 20:40:38,174] {scheduler_job.py:639} INFO - DAG(s) dict_keys(['example_task_group']) retrieved from /home/airflow/.local/lib/python3.6/site-packages/airflow/example_dags/example_task_group.py
[2022-10-31 20:40:38,189] {logging_mixin.py:104} INFO - [2022-10-31 20:40:38,189] {dag.py:1818} INFO - Sync 1 DAGs
[2022-10-31 20:40:38,200] {logging_mixin.py:104} INFO - [2022-10-31 20:40:38,199] {dag.py:2273} INFO - Setting next_dagrun for example_task_group to 2022-10-29 00:00:00+00:00
[2022-10-31 20:40:38,205] {scheduler_job.py:190} INFO - Processing /home/airflow/.local/lib/python3.6/site-packages/airflow/example_dags/example_task_group.py took 0.042 seconds
[2022-10-31 20:41:09,074] {scheduler_job.py:182} INFO - Started process (PID=239) to work on /home/airflow/.local/lib/python3.6/site-packages/airflow/example_dags/example_task_group.py
[2022-10-31 20:41:09,075] {scheduler_job.py:629} INFO - Processing file /home/airflow/.local/lib/python3.6/site-packages/airflow/example_dags/example_task_group.py for tasks to queue
[2022-10-31 20:41:09,075] {logging_mixin.py:104} INFO - [2022-10-31 20:41:09,075] {dagbag.py:448} INFO - Filling up the DagBag from /home/airflow/.local/lib/python3.6/site-packages/airflow/example_dags/example_task_group.py
[2022-10-31 20:41:09,084] {scheduler_job.py:639} INFO - DAG(s) dict_keys(['example_task_group']) retrieved from /home/airflow/.local/lib/python3.6/site-packages/airflow/example_dags/example_task_group.py
[2022-10-31 20:41:09,097] {logging_mixin.py:104} INFO - [2022-10-31 20:41:09,097] {dag.py:1818} INFO - Sync 1 DAGs
[2022-10-31 20:41:09,108] {logging_mixin.py:104} INFO - [2022-10-31 20:41:09,107] {dag.py:2273} INFO - Setting next_dagrun for example_task_group to 2022-10-29 00:00:00+00:00
[2022-10-31 20:41:09,113] {scheduler_job.py:190} INFO - Processing /home/airflow/.local/lib/python3.6/site-packages/airflow/example_dags/example_task_group.py took 0.041 seconds
[2022-10-31 20:41:39,991] {scheduler_job.py:182} INFO - Started process (PID=265) to work on /home/airflow/.local/lib/python3.6/site-packages/airflow/example_dags/example_task_group.py
[2022-10-31 20:41:39,992] {scheduler_job.py:629} INFO - Processing file /home/airflow/.local/lib/python3.6/site-packages/airflow/example_dags/example_task_group.py for tasks to queue
[2022-10-31 20:41:39,993] {logging_mixin.py:104} INFO - [2022-10-31 20:41:39,992] {dagbag.py:448} INFO - Filling up the DagBag from /home/airflow/.local/lib/python3.6/site-packages/airflow/example_dags/example_task_group.py
[2022-10-31 20:41:40,004] {scheduler_job.py:639} INFO - DAG(s) dict_keys(['example_task_group']) retrieved from /home/airflow/.local/lib/python3.6/site-packages/airflow/example_dags/example_task_group.py
[2022-10-31 20:41:40,073] {logging_mixin.py:104} INFO - [2022-10-31 20:41:40,072] {dag.py:1818} INFO - Sync 1 DAGs
[2022-10-31 20:41:40,087] {logging_mixin.py:104} INFO - [2022-10-31 20:41:40,087] {dag.py:2273} INFO - Setting next_dagrun for example_task_group to 2022-10-29 00:00:00+00:00
[2022-10-31 20:41:40,094] {scheduler_job.py:190} INFO - Processing /home/airflow/.local/lib/python3.6/site-packages/airflow/example_dags/example_task_group.py took 0.105 seconds
[2022-10-31 20:42:10,871] {scheduler_job.py:182} INFO - Started process (PID=291) to work on /home/airflow/.local/lib/python3.6/site-packages/airflow/example_dags/example_task_group.py
[2022-10-31 20:42:10,872] {scheduler_job.py:629} INFO - Processing file /home/airflow/.local/lib/python3.6/site-packages/airflow/example_dags/example_task_group.py for tasks to queue
[2022-10-31 20:42:10,872] {logging_mixin.py:104} INFO - [2022-10-31 20:42:10,872] {dagbag.py:448} INFO - Filling up the DagBag from /home/airflow/.local/lib/python3.6/site-packages/airflow/example_dags/example_task_group.py
[2022-10-31 20:42:10,881] {scheduler_job.py:639} INFO - DAG(s) dict_keys(['example_task_group']) retrieved from /home/airflow/.local/lib/python3.6/site-packages/airflow/example_dags/example_task_group.py
[2022-10-31 20:42:10,896] {logging_mixin.py:104} INFO - [2022-10-31 20:42:10,896] {dag.py:1818} INFO - Sync 1 DAGs
[2022-10-31 20:42:10,908] {logging_mixin.py:104} INFO - [2022-10-31 20:42:10,908] {dag.py:2273} INFO - Setting next_dagrun for example_task_group to 2022-10-29 00:00:00+00:00
[2022-10-31 20:42:10,916] {scheduler_job.py:190} INFO - Processing /home/airflow/.local/lib/python3.6/site-packages/airflow/example_dags/example_task_group.py took 0.047 seconds
[2022-10-31 20:42:41,667] {scheduler_job.py:182} INFO - Started process (PID=319) to work on /home/airflow/.local/lib/python3.6/site-packages/airflow/example_dags/example_task_group.py
[2022-10-31 20:42:41,668] {scheduler_job.py:629} INFO - Processing file /home/airflow/.local/lib/python3.6/site-packages/airflow/example_dags/example_task_group.py for tasks to queue
[2022-10-31 20:42:41,669] {logging_mixin.py:104} INFO - [2022-10-31 20:42:41,668] {dagbag.py:448} INFO - Filling up the DagBag from /home/airflow/.local/lib/python3.6/site-packages/airflow/example_dags/example_task_group.py
[2022-10-31 20:42:41,680] {scheduler_job.py:639} INFO - DAG(s) dict_keys(['example_task_group']) retrieved from /home/airflow/.local/lib/python3.6/site-packages/airflow/example_dags/example_task_group.py
[2022-10-31 20:42:41,698] {logging_mixin.py:104} INFO - [2022-10-31 20:42:41,698] {dag.py:1818} INFO - Sync 1 DAGs
[2022-10-31 20:42:41,711] {logging_mixin.py:104} INFO - [2022-10-31 20:42:41,711] {dag.py:2273} INFO - Setting next_dagrun for example_task_group to 2022-10-29 00:00:00+00:00
[2022-10-31 20:42:41,717] {scheduler_job.py:190} INFO - Processing /home/airflow/.local/lib/python3.6/site-packages/airflow/example_dags/example_task_group.py took 0.053 seconds
[2022-10-31 20:43:11,850] {scheduler_job.py:182} INFO - Started process (PID=347) to work on /home/airflow/.local/lib/python3.6/site-packages/airflow/example_dags/example_task_group.py
[2022-10-31 20:43:11,851] {scheduler_job.py:629} INFO - Processing file /home/airflow/.local/lib/python3.6/site-packages/airflow/example_dags/example_task_group.py for tasks to queue
[2022-10-31 20:43:11,851] {logging_mixin.py:104} INFO - [2022-10-31 20:43:11,851] {dagbag.py:448} INFO - Filling up the DagBag from /home/airflow/.local/lib/python3.6/site-packages/airflow/example_dags/example_task_group.py
[2022-10-31 20:43:11,859] {scheduler_job.py:639} INFO - DAG(s) dict_keys(['example_task_group']) retrieved from /home/airflow/.local/lib/python3.6/site-packages/airflow/example_dags/example_task_group.py
[2022-10-31 20:43:11,873] {logging_mixin.py:104} INFO - [2022-10-31 20:43:11,873] {dag.py:1818} INFO - Sync 1 DAGs
[2022-10-31 20:43:11,883] {logging_mixin.py:104} INFO - [2022-10-31 20:43:11,883] {dag.py:2273} INFO - Setting next_dagrun for example_task_group to 2022-10-29 00:00:00+00:00
[2022-10-31 20:43:11,888] {scheduler_job.py:190} INFO - Processing /home/airflow/.local/lib/python3.6/site-packages/airflow/example_dags/example_task_group.py took 0.040 seconds
[2022-10-31 20:43:42,069] {scheduler_job.py:182} INFO - Started process (PID=375) to work on /home/airflow/.local/lib/python3.6/site-packages/airflow/example_dags/example_task_group.py
[2022-10-31 20:43:42,069] {scheduler_job.py:629} INFO - Processing file /home/airflow/.local/lib/python3.6/site-packages/airflow/example_dags/example_task_group.py for tasks to queue
[2022-10-31 20:43:42,070] {logging_mixin.py:104} INFO - [2022-10-31 20:43:42,070] {dagbag.py:448} INFO - Filling up the DagBag from /home/airflow/.local/lib/python3.6/site-packages/airflow/example_dags/example_task_group.py
[2022-10-31 20:43:42,078] {scheduler_job.py:639} INFO - DAG(s) dict_keys(['example_task_group']) retrieved from /home/airflow/.local/lib/python3.6/site-packages/airflow/example_dags/example_task_group.py
[2022-10-31 20:43:42,092] {logging_mixin.py:104} INFO - [2022-10-31 20:43:42,092] {dag.py:1818} INFO - Sync 1 DAGs
[2022-10-31 20:43:42,102] {logging_mixin.py:104} INFO - [2022-10-31 20:43:42,102] {dag.py:2273} INFO - Setting next_dagrun for example_task_group to 2022-10-29 00:00:00+00:00
[2022-10-31 20:43:42,109] {scheduler_job.py:190} INFO - Processing /home/airflow/.local/lib/python3.6/site-packages/airflow/example_dags/example_task_group.py took 0.042 seconds
[2022-10-31 20:44:12,409] {scheduler_job.py:182} INFO - Started process (PID=403) to work on /home/airflow/.local/lib/python3.6/site-packages/airflow/example_dags/example_task_group.py
[2022-10-31 20:44:12,409] {scheduler_job.py:629} INFO - Processing file /home/airflow/.local/lib/python3.6/site-packages/airflow/example_dags/example_task_group.py for tasks to queue
[2022-10-31 20:44:12,410] {logging_mixin.py:104} INFO - [2022-10-31 20:44:12,410] {dagbag.py:448} INFO - Filling up the DagBag from /home/airflow/.local/lib/python3.6/site-packages/airflow/example_dags/example_task_group.py
[2022-10-31 20:44:12,418] {scheduler_job.py:639} INFO - DAG(s) dict_keys(['example_task_group']) retrieved from /home/airflow/.local/lib/python3.6/site-packages/airflow/example_dags/example_task_group.py
[2022-10-31 20:44:12,433] {logging_mixin.py:104} INFO - [2022-10-31 20:44:12,432] {dag.py:1818} INFO - Sync 1 DAGs
[2022-10-31 20:44:12,443] {logging_mixin.py:104} INFO - [2022-10-31 20:44:12,443] {dag.py:2273} INFO - Setting next_dagrun for example_task_group to 2022-10-29 00:00:00+00:00
[2022-10-31 20:44:12,450] {scheduler_job.py:190} INFO - Processing /home/airflow/.local/lib/python3.6/site-packages/airflow/example_dags/example_task_group.py took 0.043 seconds
