[2022-10-31 20:34:27,142] {scheduler_job.py:182} INFO - Started process (PID=30) to work on /home/airflow/.local/lib/python3.6/site-packages/airflow/example_dags/example_skip_dag.py
[2022-10-31 20:34:27,143] {scheduler_job.py:629} INFO - Processing file /home/airflow/.local/lib/python3.6/site-packages/airflow/example_dags/example_skip_dag.py for tasks to queue
[2022-10-31 20:34:27,143] {logging_mixin.py:104} INFO - [2022-10-31 20:34:27,143] {dagbag.py:448} INFO - Filling up the DagBag from /home/airflow/.local/lib/python3.6/site-packages/airflow/example_dags/example_skip_dag.py
[2022-10-31 20:34:27,157] {scheduler_job.py:639} INFO - DAG(s) dict_keys(['example_skip_dag']) retrieved from /home/airflow/.local/lib/python3.6/site-packages/airflow/example_dags/example_skip_dag.py
[2022-10-31 20:34:27,172] {logging_mixin.py:104} INFO - [2022-10-31 20:34:27,171] {dag.py:1818} INFO - Sync 1 DAGs
[2022-10-31 20:34:27,178] {logging_mixin.py:104} INFO - [2022-10-31 20:34:27,178] {dag.py:1837} INFO - Creating ORM DAG for example_skip_dag
[2022-10-31 20:34:27,181] {logging_mixin.py:104} INFO - [2022-10-31 20:34:27,181] {dag.py:2273} INFO - Setting next_dagrun for example_skip_dag to 2022-10-29 00:00:00+00:00
[2022-10-31 20:34:27,190] {scheduler_job.py:190} INFO - Processing /home/airflow/.local/lib/python3.6/site-packages/airflow/example_dags/example_skip_dag.py took 0.049 seconds
[2022-10-31 20:34:58,035] {scheduler_job.py:182} INFO - Started process (PID=56) to work on /home/airflow/.local/lib/python3.6/site-packages/airflow/example_dags/example_skip_dag.py
[2022-10-31 20:34:58,037] {scheduler_job.py:629} INFO - Processing file /home/airflow/.local/lib/python3.6/site-packages/airflow/example_dags/example_skip_dag.py for tasks to queue
[2022-10-31 20:34:58,038] {logging_mixin.py:104} INFO - [2022-10-31 20:34:58,038] {dagbag.py:448} INFO - Filling up the DagBag from /home/airflow/.local/lib/python3.6/site-packages/airflow/example_dags/example_skip_dag.py
[2022-10-31 20:34:58,055] {scheduler_job.py:639} INFO - DAG(s) dict_keys(['example_skip_dag']) retrieved from /home/airflow/.local/lib/python3.6/site-packages/airflow/example_dags/example_skip_dag.py
[2022-10-31 20:34:58,072] {logging_mixin.py:104} INFO - [2022-10-31 20:34:58,072] {dag.py:1818} INFO - Sync 1 DAGs
[2022-10-31 20:34:58,082] {logging_mixin.py:104} INFO - [2022-10-31 20:34:58,082] {dag.py:2273} INFO - Setting next_dagrun for example_skip_dag to 2022-10-29 00:00:00+00:00
[2022-10-31 20:34:58,097] {scheduler_job.py:190} INFO - Processing /home/airflow/.local/lib/python3.6/site-packages/airflow/example_dags/example_skip_dag.py took 0.068 seconds
[2022-10-31 20:35:28,878] {scheduler_job.py:182} INFO - Started process (PID=82) to work on /home/airflow/.local/lib/python3.6/site-packages/airflow/example_dags/example_skip_dag.py
[2022-10-31 20:35:28,878] {scheduler_job.py:629} INFO - Processing file /home/airflow/.local/lib/python3.6/site-packages/airflow/example_dags/example_skip_dag.py for tasks to queue
[2022-10-31 20:35:28,879] {logging_mixin.py:104} INFO - [2022-10-31 20:35:28,879] {dagbag.py:448} INFO - Filling up the DagBag from /home/airflow/.local/lib/python3.6/site-packages/airflow/example_dags/example_skip_dag.py
[2022-10-31 20:35:28,887] {scheduler_job.py:639} INFO - DAG(s) dict_keys(['example_skip_dag']) retrieved from /home/airflow/.local/lib/python3.6/site-packages/airflow/example_dags/example_skip_dag.py
[2022-10-31 20:35:28,904] {logging_mixin.py:104} INFO - [2022-10-31 20:35:28,904] {dag.py:1818} INFO - Sync 1 DAGs
[2022-10-31 20:35:28,918] {logging_mixin.py:104} INFO - [2022-10-31 20:35:28,918] {dag.py:2273} INFO - Setting next_dagrun for example_skip_dag to 2022-10-29 00:00:00+00:00
[2022-10-31 20:35:28,925] {scheduler_job.py:190} INFO - Processing /home/airflow/.local/lib/python3.6/site-packages/airflow/example_dags/example_skip_dag.py took 0.050 seconds
[2022-10-31 20:35:59,689] {scheduler_job.py:182} INFO - Started process (PID=108) to work on /home/airflow/.local/lib/python3.6/site-packages/airflow/example_dags/example_skip_dag.py
[2022-10-31 20:35:59,690] {scheduler_job.py:629} INFO - Processing file /home/airflow/.local/lib/python3.6/site-packages/airflow/example_dags/example_skip_dag.py for tasks to queue
[2022-10-31 20:35:59,690] {logging_mixin.py:104} INFO - [2022-10-31 20:35:59,690] {dagbag.py:448} INFO - Filling up the DagBag from /home/airflow/.local/lib/python3.6/site-packages/airflow/example_dags/example_skip_dag.py
[2022-10-31 20:35:59,698] {scheduler_job.py:639} INFO - DAG(s) dict_keys(['example_skip_dag']) retrieved from /home/airflow/.local/lib/python3.6/site-packages/airflow/example_dags/example_skip_dag.py
[2022-10-31 20:35:59,712] {logging_mixin.py:104} INFO - [2022-10-31 20:35:59,712] {dag.py:1818} INFO - Sync 1 DAGs
[2022-10-31 20:35:59,722] {logging_mixin.py:104} INFO - [2022-10-31 20:35:59,722] {dag.py:2273} INFO - Setting next_dagrun for example_skip_dag to 2022-10-29 00:00:00+00:00
[2022-10-31 20:35:59,738] {scheduler_job.py:190} INFO - Processing /home/airflow/.local/lib/python3.6/site-packages/airflow/example_dags/example_skip_dag.py took 0.050 seconds
[2022-10-31 20:36:30,506] {scheduler_job.py:182} INFO - Started process (PID=134) to work on /home/airflow/.local/lib/python3.6/site-packages/airflow/example_dags/example_skip_dag.py
[2022-10-31 20:36:30,507] {scheduler_job.py:629} INFO - Processing file /home/airflow/.local/lib/python3.6/site-packages/airflow/example_dags/example_skip_dag.py for tasks to queue
[2022-10-31 20:36:30,507] {logging_mixin.py:104} INFO - [2022-10-31 20:36:30,507] {dagbag.py:448} INFO - Filling up the DagBag from /home/airflow/.local/lib/python3.6/site-packages/airflow/example_dags/example_skip_dag.py
[2022-10-31 20:36:30,515] {scheduler_job.py:639} INFO - DAG(s) dict_keys(['example_skip_dag']) retrieved from /home/airflow/.local/lib/python3.6/site-packages/airflow/example_dags/example_skip_dag.py
[2022-10-31 20:36:30,530] {logging_mixin.py:104} INFO - [2022-10-31 20:36:30,530] {dag.py:1818} INFO - Sync 1 DAGs
[2022-10-31 20:36:30,540] {logging_mixin.py:104} INFO - [2022-10-31 20:36:30,540] {dag.py:2273} INFO - Setting next_dagrun for example_skip_dag to 2022-10-29 00:00:00+00:00
[2022-10-31 20:36:30,557] {scheduler_job.py:190} INFO - Processing /home/airflow/.local/lib/python3.6/site-packages/airflow/example_dags/example_skip_dag.py took 0.053 seconds
[2022-10-31 20:37:01,377] {scheduler_job.py:182} INFO - Started process (PID=160) to work on /home/airflow/.local/lib/python3.6/site-packages/airflow/example_dags/example_skip_dag.py
[2022-10-31 20:37:01,378] {scheduler_job.py:629} INFO - Processing file /home/airflow/.local/lib/python3.6/site-packages/airflow/example_dags/example_skip_dag.py for tasks to queue
[2022-10-31 20:37:01,379] {logging_mixin.py:104} INFO - [2022-10-31 20:37:01,379] {dagbag.py:448} INFO - Filling up the DagBag from /home/airflow/.local/lib/python3.6/site-packages/airflow/example_dags/example_skip_dag.py
[2022-10-31 20:37:01,389] {scheduler_job.py:639} INFO - DAG(s) dict_keys(['example_skip_dag']) retrieved from /home/airflow/.local/lib/python3.6/site-packages/airflow/example_dags/example_skip_dag.py
[2022-10-31 20:37:01,413] {logging_mixin.py:104} INFO - [2022-10-31 20:37:01,413] {dag.py:1818} INFO - Sync 1 DAGs
[2022-10-31 20:37:01,424] {logging_mixin.py:104} INFO - [2022-10-31 20:37:01,424] {dag.py:2273} INFO - Setting next_dagrun for example_skip_dag to 2022-10-29 00:00:00+00:00
[2022-10-31 20:37:01,435] {scheduler_job.py:190} INFO - Processing /home/airflow/.local/lib/python3.6/site-packages/airflow/example_dags/example_skip_dag.py took 0.061 seconds
[2022-10-31 20:37:34,343] {scheduler_job.py:182} INFO - Started process (PID=38) to work on /home/airflow/.local/lib/python3.6/site-packages/airflow/example_dags/example_skip_dag.py
[2022-10-31 20:37:34,344] {scheduler_job.py:629} INFO - Processing file /home/airflow/.local/lib/python3.6/site-packages/airflow/example_dags/example_skip_dag.py for tasks to queue
[2022-10-31 20:37:34,344] {logging_mixin.py:104} INFO - [2022-10-31 20:37:34,344] {dagbag.py:448} INFO - Filling up the DagBag from /home/airflow/.local/lib/python3.6/site-packages/airflow/example_dags/example_skip_dag.py
[2022-10-31 20:37:34,354] {scheduler_job.py:639} INFO - DAG(s) dict_keys(['example_skip_dag']) retrieved from /home/airflow/.local/lib/python3.6/site-packages/airflow/example_dags/example_skip_dag.py
[2022-10-31 20:37:34,373] {logging_mixin.py:104} INFO - [2022-10-31 20:37:34,372] {dag.py:1818} INFO - Sync 1 DAGs
[2022-10-31 20:37:34,388] {logging_mixin.py:104} INFO - [2022-10-31 20:37:34,388] {dag.py:2273} INFO - Setting next_dagrun for example_skip_dag to 2022-10-29 00:00:00+00:00
[2022-10-31 20:37:34,396] {scheduler_job.py:190} INFO - Processing /home/airflow/.local/lib/python3.6/site-packages/airflow/example_dags/example_skip_dag.py took 0.056 seconds
[2022-10-31 20:38:04,467] {scheduler_job.py:182} INFO - Started process (PID=64) to work on /home/airflow/.local/lib/python3.6/site-packages/airflow/example_dags/example_skip_dag.py
[2022-10-31 20:38:04,467] {scheduler_job.py:629} INFO - Processing file /home/airflow/.local/lib/python3.6/site-packages/airflow/example_dags/example_skip_dag.py for tasks to queue
[2022-10-31 20:38:04,468] {logging_mixin.py:104} INFO - [2022-10-31 20:38:04,467] {dagbag.py:448} INFO - Filling up the DagBag from /home/airflow/.local/lib/python3.6/site-packages/airflow/example_dags/example_skip_dag.py
[2022-10-31 20:38:04,475] {scheduler_job.py:639} INFO - DAG(s) dict_keys(['example_skip_dag']) retrieved from /home/airflow/.local/lib/python3.6/site-packages/airflow/example_dags/example_skip_dag.py
[2022-10-31 20:38:04,489] {logging_mixin.py:104} INFO - [2022-10-31 20:38:04,488] {dag.py:1818} INFO - Sync 1 DAGs
[2022-10-31 20:38:04,498] {logging_mixin.py:104} INFO - [2022-10-31 20:38:04,498] {dag.py:2273} INFO - Setting next_dagrun for example_skip_dag to 2022-10-29 00:00:00+00:00
[2022-10-31 20:38:04,505] {scheduler_job.py:190} INFO - Processing /home/airflow/.local/lib/python3.6/site-packages/airflow/example_dags/example_skip_dag.py took 0.040 seconds
[2022-10-31 20:38:34,567] {scheduler_job.py:182} INFO - Started process (PID=90) to work on /home/airflow/.local/lib/python3.6/site-packages/airflow/example_dags/example_skip_dag.py
[2022-10-31 20:38:34,567] {scheduler_job.py:629} INFO - Processing file /home/airflow/.local/lib/python3.6/site-packages/airflow/example_dags/example_skip_dag.py for tasks to queue
[2022-10-31 20:38:34,568] {logging_mixin.py:104} INFO - [2022-10-31 20:38:34,568] {dagbag.py:448} INFO - Filling up the DagBag from /home/airflow/.local/lib/python3.6/site-packages/airflow/example_dags/example_skip_dag.py
[2022-10-31 20:38:34,575] {scheduler_job.py:639} INFO - DAG(s) dict_keys(['example_skip_dag']) retrieved from /home/airflow/.local/lib/python3.6/site-packages/airflow/example_dags/example_skip_dag.py
[2022-10-31 20:38:34,588] {logging_mixin.py:104} INFO - [2022-10-31 20:38:34,588] {dag.py:1818} INFO - Sync 1 DAGs
[2022-10-31 20:38:34,597] {logging_mixin.py:104} INFO - [2022-10-31 20:38:34,597] {dag.py:2273} INFO - Setting next_dagrun for example_skip_dag to 2022-10-29 00:00:00+00:00
[2022-10-31 20:38:34,603] {scheduler_job.py:190} INFO - Processing /home/airflow/.local/lib/python3.6/site-packages/airflow/example_dags/example_skip_dag.py took 0.038 seconds
[2022-10-31 20:39:05,587] {scheduler_job.py:182} INFO - Started process (PID=142) to work on /home/airflow/.local/lib/python3.6/site-packages/airflow/example_dags/example_skip_dag.py
[2022-10-31 20:39:05,588] {scheduler_job.py:629} INFO - Processing file /home/airflow/.local/lib/python3.6/site-packages/airflow/example_dags/example_skip_dag.py for tasks to queue
[2022-10-31 20:39:05,588] {logging_mixin.py:104} INFO - [2022-10-31 20:39:05,588] {dagbag.py:448} INFO - Filling up the DagBag from /home/airflow/.local/lib/python3.6/site-packages/airflow/example_dags/example_skip_dag.py
[2022-10-31 20:39:05,596] {scheduler_job.py:639} INFO - DAG(s) dict_keys(['example_skip_dag']) retrieved from /home/airflow/.local/lib/python3.6/site-packages/airflow/example_dags/example_skip_dag.py
[2022-10-31 20:39:05,609] {logging_mixin.py:104} INFO - [2022-10-31 20:39:05,609] {dag.py:1818} INFO - Sync 1 DAGs
[2022-10-31 20:39:05,619] {logging_mixin.py:104} INFO - [2022-10-31 20:39:05,619] {dag.py:2273} INFO - Setting next_dagrun for example_skip_dag to 2022-10-29 00:00:00+00:00
[2022-10-31 20:39:05,624] {scheduler_job.py:190} INFO - Processing /home/airflow/.local/lib/python3.6/site-packages/airflow/example_dags/example_skip_dag.py took 0.039 seconds
[2022-10-31 20:39:36,547] {scheduler_job.py:182} INFO - Started process (PID=168) to work on /home/airflow/.local/lib/python3.6/site-packages/airflow/example_dags/example_skip_dag.py
[2022-10-31 20:39:36,548] {scheduler_job.py:629} INFO - Processing file /home/airflow/.local/lib/python3.6/site-packages/airflow/example_dags/example_skip_dag.py for tasks to queue
[2022-10-31 20:39:36,548] {logging_mixin.py:104} INFO - [2022-10-31 20:39:36,548] {dagbag.py:448} INFO - Filling up the DagBag from /home/airflow/.local/lib/python3.6/site-packages/airflow/example_dags/example_skip_dag.py
[2022-10-31 20:39:36,555] {scheduler_job.py:639} INFO - DAG(s) dict_keys(['example_skip_dag']) retrieved from /home/airflow/.local/lib/python3.6/site-packages/airflow/example_dags/example_skip_dag.py
[2022-10-31 20:39:36,569] {logging_mixin.py:104} INFO - [2022-10-31 20:39:36,569] {dag.py:1818} INFO - Sync 1 DAGs
[2022-10-31 20:39:36,583] {logging_mixin.py:104} INFO - [2022-10-31 20:39:36,583] {dag.py:2273} INFO - Setting next_dagrun for example_skip_dag to 2022-10-29 00:00:00+00:00
[2022-10-31 20:39:36,589] {scheduler_job.py:190} INFO - Processing /home/airflow/.local/lib/python3.6/site-packages/airflow/example_dags/example_skip_dag.py took 0.043 seconds
[2022-10-31 20:40:07,491] {scheduler_job.py:182} INFO - Started process (PID=194) to work on /home/airflow/.local/lib/python3.6/site-packages/airflow/example_dags/example_skip_dag.py
[2022-10-31 20:40:07,492] {scheduler_job.py:629} INFO - Processing file /home/airflow/.local/lib/python3.6/site-packages/airflow/example_dags/example_skip_dag.py for tasks to queue
[2022-10-31 20:40:07,492] {logging_mixin.py:104} INFO - [2022-10-31 20:40:07,492] {dagbag.py:448} INFO - Filling up the DagBag from /home/airflow/.local/lib/python3.6/site-packages/airflow/example_dags/example_skip_dag.py
[2022-10-31 20:40:07,499] {scheduler_job.py:639} INFO - DAG(s) dict_keys(['example_skip_dag']) retrieved from /home/airflow/.local/lib/python3.6/site-packages/airflow/example_dags/example_skip_dag.py
[2022-10-31 20:40:07,512] {logging_mixin.py:104} INFO - [2022-10-31 20:40:07,512] {dag.py:1818} INFO - Sync 1 DAGs
[2022-10-31 20:40:07,522] {logging_mixin.py:104} INFO - [2022-10-31 20:40:07,522] {dag.py:2273} INFO - Setting next_dagrun for example_skip_dag to 2022-10-29 00:00:00+00:00
[2022-10-31 20:40:07,528] {scheduler_job.py:190} INFO - Processing /home/airflow/.local/lib/python3.6/site-packages/airflow/example_dags/example_skip_dag.py took 0.039 seconds
[2022-10-31 20:40:38,363] {scheduler_job.py:182} INFO - Started process (PID=220) to work on /home/airflow/.local/lib/python3.6/site-packages/airflow/example_dags/example_skip_dag.py
[2022-10-31 20:40:38,363] {scheduler_job.py:629} INFO - Processing file /home/airflow/.local/lib/python3.6/site-packages/airflow/example_dags/example_skip_dag.py for tasks to queue
[2022-10-31 20:40:38,364] {logging_mixin.py:104} INFO - [2022-10-31 20:40:38,363] {dagbag.py:448} INFO - Filling up the DagBag from /home/airflow/.local/lib/python3.6/site-packages/airflow/example_dags/example_skip_dag.py
[2022-10-31 20:40:38,371] {scheduler_job.py:639} INFO - DAG(s) dict_keys(['example_skip_dag']) retrieved from /home/airflow/.local/lib/python3.6/site-packages/airflow/example_dags/example_skip_dag.py
[2022-10-31 20:40:38,384] {logging_mixin.py:104} INFO - [2022-10-31 20:40:38,384] {dag.py:1818} INFO - Sync 1 DAGs
[2022-10-31 20:40:38,394] {logging_mixin.py:104} INFO - [2022-10-31 20:40:38,394] {dag.py:2273} INFO - Setting next_dagrun for example_skip_dag to 2022-10-29 00:00:00+00:00
[2022-10-31 20:40:38,399] {scheduler_job.py:190} INFO - Processing /home/airflow/.local/lib/python3.6/site-packages/airflow/example_dags/example_skip_dag.py took 0.039 seconds
[2022-10-31 20:41:09,316] {scheduler_job.py:182} INFO - Started process (PID=246) to work on /home/airflow/.local/lib/python3.6/site-packages/airflow/example_dags/example_skip_dag.py
[2022-10-31 20:41:09,316] {scheduler_job.py:629} INFO - Processing file /home/airflow/.local/lib/python3.6/site-packages/airflow/example_dags/example_skip_dag.py for tasks to queue
[2022-10-31 20:41:09,317] {logging_mixin.py:104} INFO - [2022-10-31 20:41:09,317] {dagbag.py:448} INFO - Filling up the DagBag from /home/airflow/.local/lib/python3.6/site-packages/airflow/example_dags/example_skip_dag.py
[2022-10-31 20:41:09,325] {scheduler_job.py:639} INFO - DAG(s) dict_keys(['example_skip_dag']) retrieved from /home/airflow/.local/lib/python3.6/site-packages/airflow/example_dags/example_skip_dag.py
[2022-10-31 20:41:09,341] {logging_mixin.py:104} INFO - [2022-10-31 20:41:09,341] {dag.py:1818} INFO - Sync 1 DAGs
[2022-10-31 20:41:09,354] {logging_mixin.py:104} INFO - [2022-10-31 20:41:09,354] {dag.py:2273} INFO - Setting next_dagrun for example_skip_dag to 2022-10-29 00:00:00+00:00
[2022-10-31 20:41:09,359] {scheduler_job.py:190} INFO - Processing /home/airflow/.local/lib/python3.6/site-packages/airflow/example_dags/example_skip_dag.py took 0.045 seconds
[2022-10-31 20:41:40,228] {scheduler_job.py:182} INFO - Started process (PID=272) to work on /home/airflow/.local/lib/python3.6/site-packages/airflow/example_dags/example_skip_dag.py
[2022-10-31 20:41:40,229] {scheduler_job.py:629} INFO - Processing file /home/airflow/.local/lib/python3.6/site-packages/airflow/example_dags/example_skip_dag.py for tasks to queue
[2022-10-31 20:41:40,229] {logging_mixin.py:104} INFO - [2022-10-31 20:41:40,229] {dagbag.py:448} INFO - Filling up the DagBag from /home/airflow/.local/lib/python3.6/site-packages/airflow/example_dags/example_skip_dag.py
[2022-10-31 20:41:40,236] {scheduler_job.py:639} INFO - DAG(s) dict_keys(['example_skip_dag']) retrieved from /home/airflow/.local/lib/python3.6/site-packages/airflow/example_dags/example_skip_dag.py
[2022-10-31 20:41:40,250] {logging_mixin.py:104} INFO - [2022-10-31 20:41:40,249] {dag.py:1818} INFO - Sync 1 DAGs
[2022-10-31 20:41:40,260] {logging_mixin.py:104} INFO - [2022-10-31 20:41:40,260] {dag.py:2273} INFO - Setting next_dagrun for example_skip_dag to 2022-10-29 00:00:00+00:00
[2022-10-31 20:41:40,265] {scheduler_job.py:190} INFO - Processing /home/airflow/.local/lib/python3.6/site-packages/airflow/example_dags/example_skip_dag.py took 0.039 seconds
[2022-10-31 20:42:11,106] {scheduler_job.py:182} INFO - Started process (PID=298) to work on /home/airflow/.local/lib/python3.6/site-packages/airflow/example_dags/example_skip_dag.py
[2022-10-31 20:42:11,107] {scheduler_job.py:629} INFO - Processing file /home/airflow/.local/lib/python3.6/site-packages/airflow/example_dags/example_skip_dag.py for tasks to queue
[2022-10-31 20:42:11,107] {logging_mixin.py:104} INFO - [2022-10-31 20:42:11,107] {dagbag.py:448} INFO - Filling up the DagBag from /home/airflow/.local/lib/python3.6/site-packages/airflow/example_dags/example_skip_dag.py
[2022-10-31 20:42:11,115] {scheduler_job.py:639} INFO - DAG(s) dict_keys(['example_skip_dag']) retrieved from /home/airflow/.local/lib/python3.6/site-packages/airflow/example_dags/example_skip_dag.py
[2022-10-31 20:42:11,129] {logging_mixin.py:104} INFO - [2022-10-31 20:42:11,129] {dag.py:1818} INFO - Sync 1 DAGs
[2022-10-31 20:42:11,140] {logging_mixin.py:104} INFO - [2022-10-31 20:42:11,140] {dag.py:2273} INFO - Setting next_dagrun for example_skip_dag to 2022-10-29 00:00:00+00:00
[2022-10-31 20:42:11,146] {scheduler_job.py:190} INFO - Processing /home/airflow/.local/lib/python3.6/site-packages/airflow/example_dags/example_skip_dag.py took 0.042 seconds
[2022-10-31 20:42:41,862] {scheduler_job.py:182} INFO - Started process (PID=326) to work on /home/airflow/.local/lib/python3.6/site-packages/airflow/example_dags/example_skip_dag.py
[2022-10-31 20:42:41,863] {scheduler_job.py:629} INFO - Processing file /home/airflow/.local/lib/python3.6/site-packages/airflow/example_dags/example_skip_dag.py for tasks to queue
[2022-10-31 20:42:41,863] {logging_mixin.py:104} INFO - [2022-10-31 20:42:41,863] {dagbag.py:448} INFO - Filling up the DagBag from /home/airflow/.local/lib/python3.6/site-packages/airflow/example_dags/example_skip_dag.py
[2022-10-31 20:42:41,871] {scheduler_job.py:639} INFO - DAG(s) dict_keys(['example_skip_dag']) retrieved from /home/airflow/.local/lib/python3.6/site-packages/airflow/example_dags/example_skip_dag.py
[2022-10-31 20:42:41,885] {logging_mixin.py:104} INFO - [2022-10-31 20:42:41,885] {dag.py:1818} INFO - Sync 1 DAGs
[2022-10-31 20:42:41,895] {logging_mixin.py:104} INFO - [2022-10-31 20:42:41,895] {dag.py:2273} INFO - Setting next_dagrun for example_skip_dag to 2022-10-29 00:00:00+00:00
[2022-10-31 20:42:41,901] {scheduler_job.py:190} INFO - Processing /home/airflow/.local/lib/python3.6/site-packages/airflow/example_dags/example_skip_dag.py took 0.041 seconds
[2022-10-31 20:43:12,013] {scheduler_job.py:182} INFO - Started process (PID=353) to work on /home/airflow/.local/lib/python3.6/site-packages/airflow/example_dags/example_skip_dag.py
[2022-10-31 20:43:12,014] {scheduler_job.py:629} INFO - Processing file /home/airflow/.local/lib/python3.6/site-packages/airflow/example_dags/example_skip_dag.py for tasks to queue
[2022-10-31 20:43:12,014] {logging_mixin.py:104} INFO - [2022-10-31 20:43:12,014] {dagbag.py:448} INFO - Filling up the DagBag from /home/airflow/.local/lib/python3.6/site-packages/airflow/example_dags/example_skip_dag.py
[2022-10-31 20:43:12,022] {scheduler_job.py:639} INFO - DAG(s) dict_keys(['example_skip_dag']) retrieved from /home/airflow/.local/lib/python3.6/site-packages/airflow/example_dags/example_skip_dag.py
[2022-10-31 20:43:12,035] {logging_mixin.py:104} INFO - [2022-10-31 20:43:12,035] {dag.py:1818} INFO - Sync 1 DAGs
[2022-10-31 20:43:12,045] {logging_mixin.py:104} INFO - [2022-10-31 20:43:12,045] {dag.py:2273} INFO - Setting next_dagrun for example_skip_dag to 2022-10-29 00:00:00+00:00
[2022-10-31 20:43:12,051] {scheduler_job.py:190} INFO - Processing /home/airflow/.local/lib/python3.6/site-packages/airflow/example_dags/example_skip_dag.py took 0.041 seconds
[2022-10-31 20:43:42,073] {scheduler_job.py:182} INFO - Started process (PID=376) to work on /home/airflow/.local/lib/python3.6/site-packages/airflow/example_dags/example_skip_dag.py
[2022-10-31 20:43:42,073] {scheduler_job.py:629} INFO - Processing file /home/airflow/.local/lib/python3.6/site-packages/airflow/example_dags/example_skip_dag.py for tasks to queue
[2022-10-31 20:43:42,074] {logging_mixin.py:104} INFO - [2022-10-31 20:43:42,073] {dagbag.py:448} INFO - Filling up the DagBag from /home/airflow/.local/lib/python3.6/site-packages/airflow/example_dags/example_skip_dag.py
[2022-10-31 20:43:42,081] {scheduler_job.py:639} INFO - DAG(s) dict_keys(['example_skip_dag']) retrieved from /home/airflow/.local/lib/python3.6/site-packages/airflow/example_dags/example_skip_dag.py
[2022-10-31 20:43:42,094] {logging_mixin.py:104} INFO - [2022-10-31 20:43:42,094] {dag.py:1818} INFO - Sync 1 DAGs
[2022-10-31 20:43:42,103] {logging_mixin.py:104} INFO - [2022-10-31 20:43:42,103] {dag.py:2273} INFO - Setting next_dagrun for example_skip_dag to 2022-10-29 00:00:00+00:00
[2022-10-31 20:43:42,109] {scheduler_job.py:190} INFO - Processing /home/airflow/.local/lib/python3.6/site-packages/airflow/example_dags/example_skip_dag.py took 0.038 seconds
[2022-10-31 20:44:12,460] {scheduler_job.py:182} INFO - Started process (PID=405) to work on /home/airflow/.local/lib/python3.6/site-packages/airflow/example_dags/example_skip_dag.py
[2022-10-31 20:44:12,461] {scheduler_job.py:629} INFO - Processing file /home/airflow/.local/lib/python3.6/site-packages/airflow/example_dags/example_skip_dag.py for tasks to queue
[2022-10-31 20:44:12,461] {logging_mixin.py:104} INFO - [2022-10-31 20:44:12,461] {dagbag.py:448} INFO - Filling up the DagBag from /home/airflow/.local/lib/python3.6/site-packages/airflow/example_dags/example_skip_dag.py
[2022-10-31 20:44:12,468] {scheduler_job.py:639} INFO - DAG(s) dict_keys(['example_skip_dag']) retrieved from /home/airflow/.local/lib/python3.6/site-packages/airflow/example_dags/example_skip_dag.py
[2022-10-31 20:44:12,482] {logging_mixin.py:104} INFO - [2022-10-31 20:44:12,482] {dag.py:1818} INFO - Sync 1 DAGs
[2022-10-31 20:44:12,492] {logging_mixin.py:104} INFO - [2022-10-31 20:44:12,491] {dag.py:2273} INFO - Setting next_dagrun for example_skip_dag to 2022-10-29 00:00:00+00:00
[2022-10-31 20:44:12,497] {scheduler_job.py:190} INFO - Processing /home/airflow/.local/lib/python3.6/site-packages/airflow/example_dags/example_skip_dag.py took 0.039 seconds
