[2022-10-31 20:34:27,668] {scheduler_job.py:182} INFO - Started process (PID=46) to work on /home/airflow/.local/lib/python3.6/site-packages/airflow/example_dags/example_kubernetes_executor_config.py
[2022-10-31 20:34:27,669] {scheduler_job.py:629} INFO - Processing file /home/airflow/.local/lib/python3.6/site-packages/airflow/example_dags/example_kubernetes_executor_config.py for tasks to queue
[2022-10-31 20:34:27,669] {logging_mixin.py:104} INFO - [2022-10-31 20:34:27,669] {dagbag.py:448} INFO - Filling up the DagBag from /home/airflow/.local/lib/python3.6/site-packages/airflow/example_dags/example_kubernetes_executor_config.py
[2022-10-31 20:34:27,679] {scheduler_job.py:639} INFO - DAG(s) dict_keys(['example_kubernetes_executor_config']) retrieved from /home/airflow/.local/lib/python3.6/site-packages/airflow/example_dags/example_kubernetes_executor_config.py
[2022-10-31 20:34:27,697] {logging_mixin.py:104} INFO - [2022-10-31 20:34:27,697] {dag.py:1818} INFO - Sync 1 DAGs
[2022-10-31 20:34:27,704] {logging_mixin.py:104} INFO - [2022-10-31 20:34:27,704] {dag.py:1837} INFO - Creating ORM DAG for example_kubernetes_executor_config
[2022-10-31 20:34:27,707] {logging_mixin.py:104} INFO - [2022-10-31 20:34:27,707] {dag.py:2273} INFO - Setting next_dagrun for example_kubernetes_executor_config to None
[2022-10-31 20:34:27,717] {scheduler_job.py:190} INFO - Processing /home/airflow/.local/lib/python3.6/site-packages/airflow/example_dags/example_kubernetes_executor_config.py took 0.051 seconds
[2022-10-31 20:34:58,524] {scheduler_job.py:182} INFO - Started process (PID=72) to work on /home/airflow/.local/lib/python3.6/site-packages/airflow/example_dags/example_kubernetes_executor_config.py
[2022-10-31 20:34:58,525] {scheduler_job.py:629} INFO - Processing file /home/airflow/.local/lib/python3.6/site-packages/airflow/example_dags/example_kubernetes_executor_config.py for tasks to queue
[2022-10-31 20:34:58,525] {logging_mixin.py:104} INFO - [2022-10-31 20:34:58,525] {dagbag.py:448} INFO - Filling up the DagBag from /home/airflow/.local/lib/python3.6/site-packages/airflow/example_dags/example_kubernetes_executor_config.py
[2022-10-31 20:34:58,534] {scheduler_job.py:639} INFO - DAG(s) dict_keys(['example_kubernetes_executor_config']) retrieved from /home/airflow/.local/lib/python3.6/site-packages/airflow/example_dags/example_kubernetes_executor_config.py
[2022-10-31 20:34:58,548] {logging_mixin.py:104} INFO - [2022-10-31 20:34:58,547] {dag.py:1818} INFO - Sync 1 DAGs
[2022-10-31 20:34:58,557] {logging_mixin.py:104} INFO - [2022-10-31 20:34:58,557] {dag.py:2273} INFO - Setting next_dagrun for example_kubernetes_executor_config to None
[2022-10-31 20:34:58,563] {scheduler_job.py:190} INFO - Processing /home/airflow/.local/lib/python3.6/site-packages/airflow/example_dags/example_kubernetes_executor_config.py took 0.041 seconds
[2022-10-31 20:35:29,331] {scheduler_job.py:182} INFO - Started process (PID=98) to work on /home/airflow/.local/lib/python3.6/site-packages/airflow/example_dags/example_kubernetes_executor_config.py
[2022-10-31 20:35:29,332] {scheduler_job.py:629} INFO - Processing file /home/airflow/.local/lib/python3.6/site-packages/airflow/example_dags/example_kubernetes_executor_config.py for tasks to queue
[2022-10-31 20:35:29,332] {logging_mixin.py:104} INFO - [2022-10-31 20:35:29,332] {dagbag.py:448} INFO - Filling up the DagBag from /home/airflow/.local/lib/python3.6/site-packages/airflow/example_dags/example_kubernetes_executor_config.py
[2022-10-31 20:35:29,341] {scheduler_job.py:639} INFO - DAG(s) dict_keys(['example_kubernetes_executor_config']) retrieved from /home/airflow/.local/lib/python3.6/site-packages/airflow/example_dags/example_kubernetes_executor_config.py
[2022-10-31 20:35:29,355] {logging_mixin.py:104} INFO - [2022-10-31 20:35:29,355] {dag.py:1818} INFO - Sync 1 DAGs
[2022-10-31 20:35:29,365] {logging_mixin.py:104} INFO - [2022-10-31 20:35:29,365] {dag.py:2273} INFO - Setting next_dagrun for example_kubernetes_executor_config to None
[2022-10-31 20:35:29,371] {scheduler_job.py:190} INFO - Processing /home/airflow/.local/lib/python3.6/site-packages/airflow/example_dags/example_kubernetes_executor_config.py took 0.041 seconds
[2022-10-31 20:36:00,169] {scheduler_job.py:182} INFO - Started process (PID=124) to work on /home/airflow/.local/lib/python3.6/site-packages/airflow/example_dags/example_kubernetes_executor_config.py
[2022-10-31 20:36:00,170] {scheduler_job.py:629} INFO - Processing file /home/airflow/.local/lib/python3.6/site-packages/airflow/example_dags/example_kubernetes_executor_config.py for tasks to queue
[2022-10-31 20:36:00,170] {logging_mixin.py:104} INFO - [2022-10-31 20:36:00,170] {dagbag.py:448} INFO - Filling up the DagBag from /home/airflow/.local/lib/python3.6/site-packages/airflow/example_dags/example_kubernetes_executor_config.py
[2022-10-31 20:36:00,179] {scheduler_job.py:639} INFO - DAG(s) dict_keys(['example_kubernetes_executor_config']) retrieved from /home/airflow/.local/lib/python3.6/site-packages/airflow/example_dags/example_kubernetes_executor_config.py
[2022-10-31 20:36:00,194] {logging_mixin.py:104} INFO - [2022-10-31 20:36:00,194] {dag.py:1818} INFO - Sync 1 DAGs
[2022-10-31 20:36:00,203] {logging_mixin.py:104} INFO - [2022-10-31 20:36:00,203] {dag.py:2273} INFO - Setting next_dagrun for example_kubernetes_executor_config to None
[2022-10-31 20:36:00,209] {scheduler_job.py:190} INFO - Processing /home/airflow/.local/lib/python3.6/site-packages/airflow/example_dags/example_kubernetes_executor_config.py took 0.041 seconds
[2022-10-31 20:36:31,033] {scheduler_job.py:182} INFO - Started process (PID=150) to work on /home/airflow/.local/lib/python3.6/site-packages/airflow/example_dags/example_kubernetes_executor_config.py
[2022-10-31 20:36:31,034] {scheduler_job.py:629} INFO - Processing file /home/airflow/.local/lib/python3.6/site-packages/airflow/example_dags/example_kubernetes_executor_config.py for tasks to queue
[2022-10-31 20:36:31,034] {logging_mixin.py:104} INFO - [2022-10-31 20:36:31,034] {dagbag.py:448} INFO - Filling up the DagBag from /home/airflow/.local/lib/python3.6/site-packages/airflow/example_dags/example_kubernetes_executor_config.py
[2022-10-31 20:36:31,044] {scheduler_job.py:639} INFO - DAG(s) dict_keys(['example_kubernetes_executor_config']) retrieved from /home/airflow/.local/lib/python3.6/site-packages/airflow/example_dags/example_kubernetes_executor_config.py
[2022-10-31 20:36:31,058] {logging_mixin.py:104} INFO - [2022-10-31 20:36:31,058] {dag.py:1818} INFO - Sync 1 DAGs
[2022-10-31 20:36:31,068] {logging_mixin.py:104} INFO - [2022-10-31 20:36:31,068] {dag.py:2273} INFO - Setting next_dagrun for example_kubernetes_executor_config to None
[2022-10-31 20:36:31,073] {scheduler_job.py:190} INFO - Processing /home/airflow/.local/lib/python3.6/site-packages/airflow/example_dags/example_kubernetes_executor_config.py took 0.042 seconds
[2022-10-31 20:37:01,849] {scheduler_job.py:182} INFO - Started process (PID=176) to work on /home/airflow/.local/lib/python3.6/site-packages/airflow/example_dags/example_kubernetes_executor_config.py
[2022-10-31 20:37:01,850] {scheduler_job.py:629} INFO - Processing file /home/airflow/.local/lib/python3.6/site-packages/airflow/example_dags/example_kubernetes_executor_config.py for tasks to queue
[2022-10-31 20:37:01,850] {logging_mixin.py:104} INFO - [2022-10-31 20:37:01,850] {dagbag.py:448} INFO - Filling up the DagBag from /home/airflow/.local/lib/python3.6/site-packages/airflow/example_dags/example_kubernetes_executor_config.py
[2022-10-31 20:37:01,859] {scheduler_job.py:639} INFO - DAG(s) dict_keys(['example_kubernetes_executor_config']) retrieved from /home/airflow/.local/lib/python3.6/site-packages/airflow/example_dags/example_kubernetes_executor_config.py
[2022-10-31 20:37:01,873] {logging_mixin.py:104} INFO - [2022-10-31 20:37:01,873] {dag.py:1818} INFO - Sync 1 DAGs
[2022-10-31 20:37:01,883] {logging_mixin.py:104} INFO - [2022-10-31 20:37:01,883] {dag.py:2273} INFO - Setting next_dagrun for example_kubernetes_executor_config to None
[2022-10-31 20:37:01,888] {scheduler_job.py:190} INFO - Processing /home/airflow/.local/lib/python3.6/site-packages/airflow/example_dags/example_kubernetes_executor_config.py took 0.041 seconds
[2022-10-31 20:37:34,253] {scheduler_job.py:182} INFO - Started process (PID=36) to work on /home/airflow/.local/lib/python3.6/site-packages/airflow/example_dags/example_kubernetes_executor_config.py
[2022-10-31 20:37:34,254] {scheduler_job.py:629} INFO - Processing file /home/airflow/.local/lib/python3.6/site-packages/airflow/example_dags/example_kubernetes_executor_config.py for tasks to queue
[2022-10-31 20:37:34,255] {logging_mixin.py:104} INFO - [2022-10-31 20:37:34,255] {dagbag.py:448} INFO - Filling up the DagBag from /home/airflow/.local/lib/python3.6/site-packages/airflow/example_dags/example_kubernetes_executor_config.py
[2022-10-31 20:37:34,276] {scheduler_job.py:639} INFO - DAG(s) dict_keys(['example_kubernetes_executor_config']) retrieved from /home/airflow/.local/lib/python3.6/site-packages/airflow/example_dags/example_kubernetes_executor_config.py
[2022-10-31 20:37:34,301] {logging_mixin.py:104} INFO - [2022-10-31 20:37:34,301] {dag.py:1818} INFO - Sync 1 DAGs
[2022-10-31 20:37:34,316] {logging_mixin.py:104} INFO - [2022-10-31 20:37:34,316] {dag.py:2273} INFO - Setting next_dagrun for example_kubernetes_executor_config to None
[2022-10-31 20:37:34,328] {scheduler_job.py:190} INFO - Processing /home/airflow/.local/lib/python3.6/site-packages/airflow/example_dags/example_kubernetes_executor_config.py took 0.077 seconds
[2022-10-31 20:38:04,349] {scheduler_job.py:182} INFO - Started process (PID=61) to work on /home/airflow/.local/lib/python3.6/site-packages/airflow/example_dags/example_kubernetes_executor_config.py
[2022-10-31 20:38:04,349] {scheduler_job.py:629} INFO - Processing file /home/airflow/.local/lib/python3.6/site-packages/airflow/example_dags/example_kubernetes_executor_config.py for tasks to queue
[2022-10-31 20:38:04,350] {logging_mixin.py:104} INFO - [2022-10-31 20:38:04,350] {dagbag.py:448} INFO - Filling up the DagBag from /home/airflow/.local/lib/python3.6/site-packages/airflow/example_dags/example_kubernetes_executor_config.py
[2022-10-31 20:38:04,361] {scheduler_job.py:639} INFO - DAG(s) dict_keys(['example_kubernetes_executor_config']) retrieved from /home/airflow/.local/lib/python3.6/site-packages/airflow/example_dags/example_kubernetes_executor_config.py
[2022-10-31 20:38:04,378] {logging_mixin.py:104} INFO - [2022-10-31 20:38:04,378] {dag.py:1818} INFO - Sync 1 DAGs
[2022-10-31 20:38:04,390] {logging_mixin.py:104} INFO - [2022-10-31 20:38:04,390] {dag.py:2273} INFO - Setting next_dagrun for example_kubernetes_executor_config to None
[2022-10-31 20:38:04,397] {scheduler_job.py:190} INFO - Processing /home/airflow/.local/lib/python3.6/site-packages/airflow/example_dags/example_kubernetes_executor_config.py took 0.050 seconds
[2022-10-31 20:38:34,415] {scheduler_job.py:182} INFO - Started process (PID=87) to work on /home/airflow/.local/lib/python3.6/site-packages/airflow/example_dags/example_kubernetes_executor_config.py
[2022-10-31 20:38:34,415] {scheduler_job.py:629} INFO - Processing file /home/airflow/.local/lib/python3.6/site-packages/airflow/example_dags/example_kubernetes_executor_config.py for tasks to queue
[2022-10-31 20:38:34,416] {logging_mixin.py:104} INFO - [2022-10-31 20:38:34,415] {dagbag.py:448} INFO - Filling up the DagBag from /home/airflow/.local/lib/python3.6/site-packages/airflow/example_dags/example_kubernetes_executor_config.py
[2022-10-31 20:38:34,425] {scheduler_job.py:639} INFO - DAG(s) dict_keys(['example_kubernetes_executor_config']) retrieved from /home/airflow/.local/lib/python3.6/site-packages/airflow/example_dags/example_kubernetes_executor_config.py
[2022-10-31 20:38:34,439] {logging_mixin.py:104} INFO - [2022-10-31 20:38:34,439] {dag.py:1818} INFO - Sync 1 DAGs
[2022-10-31 20:38:34,448] {logging_mixin.py:104} INFO - [2022-10-31 20:38:34,448] {dag.py:2273} INFO - Setting next_dagrun for example_kubernetes_executor_config to None
[2022-10-31 20:38:34,453] {scheduler_job.py:190} INFO - Processing /home/airflow/.local/lib/python3.6/site-packages/airflow/example_dags/example_kubernetes_executor_config.py took 0.041 seconds
[2022-10-31 20:39:05,535] {scheduler_job.py:182} INFO - Started process (PID=140) to work on /home/airflow/.local/lib/python3.6/site-packages/airflow/example_dags/example_kubernetes_executor_config.py
[2022-10-31 20:39:05,535] {scheduler_job.py:629} INFO - Processing file /home/airflow/.local/lib/python3.6/site-packages/airflow/example_dags/example_kubernetes_executor_config.py for tasks to queue
[2022-10-31 20:39:05,536] {logging_mixin.py:104} INFO - [2022-10-31 20:39:05,536] {dagbag.py:448} INFO - Filling up the DagBag from /home/airflow/.local/lib/python3.6/site-packages/airflow/example_dags/example_kubernetes_executor_config.py
[2022-10-31 20:39:05,545] {scheduler_job.py:639} INFO - DAG(s) dict_keys(['example_kubernetes_executor_config']) retrieved from /home/airflow/.local/lib/python3.6/site-packages/airflow/example_dags/example_kubernetes_executor_config.py
[2022-10-31 20:39:05,560] {logging_mixin.py:104} INFO - [2022-10-31 20:39:05,560] {dag.py:1818} INFO - Sync 1 DAGs
[2022-10-31 20:39:05,571] {logging_mixin.py:104} INFO - [2022-10-31 20:39:05,571] {dag.py:2273} INFO - Setting next_dagrun for example_kubernetes_executor_config to None
[2022-10-31 20:39:05,577] {scheduler_job.py:190} INFO - Processing /home/airflow/.local/lib/python3.6/site-packages/airflow/example_dags/example_kubernetes_executor_config.py took 0.044 seconds
[2022-10-31 20:39:36,494] {scheduler_job.py:182} INFO - Started process (PID=166) to work on /home/airflow/.local/lib/python3.6/site-packages/airflow/example_dags/example_kubernetes_executor_config.py
[2022-10-31 20:39:36,495] {scheduler_job.py:629} INFO - Processing file /home/airflow/.local/lib/python3.6/site-packages/airflow/example_dags/example_kubernetes_executor_config.py for tasks to queue
[2022-10-31 20:39:36,495] {logging_mixin.py:104} INFO - [2022-10-31 20:39:36,495] {dagbag.py:448} INFO - Filling up the DagBag from /home/airflow/.local/lib/python3.6/site-packages/airflow/example_dags/example_kubernetes_executor_config.py
[2022-10-31 20:39:36,504] {scheduler_job.py:639} INFO - DAG(s) dict_keys(['example_kubernetes_executor_config']) retrieved from /home/airflow/.local/lib/python3.6/site-packages/airflow/example_dags/example_kubernetes_executor_config.py
[2022-10-31 20:39:36,518] {logging_mixin.py:104} INFO - [2022-10-31 20:39:36,518] {dag.py:1818} INFO - Sync 1 DAGs
[2022-10-31 20:39:36,528] {logging_mixin.py:104} INFO - [2022-10-31 20:39:36,528] {dag.py:2273} INFO - Setting next_dagrun for example_kubernetes_executor_config to None
[2022-10-31 20:39:36,533] {scheduler_job.py:190} INFO - Processing /home/airflow/.local/lib/python3.6/site-packages/airflow/example_dags/example_kubernetes_executor_config.py took 0.041 seconds
[2022-10-31 20:40:07,439] {scheduler_job.py:182} INFO - Started process (PID=192) to work on /home/airflow/.local/lib/python3.6/site-packages/airflow/example_dags/example_kubernetes_executor_config.py
[2022-10-31 20:40:07,440] {scheduler_job.py:629} INFO - Processing file /home/airflow/.local/lib/python3.6/site-packages/airflow/example_dags/example_kubernetes_executor_config.py for tasks to queue
[2022-10-31 20:40:07,440] {logging_mixin.py:104} INFO - [2022-10-31 20:40:07,440] {dagbag.py:448} INFO - Filling up the DagBag from /home/airflow/.local/lib/python3.6/site-packages/airflow/example_dags/example_kubernetes_executor_config.py
[2022-10-31 20:40:07,449] {scheduler_job.py:639} INFO - DAG(s) dict_keys(['example_kubernetes_executor_config']) retrieved from /home/airflow/.local/lib/python3.6/site-packages/airflow/example_dags/example_kubernetes_executor_config.py
[2022-10-31 20:40:07,465] {logging_mixin.py:104} INFO - [2022-10-31 20:40:07,465] {dag.py:1818} INFO - Sync 1 DAGs
[2022-10-31 20:40:07,475] {logging_mixin.py:104} INFO - [2022-10-31 20:40:07,474] {dag.py:2273} INFO - Setting next_dagrun for example_kubernetes_executor_config to None
[2022-10-31 20:40:07,480] {scheduler_job.py:190} INFO - Processing /home/airflow/.local/lib/python3.6/site-packages/airflow/example_dags/example_kubernetes_executor_config.py took 0.043 seconds
[2022-10-31 20:40:38,311] {scheduler_job.py:182} INFO - Started process (PID=218) to work on /home/airflow/.local/lib/python3.6/site-packages/airflow/example_dags/example_kubernetes_executor_config.py
[2022-10-31 20:40:38,312] {scheduler_job.py:629} INFO - Processing file /home/airflow/.local/lib/python3.6/site-packages/airflow/example_dags/example_kubernetes_executor_config.py for tasks to queue
[2022-10-31 20:40:38,312] {logging_mixin.py:104} INFO - [2022-10-31 20:40:38,312] {dagbag.py:448} INFO - Filling up the DagBag from /home/airflow/.local/lib/python3.6/site-packages/airflow/example_dags/example_kubernetes_executor_config.py
[2022-10-31 20:40:38,321] {scheduler_job.py:639} INFO - DAG(s) dict_keys(['example_kubernetes_executor_config']) retrieved from /home/airflow/.local/lib/python3.6/site-packages/airflow/example_dags/example_kubernetes_executor_config.py
[2022-10-31 20:40:38,335] {logging_mixin.py:104} INFO - [2022-10-31 20:40:38,335] {dag.py:1818} INFO - Sync 1 DAGs
[2022-10-31 20:40:38,345] {logging_mixin.py:104} INFO - [2022-10-31 20:40:38,345] {dag.py:2273} INFO - Setting next_dagrun for example_kubernetes_executor_config to None
[2022-10-31 20:40:38,350] {scheduler_job.py:190} INFO - Processing /home/airflow/.local/lib/python3.6/site-packages/airflow/example_dags/example_kubernetes_executor_config.py took 0.041 seconds
[2022-10-31 20:41:09,215] {scheduler_job.py:182} INFO - Started process (PID=244) to work on /home/airflow/.local/lib/python3.6/site-packages/airflow/example_dags/example_kubernetes_executor_config.py
[2022-10-31 20:41:09,215] {scheduler_job.py:629} INFO - Processing file /home/airflow/.local/lib/python3.6/site-packages/airflow/example_dags/example_kubernetes_executor_config.py for tasks to queue
[2022-10-31 20:41:09,216] {logging_mixin.py:104} INFO - [2022-10-31 20:41:09,216] {dagbag.py:448} INFO - Filling up the DagBag from /home/airflow/.local/lib/python3.6/site-packages/airflow/example_dags/example_kubernetes_executor_config.py
[2022-10-31 20:41:09,229] {scheduler_job.py:639} INFO - DAG(s) dict_keys(['example_kubernetes_executor_config']) retrieved from /home/airflow/.local/lib/python3.6/site-packages/airflow/example_dags/example_kubernetes_executor_config.py
[2022-10-31 20:41:09,288] {logging_mixin.py:104} INFO - [2022-10-31 20:41:09,288] {dag.py:1818} INFO - Sync 1 DAGs
[2022-10-31 20:41:09,299] {logging_mixin.py:104} INFO - [2022-10-31 20:41:09,299] {dag.py:2273} INFO - Setting next_dagrun for example_kubernetes_executor_config to None
[2022-10-31 20:41:09,305] {scheduler_job.py:190} INFO - Processing /home/airflow/.local/lib/python3.6/site-packages/airflow/example_dags/example_kubernetes_executor_config.py took 0.092 seconds
[2022-10-31 20:41:40,176] {scheduler_job.py:182} INFO - Started process (PID=270) to work on /home/airflow/.local/lib/python3.6/site-packages/airflow/example_dags/example_kubernetes_executor_config.py
[2022-10-31 20:41:40,177] {scheduler_job.py:629} INFO - Processing file /home/airflow/.local/lib/python3.6/site-packages/airflow/example_dags/example_kubernetes_executor_config.py for tasks to queue
[2022-10-31 20:41:40,177] {logging_mixin.py:104} INFO - [2022-10-31 20:41:40,177] {dagbag.py:448} INFO - Filling up the DagBag from /home/airflow/.local/lib/python3.6/site-packages/airflow/example_dags/example_kubernetes_executor_config.py
[2022-10-31 20:41:40,187] {scheduler_job.py:639} INFO - DAG(s) dict_keys(['example_kubernetes_executor_config']) retrieved from /home/airflow/.local/lib/python3.6/site-packages/airflow/example_dags/example_kubernetes_executor_config.py
[2022-10-31 20:41:40,202] {logging_mixin.py:104} INFO - [2022-10-31 20:41:40,202] {dag.py:1818} INFO - Sync 1 DAGs
[2022-10-31 20:41:40,212] {logging_mixin.py:104} INFO - [2022-10-31 20:41:40,212] {dag.py:2273} INFO - Setting next_dagrun for example_kubernetes_executor_config to None
[2022-10-31 20:41:40,217] {scheduler_job.py:190} INFO - Processing /home/airflow/.local/lib/python3.6/site-packages/airflow/example_dags/example_kubernetes_executor_config.py took 0.043 seconds
[2022-10-31 20:42:11,044] {scheduler_job.py:182} INFO - Started process (PID=296) to work on /home/airflow/.local/lib/python3.6/site-packages/airflow/example_dags/example_kubernetes_executor_config.py
[2022-10-31 20:42:11,045] {scheduler_job.py:629} INFO - Processing file /home/airflow/.local/lib/python3.6/site-packages/airflow/example_dags/example_kubernetes_executor_config.py for tasks to queue
[2022-10-31 20:42:11,046] {logging_mixin.py:104} INFO - [2022-10-31 20:42:11,046] {dagbag.py:448} INFO - Filling up the DagBag from /home/airflow/.local/lib/python3.6/site-packages/airflow/example_dags/example_kubernetes_executor_config.py
[2022-10-31 20:42:11,059] {scheduler_job.py:639} INFO - DAG(s) dict_keys(['example_kubernetes_executor_config']) retrieved from /home/airflow/.local/lib/python3.6/site-packages/airflow/example_dags/example_kubernetes_executor_config.py
[2022-10-31 20:42:11,075] {logging_mixin.py:104} INFO - [2022-10-31 20:42:11,075] {dag.py:1818} INFO - Sync 1 DAGs
[2022-10-31 20:42:11,088] {logging_mixin.py:104} INFO - [2022-10-31 20:42:11,088] {dag.py:2273} INFO - Setting next_dagrun for example_kubernetes_executor_config to None
[2022-10-31 20:42:11,094] {scheduler_job.py:190} INFO - Processing /home/airflow/.local/lib/python3.6/site-packages/airflow/example_dags/example_kubernetes_executor_config.py took 0.052 seconds
[2022-10-31 20:42:41,805] {scheduler_job.py:182} INFO - Started process (PID=324) to work on /home/airflow/.local/lib/python3.6/site-packages/airflow/example_dags/example_kubernetes_executor_config.py
[2022-10-31 20:42:41,805] {scheduler_job.py:629} INFO - Processing file /home/airflow/.local/lib/python3.6/site-packages/airflow/example_dags/example_kubernetes_executor_config.py for tasks to queue
[2022-10-31 20:42:41,806] {logging_mixin.py:104} INFO - [2022-10-31 20:42:41,806] {dagbag.py:448} INFO - Filling up the DagBag from /home/airflow/.local/lib/python3.6/site-packages/airflow/example_dags/example_kubernetes_executor_config.py
[2022-10-31 20:42:41,815] {scheduler_job.py:639} INFO - DAG(s) dict_keys(['example_kubernetes_executor_config']) retrieved from /home/airflow/.local/lib/python3.6/site-packages/airflow/example_dags/example_kubernetes_executor_config.py
[2022-10-31 20:42:41,830] {logging_mixin.py:104} INFO - [2022-10-31 20:42:41,830] {dag.py:1818} INFO - Sync 1 DAGs
[2022-10-31 20:42:41,845] {logging_mixin.py:104} INFO - [2022-10-31 20:42:41,845] {dag.py:2273} INFO - Setting next_dagrun for example_kubernetes_executor_config to None
[2022-10-31 20:42:41,851] {scheduler_job.py:190} INFO - Processing /home/airflow/.local/lib/python3.6/site-packages/airflow/example_dags/example_kubernetes_executor_config.py took 0.048 seconds
[2022-10-31 20:43:11,959] {scheduler_job.py:182} INFO - Started process (PID=351) to work on /home/airflow/.local/lib/python3.6/site-packages/airflow/example_dags/example_kubernetes_executor_config.py
[2022-10-31 20:43:11,959] {scheduler_job.py:629} INFO - Processing file /home/airflow/.local/lib/python3.6/site-packages/airflow/example_dags/example_kubernetes_executor_config.py for tasks to queue
[2022-10-31 20:43:11,960] {logging_mixin.py:104} INFO - [2022-10-31 20:43:11,960] {dagbag.py:448} INFO - Filling up the DagBag from /home/airflow/.local/lib/python3.6/site-packages/airflow/example_dags/example_kubernetes_executor_config.py
[2022-10-31 20:43:11,969] {scheduler_job.py:639} INFO - DAG(s) dict_keys(['example_kubernetes_executor_config']) retrieved from /home/airflow/.local/lib/python3.6/site-packages/airflow/example_dags/example_kubernetes_executor_config.py
[2022-10-31 20:43:11,983] {logging_mixin.py:104} INFO - [2022-10-31 20:43:11,983] {dag.py:1818} INFO - Sync 1 DAGs
[2022-10-31 20:43:11,996] {logging_mixin.py:104} INFO - [2022-10-31 20:43:11,996] {dag.py:2273} INFO - Setting next_dagrun for example_kubernetes_executor_config to None
[2022-10-31 20:43:12,002] {scheduler_job.py:190} INFO - Processing /home/airflow/.local/lib/python3.6/site-packages/airflow/example_dags/example_kubernetes_executor_config.py took 0.045 seconds
[2022-10-31 20:43:42,175] {scheduler_job.py:182} INFO - Started process (PID=378) to work on /home/airflow/.local/lib/python3.6/site-packages/airflow/example_dags/example_kubernetes_executor_config.py
[2022-10-31 20:43:42,175] {scheduler_job.py:629} INFO - Processing file /home/airflow/.local/lib/python3.6/site-packages/airflow/example_dags/example_kubernetes_executor_config.py for tasks to queue
[2022-10-31 20:43:42,176] {logging_mixin.py:104} INFO - [2022-10-31 20:43:42,176] {dagbag.py:448} INFO - Filling up the DagBag from /home/airflow/.local/lib/python3.6/site-packages/airflow/example_dags/example_kubernetes_executor_config.py
[2022-10-31 20:43:42,185] {scheduler_job.py:639} INFO - DAG(s) dict_keys(['example_kubernetes_executor_config']) retrieved from /home/airflow/.local/lib/python3.6/site-packages/airflow/example_dags/example_kubernetes_executor_config.py
[2022-10-31 20:43:42,200] {logging_mixin.py:104} INFO - [2022-10-31 20:43:42,199] {dag.py:1818} INFO - Sync 1 DAGs
[2022-10-31 20:43:42,211] {logging_mixin.py:104} INFO - [2022-10-31 20:43:42,210] {dag.py:2273} INFO - Setting next_dagrun for example_kubernetes_executor_config to None
[2022-10-31 20:43:42,216] {scheduler_job.py:190} INFO - Processing /home/airflow/.local/lib/python3.6/site-packages/airflow/example_dags/example_kubernetes_executor_config.py took 0.043 seconds
[2022-10-31 20:44:12,509] {scheduler_job.py:182} INFO - Started process (PID=407) to work on /home/airflow/.local/lib/python3.6/site-packages/airflow/example_dags/example_kubernetes_executor_config.py
[2022-10-31 20:44:12,510] {scheduler_job.py:629} INFO - Processing file /home/airflow/.local/lib/python3.6/site-packages/airflow/example_dags/example_kubernetes_executor_config.py for tasks to queue
[2022-10-31 20:44:12,510] {logging_mixin.py:104} INFO - [2022-10-31 20:44:12,510] {dagbag.py:448} INFO - Filling up the DagBag from /home/airflow/.local/lib/python3.6/site-packages/airflow/example_dags/example_kubernetes_executor_config.py
[2022-10-31 20:44:12,520] {scheduler_job.py:639} INFO - DAG(s) dict_keys(['example_kubernetes_executor_config']) retrieved from /home/airflow/.local/lib/python3.6/site-packages/airflow/example_dags/example_kubernetes_executor_config.py
[2022-10-31 20:44:12,534] {logging_mixin.py:104} INFO - [2022-10-31 20:44:12,534] {dag.py:1818} INFO - Sync 1 DAGs
[2022-10-31 20:44:12,545] {logging_mixin.py:104} INFO - [2022-10-31 20:44:12,545] {dag.py:2273} INFO - Setting next_dagrun for example_kubernetes_executor_config to None
[2022-10-31 20:44:12,551] {scheduler_job.py:190} INFO - Processing /home/airflow/.local/lib/python3.6/site-packages/airflow/example_dags/example_kubernetes_executor_config.py took 0.044 seconds
