[2022-10-31 20:34:27,813] {scheduler_job.py:182} INFO - Started process (PID=51) to work on /home/airflow/.local/lib/python3.6/site-packages/airflow/example_dags/example_trigger_controller_dag.py
[2022-10-31 20:34:27,813] {scheduler_job.py:629} INFO - Processing file /home/airflow/.local/lib/python3.6/site-packages/airflow/example_dags/example_trigger_controller_dag.py for tasks to queue
[2022-10-31 20:34:27,814] {logging_mixin.py:104} INFO - [2022-10-31 20:34:27,814] {dagbag.py:448} INFO - Filling up the DagBag from /home/airflow/.local/lib/python3.6/site-packages/airflow/example_dags/example_trigger_controller_dag.py
[2022-10-31 20:34:27,822] {scheduler_job.py:639} INFO - DAG(s) dict_keys(['example_trigger_controller_dag']) retrieved from /home/airflow/.local/lib/python3.6/site-packages/airflow/example_dags/example_trigger_controller_dag.py
[2022-10-31 20:34:27,839] {logging_mixin.py:104} INFO - [2022-10-31 20:34:27,839] {dag.py:1818} INFO - Sync 1 DAGs
[2022-10-31 20:34:27,848] {logging_mixin.py:104} INFO - [2022-10-31 20:34:27,848] {dag.py:1837} INFO - Creating ORM DAG for example_trigger_controller_dag
[2022-10-31 20:34:27,853] {logging_mixin.py:104} INFO - [2022-10-31 20:34:27,853] {dag.py:2273} INFO - Setting next_dagrun for example_trigger_controller_dag to 2022-10-29 00:00:00+00:00
[2022-10-31 20:34:27,864] {scheduler_job.py:190} INFO - Processing /home/airflow/.local/lib/python3.6/site-packages/airflow/example_dags/example_trigger_controller_dag.py took 0.054 seconds
[2022-10-31 20:34:58,658] {scheduler_job.py:182} INFO - Started process (PID=77) to work on /home/airflow/.local/lib/python3.6/site-packages/airflow/example_dags/example_trigger_controller_dag.py
[2022-10-31 20:34:58,659] {scheduler_job.py:629} INFO - Processing file /home/airflow/.local/lib/python3.6/site-packages/airflow/example_dags/example_trigger_controller_dag.py for tasks to queue
[2022-10-31 20:34:58,659] {logging_mixin.py:104} INFO - [2022-10-31 20:34:58,659] {dagbag.py:448} INFO - Filling up the DagBag from /home/airflow/.local/lib/python3.6/site-packages/airflow/example_dags/example_trigger_controller_dag.py
[2022-10-31 20:34:58,666] {scheduler_job.py:639} INFO - DAG(s) dict_keys(['example_trigger_controller_dag']) retrieved from /home/airflow/.local/lib/python3.6/site-packages/airflow/example_dags/example_trigger_controller_dag.py
[2022-10-31 20:34:58,679] {logging_mixin.py:104} INFO - [2022-10-31 20:34:58,679] {dag.py:1818} INFO - Sync 1 DAGs
[2022-10-31 20:34:58,691] {logging_mixin.py:104} INFO - [2022-10-31 20:34:58,691] {dag.py:2273} INFO - Setting next_dagrun for example_trigger_controller_dag to 2022-10-29 00:00:00+00:00
[2022-10-31 20:34:58,697] {scheduler_job.py:190} INFO - Processing /home/airflow/.local/lib/python3.6/site-packages/airflow/example_dags/example_trigger_controller_dag.py took 0.040 seconds
[2022-10-31 20:35:29,439] {scheduler_job.py:182} INFO - Started process (PID=103) to work on /home/airflow/.local/lib/python3.6/site-packages/airflow/example_dags/example_trigger_controller_dag.py
[2022-10-31 20:35:29,439] {scheduler_job.py:629} INFO - Processing file /home/airflow/.local/lib/python3.6/site-packages/airflow/example_dags/example_trigger_controller_dag.py for tasks to queue
[2022-10-31 20:35:29,440] {logging_mixin.py:104} INFO - [2022-10-31 20:35:29,440] {dagbag.py:448} INFO - Filling up the DagBag from /home/airflow/.local/lib/python3.6/site-packages/airflow/example_dags/example_trigger_controller_dag.py
[2022-10-31 20:35:29,447] {scheduler_job.py:639} INFO - DAG(s) dict_keys(['example_trigger_controller_dag']) retrieved from /home/airflow/.local/lib/python3.6/site-packages/airflow/example_dags/example_trigger_controller_dag.py
[2022-10-31 20:35:29,459] {logging_mixin.py:104} INFO - [2022-10-31 20:35:29,459] {dag.py:1818} INFO - Sync 1 DAGs
[2022-10-31 20:35:29,476] {logging_mixin.py:104} INFO - [2022-10-31 20:35:29,476] {dag.py:2273} INFO - Setting next_dagrun for example_trigger_controller_dag to 2022-10-29 00:00:00+00:00
[2022-10-31 20:35:29,484] {scheduler_job.py:190} INFO - Processing /home/airflow/.local/lib/python3.6/site-packages/airflow/example_dags/example_trigger_controller_dag.py took 0.047 seconds
[2022-10-31 20:36:00,278] {scheduler_job.py:182} INFO - Started process (PID=129) to work on /home/airflow/.local/lib/python3.6/site-packages/airflow/example_dags/example_trigger_controller_dag.py
[2022-10-31 20:36:00,278] {scheduler_job.py:629} INFO - Processing file /home/airflow/.local/lib/python3.6/site-packages/airflow/example_dags/example_trigger_controller_dag.py for tasks to queue
[2022-10-31 20:36:00,279] {logging_mixin.py:104} INFO - [2022-10-31 20:36:00,279] {dagbag.py:448} INFO - Filling up the DagBag from /home/airflow/.local/lib/python3.6/site-packages/airflow/example_dags/example_trigger_controller_dag.py
[2022-10-31 20:36:00,286] {scheduler_job.py:639} INFO - DAG(s) dict_keys(['example_trigger_controller_dag']) retrieved from /home/airflow/.local/lib/python3.6/site-packages/airflow/example_dags/example_trigger_controller_dag.py
[2022-10-31 20:36:00,299] {logging_mixin.py:104} INFO - [2022-10-31 20:36:00,298] {dag.py:1818} INFO - Sync 1 DAGs
[2022-10-31 20:36:00,308] {logging_mixin.py:104} INFO - [2022-10-31 20:36:00,308] {dag.py:2273} INFO - Setting next_dagrun for example_trigger_controller_dag to 2022-10-29 00:00:00+00:00
[2022-10-31 20:36:00,313] {scheduler_job.py:190} INFO - Processing /home/airflow/.local/lib/python3.6/site-packages/airflow/example_dags/example_trigger_controller_dag.py took 0.037 seconds
[2022-10-31 20:36:31,163] {scheduler_job.py:182} INFO - Started process (PID=155) to work on /home/airflow/.local/lib/python3.6/site-packages/airflow/example_dags/example_trigger_controller_dag.py
[2022-10-31 20:36:31,164] {scheduler_job.py:629} INFO - Processing file /home/airflow/.local/lib/python3.6/site-packages/airflow/example_dags/example_trigger_controller_dag.py for tasks to queue
[2022-10-31 20:36:31,164] {logging_mixin.py:104} INFO - [2022-10-31 20:36:31,164] {dagbag.py:448} INFO - Filling up the DagBag from /home/airflow/.local/lib/python3.6/site-packages/airflow/example_dags/example_trigger_controller_dag.py
[2022-10-31 20:36:31,171] {scheduler_job.py:639} INFO - DAG(s) dict_keys(['example_trigger_controller_dag']) retrieved from /home/airflow/.local/lib/python3.6/site-packages/airflow/example_dags/example_trigger_controller_dag.py
[2022-10-31 20:36:31,184] {logging_mixin.py:104} INFO - [2022-10-31 20:36:31,184] {dag.py:1818} INFO - Sync 1 DAGs
[2022-10-31 20:36:31,194] {logging_mixin.py:104} INFO - [2022-10-31 20:36:31,194] {dag.py:2273} INFO - Setting next_dagrun for example_trigger_controller_dag to 2022-10-29 00:00:00+00:00
[2022-10-31 20:36:31,200] {scheduler_job.py:190} INFO - Processing /home/airflow/.local/lib/python3.6/site-packages/airflow/example_dags/example_trigger_controller_dag.py took 0.039 seconds
[2022-10-31 20:37:01,958] {scheduler_job.py:182} INFO - Started process (PID=181) to work on /home/airflow/.local/lib/python3.6/site-packages/airflow/example_dags/example_trigger_controller_dag.py
[2022-10-31 20:37:01,959] {scheduler_job.py:629} INFO - Processing file /home/airflow/.local/lib/python3.6/site-packages/airflow/example_dags/example_trigger_controller_dag.py for tasks to queue
[2022-10-31 20:37:01,959] {logging_mixin.py:104} INFO - [2022-10-31 20:37:01,959] {dagbag.py:448} INFO - Filling up the DagBag from /home/airflow/.local/lib/python3.6/site-packages/airflow/example_dags/example_trigger_controller_dag.py
[2022-10-31 20:37:01,965] {scheduler_job.py:639} INFO - DAG(s) dict_keys(['example_trigger_controller_dag']) retrieved from /home/airflow/.local/lib/python3.6/site-packages/airflow/example_dags/example_trigger_controller_dag.py
[2022-10-31 20:37:01,978] {logging_mixin.py:104} INFO - [2022-10-31 20:37:01,978] {dag.py:1818} INFO - Sync 1 DAGs
[2022-10-31 20:37:01,988] {logging_mixin.py:104} INFO - [2022-10-31 20:37:01,988] {dag.py:2273} INFO - Setting next_dagrun for example_trigger_controller_dag to 2022-10-29 00:00:00+00:00
[2022-10-31 20:37:01,993] {scheduler_job.py:190} INFO - Processing /home/airflow/.local/lib/python3.6/site-packages/airflow/example_dags/example_trigger_controller_dag.py took 0.037 seconds
[2022-10-31 20:37:34,777] {scheduler_job.py:182} INFO - Started process (PID=48) to work on /home/airflow/.local/lib/python3.6/site-packages/airflow/example_dags/example_trigger_controller_dag.py
[2022-10-31 20:37:34,777] {scheduler_job.py:629} INFO - Processing file /home/airflow/.local/lib/python3.6/site-packages/airflow/example_dags/example_trigger_controller_dag.py for tasks to queue
[2022-10-31 20:37:34,778] {logging_mixin.py:104} INFO - [2022-10-31 20:37:34,778] {dagbag.py:448} INFO - Filling up the DagBag from /home/airflow/.local/lib/python3.6/site-packages/airflow/example_dags/example_trigger_controller_dag.py
[2022-10-31 20:37:34,787] {scheduler_job.py:639} INFO - DAG(s) dict_keys(['example_trigger_controller_dag']) retrieved from /home/airflow/.local/lib/python3.6/site-packages/airflow/example_dags/example_trigger_controller_dag.py
[2022-10-31 20:37:34,803] {logging_mixin.py:104} INFO - [2022-10-31 20:37:34,803] {dag.py:1818} INFO - Sync 1 DAGs
[2022-10-31 20:37:34,816] {logging_mixin.py:104} INFO - [2022-10-31 20:37:34,816] {dag.py:2273} INFO - Setting next_dagrun for example_trigger_controller_dag to 2022-10-29 00:00:00+00:00
[2022-10-31 20:37:34,823] {scheduler_job.py:190} INFO - Processing /home/airflow/.local/lib/python3.6/site-packages/airflow/example_dags/example_trigger_controller_dag.py took 0.048 seconds
[2022-10-31 20:38:04,887] {scheduler_job.py:182} INFO - Started process (PID=74) to work on /home/airflow/.local/lib/python3.6/site-packages/airflow/example_dags/example_trigger_controller_dag.py
[2022-10-31 20:38:04,887] {scheduler_job.py:629} INFO - Processing file /home/airflow/.local/lib/python3.6/site-packages/airflow/example_dags/example_trigger_controller_dag.py for tasks to queue
[2022-10-31 20:38:04,888] {logging_mixin.py:104} INFO - [2022-10-31 20:38:04,888] {dagbag.py:448} INFO - Filling up the DagBag from /home/airflow/.local/lib/python3.6/site-packages/airflow/example_dags/example_trigger_controller_dag.py
[2022-10-31 20:38:04,896] {scheduler_job.py:639} INFO - DAG(s) dict_keys(['example_trigger_controller_dag']) retrieved from /home/airflow/.local/lib/python3.6/site-packages/airflow/example_dags/example_trigger_controller_dag.py
[2022-10-31 20:38:04,915] {logging_mixin.py:104} INFO - [2022-10-31 20:38:04,915] {dag.py:1818} INFO - Sync 1 DAGs
[2022-10-31 20:38:04,935] {logging_mixin.py:104} INFO - [2022-10-31 20:38:04,935] {dag.py:2273} INFO - Setting next_dagrun for example_trigger_controller_dag to 2022-10-29 00:00:00+00:00
[2022-10-31 20:38:04,944] {scheduler_job.py:190} INFO - Processing /home/airflow/.local/lib/python3.6/site-packages/airflow/example_dags/example_trigger_controller_dag.py took 0.061 seconds
[2022-10-31 20:38:35,875] {scheduler_job.py:182} INFO - Started process (PID=100) to work on /home/airflow/.local/lib/python3.6/site-packages/airflow/example_dags/example_trigger_controller_dag.py
[2022-10-31 20:38:35,876] {scheduler_job.py:629} INFO - Processing file /home/airflow/.local/lib/python3.6/site-packages/airflow/example_dags/example_trigger_controller_dag.py for tasks to queue
[2022-10-31 20:38:35,877] {logging_mixin.py:104} INFO - [2022-10-31 20:38:35,876] {dagbag.py:448} INFO - Filling up the DagBag from /home/airflow/.local/lib/python3.6/site-packages/airflow/example_dags/example_trigger_controller_dag.py
[2022-10-31 20:38:35,887] {scheduler_job.py:639} INFO - DAG(s) dict_keys(['example_trigger_controller_dag']) retrieved from /home/airflow/.local/lib/python3.6/site-packages/airflow/example_dags/example_trigger_controller_dag.py
[2022-10-31 20:38:35,901] {logging_mixin.py:104} INFO - [2022-10-31 20:38:35,901] {dag.py:1818} INFO - Sync 1 DAGs
[2022-10-31 20:38:35,910] {logging_mixin.py:104} INFO - [2022-10-31 20:38:35,910] {dag.py:2273} INFO - Setting next_dagrun for example_trigger_controller_dag to 2022-10-29 00:00:00+00:00
[2022-10-31 20:38:35,916] {scheduler_job.py:190} INFO - Processing /home/airflow/.local/lib/python3.6/site-packages/airflow/example_dags/example_trigger_controller_dag.py took 0.044 seconds
[2022-10-31 20:39:06,741] {scheduler_job.py:182} INFO - Started process (PID=147) to work on /home/airflow/.local/lib/python3.6/site-packages/airflow/example_dags/example_trigger_controller_dag.py
[2022-10-31 20:39:06,741] {scheduler_job.py:629} INFO - Processing file /home/airflow/.local/lib/python3.6/site-packages/airflow/example_dags/example_trigger_controller_dag.py for tasks to queue
[2022-10-31 20:39:06,742] {logging_mixin.py:104} INFO - [2022-10-31 20:39:06,741] {dagbag.py:448} INFO - Filling up the DagBag from /home/airflow/.local/lib/python3.6/site-packages/airflow/example_dags/example_trigger_controller_dag.py
[2022-10-31 20:39:06,749] {scheduler_job.py:639} INFO - DAG(s) dict_keys(['example_trigger_controller_dag']) retrieved from /home/airflow/.local/lib/python3.6/site-packages/airflow/example_dags/example_trigger_controller_dag.py
[2022-10-31 20:39:06,762] {logging_mixin.py:104} INFO - [2022-10-31 20:39:06,762] {dag.py:1818} INFO - Sync 1 DAGs
[2022-10-31 20:39:06,773] {logging_mixin.py:104} INFO - [2022-10-31 20:39:06,772] {dag.py:2273} INFO - Setting next_dagrun for example_trigger_controller_dag to 2022-10-29 00:00:00+00:00
[2022-10-31 20:39:06,778] {scheduler_job.py:190} INFO - Processing /home/airflow/.local/lib/python3.6/site-packages/airflow/example_dags/example_trigger_controller_dag.py took 0.040 seconds
[2022-10-31 20:39:37,704] {scheduler_job.py:182} INFO - Started process (PID=173) to work on /home/airflow/.local/lib/python3.6/site-packages/airflow/example_dags/example_trigger_controller_dag.py
[2022-10-31 20:39:37,705] {scheduler_job.py:629} INFO - Processing file /home/airflow/.local/lib/python3.6/site-packages/airflow/example_dags/example_trigger_controller_dag.py for tasks to queue
[2022-10-31 20:39:37,705] {logging_mixin.py:104} INFO - [2022-10-31 20:39:37,705] {dagbag.py:448} INFO - Filling up the DagBag from /home/airflow/.local/lib/python3.6/site-packages/airflow/example_dags/example_trigger_controller_dag.py
[2022-10-31 20:39:37,713] {scheduler_job.py:639} INFO - DAG(s) dict_keys(['example_trigger_controller_dag']) retrieved from /home/airflow/.local/lib/python3.6/site-packages/airflow/example_dags/example_trigger_controller_dag.py
[2022-10-31 20:39:37,729] {logging_mixin.py:104} INFO - [2022-10-31 20:39:37,728] {dag.py:1818} INFO - Sync 1 DAGs
[2022-10-31 20:39:37,741] {logging_mixin.py:104} INFO - [2022-10-31 20:39:37,741] {dag.py:2273} INFO - Setting next_dagrun for example_trigger_controller_dag to 2022-10-29 00:00:00+00:00
[2022-10-31 20:39:37,748] {scheduler_job.py:190} INFO - Processing /home/airflow/.local/lib/python3.6/site-packages/airflow/example_dags/example_trigger_controller_dag.py took 0.046 seconds
[2022-10-31 20:40:08,581] {scheduler_job.py:182} INFO - Started process (PID=199) to work on /home/airflow/.local/lib/python3.6/site-packages/airflow/example_dags/example_trigger_controller_dag.py
[2022-10-31 20:40:08,582] {scheduler_job.py:629} INFO - Processing file /home/airflow/.local/lib/python3.6/site-packages/airflow/example_dags/example_trigger_controller_dag.py for tasks to queue
[2022-10-31 20:40:08,583] {logging_mixin.py:104} INFO - [2022-10-31 20:40:08,583] {dagbag.py:448} INFO - Filling up the DagBag from /home/airflow/.local/lib/python3.6/site-packages/airflow/example_dags/example_trigger_controller_dag.py
[2022-10-31 20:40:08,590] {scheduler_job.py:639} INFO - DAG(s) dict_keys(['example_trigger_controller_dag']) retrieved from /home/airflow/.local/lib/python3.6/site-packages/airflow/example_dags/example_trigger_controller_dag.py
[2022-10-31 20:40:08,604] {logging_mixin.py:104} INFO - [2022-10-31 20:40:08,604] {dag.py:1818} INFO - Sync 1 DAGs
[2022-10-31 20:40:08,614] {logging_mixin.py:104} INFO - [2022-10-31 20:40:08,614] {dag.py:2273} INFO - Setting next_dagrun for example_trigger_controller_dag to 2022-10-29 00:00:00+00:00
[2022-10-31 20:40:08,620] {scheduler_job.py:190} INFO - Processing /home/airflow/.local/lib/python3.6/site-packages/airflow/example_dags/example_trigger_controller_dag.py took 0.041 seconds
[2022-10-31 20:40:39,492] {scheduler_job.py:182} INFO - Started process (PID=225) to work on /home/airflow/.local/lib/python3.6/site-packages/airflow/example_dags/example_trigger_controller_dag.py
[2022-10-31 20:40:39,493] {scheduler_job.py:629} INFO - Processing file /home/airflow/.local/lib/python3.6/site-packages/airflow/example_dags/example_trigger_controller_dag.py for tasks to queue
[2022-10-31 20:40:39,494] {logging_mixin.py:104} INFO - [2022-10-31 20:40:39,494] {dagbag.py:448} INFO - Filling up the DagBag from /home/airflow/.local/lib/python3.6/site-packages/airflow/example_dags/example_trigger_controller_dag.py
[2022-10-31 20:40:39,501] {scheduler_job.py:639} INFO - DAG(s) dict_keys(['example_trigger_controller_dag']) retrieved from /home/airflow/.local/lib/python3.6/site-packages/airflow/example_dags/example_trigger_controller_dag.py
[2022-10-31 20:40:39,515] {logging_mixin.py:104} INFO - [2022-10-31 20:40:39,514] {dag.py:1818} INFO - Sync 1 DAGs
[2022-10-31 20:40:39,525] {logging_mixin.py:104} INFO - [2022-10-31 20:40:39,524] {dag.py:2273} INFO - Setting next_dagrun for example_trigger_controller_dag to 2022-10-29 00:00:00+00:00
[2022-10-31 20:40:39,530] {scheduler_job.py:190} INFO - Processing /home/airflow/.local/lib/python3.6/site-packages/airflow/example_dags/example_trigger_controller_dag.py took 0.040 seconds
[2022-10-31 20:41:10,402] {scheduler_job.py:182} INFO - Started process (PID=251) to work on /home/airflow/.local/lib/python3.6/site-packages/airflow/example_dags/example_trigger_controller_dag.py
[2022-10-31 20:41:10,403] {scheduler_job.py:629} INFO - Processing file /home/airflow/.local/lib/python3.6/site-packages/airflow/example_dags/example_trigger_controller_dag.py for tasks to queue
[2022-10-31 20:41:10,403] {logging_mixin.py:104} INFO - [2022-10-31 20:41:10,403] {dagbag.py:448} INFO - Filling up the DagBag from /home/airflow/.local/lib/python3.6/site-packages/airflow/example_dags/example_trigger_controller_dag.py
[2022-10-31 20:41:10,410] {scheduler_job.py:639} INFO - DAG(s) dict_keys(['example_trigger_controller_dag']) retrieved from /home/airflow/.local/lib/python3.6/site-packages/airflow/example_dags/example_trigger_controller_dag.py
[2022-10-31 20:41:10,423] {logging_mixin.py:104} INFO - [2022-10-31 20:41:10,423] {dag.py:1818} INFO - Sync 1 DAGs
[2022-10-31 20:41:10,433] {logging_mixin.py:104} INFO - [2022-10-31 20:41:10,433] {dag.py:2273} INFO - Setting next_dagrun for example_trigger_controller_dag to 2022-10-29 00:00:00+00:00
[2022-10-31 20:41:10,439] {scheduler_job.py:190} INFO - Processing /home/airflow/.local/lib/python3.6/site-packages/airflow/example_dags/example_trigger_controller_dag.py took 0.039 seconds
[2022-10-31 20:41:41,340] {scheduler_job.py:182} INFO - Started process (PID=277) to work on /home/airflow/.local/lib/python3.6/site-packages/airflow/example_dags/example_trigger_controller_dag.py
[2022-10-31 20:41:41,341] {scheduler_job.py:629} INFO - Processing file /home/airflow/.local/lib/python3.6/site-packages/airflow/example_dags/example_trigger_controller_dag.py for tasks to queue
[2022-10-31 20:41:41,341] {logging_mixin.py:104} INFO - [2022-10-31 20:41:41,341] {dagbag.py:448} INFO - Filling up the DagBag from /home/airflow/.local/lib/python3.6/site-packages/airflow/example_dags/example_trigger_controller_dag.py
[2022-10-31 20:41:41,349] {scheduler_job.py:639} INFO - DAG(s) dict_keys(['example_trigger_controller_dag']) retrieved from /home/airflow/.local/lib/python3.6/site-packages/airflow/example_dags/example_trigger_controller_dag.py
[2022-10-31 20:41:41,362] {logging_mixin.py:104} INFO - [2022-10-31 20:41:41,362] {dag.py:1818} INFO - Sync 1 DAGs
[2022-10-31 20:41:41,372] {logging_mixin.py:104} INFO - [2022-10-31 20:41:41,372] {dag.py:2273} INFO - Setting next_dagrun for example_trigger_controller_dag to 2022-10-29 00:00:00+00:00
[2022-10-31 20:41:41,377] {scheduler_job.py:190} INFO - Processing /home/airflow/.local/lib/python3.6/site-packages/airflow/example_dags/example_trigger_controller_dag.py took 0.039 seconds
[2022-10-31 20:42:12,201] {scheduler_job.py:182} INFO - Started process (PID=303) to work on /home/airflow/.local/lib/python3.6/site-packages/airflow/example_dags/example_trigger_controller_dag.py
[2022-10-31 20:42:12,202] {scheduler_job.py:629} INFO - Processing file /home/airflow/.local/lib/python3.6/site-packages/airflow/example_dags/example_trigger_controller_dag.py for tasks to queue
[2022-10-31 20:42:12,202] {logging_mixin.py:104} INFO - [2022-10-31 20:42:12,202] {dagbag.py:448} INFO - Filling up the DagBag from /home/airflow/.local/lib/python3.6/site-packages/airflow/example_dags/example_trigger_controller_dag.py
[2022-10-31 20:42:12,209] {scheduler_job.py:639} INFO - DAG(s) dict_keys(['example_trigger_controller_dag']) retrieved from /home/airflow/.local/lib/python3.6/site-packages/airflow/example_dags/example_trigger_controller_dag.py
[2022-10-31 20:42:12,222] {logging_mixin.py:104} INFO - [2022-10-31 20:42:12,222] {dag.py:1818} INFO - Sync 1 DAGs
[2022-10-31 20:42:12,233] {logging_mixin.py:104} INFO - [2022-10-31 20:42:12,233] {dag.py:2273} INFO - Setting next_dagrun for example_trigger_controller_dag to 2022-10-29 00:00:00+00:00
[2022-10-31 20:42:12,239] {scheduler_job.py:190} INFO - Processing /home/airflow/.local/lib/python3.6/site-packages/airflow/example_dags/example_trigger_controller_dag.py took 0.040 seconds
[2022-10-31 20:42:42,988] {scheduler_job.py:182} INFO - Started process (PID=331) to work on /home/airflow/.local/lib/python3.6/site-packages/airflow/example_dags/example_trigger_controller_dag.py
[2022-10-31 20:42:42,988] {scheduler_job.py:629} INFO - Processing file /home/airflow/.local/lib/python3.6/site-packages/airflow/example_dags/example_trigger_controller_dag.py for tasks to queue
[2022-10-31 20:42:42,989] {logging_mixin.py:104} INFO - [2022-10-31 20:42:42,989] {dagbag.py:448} INFO - Filling up the DagBag from /home/airflow/.local/lib/python3.6/site-packages/airflow/example_dags/example_trigger_controller_dag.py
[2022-10-31 20:42:42,996] {scheduler_job.py:639} INFO - DAG(s) dict_keys(['example_trigger_controller_dag']) retrieved from /home/airflow/.local/lib/python3.6/site-packages/airflow/example_dags/example_trigger_controller_dag.py
[2022-10-31 20:42:43,013] {logging_mixin.py:104} INFO - [2022-10-31 20:42:43,013] {dag.py:1818} INFO - Sync 1 DAGs
[2022-10-31 20:42:43,023] {logging_mixin.py:104} INFO - [2022-10-31 20:42:43,023] {dag.py:2273} INFO - Setting next_dagrun for example_trigger_controller_dag to 2022-10-29 00:00:00+00:00
[2022-10-31 20:42:43,029] {scheduler_job.py:190} INFO - Processing /home/airflow/.local/lib/python3.6/site-packages/airflow/example_dags/example_trigger_controller_dag.py took 0.043 seconds
[2022-10-31 20:43:13,202] {scheduler_job.py:182} INFO - Started process (PID=360) to work on /home/airflow/.local/lib/python3.6/site-packages/airflow/example_dags/example_trigger_controller_dag.py
[2022-10-31 20:43:13,202] {scheduler_job.py:629} INFO - Processing file /home/airflow/.local/lib/python3.6/site-packages/airflow/example_dags/example_trigger_controller_dag.py for tasks to queue
[2022-10-31 20:43:13,203] {logging_mixin.py:104} INFO - [2022-10-31 20:43:13,203] {dagbag.py:448} INFO - Filling up the DagBag from /home/airflow/.local/lib/python3.6/site-packages/airflow/example_dags/example_trigger_controller_dag.py
[2022-10-31 20:43:13,210] {scheduler_job.py:639} INFO - DAG(s) dict_keys(['example_trigger_controller_dag']) retrieved from /home/airflow/.local/lib/python3.6/site-packages/airflow/example_dags/example_trigger_controller_dag.py
[2022-10-31 20:43:13,223] {logging_mixin.py:104} INFO - [2022-10-31 20:43:13,223] {dag.py:1818} INFO - Sync 1 DAGs
[2022-10-31 20:43:13,233] {logging_mixin.py:104} INFO - [2022-10-31 20:43:13,233] {dag.py:2273} INFO - Setting next_dagrun for example_trigger_controller_dag to 2022-10-29 00:00:00+00:00
[2022-10-31 20:43:13,239] {scheduler_job.py:190} INFO - Processing /home/airflow/.local/lib/python3.6/site-packages/airflow/example_dags/example_trigger_controller_dag.py took 0.039 seconds
[2022-10-31 20:43:43,352] {scheduler_job.py:182} INFO - Started process (PID=385) to work on /home/airflow/.local/lib/python3.6/site-packages/airflow/example_dags/example_trigger_controller_dag.py
[2022-10-31 20:43:43,354] {scheduler_job.py:629} INFO - Processing file /home/airflow/.local/lib/python3.6/site-packages/airflow/example_dags/example_trigger_controller_dag.py for tasks to queue
[2022-10-31 20:43:43,355] {logging_mixin.py:104} INFO - [2022-10-31 20:43:43,354] {dagbag.py:448} INFO - Filling up the DagBag from /home/airflow/.local/lib/python3.6/site-packages/airflow/example_dags/example_trigger_controller_dag.py
[2022-10-31 20:43:43,371] {scheduler_job.py:639} INFO - DAG(s) dict_keys(['example_trigger_controller_dag']) retrieved from /home/airflow/.local/lib/python3.6/site-packages/airflow/example_dags/example_trigger_controller_dag.py
[2022-10-31 20:43:43,392] {logging_mixin.py:104} INFO - [2022-10-31 20:43:43,392] {dag.py:1818} INFO - Sync 1 DAGs
[2022-10-31 20:43:43,406] {logging_mixin.py:104} INFO - [2022-10-31 20:43:43,406] {dag.py:2273} INFO - Setting next_dagrun for example_trigger_controller_dag to 2022-10-29 00:00:00+00:00
[2022-10-31 20:43:43,412] {scheduler_job.py:190} INFO - Processing /home/airflow/.local/lib/python3.6/site-packages/airflow/example_dags/example_trigger_controller_dag.py took 0.064 seconds
[2022-10-31 20:44:13,709] {scheduler_job.py:182} INFO - Started process (PID=415) to work on /home/airflow/.local/lib/python3.6/site-packages/airflow/example_dags/example_trigger_controller_dag.py
[2022-10-31 20:44:13,709] {scheduler_job.py:629} INFO - Processing file /home/airflow/.local/lib/python3.6/site-packages/airflow/example_dags/example_trigger_controller_dag.py for tasks to queue
[2022-10-31 20:44:13,710] {logging_mixin.py:104} INFO - [2022-10-31 20:44:13,710] {dagbag.py:448} INFO - Filling up the DagBag from /home/airflow/.local/lib/python3.6/site-packages/airflow/example_dags/example_trigger_controller_dag.py
[2022-10-31 20:44:13,717] {scheduler_job.py:639} INFO - DAG(s) dict_keys(['example_trigger_controller_dag']) retrieved from /home/airflow/.local/lib/python3.6/site-packages/airflow/example_dags/example_trigger_controller_dag.py
[2022-10-31 20:44:13,731] {logging_mixin.py:104} INFO - [2022-10-31 20:44:13,731] {dag.py:1818} INFO - Sync 1 DAGs
[2022-10-31 20:44:13,742] {logging_mixin.py:104} INFO - [2022-10-31 20:44:13,742] {dag.py:2273} INFO - Setting next_dagrun for example_trigger_controller_dag to 2022-10-29 00:00:00+00:00
[2022-10-31 20:44:13,747] {scheduler_job.py:190} INFO - Processing /home/airflow/.local/lib/python3.6/site-packages/airflow/example_dags/example_trigger_controller_dag.py took 0.041 seconds
