[2022-10-31 20:34:27,699] {scheduler_job.py:182} INFO - Started process (PID=47) to work on /home/airflow/.local/lib/python3.6/site-packages/airflow/example_dags/example_external_task_marker_dag.py
[2022-10-31 20:34:27,700] {scheduler_job.py:629} INFO - Processing file /home/airflow/.local/lib/python3.6/site-packages/airflow/example_dags/example_external_task_marker_dag.py for tasks to queue
[2022-10-31 20:34:27,700] {logging_mixin.py:104} INFO - [2022-10-31 20:34:27,700] {dagbag.py:448} INFO - Filling up the DagBag from /home/airflow/.local/lib/python3.6/site-packages/airflow/example_dags/example_external_task_marker_dag.py
[2022-10-31 20:34:27,710] {scheduler_job.py:639} INFO - DAG(s) dict_keys(['example_external_task_marker_parent', 'example_external_task_marker_child']) retrieved from /home/airflow/.local/lib/python3.6/site-packages/airflow/example_dags/example_external_task_marker_dag.py
[2022-10-31 20:34:27,726] {logging_mixin.py:104} INFO - [2022-10-31 20:34:27,726] {dag.py:1818} INFO - Sync 2 DAGs
[2022-10-31 20:34:27,733] {logging_mixin.py:104} INFO - [2022-10-31 20:34:27,733] {dag.py:1837} INFO - Creating ORM DAG for example_external_task_marker_parent
[2022-10-31 20:34:27,734] {logging_mixin.py:104} INFO - [2022-10-31 20:34:27,733] {dag.py:1837} INFO - Creating ORM DAG for example_external_task_marker_child
[2022-10-31 20:34:27,737] {logging_mixin.py:104} INFO - [2022-10-31 20:34:27,737] {dag.py:2273} INFO - Setting next_dagrun for example_external_task_marker_child to None
[2022-10-31 20:34:27,737] {logging_mixin.py:104} INFO - [2022-10-31 20:34:27,737] {dag.py:2273} INFO - Setting next_dagrun for example_external_task_marker_parent to None
[2022-10-31 20:34:27,748] {scheduler_job.py:190} INFO - Processing /home/airflow/.local/lib/python3.6/site-packages/airflow/example_dags/example_external_task_marker_dag.py took 0.051 seconds
[2022-10-31 20:34:58,563] {scheduler_job.py:182} INFO - Started process (PID=73) to work on /home/airflow/.local/lib/python3.6/site-packages/airflow/example_dags/example_external_task_marker_dag.py
[2022-10-31 20:34:58,564] {scheduler_job.py:629} INFO - Processing file /home/airflow/.local/lib/python3.6/site-packages/airflow/example_dags/example_external_task_marker_dag.py for tasks to queue
[2022-10-31 20:34:58,564] {logging_mixin.py:104} INFO - [2022-10-31 20:34:58,564] {dagbag.py:448} INFO - Filling up the DagBag from /home/airflow/.local/lib/python3.6/site-packages/airflow/example_dags/example_external_task_marker_dag.py
[2022-10-31 20:34:58,572] {scheduler_job.py:639} INFO - DAG(s) dict_keys(['example_external_task_marker_parent', 'example_external_task_marker_child']) retrieved from /home/airflow/.local/lib/python3.6/site-packages/airflow/example_dags/example_external_task_marker_dag.py
[2022-10-31 20:34:58,588] {logging_mixin.py:104} INFO - [2022-10-31 20:34:58,587] {dag.py:1818} INFO - Sync 2 DAGs
[2022-10-31 20:34:58,597] {logging_mixin.py:104} INFO - [2022-10-31 20:34:58,597] {dag.py:2273} INFO - Setting next_dagrun for example_external_task_marker_child to None
[2022-10-31 20:34:58,598] {logging_mixin.py:104} INFO - [2022-10-31 20:34:58,598] {dag.py:2273} INFO - Setting next_dagrun for example_external_task_marker_parent to None
[2022-10-31 20:34:58,603] {scheduler_job.py:190} INFO - Processing /home/airflow/.local/lib/python3.6/site-packages/airflow/example_dags/example_external_task_marker_dag.py took 0.042 seconds
[2022-10-31 20:35:29,334] {scheduler_job.py:182} INFO - Started process (PID=99) to work on /home/airflow/.local/lib/python3.6/site-packages/airflow/example_dags/example_external_task_marker_dag.py
[2022-10-31 20:35:29,335] {scheduler_job.py:629} INFO - Processing file /home/airflow/.local/lib/python3.6/site-packages/airflow/example_dags/example_external_task_marker_dag.py for tasks to queue
[2022-10-31 20:35:29,335] {logging_mixin.py:104} INFO - [2022-10-31 20:35:29,335] {dagbag.py:448} INFO - Filling up the DagBag from /home/airflow/.local/lib/python3.6/site-packages/airflow/example_dags/example_external_task_marker_dag.py
[2022-10-31 20:35:29,343] {scheduler_job.py:639} INFO - DAG(s) dict_keys(['example_external_task_marker_parent', 'example_external_task_marker_child']) retrieved from /home/airflow/.local/lib/python3.6/site-packages/airflow/example_dags/example_external_task_marker_dag.py
[2022-10-31 20:35:29,360] {logging_mixin.py:104} INFO - [2022-10-31 20:35:29,360] {dag.py:1818} INFO - Sync 2 DAGs
[2022-10-31 20:35:29,369] {logging_mixin.py:104} INFO - [2022-10-31 20:35:29,369] {dag.py:2273} INFO - Setting next_dagrun for example_external_task_marker_child to None
[2022-10-31 20:35:29,370] {logging_mixin.py:104} INFO - [2022-10-31 20:35:29,370] {dag.py:2273} INFO - Setting next_dagrun for example_external_task_marker_parent to None
[2022-10-31 20:35:29,377] {scheduler_job.py:190} INFO - Processing /home/airflow/.local/lib/python3.6/site-packages/airflow/example_dags/example_external_task_marker_dag.py took 0.044 seconds
[2022-10-31 20:36:00,179] {scheduler_job.py:182} INFO - Started process (PID=125) to work on /home/airflow/.local/lib/python3.6/site-packages/airflow/example_dags/example_external_task_marker_dag.py
[2022-10-31 20:36:00,180] {scheduler_job.py:629} INFO - Processing file /home/airflow/.local/lib/python3.6/site-packages/airflow/example_dags/example_external_task_marker_dag.py for tasks to queue
[2022-10-31 20:36:00,180] {logging_mixin.py:104} INFO - [2022-10-31 20:36:00,180] {dagbag.py:448} INFO - Filling up the DagBag from /home/airflow/.local/lib/python3.6/site-packages/airflow/example_dags/example_external_task_marker_dag.py
[2022-10-31 20:36:00,188] {scheduler_job.py:639} INFO - DAG(s) dict_keys(['example_external_task_marker_parent', 'example_external_task_marker_child']) retrieved from /home/airflow/.local/lib/python3.6/site-packages/airflow/example_dags/example_external_task_marker_dag.py
[2022-10-31 20:36:00,204] {logging_mixin.py:104} INFO - [2022-10-31 20:36:00,204] {dag.py:1818} INFO - Sync 2 DAGs
[2022-10-31 20:36:00,214] {logging_mixin.py:104} INFO - [2022-10-31 20:36:00,214] {dag.py:2273} INFO - Setting next_dagrun for example_external_task_marker_child to None
[2022-10-31 20:36:00,214] {logging_mixin.py:104} INFO - [2022-10-31 20:36:00,214] {dag.py:2273} INFO - Setting next_dagrun for example_external_task_marker_parent to None
[2022-10-31 20:36:00,221] {scheduler_job.py:190} INFO - Processing /home/airflow/.local/lib/python3.6/site-packages/airflow/example_dags/example_external_task_marker_dag.py took 0.044 seconds
[2022-10-31 20:36:31,064] {scheduler_job.py:182} INFO - Started process (PID=151) to work on /home/airflow/.local/lib/python3.6/site-packages/airflow/example_dags/example_external_task_marker_dag.py
[2022-10-31 20:36:31,065] {scheduler_job.py:629} INFO - Processing file /home/airflow/.local/lib/python3.6/site-packages/airflow/example_dags/example_external_task_marker_dag.py for tasks to queue
[2022-10-31 20:36:31,065] {logging_mixin.py:104} INFO - [2022-10-31 20:36:31,065] {dagbag.py:448} INFO - Filling up the DagBag from /home/airflow/.local/lib/python3.6/site-packages/airflow/example_dags/example_external_task_marker_dag.py
[2022-10-31 20:36:31,073] {scheduler_job.py:639} INFO - DAG(s) dict_keys(['example_external_task_marker_parent', 'example_external_task_marker_child']) retrieved from /home/airflow/.local/lib/python3.6/site-packages/airflow/example_dags/example_external_task_marker_dag.py
[2022-10-31 20:36:31,090] {logging_mixin.py:104} INFO - [2022-10-31 20:36:31,089] {dag.py:1818} INFO - Sync 2 DAGs
[2022-10-31 20:36:31,100] {logging_mixin.py:104} INFO - [2022-10-31 20:36:31,100] {dag.py:2273} INFO - Setting next_dagrun for example_external_task_marker_child to None
[2022-10-31 20:36:31,101] {logging_mixin.py:104} INFO - [2022-10-31 20:36:31,101] {dag.py:2273} INFO - Setting next_dagrun for example_external_task_marker_parent to None
[2022-10-31 20:36:31,107] {scheduler_job.py:190} INFO - Processing /home/airflow/.local/lib/python3.6/site-packages/airflow/example_dags/example_external_task_marker_dag.py took 0.045 seconds
[2022-10-31 20:37:01,860] {scheduler_job.py:182} INFO - Started process (PID=177) to work on /home/airflow/.local/lib/python3.6/site-packages/airflow/example_dags/example_external_task_marker_dag.py
[2022-10-31 20:37:01,861] {scheduler_job.py:629} INFO - Processing file /home/airflow/.local/lib/python3.6/site-packages/airflow/example_dags/example_external_task_marker_dag.py for tasks to queue
[2022-10-31 20:37:01,862] {logging_mixin.py:104} INFO - [2022-10-31 20:37:01,862] {dagbag.py:448} INFO - Filling up the DagBag from /home/airflow/.local/lib/python3.6/site-packages/airflow/example_dags/example_external_task_marker_dag.py
[2022-10-31 20:37:01,869] {scheduler_job.py:639} INFO - DAG(s) dict_keys(['example_external_task_marker_parent', 'example_external_task_marker_child']) retrieved from /home/airflow/.local/lib/python3.6/site-packages/airflow/example_dags/example_external_task_marker_dag.py
[2022-10-31 20:37:01,886] {logging_mixin.py:104} INFO - [2022-10-31 20:37:01,886] {dag.py:1818} INFO - Sync 2 DAGs
[2022-10-31 20:37:01,896] {logging_mixin.py:104} INFO - [2022-10-31 20:37:01,896] {dag.py:2273} INFO - Setting next_dagrun for example_external_task_marker_child to None
[2022-10-31 20:37:01,896] {logging_mixin.py:104} INFO - [2022-10-31 20:37:01,896] {dag.py:2273} INFO - Setting next_dagrun for example_external_task_marker_parent to None
[2022-10-31 20:37:01,903] {scheduler_job.py:190} INFO - Processing /home/airflow/.local/lib/python3.6/site-packages/airflow/example_dags/example_external_task_marker_dag.py took 0.045 seconds
[2022-10-31 20:37:34,921] {scheduler_job.py:182} INFO - Started process (PID=52) to work on /home/airflow/.local/lib/python3.6/site-packages/airflow/example_dags/example_external_task_marker_dag.py
[2022-10-31 20:37:34,922] {scheduler_job.py:629} INFO - Processing file /home/airflow/.local/lib/python3.6/site-packages/airflow/example_dags/example_external_task_marker_dag.py for tasks to queue
[2022-10-31 20:37:34,923] {logging_mixin.py:104} INFO - [2022-10-31 20:37:34,922] {dagbag.py:448} INFO - Filling up the DagBag from /home/airflow/.local/lib/python3.6/site-packages/airflow/example_dags/example_external_task_marker_dag.py
[2022-10-31 20:37:34,937] {scheduler_job.py:639} INFO - DAG(s) dict_keys(['example_external_task_marker_parent', 'example_external_task_marker_child']) retrieved from /home/airflow/.local/lib/python3.6/site-packages/airflow/example_dags/example_external_task_marker_dag.py
[2022-10-31 20:37:34,961] {logging_mixin.py:104} INFO - [2022-10-31 20:37:34,961] {dag.py:1818} INFO - Sync 2 DAGs
[2022-10-31 20:37:34,975] {logging_mixin.py:104} INFO - [2022-10-31 20:37:34,975] {dag.py:2273} INFO - Setting next_dagrun for example_external_task_marker_child to None
[2022-10-31 20:37:34,976] {logging_mixin.py:104} INFO - [2022-10-31 20:37:34,976] {dag.py:2273} INFO - Setting next_dagrun for example_external_task_marker_parent to None
[2022-10-31 20:37:34,985] {scheduler_job.py:190} INFO - Processing /home/airflow/.local/lib/python3.6/site-packages/airflow/example_dags/example_external_task_marker_dag.py took 0.067 seconds
[2022-10-31 20:38:05,092] {scheduler_job.py:182} INFO - Started process (PID=80) to work on /home/airflow/.local/lib/python3.6/site-packages/airflow/example_dags/example_external_task_marker_dag.py
[2022-10-31 20:38:05,093] {scheduler_job.py:629} INFO - Processing file /home/airflow/.local/lib/python3.6/site-packages/airflow/example_dags/example_external_task_marker_dag.py for tasks to queue
[2022-10-31 20:38:05,093] {logging_mixin.py:104} INFO - [2022-10-31 20:38:05,093] {dagbag.py:448} INFO - Filling up the DagBag from /home/airflow/.local/lib/python3.6/site-packages/airflow/example_dags/example_external_task_marker_dag.py
[2022-10-31 20:38:05,101] {scheduler_job.py:639} INFO - DAG(s) dict_keys(['example_external_task_marker_parent', 'example_external_task_marker_child']) retrieved from /home/airflow/.local/lib/python3.6/site-packages/airflow/example_dags/example_external_task_marker_dag.py
[2022-10-31 20:38:05,126] {logging_mixin.py:104} INFO - [2022-10-31 20:38:05,126] {dag.py:1818} INFO - Sync 2 DAGs
[2022-10-31 20:38:05,141] {logging_mixin.py:104} INFO - [2022-10-31 20:38:05,141] {dag.py:2273} INFO - Setting next_dagrun for example_external_task_marker_child to None
[2022-10-31 20:38:05,142] {logging_mixin.py:104} INFO - [2022-10-31 20:38:05,142] {dag.py:2273} INFO - Setting next_dagrun for example_external_task_marker_parent to None
[2022-10-31 20:38:05,152] {scheduler_job.py:190} INFO - Processing /home/airflow/.local/lib/python3.6/site-packages/airflow/example_dags/example_external_task_marker_dag.py took 0.062 seconds
[2022-10-31 20:38:36,029] {scheduler_job.py:182} INFO - Started process (PID=104) to work on /home/airflow/.local/lib/python3.6/site-packages/airflow/example_dags/example_external_task_marker_dag.py
[2022-10-31 20:38:36,030] {scheduler_job.py:629} INFO - Processing file /home/airflow/.local/lib/python3.6/site-packages/airflow/example_dags/example_external_task_marker_dag.py for tasks to queue
[2022-10-31 20:38:36,030] {logging_mixin.py:104} INFO - [2022-10-31 20:38:36,030] {dagbag.py:448} INFO - Filling up the DagBag from /home/airflow/.local/lib/python3.6/site-packages/airflow/example_dags/example_external_task_marker_dag.py
[2022-10-31 20:38:36,038] {scheduler_job.py:639} INFO - DAG(s) dict_keys(['example_external_task_marker_parent', 'example_external_task_marker_child']) retrieved from /home/airflow/.local/lib/python3.6/site-packages/airflow/example_dags/example_external_task_marker_dag.py
[2022-10-31 20:38:36,054] {logging_mixin.py:104} INFO - [2022-10-31 20:38:36,054] {dag.py:1818} INFO - Sync 2 DAGs
[2022-10-31 20:38:36,065] {logging_mixin.py:104} INFO - [2022-10-31 20:38:36,065] {dag.py:2273} INFO - Setting next_dagrun for example_external_task_marker_child to None
[2022-10-31 20:38:36,065] {logging_mixin.py:104} INFO - [2022-10-31 20:38:36,065] {dag.py:2273} INFO - Setting next_dagrun for example_external_task_marker_parent to None
[2022-10-31 20:38:36,071] {scheduler_job.py:190} INFO - Processing /home/airflow/.local/lib/python3.6/site-packages/airflow/example_dags/example_external_task_marker_dag.py took 0.044 seconds
[2022-10-31 20:39:06,917] {scheduler_job.py:182} INFO - Started process (PID=151) to work on /home/airflow/.local/lib/python3.6/site-packages/airflow/example_dags/example_external_task_marker_dag.py
[2022-10-31 20:39:06,918] {scheduler_job.py:629} INFO - Processing file /home/airflow/.local/lib/python3.6/site-packages/airflow/example_dags/example_external_task_marker_dag.py for tasks to queue
[2022-10-31 20:39:06,918] {logging_mixin.py:104} INFO - [2022-10-31 20:39:06,918] {dagbag.py:448} INFO - Filling up the DagBag from /home/airflow/.local/lib/python3.6/site-packages/airflow/example_dags/example_external_task_marker_dag.py
[2022-10-31 20:39:06,926] {scheduler_job.py:639} INFO - DAG(s) dict_keys(['example_external_task_marker_parent', 'example_external_task_marker_child']) retrieved from /home/airflow/.local/lib/python3.6/site-packages/airflow/example_dags/example_external_task_marker_dag.py
[2022-10-31 20:39:06,947] {logging_mixin.py:104} INFO - [2022-10-31 20:39:06,946] {dag.py:1818} INFO - Sync 2 DAGs
[2022-10-31 20:39:06,959] {logging_mixin.py:104} INFO - [2022-10-31 20:39:06,959] {dag.py:2273} INFO - Setting next_dagrun for example_external_task_marker_child to None
[2022-10-31 20:39:06,960] {logging_mixin.py:104} INFO - [2022-10-31 20:39:06,960] {dag.py:2273} INFO - Setting next_dagrun for example_external_task_marker_parent to None
[2022-10-31 20:39:06,969] {scheduler_job.py:190} INFO - Processing /home/airflow/.local/lib/python3.6/site-packages/airflow/example_dags/example_external_task_marker_dag.py took 0.054 seconds
[2022-10-31 20:39:37,868] {scheduler_job.py:182} INFO - Started process (PID=177) to work on /home/airflow/.local/lib/python3.6/site-packages/airflow/example_dags/example_external_task_marker_dag.py
[2022-10-31 20:39:37,869] {scheduler_job.py:629} INFO - Processing file /home/airflow/.local/lib/python3.6/site-packages/airflow/example_dags/example_external_task_marker_dag.py for tasks to queue
[2022-10-31 20:39:37,869] {logging_mixin.py:104} INFO - [2022-10-31 20:39:37,869] {dagbag.py:448} INFO - Filling up the DagBag from /home/airflow/.local/lib/python3.6/site-packages/airflow/example_dags/example_external_task_marker_dag.py
[2022-10-31 20:39:37,877] {scheduler_job.py:639} INFO - DAG(s) dict_keys(['example_external_task_marker_parent', 'example_external_task_marker_child']) retrieved from /home/airflow/.local/lib/python3.6/site-packages/airflow/example_dags/example_external_task_marker_dag.py
[2022-10-31 20:39:37,895] {logging_mixin.py:104} INFO - [2022-10-31 20:39:37,895] {dag.py:1818} INFO - Sync 2 DAGs
[2022-10-31 20:39:37,906] {logging_mixin.py:104} INFO - [2022-10-31 20:39:37,906] {dag.py:2273} INFO - Setting next_dagrun for example_external_task_marker_child to None
[2022-10-31 20:39:37,907] {logging_mixin.py:104} INFO - [2022-10-31 20:39:37,907] {dag.py:2273} INFO - Setting next_dagrun for example_external_task_marker_parent to None
[2022-10-31 20:39:37,914] {scheduler_job.py:190} INFO - Processing /home/airflow/.local/lib/python3.6/site-packages/airflow/example_dags/example_external_task_marker_dag.py took 0.048 seconds
[2022-10-31 20:40:08,737] {scheduler_job.py:182} INFO - Started process (PID=203) to work on /home/airflow/.local/lib/python3.6/site-packages/airflow/example_dags/example_external_task_marker_dag.py
[2022-10-31 20:40:08,738] {scheduler_job.py:629} INFO - Processing file /home/airflow/.local/lib/python3.6/site-packages/airflow/example_dags/example_external_task_marker_dag.py for tasks to queue
[2022-10-31 20:40:08,739] {logging_mixin.py:104} INFO - [2022-10-31 20:40:08,739] {dagbag.py:448} INFO - Filling up the DagBag from /home/airflow/.local/lib/python3.6/site-packages/airflow/example_dags/example_external_task_marker_dag.py
[2022-10-31 20:40:08,746] {scheduler_job.py:639} INFO - DAG(s) dict_keys(['example_external_task_marker_parent', 'example_external_task_marker_child']) retrieved from /home/airflow/.local/lib/python3.6/site-packages/airflow/example_dags/example_external_task_marker_dag.py
[2022-10-31 20:40:08,764] {logging_mixin.py:104} INFO - [2022-10-31 20:40:08,764] {dag.py:1818} INFO - Sync 2 DAGs
[2022-10-31 20:40:08,775] {logging_mixin.py:104} INFO - [2022-10-31 20:40:08,775] {dag.py:2273} INFO - Setting next_dagrun for example_external_task_marker_child to None
[2022-10-31 20:40:08,775] {logging_mixin.py:104} INFO - [2022-10-31 20:40:08,775] {dag.py:2273} INFO - Setting next_dagrun for example_external_task_marker_parent to None
[2022-10-31 20:40:08,782] {scheduler_job.py:190} INFO - Processing /home/airflow/.local/lib/python3.6/site-packages/airflow/example_dags/example_external_task_marker_dag.py took 0.047 seconds
[2022-10-31 20:40:39,641] {scheduler_job.py:182} INFO - Started process (PID=229) to work on /home/airflow/.local/lib/python3.6/site-packages/airflow/example_dags/example_external_task_marker_dag.py
[2022-10-31 20:40:39,642] {scheduler_job.py:629} INFO - Processing file /home/airflow/.local/lib/python3.6/site-packages/airflow/example_dags/example_external_task_marker_dag.py for tasks to queue
[2022-10-31 20:40:39,642] {logging_mixin.py:104} INFO - [2022-10-31 20:40:39,642] {dagbag.py:448} INFO - Filling up the DagBag from /home/airflow/.local/lib/python3.6/site-packages/airflow/example_dags/example_external_task_marker_dag.py
[2022-10-31 20:40:39,650] {scheduler_job.py:639} INFO - DAG(s) dict_keys(['example_external_task_marker_parent', 'example_external_task_marker_child']) retrieved from /home/airflow/.local/lib/python3.6/site-packages/airflow/example_dags/example_external_task_marker_dag.py
[2022-10-31 20:40:39,668] {logging_mixin.py:104} INFO - [2022-10-31 20:40:39,667] {dag.py:1818} INFO - Sync 2 DAGs
[2022-10-31 20:40:39,679] {logging_mixin.py:104} INFO - [2022-10-31 20:40:39,679] {dag.py:2273} INFO - Setting next_dagrun for example_external_task_marker_child to None
[2022-10-31 20:40:39,680] {logging_mixin.py:104} INFO - [2022-10-31 20:40:39,680] {dag.py:2273} INFO - Setting next_dagrun for example_external_task_marker_parent to None
[2022-10-31 20:40:39,690] {scheduler_job.py:190} INFO - Processing /home/airflow/.local/lib/python3.6/site-packages/airflow/example_dags/example_external_task_marker_dag.py took 0.051 seconds
[2022-10-31 20:41:10,554] {scheduler_job.py:182} INFO - Started process (PID=255) to work on /home/airflow/.local/lib/python3.6/site-packages/airflow/example_dags/example_external_task_marker_dag.py
[2022-10-31 20:41:10,554] {scheduler_job.py:629} INFO - Processing file /home/airflow/.local/lib/python3.6/site-packages/airflow/example_dags/example_external_task_marker_dag.py for tasks to queue
[2022-10-31 20:41:10,555] {logging_mixin.py:104} INFO - [2022-10-31 20:41:10,555] {dagbag.py:448} INFO - Filling up the DagBag from /home/airflow/.local/lib/python3.6/site-packages/airflow/example_dags/example_external_task_marker_dag.py
[2022-10-31 20:41:10,565] {scheduler_job.py:639} INFO - DAG(s) dict_keys(['example_external_task_marker_parent', 'example_external_task_marker_child']) retrieved from /home/airflow/.local/lib/python3.6/site-packages/airflow/example_dags/example_external_task_marker_dag.py
[2022-10-31 20:41:10,586] {logging_mixin.py:104} INFO - [2022-10-31 20:41:10,586] {dag.py:1818} INFO - Sync 2 DAGs
[2022-10-31 20:41:10,599] {logging_mixin.py:104} INFO - [2022-10-31 20:41:10,599] {dag.py:2273} INFO - Setting next_dagrun for example_external_task_marker_child to None
[2022-10-31 20:41:10,600] {logging_mixin.py:104} INFO - [2022-10-31 20:41:10,599] {dag.py:2273} INFO - Setting next_dagrun for example_external_task_marker_parent to None
[2022-10-31 20:41:10,608] {scheduler_job.py:190} INFO - Processing /home/airflow/.local/lib/python3.6/site-packages/airflow/example_dags/example_external_task_marker_dag.py took 0.056 seconds
[2022-10-31 20:41:41,491] {scheduler_job.py:182} INFO - Started process (PID=281) to work on /home/airflow/.local/lib/python3.6/site-packages/airflow/example_dags/example_external_task_marker_dag.py
[2022-10-31 20:41:41,491] {scheduler_job.py:629} INFO - Processing file /home/airflow/.local/lib/python3.6/site-packages/airflow/example_dags/example_external_task_marker_dag.py for tasks to queue
[2022-10-31 20:41:41,492] {logging_mixin.py:104} INFO - [2022-10-31 20:41:41,492] {dagbag.py:448} INFO - Filling up the DagBag from /home/airflow/.local/lib/python3.6/site-packages/airflow/example_dags/example_external_task_marker_dag.py
[2022-10-31 20:41:41,499] {scheduler_job.py:639} INFO - DAG(s) dict_keys(['example_external_task_marker_parent', 'example_external_task_marker_child']) retrieved from /home/airflow/.local/lib/python3.6/site-packages/airflow/example_dags/example_external_task_marker_dag.py
[2022-10-31 20:41:41,515] {logging_mixin.py:104} INFO - [2022-10-31 20:41:41,515] {dag.py:1818} INFO - Sync 2 DAGs
[2022-10-31 20:41:41,525] {logging_mixin.py:104} INFO - [2022-10-31 20:41:41,525] {dag.py:2273} INFO - Setting next_dagrun for example_external_task_marker_child to None
[2022-10-31 20:41:41,526] {logging_mixin.py:104} INFO - [2022-10-31 20:41:41,526] {dag.py:2273} INFO - Setting next_dagrun for example_external_task_marker_parent to None
[2022-10-31 20:41:41,531] {scheduler_job.py:190} INFO - Processing /home/airflow/.local/lib/python3.6/site-packages/airflow/example_dags/example_external_task_marker_dag.py took 0.042 seconds
[2022-10-31 20:42:12,321] {scheduler_job.py:182} INFO - Started process (PID=307) to work on /home/airflow/.local/lib/python3.6/site-packages/airflow/example_dags/example_external_task_marker_dag.py
[2022-10-31 20:42:12,322] {scheduler_job.py:629} INFO - Processing file /home/airflow/.local/lib/python3.6/site-packages/airflow/example_dags/example_external_task_marker_dag.py for tasks to queue
[2022-10-31 20:42:12,322] {logging_mixin.py:104} INFO - [2022-10-31 20:42:12,322] {dagbag.py:448} INFO - Filling up the DagBag from /home/airflow/.local/lib/python3.6/site-packages/airflow/example_dags/example_external_task_marker_dag.py
[2022-10-31 20:42:12,330] {scheduler_job.py:639} INFO - DAG(s) dict_keys(['example_external_task_marker_parent', 'example_external_task_marker_child']) retrieved from /home/airflow/.local/lib/python3.6/site-packages/airflow/example_dags/example_external_task_marker_dag.py
[2022-10-31 20:42:12,347] {logging_mixin.py:104} INFO - [2022-10-31 20:42:12,347] {dag.py:1818} INFO - Sync 2 DAGs
[2022-10-31 20:42:12,358] {logging_mixin.py:104} INFO - [2022-10-31 20:42:12,358] {dag.py:2273} INFO - Setting next_dagrun for example_external_task_marker_child to None
[2022-10-31 20:42:12,358] {logging_mixin.py:104} INFO - [2022-10-31 20:42:12,358] {dag.py:2273} INFO - Setting next_dagrun for example_external_task_marker_parent to None
[2022-10-31 20:42:12,365] {scheduler_job.py:190} INFO - Processing /home/airflow/.local/lib/python3.6/site-packages/airflow/example_dags/example_external_task_marker_dag.py took 0.046 seconds
[2022-10-31 20:42:43,148] {scheduler_job.py:182} INFO - Started process (PID=335) to work on /home/airflow/.local/lib/python3.6/site-packages/airflow/example_dags/example_external_task_marker_dag.py
[2022-10-31 20:42:43,149] {scheduler_job.py:629} INFO - Processing file /home/airflow/.local/lib/python3.6/site-packages/airflow/example_dags/example_external_task_marker_dag.py for tasks to queue
[2022-10-31 20:42:43,149] {logging_mixin.py:104} INFO - [2022-10-31 20:42:43,149] {dagbag.py:448} INFO - Filling up the DagBag from /home/airflow/.local/lib/python3.6/site-packages/airflow/example_dags/example_external_task_marker_dag.py
[2022-10-31 20:42:43,157] {scheduler_job.py:639} INFO - DAG(s) dict_keys(['example_external_task_marker_parent', 'example_external_task_marker_child']) retrieved from /home/airflow/.local/lib/python3.6/site-packages/airflow/example_dags/example_external_task_marker_dag.py
[2022-10-31 20:42:43,175] {logging_mixin.py:104} INFO - [2022-10-31 20:42:43,175] {dag.py:1818} INFO - Sync 2 DAGs
[2022-10-31 20:42:43,187] {logging_mixin.py:104} INFO - [2022-10-31 20:42:43,187] {dag.py:2273} INFO - Setting next_dagrun for example_external_task_marker_child to None
[2022-10-31 20:42:43,188] {logging_mixin.py:104} INFO - [2022-10-31 20:42:43,188] {dag.py:2273} INFO - Setting next_dagrun for example_external_task_marker_parent to None
[2022-10-31 20:42:43,194] {scheduler_job.py:190} INFO - Processing /home/airflow/.local/lib/python3.6/site-packages/airflow/example_dags/example_external_task_marker_dag.py took 0.048 seconds
[2022-10-31 20:43:13,267] {scheduler_job.py:182} INFO - Started process (PID=363) to work on /home/airflow/.local/lib/python3.6/site-packages/airflow/example_dags/example_external_task_marker_dag.py
[2022-10-31 20:43:13,267] {scheduler_job.py:629} INFO - Processing file /home/airflow/.local/lib/python3.6/site-packages/airflow/example_dags/example_external_task_marker_dag.py for tasks to queue
[2022-10-31 20:43:13,268] {logging_mixin.py:104} INFO - [2022-10-31 20:43:13,268] {dagbag.py:448} INFO - Filling up the DagBag from /home/airflow/.local/lib/python3.6/site-packages/airflow/example_dags/example_external_task_marker_dag.py
[2022-10-31 20:43:13,275] {scheduler_job.py:639} INFO - DAG(s) dict_keys(['example_external_task_marker_parent', 'example_external_task_marker_child']) retrieved from /home/airflow/.local/lib/python3.6/site-packages/airflow/example_dags/example_external_task_marker_dag.py
[2022-10-31 20:43:13,290] {logging_mixin.py:104} INFO - [2022-10-31 20:43:13,290] {dag.py:1818} INFO - Sync 2 DAGs
[2022-10-31 20:43:13,300] {logging_mixin.py:104} INFO - [2022-10-31 20:43:13,300] {dag.py:2273} INFO - Setting next_dagrun for example_external_task_marker_child to None
[2022-10-31 20:43:13,300] {logging_mixin.py:104} INFO - [2022-10-31 20:43:13,300] {dag.py:2273} INFO - Setting next_dagrun for example_external_task_marker_parent to None
[2022-10-31 20:43:13,307] {scheduler_job.py:190} INFO - Processing /home/airflow/.local/lib/python3.6/site-packages/airflow/example_dags/example_external_task_marker_dag.py took 0.042 seconds
[2022-10-31 20:43:43,487] {scheduler_job.py:182} INFO - Started process (PID=389) to work on /home/airflow/.local/lib/python3.6/site-packages/airflow/example_dags/example_external_task_marker_dag.py
[2022-10-31 20:43:43,488] {scheduler_job.py:629} INFO - Processing file /home/airflow/.local/lib/python3.6/site-packages/airflow/example_dags/example_external_task_marker_dag.py for tasks to queue
[2022-10-31 20:43:43,488] {logging_mixin.py:104} INFO - [2022-10-31 20:43:43,488] {dagbag.py:448} INFO - Filling up the DagBag from /home/airflow/.local/lib/python3.6/site-packages/airflow/example_dags/example_external_task_marker_dag.py
[2022-10-31 20:43:43,496] {scheduler_job.py:639} INFO - DAG(s) dict_keys(['example_external_task_marker_parent', 'example_external_task_marker_child']) retrieved from /home/airflow/.local/lib/python3.6/site-packages/airflow/example_dags/example_external_task_marker_dag.py
[2022-10-31 20:43:43,511] {logging_mixin.py:104} INFO - [2022-10-31 20:43:43,510] {dag.py:1818} INFO - Sync 2 DAGs
[2022-10-31 20:43:43,520] {logging_mixin.py:104} INFO - [2022-10-31 20:43:43,520] {dag.py:2273} INFO - Setting next_dagrun for example_external_task_marker_child to None
[2022-10-31 20:43:43,521] {logging_mixin.py:104} INFO - [2022-10-31 20:43:43,521] {dag.py:2273} INFO - Setting next_dagrun for example_external_task_marker_parent to None
[2022-10-31 20:43:43,528] {scheduler_job.py:190} INFO - Processing /home/airflow/.local/lib/python3.6/site-packages/airflow/example_dags/example_external_task_marker_dag.py took 0.043 seconds
[2022-10-31 20:44:13,817] {scheduler_job.py:182} INFO - Started process (PID=419) to work on /home/airflow/.local/lib/python3.6/site-packages/airflow/example_dags/example_external_task_marker_dag.py
[2022-10-31 20:44:13,818] {scheduler_job.py:629} INFO - Processing file /home/airflow/.local/lib/python3.6/site-packages/airflow/example_dags/example_external_task_marker_dag.py for tasks to queue
[2022-10-31 20:44:13,818] {logging_mixin.py:104} INFO - [2022-10-31 20:44:13,818] {dagbag.py:448} INFO - Filling up the DagBag from /home/airflow/.local/lib/python3.6/site-packages/airflow/example_dags/example_external_task_marker_dag.py
[2022-10-31 20:44:13,826] {scheduler_job.py:639} INFO - DAG(s) dict_keys(['example_external_task_marker_parent', 'example_external_task_marker_child']) retrieved from /home/airflow/.local/lib/python3.6/site-packages/airflow/example_dags/example_external_task_marker_dag.py
[2022-10-31 20:44:13,842] {logging_mixin.py:104} INFO - [2022-10-31 20:44:13,842] {dag.py:1818} INFO - Sync 2 DAGs
[2022-10-31 20:44:13,854] {logging_mixin.py:104} INFO - [2022-10-31 20:44:13,854] {dag.py:2273} INFO - Setting next_dagrun for example_external_task_marker_child to None
[2022-10-31 20:44:13,854] {logging_mixin.py:104} INFO - [2022-10-31 20:44:13,854] {dag.py:2273} INFO - Setting next_dagrun for example_external_task_marker_parent to None
[2022-10-31 20:44:13,860] {scheduler_job.py:190} INFO - Processing /home/airflow/.local/lib/python3.6/site-packages/airflow/example_dags/example_external_task_marker_dag.py took 0.045 seconds
