[2022-10-31 20:34:27,759] {scheduler_job.py:182} INFO - Started process (PID=49) to work on /home/airflow/.local/lib/python3.6/site-packages/airflow/example_dags/example_latest_only_with_trigger.py
[2022-10-31 20:34:27,760] {scheduler_job.py:629} INFO - Processing file /home/airflow/.local/lib/python3.6/site-packages/airflow/example_dags/example_latest_only_with_trigger.py for tasks to queue
[2022-10-31 20:34:27,760] {logging_mixin.py:104} INFO - [2022-10-31 20:34:27,760] {dagbag.py:448} INFO - Filling up the DagBag from /home/airflow/.local/lib/python3.6/site-packages/airflow/example_dags/example_latest_only_with_trigger.py
[2022-10-31 20:34:27,767] {scheduler_job.py:639} INFO - DAG(s) dict_keys(['latest_only_with_trigger']) retrieved from /home/airflow/.local/lib/python3.6/site-packages/airflow/example_dags/example_latest_only_with_trigger.py
[2022-10-31 20:34:27,783] {logging_mixin.py:104} INFO - [2022-10-31 20:34:27,783] {dag.py:1818} INFO - Sync 1 DAGs
[2022-10-31 20:34:27,790] {logging_mixin.py:104} INFO - [2022-10-31 20:34:27,790] {dag.py:1837} INFO - Creating ORM DAG for latest_only_with_trigger
[2022-10-31 20:34:27,793] {logging_mixin.py:104} INFO - [2022-10-31 20:34:27,793] {dag.py:2273} INFO - Setting next_dagrun for latest_only_with_trigger to 2022-10-29 00:00:00+00:00
[2022-10-31 20:34:27,802] {scheduler_job.py:190} INFO - Processing /home/airflow/.local/lib/python3.6/site-packages/airflow/example_dags/example_latest_only_with_trigger.py took 0.045 seconds
[2022-10-31 20:34:58,612] {scheduler_job.py:182} INFO - Started process (PID=75) to work on /home/airflow/.local/lib/python3.6/site-packages/airflow/example_dags/example_latest_only_with_trigger.py
[2022-10-31 20:34:58,613] {scheduler_job.py:629} INFO - Processing file /home/airflow/.local/lib/python3.6/site-packages/airflow/example_dags/example_latest_only_with_trigger.py for tasks to queue
[2022-10-31 20:34:58,613] {logging_mixin.py:104} INFO - [2022-10-31 20:34:58,613] {dagbag.py:448} INFO - Filling up the DagBag from /home/airflow/.local/lib/python3.6/site-packages/airflow/example_dags/example_latest_only_with_trigger.py
[2022-10-31 20:34:58,621] {scheduler_job.py:639} INFO - DAG(s) dict_keys(['latest_only_with_trigger']) retrieved from /home/airflow/.local/lib/python3.6/site-packages/airflow/example_dags/example_latest_only_with_trigger.py
[2022-10-31 20:34:58,634] {logging_mixin.py:104} INFO - [2022-10-31 20:34:58,634] {dag.py:1818} INFO - Sync 1 DAGs
[2022-10-31 20:34:58,644] {logging_mixin.py:104} INFO - [2022-10-31 20:34:58,644] {dag.py:2273} INFO - Setting next_dagrun for latest_only_with_trigger to 2022-10-29 00:00:00+00:00
[2022-10-31 20:34:58,649] {scheduler_job.py:190} INFO - Processing /home/airflow/.local/lib/python3.6/site-packages/airflow/example_dags/example_latest_only_with_trigger.py took 0.039 seconds
[2022-10-31 20:35:29,386] {scheduler_job.py:182} INFO - Started process (PID=101) to work on /home/airflow/.local/lib/python3.6/site-packages/airflow/example_dags/example_latest_only_with_trigger.py
[2022-10-31 20:35:29,387] {scheduler_job.py:629} INFO - Processing file /home/airflow/.local/lib/python3.6/site-packages/airflow/example_dags/example_latest_only_with_trigger.py for tasks to queue
[2022-10-31 20:35:29,387] {logging_mixin.py:104} INFO - [2022-10-31 20:35:29,387] {dagbag.py:448} INFO - Filling up the DagBag from /home/airflow/.local/lib/python3.6/site-packages/airflow/example_dags/example_latest_only_with_trigger.py
[2022-10-31 20:35:29,394] {scheduler_job.py:639} INFO - DAG(s) dict_keys(['latest_only_with_trigger']) retrieved from /home/airflow/.local/lib/python3.6/site-packages/airflow/example_dags/example_latest_only_with_trigger.py
[2022-10-31 20:35:29,410] {logging_mixin.py:104} INFO - [2022-10-31 20:35:29,410] {dag.py:1818} INFO - Sync 1 DAGs
[2022-10-31 20:35:29,422] {logging_mixin.py:104} INFO - [2022-10-31 20:35:29,422] {dag.py:2273} INFO - Setting next_dagrun for latest_only_with_trigger to 2022-10-29 00:00:00+00:00
[2022-10-31 20:35:29,429] {scheduler_job.py:190} INFO - Processing /home/airflow/.local/lib/python3.6/site-packages/airflow/example_dags/example_latest_only_with_trigger.py took 0.044 seconds
[2022-10-31 20:36:00,231] {scheduler_job.py:182} INFO - Started process (PID=127) to work on /home/airflow/.local/lib/python3.6/site-packages/airflow/example_dags/example_latest_only_with_trigger.py
[2022-10-31 20:36:00,231] {scheduler_job.py:629} INFO - Processing file /home/airflow/.local/lib/python3.6/site-packages/airflow/example_dags/example_latest_only_with_trigger.py for tasks to queue
[2022-10-31 20:36:00,232] {logging_mixin.py:104} INFO - [2022-10-31 20:36:00,232] {dagbag.py:448} INFO - Filling up the DagBag from /home/airflow/.local/lib/python3.6/site-packages/airflow/example_dags/example_latest_only_with_trigger.py
[2022-10-31 20:36:00,239] {scheduler_job.py:639} INFO - DAG(s) dict_keys(['latest_only_with_trigger']) retrieved from /home/airflow/.local/lib/python3.6/site-packages/airflow/example_dags/example_latest_only_with_trigger.py
[2022-10-31 20:36:00,252] {logging_mixin.py:104} INFO - [2022-10-31 20:36:00,252] {dag.py:1818} INFO - Sync 1 DAGs
[2022-10-31 20:36:00,262] {logging_mixin.py:104} INFO - [2022-10-31 20:36:00,262] {dag.py:2273} INFO - Setting next_dagrun for latest_only_with_trigger to 2022-10-29 00:00:00+00:00
[2022-10-31 20:36:00,269] {scheduler_job.py:190} INFO - Processing /home/airflow/.local/lib/python3.6/site-packages/airflow/example_dags/example_latest_only_with_trigger.py took 0.040 seconds
[2022-10-31 20:36:31,116] {scheduler_job.py:182} INFO - Started process (PID=153) to work on /home/airflow/.local/lib/python3.6/site-packages/airflow/example_dags/example_latest_only_with_trigger.py
[2022-10-31 20:36:31,117] {scheduler_job.py:629} INFO - Processing file /home/airflow/.local/lib/python3.6/site-packages/airflow/example_dags/example_latest_only_with_trigger.py for tasks to queue
[2022-10-31 20:36:31,117] {logging_mixin.py:104} INFO - [2022-10-31 20:36:31,117] {dagbag.py:448} INFO - Filling up the DagBag from /home/airflow/.local/lib/python3.6/site-packages/airflow/example_dags/example_latest_only_with_trigger.py
[2022-10-31 20:36:31,125] {scheduler_job.py:639} INFO - DAG(s) dict_keys(['latest_only_with_trigger']) retrieved from /home/airflow/.local/lib/python3.6/site-packages/airflow/example_dags/example_latest_only_with_trigger.py
[2022-10-31 20:36:31,138] {logging_mixin.py:104} INFO - [2022-10-31 20:36:31,138] {dag.py:1818} INFO - Sync 1 DAGs
[2022-10-31 20:36:31,149] {logging_mixin.py:104} INFO - [2022-10-31 20:36:31,148] {dag.py:2273} INFO - Setting next_dagrun for latest_only_with_trigger to 2022-10-29 00:00:00+00:00
[2022-10-31 20:36:31,154] {scheduler_job.py:190} INFO - Processing /home/airflow/.local/lib/python3.6/site-packages/airflow/example_dags/example_latest_only_with_trigger.py took 0.039 seconds
[2022-10-31 20:37:01,912] {scheduler_job.py:182} INFO - Started process (PID=179) to work on /home/airflow/.local/lib/python3.6/site-packages/airflow/example_dags/example_latest_only_with_trigger.py
[2022-10-31 20:37:01,913] {scheduler_job.py:629} INFO - Processing file /home/airflow/.local/lib/python3.6/site-packages/airflow/example_dags/example_latest_only_with_trigger.py for tasks to queue
[2022-10-31 20:37:01,914] {logging_mixin.py:104} INFO - [2022-10-31 20:37:01,914] {dagbag.py:448} INFO - Filling up the DagBag from /home/airflow/.local/lib/python3.6/site-packages/airflow/example_dags/example_latest_only_with_trigger.py
[2022-10-31 20:37:01,920] {scheduler_job.py:639} INFO - DAG(s) dict_keys(['latest_only_with_trigger']) retrieved from /home/airflow/.local/lib/python3.6/site-packages/airflow/example_dags/example_latest_only_with_trigger.py
[2022-10-31 20:37:01,933] {logging_mixin.py:104} INFO - [2022-10-31 20:37:01,933] {dag.py:1818} INFO - Sync 1 DAGs
[2022-10-31 20:37:01,943] {logging_mixin.py:104} INFO - [2022-10-31 20:37:01,943] {dag.py:2273} INFO - Setting next_dagrun for latest_only_with_trigger to 2022-10-29 00:00:00+00:00
[2022-10-31 20:37:01,948] {scheduler_job.py:190} INFO - Processing /home/airflow/.local/lib/python3.6/site-packages/airflow/example_dags/example_latest_only_with_trigger.py took 0.038 seconds
[2022-10-31 20:37:34,403] {scheduler_job.py:182} INFO - Started process (PID=39) to work on /home/airflow/.local/lib/python3.6/site-packages/airflow/example_dags/example_latest_only_with_trigger.py
[2022-10-31 20:37:34,404] {scheduler_job.py:629} INFO - Processing file /home/airflow/.local/lib/python3.6/site-packages/airflow/example_dags/example_latest_only_with_trigger.py for tasks to queue
[2022-10-31 20:37:34,405] {logging_mixin.py:104} INFO - [2022-10-31 20:37:34,405] {dagbag.py:448} INFO - Filling up the DagBag from /home/airflow/.local/lib/python3.6/site-packages/airflow/example_dags/example_latest_only_with_trigger.py
[2022-10-31 20:37:34,417] {scheduler_job.py:639} INFO - DAG(s) dict_keys(['latest_only_with_trigger']) retrieved from /home/airflow/.local/lib/python3.6/site-packages/airflow/example_dags/example_latest_only_with_trigger.py
[2022-10-31 20:37:34,440] {logging_mixin.py:104} INFO - [2022-10-31 20:37:34,440] {dag.py:1818} INFO - Sync 1 DAGs
[2022-10-31 20:37:34,454] {logging_mixin.py:104} INFO - [2022-10-31 20:37:34,454] {dag.py:2273} INFO - Setting next_dagrun for latest_only_with_trigger to 2022-10-29 00:00:00+00:00
[2022-10-31 20:37:34,464] {scheduler_job.py:190} INFO - Processing /home/airflow/.local/lib/python3.6/site-packages/airflow/example_dags/example_latest_only_with_trigger.py took 0.063 seconds
[2022-10-31 20:38:04,515] {scheduler_job.py:182} INFO - Started process (PID=65) to work on /home/airflow/.local/lib/python3.6/site-packages/airflow/example_dags/example_latest_only_with_trigger.py
[2022-10-31 20:38:04,516] {scheduler_job.py:629} INFO - Processing file /home/airflow/.local/lib/python3.6/site-packages/airflow/example_dags/example_latest_only_with_trigger.py for tasks to queue
[2022-10-31 20:38:04,516] {logging_mixin.py:104} INFO - [2022-10-31 20:38:04,516] {dagbag.py:448} INFO - Filling up the DagBag from /home/airflow/.local/lib/python3.6/site-packages/airflow/example_dags/example_latest_only_with_trigger.py
[2022-10-31 20:38:04,524] {scheduler_job.py:639} INFO - DAG(s) dict_keys(['latest_only_with_trigger']) retrieved from /home/airflow/.local/lib/python3.6/site-packages/airflow/example_dags/example_latest_only_with_trigger.py
[2022-10-31 20:38:04,538] {logging_mixin.py:104} INFO - [2022-10-31 20:38:04,538] {dag.py:1818} INFO - Sync 1 DAGs
[2022-10-31 20:38:04,551] {logging_mixin.py:104} INFO - [2022-10-31 20:38:04,551] {dag.py:2273} INFO - Setting next_dagrun for latest_only_with_trigger to 2022-10-29 00:00:00+00:00
[2022-10-31 20:38:04,557] {scheduler_job.py:190} INFO - Processing /home/airflow/.local/lib/python3.6/site-packages/airflow/example_dags/example_latest_only_with_trigger.py took 0.044 seconds
[2022-10-31 20:38:34,613] {scheduler_job.py:182} INFO - Started process (PID=91) to work on /home/airflow/.local/lib/python3.6/site-packages/airflow/example_dags/example_latest_only_with_trigger.py
[2022-10-31 20:38:34,613] {scheduler_job.py:629} INFO - Processing file /home/airflow/.local/lib/python3.6/site-packages/airflow/example_dags/example_latest_only_with_trigger.py for tasks to queue
[2022-10-31 20:38:34,614] {logging_mixin.py:104} INFO - [2022-10-31 20:38:34,614] {dagbag.py:448} INFO - Filling up the DagBag from /home/airflow/.local/lib/python3.6/site-packages/airflow/example_dags/example_latest_only_with_trigger.py
[2022-10-31 20:38:34,621] {scheduler_job.py:639} INFO - DAG(s) dict_keys(['latest_only_with_trigger']) retrieved from /home/airflow/.local/lib/python3.6/site-packages/airflow/example_dags/example_latest_only_with_trigger.py
[2022-10-31 20:38:34,635] {logging_mixin.py:104} INFO - [2022-10-31 20:38:34,635] {dag.py:1818} INFO - Sync 1 DAGs
[2022-10-31 20:38:34,645] {logging_mixin.py:104} INFO - [2022-10-31 20:38:34,645] {dag.py:2273} INFO - Setting next_dagrun for latest_only_with_trigger to 2022-10-29 00:00:00+00:00
[2022-10-31 20:38:34,650] {scheduler_job.py:190} INFO - Processing /home/airflow/.local/lib/python3.6/site-packages/airflow/example_dags/example_latest_only_with_trigger.py took 0.039 seconds
[2022-10-31 20:39:05,634] {scheduler_job.py:182} INFO - Started process (PID=143) to work on /home/airflow/.local/lib/python3.6/site-packages/airflow/example_dags/example_latest_only_with_trigger.py
[2022-10-31 20:39:05,635] {scheduler_job.py:629} INFO - Processing file /home/airflow/.local/lib/python3.6/site-packages/airflow/example_dags/example_latest_only_with_trigger.py for tasks to queue
[2022-10-31 20:39:05,635] {logging_mixin.py:104} INFO - [2022-10-31 20:39:05,635] {dagbag.py:448} INFO - Filling up the DagBag from /home/airflow/.local/lib/python3.6/site-packages/airflow/example_dags/example_latest_only_with_trigger.py
[2022-10-31 20:39:05,642] {scheduler_job.py:639} INFO - DAG(s) dict_keys(['latest_only_with_trigger']) retrieved from /home/airflow/.local/lib/python3.6/site-packages/airflow/example_dags/example_latest_only_with_trigger.py
[2022-10-31 20:39:05,655] {logging_mixin.py:104} INFO - [2022-10-31 20:39:05,655] {dag.py:1818} INFO - Sync 1 DAGs
[2022-10-31 20:39:05,665] {logging_mixin.py:104} INFO - [2022-10-31 20:39:05,665] {dag.py:2273} INFO - Setting next_dagrun for latest_only_with_trigger to 2022-10-29 00:00:00+00:00
[2022-10-31 20:39:05,670] {scheduler_job.py:190} INFO - Processing /home/airflow/.local/lib/python3.6/site-packages/airflow/example_dags/example_latest_only_with_trigger.py took 0.038 seconds
[2022-10-31 20:39:36,621] {scheduler_job.py:182} INFO - Started process (PID=169) to work on /home/airflow/.local/lib/python3.6/site-packages/airflow/example_dags/example_latest_only_with_trigger.py
[2022-10-31 20:39:36,622] {scheduler_job.py:629} INFO - Processing file /home/airflow/.local/lib/python3.6/site-packages/airflow/example_dags/example_latest_only_with_trigger.py for tasks to queue
[2022-10-31 20:39:36,622] {logging_mixin.py:104} INFO - [2022-10-31 20:39:36,622] {dagbag.py:448} INFO - Filling up the DagBag from /home/airflow/.local/lib/python3.6/site-packages/airflow/example_dags/example_latest_only_with_trigger.py
[2022-10-31 20:39:36,629] {scheduler_job.py:639} INFO - DAG(s) dict_keys(['latest_only_with_trigger']) retrieved from /home/airflow/.local/lib/python3.6/site-packages/airflow/example_dags/example_latest_only_with_trigger.py
[2022-10-31 20:39:36,643] {logging_mixin.py:104} INFO - [2022-10-31 20:39:36,643] {dag.py:1818} INFO - Sync 1 DAGs
[2022-10-31 20:39:36,653] {logging_mixin.py:104} INFO - [2022-10-31 20:39:36,653] {dag.py:2273} INFO - Setting next_dagrun for latest_only_with_trigger to 2022-10-29 00:00:00+00:00
[2022-10-31 20:39:36,658] {scheduler_job.py:190} INFO - Processing /home/airflow/.local/lib/python3.6/site-packages/airflow/example_dags/example_latest_only_with_trigger.py took 0.039 seconds
[2022-10-31 20:40:07,498] {scheduler_job.py:182} INFO - Started process (PID=195) to work on /home/airflow/.local/lib/python3.6/site-packages/airflow/example_dags/example_latest_only_with_trigger.py
[2022-10-31 20:40:07,499] {scheduler_job.py:629} INFO - Processing file /home/airflow/.local/lib/python3.6/site-packages/airflow/example_dags/example_latest_only_with_trigger.py for tasks to queue
[2022-10-31 20:40:07,499] {logging_mixin.py:104} INFO - [2022-10-31 20:40:07,499] {dagbag.py:448} INFO - Filling up the DagBag from /home/airflow/.local/lib/python3.6/site-packages/airflow/example_dags/example_latest_only_with_trigger.py
[2022-10-31 20:40:07,506] {scheduler_job.py:639} INFO - DAG(s) dict_keys(['latest_only_with_trigger']) retrieved from /home/airflow/.local/lib/python3.6/site-packages/airflow/example_dags/example_latest_only_with_trigger.py
[2022-10-31 20:40:07,520] {logging_mixin.py:104} INFO - [2022-10-31 20:40:07,520] {dag.py:1818} INFO - Sync 1 DAGs
[2022-10-31 20:40:07,530] {logging_mixin.py:104} INFO - [2022-10-31 20:40:07,530] {dag.py:2273} INFO - Setting next_dagrun for latest_only_with_trigger to 2022-10-29 00:00:00+00:00
[2022-10-31 20:40:07,536] {scheduler_job.py:190} INFO - Processing /home/airflow/.local/lib/python3.6/site-packages/airflow/example_dags/example_latest_only_with_trigger.py took 0.040 seconds
[2022-10-31 20:40:38,410] {scheduler_job.py:182} INFO - Started process (PID=221) to work on /home/airflow/.local/lib/python3.6/site-packages/airflow/example_dags/example_latest_only_with_trigger.py
[2022-10-31 20:40:38,410] {scheduler_job.py:629} INFO - Processing file /home/airflow/.local/lib/python3.6/site-packages/airflow/example_dags/example_latest_only_with_trigger.py for tasks to queue
[2022-10-31 20:40:38,411] {logging_mixin.py:104} INFO - [2022-10-31 20:40:38,411] {dagbag.py:448} INFO - Filling up the DagBag from /home/airflow/.local/lib/python3.6/site-packages/airflow/example_dags/example_latest_only_with_trigger.py
[2022-10-31 20:40:38,418] {scheduler_job.py:639} INFO - DAG(s) dict_keys(['latest_only_with_trigger']) retrieved from /home/airflow/.local/lib/python3.6/site-packages/airflow/example_dags/example_latest_only_with_trigger.py
[2022-10-31 20:40:38,432] {logging_mixin.py:104} INFO - [2022-10-31 20:40:38,432] {dag.py:1818} INFO - Sync 1 DAGs
[2022-10-31 20:40:38,443] {logging_mixin.py:104} INFO - [2022-10-31 20:40:38,443] {dag.py:2273} INFO - Setting next_dagrun for latest_only_with_trigger to 2022-10-29 00:00:00+00:00
[2022-10-31 20:40:38,448] {scheduler_job.py:190} INFO - Processing /home/airflow/.local/lib/python3.6/site-packages/airflow/example_dags/example_latest_only_with_trigger.py took 0.040 seconds
[2022-10-31 20:41:09,324] {scheduler_job.py:182} INFO - Started process (PID=247) to work on /home/airflow/.local/lib/python3.6/site-packages/airflow/example_dags/example_latest_only_with_trigger.py
[2022-10-31 20:41:09,324] {scheduler_job.py:629} INFO - Processing file /home/airflow/.local/lib/python3.6/site-packages/airflow/example_dags/example_latest_only_with_trigger.py for tasks to queue
[2022-10-31 20:41:09,325] {logging_mixin.py:104} INFO - [2022-10-31 20:41:09,325] {dagbag.py:448} INFO - Filling up the DagBag from /home/airflow/.local/lib/python3.6/site-packages/airflow/example_dags/example_latest_only_with_trigger.py
[2022-10-31 20:41:09,333] {scheduler_job.py:639} INFO - DAG(s) dict_keys(['latest_only_with_trigger']) retrieved from /home/airflow/.local/lib/python3.6/site-packages/airflow/example_dags/example_latest_only_with_trigger.py
[2022-10-31 20:41:09,346] {logging_mixin.py:104} INFO - [2022-10-31 20:41:09,346] {dag.py:1818} INFO - Sync 1 DAGs
[2022-10-31 20:41:09,356] {logging_mixin.py:104} INFO - [2022-10-31 20:41:09,356] {dag.py:2273} INFO - Setting next_dagrun for latest_only_with_trigger to 2022-10-29 00:00:00+00:00
[2022-10-31 20:41:09,361] {scheduler_job.py:190} INFO - Processing /home/airflow/.local/lib/python3.6/site-packages/airflow/example_dags/example_latest_only_with_trigger.py took 0.040 seconds
[2022-10-31 20:41:40,261] {scheduler_job.py:182} INFO - Started process (PID=273) to work on /home/airflow/.local/lib/python3.6/site-packages/airflow/example_dags/example_latest_only_with_trigger.py
[2022-10-31 20:41:40,261] {scheduler_job.py:629} INFO - Processing file /home/airflow/.local/lib/python3.6/site-packages/airflow/example_dags/example_latest_only_with_trigger.py for tasks to queue
[2022-10-31 20:41:40,262] {logging_mixin.py:104} INFO - [2022-10-31 20:41:40,262] {dagbag.py:448} INFO - Filling up the DagBag from /home/airflow/.local/lib/python3.6/site-packages/airflow/example_dags/example_latest_only_with_trigger.py
[2022-10-31 20:41:40,269] {scheduler_job.py:639} INFO - DAG(s) dict_keys(['latest_only_with_trigger']) retrieved from /home/airflow/.local/lib/python3.6/site-packages/airflow/example_dags/example_latest_only_with_trigger.py
[2022-10-31 20:41:40,285] {logging_mixin.py:104} INFO - [2022-10-31 20:41:40,285] {dag.py:1818} INFO - Sync 1 DAGs
[2022-10-31 20:41:40,295] {logging_mixin.py:104} INFO - [2022-10-31 20:41:40,295] {dag.py:2273} INFO - Setting next_dagrun for latest_only_with_trigger to 2022-10-29 00:00:00+00:00
[2022-10-31 20:41:40,301] {scheduler_job.py:190} INFO - Processing /home/airflow/.local/lib/python3.6/site-packages/airflow/example_dags/example_latest_only_with_trigger.py took 0.042 seconds
[2022-10-31 20:42:11,122] {scheduler_job.py:182} INFO - Started process (PID=299) to work on /home/airflow/.local/lib/python3.6/site-packages/airflow/example_dags/example_latest_only_with_trigger.py
[2022-10-31 20:42:11,123] {scheduler_job.py:629} INFO - Processing file /home/airflow/.local/lib/python3.6/site-packages/airflow/example_dags/example_latest_only_with_trigger.py for tasks to queue
[2022-10-31 20:42:11,123] {logging_mixin.py:104} INFO - [2022-10-31 20:42:11,123] {dagbag.py:448} INFO - Filling up the DagBag from /home/airflow/.local/lib/python3.6/site-packages/airflow/example_dags/example_latest_only_with_trigger.py
[2022-10-31 20:42:11,131] {scheduler_job.py:639} INFO - DAG(s) dict_keys(['latest_only_with_trigger']) retrieved from /home/airflow/.local/lib/python3.6/site-packages/airflow/example_dags/example_latest_only_with_trigger.py
[2022-10-31 20:42:11,145] {logging_mixin.py:104} INFO - [2022-10-31 20:42:11,145] {dag.py:1818} INFO - Sync 1 DAGs
[2022-10-31 20:42:11,156] {logging_mixin.py:104} INFO - [2022-10-31 20:42:11,156] {dag.py:2273} INFO - Setting next_dagrun for latest_only_with_trigger to 2022-10-29 00:00:00+00:00
[2022-10-31 20:42:11,161] {scheduler_job.py:190} INFO - Processing /home/airflow/.local/lib/python3.6/site-packages/airflow/example_dags/example_latest_only_with_trigger.py took 0.041 seconds
[2022-10-31 20:42:41,905] {scheduler_job.py:182} INFO - Started process (PID=327) to work on /home/airflow/.local/lib/python3.6/site-packages/airflow/example_dags/example_latest_only_with_trigger.py
[2022-10-31 20:42:41,905] {scheduler_job.py:629} INFO - Processing file /home/airflow/.local/lib/python3.6/site-packages/airflow/example_dags/example_latest_only_with_trigger.py for tasks to queue
[2022-10-31 20:42:41,906] {logging_mixin.py:104} INFO - [2022-10-31 20:42:41,906] {dagbag.py:448} INFO - Filling up the DagBag from /home/airflow/.local/lib/python3.6/site-packages/airflow/example_dags/example_latest_only_with_trigger.py
[2022-10-31 20:42:41,913] {scheduler_job.py:639} INFO - DAG(s) dict_keys(['latest_only_with_trigger']) retrieved from /home/airflow/.local/lib/python3.6/site-packages/airflow/example_dags/example_latest_only_with_trigger.py
[2022-10-31 20:42:41,927] {logging_mixin.py:104} INFO - [2022-10-31 20:42:41,927] {dag.py:1818} INFO - Sync 1 DAGs
[2022-10-31 20:42:41,937] {logging_mixin.py:104} INFO - [2022-10-31 20:42:41,937] {dag.py:2273} INFO - Setting next_dagrun for latest_only_with_trigger to 2022-10-29 00:00:00+00:00
[2022-10-31 20:42:41,943] {scheduler_job.py:190} INFO - Processing /home/airflow/.local/lib/python3.6/site-packages/airflow/example_dags/example_latest_only_with_trigger.py took 0.040 seconds
[2022-10-31 20:43:12,063] {scheduler_job.py:182} INFO - Started process (PID=355) to work on /home/airflow/.local/lib/python3.6/site-packages/airflow/example_dags/example_latest_only_with_trigger.py
[2022-10-31 20:43:12,063] {scheduler_job.py:629} INFO - Processing file /home/airflow/.local/lib/python3.6/site-packages/airflow/example_dags/example_latest_only_with_trigger.py for tasks to queue
[2022-10-31 20:43:12,064] {logging_mixin.py:104} INFO - [2022-10-31 20:43:12,064] {dagbag.py:448} INFO - Filling up the DagBag from /home/airflow/.local/lib/python3.6/site-packages/airflow/example_dags/example_latest_only_with_trigger.py
[2022-10-31 20:43:12,071] {scheduler_job.py:639} INFO - DAG(s) dict_keys(['latest_only_with_trigger']) retrieved from /home/airflow/.local/lib/python3.6/site-packages/airflow/example_dags/example_latest_only_with_trigger.py
[2022-10-31 20:43:12,084] {logging_mixin.py:104} INFO - [2022-10-31 20:43:12,084] {dag.py:1818} INFO - Sync 1 DAGs
[2022-10-31 20:43:12,094] {logging_mixin.py:104} INFO - [2022-10-31 20:43:12,094] {dag.py:2273} INFO - Setting next_dagrun for latest_only_with_trigger to 2022-10-29 00:00:00+00:00
[2022-10-31 20:43:12,100] {scheduler_job.py:190} INFO - Processing /home/airflow/.local/lib/python3.6/site-packages/airflow/example_dags/example_latest_only_with_trigger.py took 0.039 seconds
[2022-10-31 20:43:42,273] {scheduler_job.py:182} INFO - Started process (PID=382) to work on /home/airflow/.local/lib/python3.6/site-packages/airflow/example_dags/example_latest_only_with_trigger.py
[2022-10-31 20:43:42,273] {scheduler_job.py:629} INFO - Processing file /home/airflow/.local/lib/python3.6/site-packages/airflow/example_dags/example_latest_only_with_trigger.py for tasks to queue
[2022-10-31 20:43:42,274] {logging_mixin.py:104} INFO - [2022-10-31 20:43:42,274] {dagbag.py:448} INFO - Filling up the DagBag from /home/airflow/.local/lib/python3.6/site-packages/airflow/example_dags/example_latest_only_with_trigger.py
[2022-10-31 20:43:42,281] {scheduler_job.py:639} INFO - DAG(s) dict_keys(['latest_only_with_trigger']) retrieved from /home/airflow/.local/lib/python3.6/site-packages/airflow/example_dags/example_latest_only_with_trigger.py
[2022-10-31 20:43:42,299] {logging_mixin.py:104} INFO - [2022-10-31 20:43:42,299] {dag.py:1818} INFO - Sync 1 DAGs
[2022-10-31 20:43:42,311] {logging_mixin.py:104} INFO - [2022-10-31 20:43:42,311] {dag.py:2273} INFO - Setting next_dagrun for latest_only_with_trigger to 2022-10-29 00:00:00+00:00
[2022-10-31 20:43:42,317] {scheduler_job.py:190} INFO - Processing /home/airflow/.local/lib/python3.6/site-packages/airflow/example_dags/example_latest_only_with_trigger.py took 0.046 seconds
[2022-10-31 20:44:12,612] {scheduler_job.py:182} INFO - Started process (PID=410) to work on /home/airflow/.local/lib/python3.6/site-packages/airflow/example_dags/example_latest_only_with_trigger.py
[2022-10-31 20:44:12,612] {scheduler_job.py:629} INFO - Processing file /home/airflow/.local/lib/python3.6/site-packages/airflow/example_dags/example_latest_only_with_trigger.py for tasks to queue
[2022-10-31 20:44:12,613] {logging_mixin.py:104} INFO - [2022-10-31 20:44:12,613] {dagbag.py:448} INFO - Filling up the DagBag from /home/airflow/.local/lib/python3.6/site-packages/airflow/example_dags/example_latest_only_with_trigger.py
[2022-10-31 20:44:12,620] {scheduler_job.py:639} INFO - DAG(s) dict_keys(['latest_only_with_trigger']) retrieved from /home/airflow/.local/lib/python3.6/site-packages/airflow/example_dags/example_latest_only_with_trigger.py
[2022-10-31 20:44:12,634] {logging_mixin.py:104} INFO - [2022-10-31 20:44:12,634] {dag.py:1818} INFO - Sync 1 DAGs
[2022-10-31 20:44:12,645] {logging_mixin.py:104} INFO - [2022-10-31 20:44:12,645] {dag.py:2273} INFO - Setting next_dagrun for latest_only_with_trigger to 2022-10-29 00:00:00+00:00
[2022-10-31 20:44:12,652] {scheduler_job.py:190} INFO - Processing /home/airflow/.local/lib/python3.6/site-packages/airflow/example_dags/example_latest_only_with_trigger.py took 0.043 seconds
