[2022-10-31 20:34:27,354] {scheduler_job.py:182} INFO - Started process (PID=36) to work on /home/airflow/.local/lib/python3.6/site-packages/airflow/example_dags/example_xcomargs.py
[2022-10-31 20:34:27,355] {scheduler_job.py:629} INFO - Processing file /home/airflow/.local/lib/python3.6/site-packages/airflow/example_dags/example_xcomargs.py for tasks to queue
[2022-10-31 20:34:27,355] {logging_mixin.py:104} INFO - [2022-10-31 20:34:27,355] {dagbag.py:448} INFO - Filling up the DagBag from /home/airflow/.local/lib/python3.6/site-packages/airflow/example_dags/example_xcomargs.py
[2022-10-31 20:34:27,365] {scheduler_job.py:639} INFO - DAG(s) dict_keys(['example_xcom_args', 'example_xcom_args_with_operators']) retrieved from /home/airflow/.local/lib/python3.6/site-packages/airflow/example_dags/example_xcomargs.py
[2022-10-31 20:34:27,383] {logging_mixin.py:104} INFO - [2022-10-31 20:34:27,383] {dag.py:1818} INFO - Sync 2 DAGs
[2022-10-31 20:34:27,389] {logging_mixin.py:104} INFO - [2022-10-31 20:34:27,389] {dag.py:1837} INFO - Creating ORM DAG for example_xcom_args
[2022-10-31 20:34:27,390] {logging_mixin.py:104} INFO - [2022-10-31 20:34:27,390] {dag.py:1837} INFO - Creating ORM DAG for example_xcom_args_with_operators
[2022-10-31 20:34:27,393] {logging_mixin.py:104} INFO - [2022-10-31 20:34:27,393] {dag.py:2273} INFO - Setting next_dagrun for example_xcom_args to None
[2022-10-31 20:34:27,393] {logging_mixin.py:104} INFO - [2022-10-31 20:34:27,393] {dag.py:2273} INFO - Setting next_dagrun for example_xcom_args_with_operators to None
[2022-10-31 20:34:27,402] {scheduler_job.py:190} INFO - Processing /home/airflow/.local/lib/python3.6/site-packages/airflow/example_dags/example_xcomargs.py took 0.050 seconds
[2022-10-31 20:34:58,252] {scheduler_job.py:182} INFO - Started process (PID=62) to work on /home/airflow/.local/lib/python3.6/site-packages/airflow/example_dags/example_xcomargs.py
[2022-10-31 20:34:58,252] {scheduler_job.py:629} INFO - Processing file /home/airflow/.local/lib/python3.6/site-packages/airflow/example_dags/example_xcomargs.py for tasks to queue
[2022-10-31 20:34:58,253] {logging_mixin.py:104} INFO - [2022-10-31 20:34:58,253] {dagbag.py:448} INFO - Filling up the DagBag from /home/airflow/.local/lib/python3.6/site-packages/airflow/example_dags/example_xcomargs.py
[2022-10-31 20:34:58,262] {scheduler_job.py:639} INFO - DAG(s) dict_keys(['example_xcom_args', 'example_xcom_args_with_operators']) retrieved from /home/airflow/.local/lib/python3.6/site-packages/airflow/example_dags/example_xcomargs.py
[2022-10-31 20:34:58,279] {logging_mixin.py:104} INFO - [2022-10-31 20:34:58,279] {dag.py:1818} INFO - Sync 2 DAGs
[2022-10-31 20:34:58,288] {logging_mixin.py:104} INFO - [2022-10-31 20:34:58,288] {dag.py:2273} INFO - Setting next_dagrun for example_xcom_args to None
[2022-10-31 20:34:58,289] {logging_mixin.py:104} INFO - [2022-10-31 20:34:58,288] {dag.py:2273} INFO - Setting next_dagrun for example_xcom_args_with_operators to None
[2022-10-31 20:34:58,295] {scheduler_job.py:190} INFO - Processing /home/airflow/.local/lib/python3.6/site-packages/airflow/example_dags/example_xcomargs.py took 0.045 seconds
[2022-10-31 20:35:29,026] {scheduler_job.py:182} INFO - Started process (PID=88) to work on /home/airflow/.local/lib/python3.6/site-packages/airflow/example_dags/example_xcomargs.py
[2022-10-31 20:35:29,027] {scheduler_job.py:629} INFO - Processing file /home/airflow/.local/lib/python3.6/site-packages/airflow/example_dags/example_xcomargs.py for tasks to queue
[2022-10-31 20:35:29,027] {logging_mixin.py:104} INFO - [2022-10-31 20:35:29,027] {dagbag.py:448} INFO - Filling up the DagBag from /home/airflow/.local/lib/python3.6/site-packages/airflow/example_dags/example_xcomargs.py
[2022-10-31 20:35:29,037] {scheduler_job.py:639} INFO - DAG(s) dict_keys(['example_xcom_args', 'example_xcom_args_with_operators']) retrieved from /home/airflow/.local/lib/python3.6/site-packages/airflow/example_dags/example_xcomargs.py
[2022-10-31 20:35:29,053] {logging_mixin.py:104} INFO - [2022-10-31 20:35:29,053] {dag.py:1818} INFO - Sync 2 DAGs
[2022-10-31 20:35:29,062] {logging_mixin.py:104} INFO - [2022-10-31 20:35:29,062] {dag.py:2273} INFO - Setting next_dagrun for example_xcom_args to None
[2022-10-31 20:35:29,063] {logging_mixin.py:104} INFO - [2022-10-31 20:35:29,063] {dag.py:2273} INFO - Setting next_dagrun for example_xcom_args_with_operators to None
[2022-10-31 20:35:29,069] {scheduler_job.py:190} INFO - Processing /home/airflow/.local/lib/python3.6/site-packages/airflow/example_dags/example_xcomargs.py took 0.045 seconds
[2022-10-31 20:35:59,902] {scheduler_job.py:182} INFO - Started process (PID=114) to work on /home/airflow/.local/lib/python3.6/site-packages/airflow/example_dags/example_xcomargs.py
[2022-10-31 20:35:59,902] {scheduler_job.py:629} INFO - Processing file /home/airflow/.local/lib/python3.6/site-packages/airflow/example_dags/example_xcomargs.py for tasks to queue
[2022-10-31 20:35:59,903] {logging_mixin.py:104} INFO - [2022-10-31 20:35:59,903] {dagbag.py:448} INFO - Filling up the DagBag from /home/airflow/.local/lib/python3.6/site-packages/airflow/example_dags/example_xcomargs.py
[2022-10-31 20:35:59,912] {scheduler_job.py:639} INFO - DAG(s) dict_keys(['example_xcom_args', 'example_xcom_args_with_operators']) retrieved from /home/airflow/.local/lib/python3.6/site-packages/airflow/example_dags/example_xcomargs.py
[2022-10-31 20:35:59,933] {logging_mixin.py:104} INFO - [2022-10-31 20:35:59,933] {dag.py:1818} INFO - Sync 2 DAGs
[2022-10-31 20:35:59,947] {logging_mixin.py:104} INFO - [2022-10-31 20:35:59,947] {dag.py:2273} INFO - Setting next_dagrun for example_xcom_args to None
[2022-10-31 20:35:59,948] {logging_mixin.py:104} INFO - [2022-10-31 20:35:59,948] {dag.py:2273} INFO - Setting next_dagrun for example_xcom_args_with_operators to None
[2022-10-31 20:35:59,957] {scheduler_job.py:190} INFO - Processing /home/airflow/.local/lib/python3.6/site-packages/airflow/example_dags/example_xcomargs.py took 0.058 seconds
[2022-10-31 20:36:30,750] {scheduler_job.py:182} INFO - Started process (PID=140) to work on /home/airflow/.local/lib/python3.6/site-packages/airflow/example_dags/example_xcomargs.py
[2022-10-31 20:36:30,751] {scheduler_job.py:629} INFO - Processing file /home/airflow/.local/lib/python3.6/site-packages/airflow/example_dags/example_xcomargs.py for tasks to queue
[2022-10-31 20:36:30,751] {logging_mixin.py:104} INFO - [2022-10-31 20:36:30,751] {dagbag.py:448} INFO - Filling up the DagBag from /home/airflow/.local/lib/python3.6/site-packages/airflow/example_dags/example_xcomargs.py
[2022-10-31 20:36:30,761] {scheduler_job.py:639} INFO - DAG(s) dict_keys(['example_xcom_args', 'example_xcom_args_with_operators']) retrieved from /home/airflow/.local/lib/python3.6/site-packages/airflow/example_dags/example_xcomargs.py
[2022-10-31 20:36:30,781] {logging_mixin.py:104} INFO - [2022-10-31 20:36:30,781] {dag.py:1818} INFO - Sync 2 DAGs
[2022-10-31 20:36:30,794] {logging_mixin.py:104} INFO - [2022-10-31 20:36:30,794] {dag.py:2273} INFO - Setting next_dagrun for example_xcom_args to None
[2022-10-31 20:36:30,794] {logging_mixin.py:104} INFO - [2022-10-31 20:36:30,794] {dag.py:2273} INFO - Setting next_dagrun for example_xcom_args_with_operators to None
[2022-10-31 20:36:30,802] {scheduler_job.py:190} INFO - Processing /home/airflow/.local/lib/python3.6/site-packages/airflow/example_dags/example_xcomargs.py took 0.054 seconds
[2022-10-31 20:37:01,537] {scheduler_job.py:182} INFO - Started process (PID=166) to work on /home/airflow/.local/lib/python3.6/site-packages/airflow/example_dags/example_xcomargs.py
[2022-10-31 20:37:01,538] {scheduler_job.py:629} INFO - Processing file /home/airflow/.local/lib/python3.6/site-packages/airflow/example_dags/example_xcomargs.py for tasks to queue
[2022-10-31 20:37:01,539] {logging_mixin.py:104} INFO - [2022-10-31 20:37:01,539] {dagbag.py:448} INFO - Filling up the DagBag from /home/airflow/.local/lib/python3.6/site-packages/airflow/example_dags/example_xcomargs.py
[2022-10-31 20:37:01,548] {scheduler_job.py:639} INFO - DAG(s) dict_keys(['example_xcom_args', 'example_xcom_args_with_operators']) retrieved from /home/airflow/.local/lib/python3.6/site-packages/airflow/example_dags/example_xcomargs.py
[2022-10-31 20:37:01,565] {logging_mixin.py:104} INFO - [2022-10-31 20:37:01,564] {dag.py:1818} INFO - Sync 2 DAGs
[2022-10-31 20:37:01,574] {logging_mixin.py:104} INFO - [2022-10-31 20:37:01,574] {dag.py:2273} INFO - Setting next_dagrun for example_xcom_args to None
[2022-10-31 20:37:01,575] {logging_mixin.py:104} INFO - [2022-10-31 20:37:01,575] {dag.py:2273} INFO - Setting next_dagrun for example_xcom_args_with_operators to None
[2022-10-31 20:37:01,581] {scheduler_job.py:190} INFO - Processing /home/airflow/.local/lib/python3.6/site-packages/airflow/example_dags/example_xcomargs.py took 0.046 seconds
[2022-10-31 20:37:34,478] {scheduler_job.py:182} INFO - Started process (PID=41) to work on /home/airflow/.local/lib/python3.6/site-packages/airflow/example_dags/example_xcomargs.py
[2022-10-31 20:37:34,478] {scheduler_job.py:629} INFO - Processing file /home/airflow/.local/lib/python3.6/site-packages/airflow/example_dags/example_xcomargs.py for tasks to queue
[2022-10-31 20:37:34,479] {logging_mixin.py:104} INFO - [2022-10-31 20:37:34,479] {dagbag.py:448} INFO - Filling up the DagBag from /home/airflow/.local/lib/python3.6/site-packages/airflow/example_dags/example_xcomargs.py
[2022-10-31 20:37:34,489] {scheduler_job.py:639} INFO - DAG(s) dict_keys(['example_xcom_args', 'example_xcom_args_with_operators']) retrieved from /home/airflow/.local/lib/python3.6/site-packages/airflow/example_dags/example_xcomargs.py
[2022-10-31 20:37:34,510] {logging_mixin.py:104} INFO - [2022-10-31 20:37:34,509] {dag.py:1818} INFO - Sync 2 DAGs
[2022-10-31 20:37:34,522] {logging_mixin.py:104} INFO - [2022-10-31 20:37:34,522] {dag.py:2273} INFO - Setting next_dagrun for example_xcom_args to None
[2022-10-31 20:37:34,523] {logging_mixin.py:104} INFO - [2022-10-31 20:37:34,523] {dag.py:2273} INFO - Setting next_dagrun for example_xcom_args_with_operators to None
[2022-10-31 20:37:34,531] {scheduler_job.py:190} INFO - Processing /home/airflow/.local/lib/python3.6/site-packages/airflow/example_dags/example_xcomargs.py took 0.055 seconds
[2022-10-31 20:38:04,570] {scheduler_job.py:182} INFO - Started process (PID=67) to work on /home/airflow/.local/lib/python3.6/site-packages/airflow/example_dags/example_xcomargs.py
[2022-10-31 20:38:04,571] {scheduler_job.py:629} INFO - Processing file /home/airflow/.local/lib/python3.6/site-packages/airflow/example_dags/example_xcomargs.py for tasks to queue
[2022-10-31 20:38:04,571] {logging_mixin.py:104} INFO - [2022-10-31 20:38:04,571] {dagbag.py:448} INFO - Filling up the DagBag from /home/airflow/.local/lib/python3.6/site-packages/airflow/example_dags/example_xcomargs.py
[2022-10-31 20:38:04,581] {scheduler_job.py:639} INFO - DAG(s) dict_keys(['example_xcom_args', 'example_xcom_args_with_operators']) retrieved from /home/airflow/.local/lib/python3.6/site-packages/airflow/example_dags/example_xcomargs.py
[2022-10-31 20:38:04,600] {logging_mixin.py:104} INFO - [2022-10-31 20:38:04,600] {dag.py:1818} INFO - Sync 2 DAGs
[2022-10-31 20:38:04,611] {logging_mixin.py:104} INFO - [2022-10-31 20:38:04,611] {dag.py:2273} INFO - Setting next_dagrun for example_xcom_args to None
[2022-10-31 20:38:04,611] {logging_mixin.py:104} INFO - [2022-10-31 20:38:04,611] {dag.py:2273} INFO - Setting next_dagrun for example_xcom_args_with_operators to None
[2022-10-31 20:38:04,618] {scheduler_job.py:190} INFO - Processing /home/airflow/.local/lib/python3.6/site-packages/airflow/example_dags/example_xcomargs.py took 0.051 seconds
[2022-10-31 20:38:34,661] {scheduler_job.py:182} INFO - Started process (PID=93) to work on /home/airflow/.local/lib/python3.6/site-packages/airflow/example_dags/example_xcomargs.py
[2022-10-31 20:38:34,661] {scheduler_job.py:629} INFO - Processing file /home/airflow/.local/lib/python3.6/site-packages/airflow/example_dags/example_xcomargs.py for tasks to queue
[2022-10-31 20:38:34,662] {logging_mixin.py:104} INFO - [2022-10-31 20:38:34,662] {dagbag.py:448} INFO - Filling up the DagBag from /home/airflow/.local/lib/python3.6/site-packages/airflow/example_dags/example_xcomargs.py
[2022-10-31 20:38:34,671] {scheduler_job.py:639} INFO - DAG(s) dict_keys(['example_xcom_args', 'example_xcom_args_with_operators']) retrieved from /home/airflow/.local/lib/python3.6/site-packages/airflow/example_dags/example_xcomargs.py
[2022-10-31 20:38:34,688] {logging_mixin.py:104} INFO - [2022-10-31 20:38:34,688] {dag.py:1818} INFO - Sync 2 DAGs
[2022-10-31 20:38:34,698] {logging_mixin.py:104} INFO - [2022-10-31 20:38:34,697] {dag.py:2273} INFO - Setting next_dagrun for example_xcom_args to None
[2022-10-31 20:38:34,698] {logging_mixin.py:104} INFO - [2022-10-31 20:38:34,698] {dag.py:2273} INFO - Setting next_dagrun for example_xcom_args_with_operators to None
[2022-10-31 20:38:34,705] {scheduler_job.py:190} INFO - Processing /home/airflow/.local/lib/python3.6/site-packages/airflow/example_dags/example_xcomargs.py took 0.046 seconds
[2022-10-31 20:39:05,226] {scheduler_job.py:182} INFO - Started process (PID=130) to work on /home/airflow/.local/lib/python3.6/site-packages/airflow/example_dags/example_xcomargs.py
[2022-10-31 20:39:05,226] {scheduler_job.py:629} INFO - Processing file /home/airflow/.local/lib/python3.6/site-packages/airflow/example_dags/example_xcomargs.py for tasks to queue
[2022-10-31 20:39:05,227] {logging_mixin.py:104} INFO - [2022-10-31 20:39:05,227] {dagbag.py:448} INFO - Filling up the DagBag from /home/airflow/.local/lib/python3.6/site-packages/airflow/example_dags/example_xcomargs.py
[2022-10-31 20:39:05,240] {scheduler_job.py:639} INFO - DAG(s) dict_keys(['example_xcom_args', 'example_xcom_args_with_operators']) retrieved from /home/airflow/.local/lib/python3.6/site-packages/airflow/example_dags/example_xcomargs.py
[2022-10-31 20:39:05,259] {logging_mixin.py:104} INFO - [2022-10-31 20:39:05,259] {dag.py:1818} INFO - Sync 2 DAGs
[2022-10-31 20:39:05,274] {logging_mixin.py:104} INFO - [2022-10-31 20:39:05,274] {dag.py:2273} INFO - Setting next_dagrun for example_xcom_args to None
[2022-10-31 20:39:05,275] {logging_mixin.py:104} INFO - [2022-10-31 20:39:05,275] {dag.py:2273} INFO - Setting next_dagrun for example_xcom_args_with_operators to None
[2022-10-31 20:39:05,284] {scheduler_job.py:190} INFO - Processing /home/airflow/.local/lib/python3.6/site-packages/airflow/example_dags/example_xcomargs.py took 0.060 seconds
[2022-10-31 20:39:36,186] {scheduler_job.py:182} INFO - Started process (PID=156) to work on /home/airflow/.local/lib/python3.6/site-packages/airflow/example_dags/example_xcomargs.py
[2022-10-31 20:39:36,187] {scheduler_job.py:629} INFO - Processing file /home/airflow/.local/lib/python3.6/site-packages/airflow/example_dags/example_xcomargs.py for tasks to queue
[2022-10-31 20:39:36,187] {logging_mixin.py:104} INFO - [2022-10-31 20:39:36,187] {dagbag.py:448} INFO - Filling up the DagBag from /home/airflow/.local/lib/python3.6/site-packages/airflow/example_dags/example_xcomargs.py
[2022-10-31 20:39:36,199] {scheduler_job.py:639} INFO - DAG(s) dict_keys(['example_xcom_args', 'example_xcom_args_with_operators']) retrieved from /home/airflow/.local/lib/python3.6/site-packages/airflow/example_dags/example_xcomargs.py
[2022-10-31 20:39:36,218] {logging_mixin.py:104} INFO - [2022-10-31 20:39:36,218] {dag.py:1818} INFO - Sync 2 DAGs
[2022-10-31 20:39:36,229] {logging_mixin.py:104} INFO - [2022-10-31 20:39:36,228] {dag.py:2273} INFO - Setting next_dagrun for example_xcom_args to None
[2022-10-31 20:39:36,229] {logging_mixin.py:104} INFO - [2022-10-31 20:39:36,229] {dag.py:2273} INFO - Setting next_dagrun for example_xcom_args_with_operators to None
[2022-10-31 20:39:36,237] {scheduler_job.py:190} INFO - Processing /home/airflow/.local/lib/python3.6/site-packages/airflow/example_dags/example_xcomargs.py took 0.054 seconds
[2022-10-31 20:40:07,091] {scheduler_job.py:182} INFO - Started process (PID=182) to work on /home/airflow/.local/lib/python3.6/site-packages/airflow/example_dags/example_xcomargs.py
[2022-10-31 20:40:07,092] {scheduler_job.py:629} INFO - Processing file /home/airflow/.local/lib/python3.6/site-packages/airflow/example_dags/example_xcomargs.py for tasks to queue
[2022-10-31 20:40:07,092] {logging_mixin.py:104} INFO - [2022-10-31 20:40:07,092] {dagbag.py:448} INFO - Filling up the DagBag from /home/airflow/.local/lib/python3.6/site-packages/airflow/example_dags/example_xcomargs.py
[2022-10-31 20:40:07,103] {scheduler_job.py:639} INFO - DAG(s) dict_keys(['example_xcom_args', 'example_xcom_args_with_operators']) retrieved from /home/airflow/.local/lib/python3.6/site-packages/airflow/example_dags/example_xcomargs.py
[2022-10-31 20:40:07,122] {logging_mixin.py:104} INFO - [2022-10-31 20:40:07,122] {dag.py:1818} INFO - Sync 2 DAGs
[2022-10-31 20:40:07,133] {logging_mixin.py:104} INFO - [2022-10-31 20:40:07,132] {dag.py:2273} INFO - Setting next_dagrun for example_xcom_args to None
[2022-10-31 20:40:07,133] {logging_mixin.py:104} INFO - [2022-10-31 20:40:07,133] {dag.py:2273} INFO - Setting next_dagrun for example_xcom_args_with_operators to None
[2022-10-31 20:40:07,143] {scheduler_job.py:190} INFO - Processing /home/airflow/.local/lib/python3.6/site-packages/airflow/example_dags/example_xcomargs.py took 0.059 seconds
[2022-10-31 20:40:37,997] {scheduler_job.py:182} INFO - Started process (PID=208) to work on /home/airflow/.local/lib/python3.6/site-packages/airflow/example_dags/example_xcomargs.py
[2022-10-31 20:40:37,998] {scheduler_job.py:629} INFO - Processing file /home/airflow/.local/lib/python3.6/site-packages/airflow/example_dags/example_xcomargs.py for tasks to queue
[2022-10-31 20:40:37,999] {logging_mixin.py:104} INFO - [2022-10-31 20:40:37,999] {dagbag.py:448} INFO - Filling up the DagBag from /home/airflow/.local/lib/python3.6/site-packages/airflow/example_dags/example_xcomargs.py
[2022-10-31 20:40:38,010] {scheduler_job.py:639} INFO - DAG(s) dict_keys(['example_xcom_args', 'example_xcom_args_with_operators']) retrieved from /home/airflow/.local/lib/python3.6/site-packages/airflow/example_dags/example_xcomargs.py
[2022-10-31 20:40:38,029] {logging_mixin.py:104} INFO - [2022-10-31 20:40:38,029] {dag.py:1818} INFO - Sync 2 DAGs
[2022-10-31 20:40:38,038] {logging_mixin.py:104} INFO - [2022-10-31 20:40:38,038] {dag.py:2273} INFO - Setting next_dagrun for example_xcom_args to None
[2022-10-31 20:40:38,039] {logging_mixin.py:104} INFO - [2022-10-31 20:40:38,039] {dag.py:2273} INFO - Setting next_dagrun for example_xcom_args_with_operators to None
[2022-10-31 20:40:38,051] {scheduler_job.py:190} INFO - Processing /home/airflow/.local/lib/python3.6/site-packages/airflow/example_dags/example_xcomargs.py took 0.056 seconds
[2022-10-31 20:41:08,919] {scheduler_job.py:182} INFO - Started process (PID=234) to work on /home/airflow/.local/lib/python3.6/site-packages/airflow/example_dags/example_xcomargs.py
[2022-10-31 20:41:08,920] {scheduler_job.py:629} INFO - Processing file /home/airflow/.local/lib/python3.6/site-packages/airflow/example_dags/example_xcomargs.py for tasks to queue
[2022-10-31 20:41:08,921] {logging_mixin.py:104} INFO - [2022-10-31 20:41:08,920] {dagbag.py:448} INFO - Filling up the DagBag from /home/airflow/.local/lib/python3.6/site-packages/airflow/example_dags/example_xcomargs.py
[2022-10-31 20:41:08,935] {scheduler_job.py:639} INFO - DAG(s) dict_keys(['example_xcom_args', 'example_xcom_args_with_operators']) retrieved from /home/airflow/.local/lib/python3.6/site-packages/airflow/example_dags/example_xcomargs.py
[2022-10-31 20:41:08,959] {logging_mixin.py:104} INFO - [2022-10-31 20:41:08,959] {dag.py:1818} INFO - Sync 2 DAGs
[2022-10-31 20:41:08,970] {logging_mixin.py:104} INFO - [2022-10-31 20:41:08,970] {dag.py:2273} INFO - Setting next_dagrun for example_xcom_args to None
[2022-10-31 20:41:08,971] {logging_mixin.py:104} INFO - [2022-10-31 20:41:08,971] {dag.py:2273} INFO - Setting next_dagrun for example_xcom_args_with_operators to None
[2022-10-31 20:41:08,984] {scheduler_job.py:190} INFO - Processing /home/airflow/.local/lib/python3.6/site-packages/airflow/example_dags/example_xcomargs.py took 0.068 seconds
[2022-10-31 20:41:39,827] {scheduler_job.py:182} INFO - Started process (PID=260) to work on /home/airflow/.local/lib/python3.6/site-packages/airflow/example_dags/example_xcomargs.py
[2022-10-31 20:41:39,828] {scheduler_job.py:629} INFO - Processing file /home/airflow/.local/lib/python3.6/site-packages/airflow/example_dags/example_xcomargs.py for tasks to queue
[2022-10-31 20:41:39,828] {logging_mixin.py:104} INFO - [2022-10-31 20:41:39,828] {dagbag.py:448} INFO - Filling up the DagBag from /home/airflow/.local/lib/python3.6/site-packages/airflow/example_dags/example_xcomargs.py
[2022-10-31 20:41:39,840] {scheduler_job.py:639} INFO - DAG(s) dict_keys(['example_xcom_args', 'example_xcom_args_with_operators']) retrieved from /home/airflow/.local/lib/python3.6/site-packages/airflow/example_dags/example_xcomargs.py
[2022-10-31 20:41:39,858] {logging_mixin.py:104} INFO - [2022-10-31 20:41:39,858] {dag.py:1818} INFO - Sync 2 DAGs
[2022-10-31 20:41:39,868] {logging_mixin.py:104} INFO - [2022-10-31 20:41:39,868] {dag.py:2273} INFO - Setting next_dagrun for example_xcom_args to None
[2022-10-31 20:41:39,869] {logging_mixin.py:104} INFO - [2022-10-31 20:41:39,869] {dag.py:2273} INFO - Setting next_dagrun for example_xcom_args_with_operators to None
[2022-10-31 20:41:39,879] {scheduler_job.py:190} INFO - Processing /home/airflow/.local/lib/python3.6/site-packages/airflow/example_dags/example_xcomargs.py took 0.055 seconds
[2022-10-31 20:42:10,710] {scheduler_job.py:182} INFO - Started process (PID=286) to work on /home/airflow/.local/lib/python3.6/site-packages/airflow/example_dags/example_xcomargs.py
[2022-10-31 20:42:10,711] {scheduler_job.py:629} INFO - Processing file /home/airflow/.local/lib/python3.6/site-packages/airflow/example_dags/example_xcomargs.py for tasks to queue
[2022-10-31 20:42:10,712] {logging_mixin.py:104} INFO - [2022-10-31 20:42:10,711] {dagbag.py:448} INFO - Filling up the DagBag from /home/airflow/.local/lib/python3.6/site-packages/airflow/example_dags/example_xcomargs.py
[2022-10-31 20:42:10,723] {scheduler_job.py:639} INFO - DAG(s) dict_keys(['example_xcom_args', 'example_xcom_args_with_operators']) retrieved from /home/airflow/.local/lib/python3.6/site-packages/airflow/example_dags/example_xcomargs.py
[2022-10-31 20:42:10,742] {logging_mixin.py:104} INFO - [2022-10-31 20:42:10,742] {dag.py:1818} INFO - Sync 2 DAGs
[2022-10-31 20:42:10,752] {logging_mixin.py:104} INFO - [2022-10-31 20:42:10,752] {dag.py:2273} INFO - Setting next_dagrun for example_xcom_args to None
[2022-10-31 20:42:10,753] {logging_mixin.py:104} INFO - [2022-10-31 20:42:10,753] {dag.py:2273} INFO - Setting next_dagrun for example_xcom_args_with_operators to None
[2022-10-31 20:42:10,762] {scheduler_job.py:190} INFO - Processing /home/airflow/.local/lib/python3.6/site-packages/airflow/example_dags/example_xcomargs.py took 0.054 seconds
[2022-10-31 20:42:41,400] {scheduler_job.py:182} INFO - Started process (PID=314) to work on /home/airflow/.local/lib/python3.6/site-packages/airflow/example_dags/example_xcomargs.py
[2022-10-31 20:42:41,403] {scheduler_job.py:629} INFO - Processing file /home/airflow/.local/lib/python3.6/site-packages/airflow/example_dags/example_xcomargs.py for tasks to queue
[2022-10-31 20:42:41,404] {logging_mixin.py:104} INFO - [2022-10-31 20:42:41,404] {dagbag.py:448} INFO - Filling up the DagBag from /home/airflow/.local/lib/python3.6/site-packages/airflow/example_dags/example_xcomargs.py
[2022-10-31 20:42:41,430] {scheduler_job.py:639} INFO - DAG(s) dict_keys(['example_xcom_args', 'example_xcom_args_with_operators']) retrieved from /home/airflow/.local/lib/python3.6/site-packages/airflow/example_dags/example_xcomargs.py
[2022-10-31 20:42:41,455] {logging_mixin.py:104} INFO - [2022-10-31 20:42:41,454] {dag.py:1818} INFO - Sync 2 DAGs
[2022-10-31 20:42:41,468] {logging_mixin.py:104} INFO - [2022-10-31 20:42:41,468] {dag.py:2273} INFO - Setting next_dagrun for example_xcom_args to None
[2022-10-31 20:42:41,468] {logging_mixin.py:104} INFO - [2022-10-31 20:42:41,468] {dag.py:2273} INFO - Setting next_dagrun for example_xcom_args_with_operators to None
[2022-10-31 20:42:41,478] {scheduler_job.py:190} INFO - Processing /home/airflow/.local/lib/python3.6/site-packages/airflow/example_dags/example_xcomargs.py took 0.084 seconds
[2022-10-31 20:43:11,669] {scheduler_job.py:182} INFO - Started process (PID=342) to work on /home/airflow/.local/lib/python3.6/site-packages/airflow/example_dags/example_xcomargs.py
[2022-10-31 20:43:11,670] {scheduler_job.py:629} INFO - Processing file /home/airflow/.local/lib/python3.6/site-packages/airflow/example_dags/example_xcomargs.py for tasks to queue
[2022-10-31 20:43:11,670] {logging_mixin.py:104} INFO - [2022-10-31 20:43:11,670] {dagbag.py:448} INFO - Filling up the DagBag from /home/airflow/.local/lib/python3.6/site-packages/airflow/example_dags/example_xcomargs.py
[2022-10-31 20:43:11,682] {scheduler_job.py:639} INFO - DAG(s) dict_keys(['example_xcom_args', 'example_xcom_args_with_operators']) retrieved from /home/airflow/.local/lib/python3.6/site-packages/airflow/example_dags/example_xcomargs.py
[2022-10-31 20:43:11,702] {logging_mixin.py:104} INFO - [2022-10-31 20:43:11,702] {dag.py:1818} INFO - Sync 2 DAGs
[2022-10-31 20:43:11,714] {logging_mixin.py:104} INFO - [2022-10-31 20:43:11,714] {dag.py:2273} INFO - Setting next_dagrun for example_xcom_args to None
[2022-10-31 20:43:11,715] {logging_mixin.py:104} INFO - [2022-10-31 20:43:11,715] {dag.py:2273} INFO - Setting next_dagrun for example_xcom_args_with_operators to None
[2022-10-31 20:43:11,728] {scheduler_job.py:190} INFO - Processing /home/airflow/.local/lib/python3.6/site-packages/airflow/example_dags/example_xcomargs.py took 0.062 seconds
[2022-10-31 20:43:41,911] {scheduler_job.py:182} INFO - Started process (PID=370) to work on /home/airflow/.local/lib/python3.6/site-packages/airflow/example_dags/example_xcomargs.py
[2022-10-31 20:43:41,912] {scheduler_job.py:629} INFO - Processing file /home/airflow/.local/lib/python3.6/site-packages/airflow/example_dags/example_xcomargs.py for tasks to queue
[2022-10-31 20:43:41,912] {logging_mixin.py:104} INFO - [2022-10-31 20:43:41,912] {dagbag.py:448} INFO - Filling up the DagBag from /home/airflow/.local/lib/python3.6/site-packages/airflow/example_dags/example_xcomargs.py
[2022-10-31 20:43:41,924] {scheduler_job.py:639} INFO - DAG(s) dict_keys(['example_xcom_args', 'example_xcom_args_with_operators']) retrieved from /home/airflow/.local/lib/python3.6/site-packages/airflow/example_dags/example_xcomargs.py
[2022-10-31 20:43:41,943] {logging_mixin.py:104} INFO - [2022-10-31 20:43:41,943] {dag.py:1818} INFO - Sync 2 DAGs
[2022-10-31 20:43:41,955] {logging_mixin.py:104} INFO - [2022-10-31 20:43:41,954] {dag.py:2273} INFO - Setting next_dagrun for example_xcom_args to None
[2022-10-31 20:43:41,955] {logging_mixin.py:104} INFO - [2022-10-31 20:43:41,955] {dag.py:2273} INFO - Setting next_dagrun for example_xcom_args_with_operators to None
[2022-10-31 20:43:41,962] {scheduler_job.py:190} INFO - Processing /home/airflow/.local/lib/python3.6/site-packages/airflow/example_dags/example_xcomargs.py took 0.053 seconds
[2022-10-31 20:44:12,235] {scheduler_job.py:182} INFO - Started process (PID=399) to work on /home/airflow/.local/lib/python3.6/site-packages/airflow/example_dags/example_xcomargs.py
[2022-10-31 20:44:12,236] {scheduler_job.py:629} INFO - Processing file /home/airflow/.local/lib/python3.6/site-packages/airflow/example_dags/example_xcomargs.py for tasks to queue
[2022-10-31 20:44:12,237] {logging_mixin.py:104} INFO - [2022-10-31 20:44:12,237] {dagbag.py:448} INFO - Filling up the DagBag from /home/airflow/.local/lib/python3.6/site-packages/airflow/example_dags/example_xcomargs.py
[2022-10-31 20:44:12,248] {scheduler_job.py:639} INFO - DAG(s) dict_keys(['example_xcom_args', 'example_xcom_args_with_operators']) retrieved from /home/airflow/.local/lib/python3.6/site-packages/airflow/example_dags/example_xcomargs.py
[2022-10-31 20:44:12,267] {logging_mixin.py:104} INFO - [2022-10-31 20:44:12,267] {dag.py:1818} INFO - Sync 2 DAGs
[2022-10-31 20:44:12,278] {logging_mixin.py:104} INFO - [2022-10-31 20:44:12,278] {dag.py:2273} INFO - Setting next_dagrun for example_xcom_args to None
[2022-10-31 20:44:12,279] {logging_mixin.py:104} INFO - [2022-10-31 20:44:12,279] {dag.py:2273} INFO - Setting next_dagrun for example_xcom_args_with_operators to None
[2022-10-31 20:44:12,290] {scheduler_job.py:190} INFO - Processing /home/airflow/.local/lib/python3.6/site-packages/airflow/example_dags/example_xcomargs.py took 0.057 seconds
