[2022-10-31 20:34:27,875] {scheduler_job.py:182} INFO - Started process (PID=54) to work on /home/airflow/.local/lib/python3.6/site-packages/airflow/example_dags/example_branch_operator.py
[2022-10-31 20:34:27,875] {scheduler_job.py:629} INFO - Processing file /home/airflow/.local/lib/python3.6/site-packages/airflow/example_dags/example_branch_operator.py for tasks to queue
[2022-10-31 20:34:27,876] {logging_mixin.py:104} INFO - [2022-10-31 20:34:27,876] {dagbag.py:448} INFO - Filling up the DagBag from /home/airflow/.local/lib/python3.6/site-packages/airflow/example_dags/example_branch_operator.py
[2022-10-31 20:34:27,887] {scheduler_job.py:639} INFO - DAG(s) dict_keys(['example_branch_operator']) retrieved from /home/airflow/.local/lib/python3.6/site-packages/airflow/example_dags/example_branch_operator.py
[2022-10-31 20:34:27,901] {logging_mixin.py:104} INFO - [2022-10-31 20:34:27,901] {dag.py:1818} INFO - Sync 1 DAGs
[2022-10-31 20:34:27,908] {logging_mixin.py:104} INFO - [2022-10-31 20:34:27,908] {dag.py:1837} INFO - Creating ORM DAG for example_branch_operator
[2022-10-31 20:34:27,917] {logging_mixin.py:104} INFO - [2022-10-31 20:34:27,917] {dag.py:2273} INFO - Setting next_dagrun for example_branch_operator to 2022-10-29 00:00:00+00:00
[2022-10-31 20:34:27,926] {scheduler_job.py:190} INFO - Processing /home/airflow/.local/lib/python3.6/site-packages/airflow/example_dags/example_branch_operator.py took 0.054 seconds
[2022-10-31 20:34:58,706] {scheduler_job.py:182} INFO - Started process (PID=80) to work on /home/airflow/.local/lib/python3.6/site-packages/airflow/example_dags/example_branch_operator.py
[2022-10-31 20:34:58,706] {scheduler_job.py:629} INFO - Processing file /home/airflow/.local/lib/python3.6/site-packages/airflow/example_dags/example_branch_operator.py for tasks to queue
[2022-10-31 20:34:58,707] {logging_mixin.py:104} INFO - [2022-10-31 20:34:58,707] {dagbag.py:448} INFO - Filling up the DagBag from /home/airflow/.local/lib/python3.6/site-packages/airflow/example_dags/example_branch_operator.py
[2022-10-31 20:34:58,717] {scheduler_job.py:639} INFO - DAG(s) dict_keys(['example_branch_operator']) retrieved from /home/airflow/.local/lib/python3.6/site-packages/airflow/example_dags/example_branch_operator.py
[2022-10-31 20:34:58,731] {logging_mixin.py:104} INFO - [2022-10-31 20:34:58,731] {dag.py:1818} INFO - Sync 1 DAGs
[2022-10-31 20:34:58,746] {logging_mixin.py:104} INFO - [2022-10-31 20:34:58,746] {dag.py:2273} INFO - Setting next_dagrun for example_branch_operator to 2022-10-29 00:00:00+00:00
[2022-10-31 20:34:58,752] {scheduler_job.py:190} INFO - Processing /home/airflow/.local/lib/python3.6/site-packages/airflow/example_dags/example_branch_operator.py took 0.048 seconds
[2022-10-31 20:35:29,535] {scheduler_job.py:182} INFO - Started process (PID=106) to work on /home/airflow/.local/lib/python3.6/site-packages/airflow/example_dags/example_branch_operator.py
[2022-10-31 20:35:29,535] {scheduler_job.py:629} INFO - Processing file /home/airflow/.local/lib/python3.6/site-packages/airflow/example_dags/example_branch_operator.py for tasks to queue
[2022-10-31 20:35:29,536] {logging_mixin.py:104} INFO - [2022-10-31 20:35:29,536] {dagbag.py:448} INFO - Filling up the DagBag from /home/airflow/.local/lib/python3.6/site-packages/airflow/example_dags/example_branch_operator.py
[2022-10-31 20:35:29,546] {scheduler_job.py:639} INFO - DAG(s) dict_keys(['example_branch_operator']) retrieved from /home/airflow/.local/lib/python3.6/site-packages/airflow/example_dags/example_branch_operator.py
[2022-10-31 20:35:29,559] {logging_mixin.py:104} INFO - [2022-10-31 20:35:29,559] {dag.py:1818} INFO - Sync 1 DAGs
[2022-10-31 20:35:29,574] {logging_mixin.py:104} INFO - [2022-10-31 20:35:29,574] {dag.py:2273} INFO - Setting next_dagrun for example_branch_operator to 2022-10-29 00:00:00+00:00
[2022-10-31 20:35:29,579] {scheduler_job.py:190} INFO - Processing /home/airflow/.local/lib/python3.6/site-packages/airflow/example_dags/example_branch_operator.py took 0.047 seconds
[2022-10-31 20:36:00,338] {scheduler_job.py:182} INFO - Started process (PID=132) to work on /home/airflow/.local/lib/python3.6/site-packages/airflow/example_dags/example_branch_operator.py
[2022-10-31 20:36:00,338] {scheduler_job.py:629} INFO - Processing file /home/airflow/.local/lib/python3.6/site-packages/airflow/example_dags/example_branch_operator.py for tasks to queue
[2022-10-31 20:36:00,339] {logging_mixin.py:104} INFO - [2022-10-31 20:36:00,339] {dagbag.py:448} INFO - Filling up the DagBag from /home/airflow/.local/lib/python3.6/site-packages/airflow/example_dags/example_branch_operator.py
[2022-10-31 20:36:00,349] {scheduler_job.py:639} INFO - DAG(s) dict_keys(['example_branch_operator']) retrieved from /home/airflow/.local/lib/python3.6/site-packages/airflow/example_dags/example_branch_operator.py
[2022-10-31 20:36:00,363] {logging_mixin.py:104} INFO - [2022-10-31 20:36:00,363] {dag.py:1818} INFO - Sync 1 DAGs
[2022-10-31 20:36:00,379] {logging_mixin.py:104} INFO - [2022-10-31 20:36:00,379] {dag.py:2273} INFO - Setting next_dagrun for example_branch_operator to 2022-10-29 00:00:00+00:00
[2022-10-31 20:36:00,385] {scheduler_job.py:190} INFO - Processing /home/airflow/.local/lib/python3.6/site-packages/airflow/example_dags/example_branch_operator.py took 0.049 seconds
[2022-10-31 20:36:31,210] {scheduler_job.py:182} INFO - Started process (PID=158) to work on /home/airflow/.local/lib/python3.6/site-packages/airflow/example_dags/example_branch_operator.py
[2022-10-31 20:36:31,210] {scheduler_job.py:629} INFO - Processing file /home/airflow/.local/lib/python3.6/site-packages/airflow/example_dags/example_branch_operator.py for tasks to queue
[2022-10-31 20:36:31,211] {logging_mixin.py:104} INFO - [2022-10-31 20:36:31,211] {dagbag.py:448} INFO - Filling up the DagBag from /home/airflow/.local/lib/python3.6/site-packages/airflow/example_dags/example_branch_operator.py
[2022-10-31 20:36:31,221] {scheduler_job.py:639} INFO - DAG(s) dict_keys(['example_branch_operator']) retrieved from /home/airflow/.local/lib/python3.6/site-packages/airflow/example_dags/example_branch_operator.py
[2022-10-31 20:36:31,235] {logging_mixin.py:104} INFO - [2022-10-31 20:36:31,235] {dag.py:1818} INFO - Sync 1 DAGs
[2022-10-31 20:36:31,250] {logging_mixin.py:104} INFO - [2022-10-31 20:36:31,250] {dag.py:2273} INFO - Setting next_dagrun for example_branch_operator to 2022-10-29 00:00:00+00:00
[2022-10-31 20:36:31,257] {scheduler_job.py:190} INFO - Processing /home/airflow/.local/lib/python3.6/site-packages/airflow/example_dags/example_branch_operator.py took 0.049 seconds
[2022-10-31 20:37:02,021] {scheduler_job.py:182} INFO - Started process (PID=184) to work on /home/airflow/.local/lib/python3.6/site-packages/airflow/example_dags/example_branch_operator.py
[2022-10-31 20:37:02,022] {scheduler_job.py:629} INFO - Processing file /home/airflow/.local/lib/python3.6/site-packages/airflow/example_dags/example_branch_operator.py for tasks to queue
[2022-10-31 20:37:02,023] {logging_mixin.py:104} INFO - [2022-10-31 20:37:02,023] {dagbag.py:448} INFO - Filling up the DagBag from /home/airflow/.local/lib/python3.6/site-packages/airflow/example_dags/example_branch_operator.py
[2022-10-31 20:37:02,032] {scheduler_job.py:639} INFO - DAG(s) dict_keys(['example_branch_operator']) retrieved from /home/airflow/.local/lib/python3.6/site-packages/airflow/example_dags/example_branch_operator.py
[2022-10-31 20:37:02,046] {logging_mixin.py:104} INFO - [2022-10-31 20:37:02,046] {dag.py:1818} INFO - Sync 1 DAGs
[2022-10-31 20:37:02,060] {logging_mixin.py:104} INFO - [2022-10-31 20:37:02,060] {dag.py:2273} INFO - Setting next_dagrun for example_branch_operator to 2022-10-29 00:00:00+00:00
[2022-10-31 20:37:02,066] {scheduler_job.py:190} INFO - Processing /home/airflow/.local/lib/python3.6/site-packages/airflow/example_dags/example_branch_operator.py took 0.046 seconds
[2022-10-31 20:37:34,309] {scheduler_job.py:182} INFO - Started process (PID=37) to work on /home/airflow/.local/lib/python3.6/site-packages/airflow/example_dags/example_branch_operator.py
[2022-10-31 20:37:34,310] {scheduler_job.py:629} INFO - Processing file /home/airflow/.local/lib/python3.6/site-packages/airflow/example_dags/example_branch_operator.py for tasks to queue
[2022-10-31 20:37:34,311] {logging_mixin.py:104} INFO - [2022-10-31 20:37:34,311] {dagbag.py:448} INFO - Filling up the DagBag from /home/airflow/.local/lib/python3.6/site-packages/airflow/example_dags/example_branch_operator.py
[2022-10-31 20:37:34,328] {scheduler_job.py:639} INFO - DAG(s) dict_keys(['example_branch_operator']) retrieved from /home/airflow/.local/lib/python3.6/site-packages/airflow/example_dags/example_branch_operator.py
[2022-10-31 20:37:34,354] {logging_mixin.py:104} INFO - [2022-10-31 20:37:34,354] {dag.py:1818} INFO - Sync 1 DAGs
[2022-10-31 20:37:34,377] {logging_mixin.py:104} INFO - [2022-10-31 20:37:34,377] {dag.py:2273} INFO - Setting next_dagrun for example_branch_operator to 2022-10-29 00:00:00+00:00
[2022-10-31 20:37:34,387] {scheduler_job.py:190} INFO - Processing /home/airflow/.local/lib/python3.6/site-packages/airflow/example_dags/example_branch_operator.py took 0.081 seconds
[2022-10-31 20:38:04,408] {scheduler_job.py:182} INFO - Started process (PID=63) to work on /home/airflow/.local/lib/python3.6/site-packages/airflow/example_dags/example_branch_operator.py
[2022-10-31 20:38:04,409] {scheduler_job.py:629} INFO - Processing file /home/airflow/.local/lib/python3.6/site-packages/airflow/example_dags/example_branch_operator.py for tasks to queue
[2022-10-31 20:38:04,409] {logging_mixin.py:104} INFO - [2022-10-31 20:38:04,409] {dagbag.py:448} INFO - Filling up the DagBag from /home/airflow/.local/lib/python3.6/site-packages/airflow/example_dags/example_branch_operator.py
[2022-10-31 20:38:04,421] {scheduler_job.py:639} INFO - DAG(s) dict_keys(['example_branch_operator']) retrieved from /home/airflow/.local/lib/python3.6/site-packages/airflow/example_dags/example_branch_operator.py
[2022-10-31 20:38:04,435] {logging_mixin.py:104} INFO - [2022-10-31 20:38:04,435] {dag.py:1818} INFO - Sync 1 DAGs
[2022-10-31 20:38:04,450] {logging_mixin.py:104} INFO - [2022-10-31 20:38:04,450] {dag.py:2273} INFO - Setting next_dagrun for example_branch_operator to 2022-10-29 00:00:00+00:00
[2022-10-31 20:38:04,456] {scheduler_job.py:190} INFO - Processing /home/airflow/.local/lib/python3.6/site-packages/airflow/example_dags/example_branch_operator.py took 0.050 seconds
[2022-10-31 20:38:34,512] {scheduler_job.py:182} INFO - Started process (PID=89) to work on /home/airflow/.local/lib/python3.6/site-packages/airflow/example_dags/example_branch_operator.py
[2022-10-31 20:38:34,513] {scheduler_job.py:629} INFO - Processing file /home/airflow/.local/lib/python3.6/site-packages/airflow/example_dags/example_branch_operator.py for tasks to queue
[2022-10-31 20:38:34,513] {logging_mixin.py:104} INFO - [2022-10-31 20:38:34,513] {dagbag.py:448} INFO - Filling up the DagBag from /home/airflow/.local/lib/python3.6/site-packages/airflow/example_dags/example_branch_operator.py
[2022-10-31 20:38:34,523] {scheduler_job.py:639} INFO - DAG(s) dict_keys(['example_branch_operator']) retrieved from /home/airflow/.local/lib/python3.6/site-packages/airflow/example_dags/example_branch_operator.py
[2022-10-31 20:38:34,537] {logging_mixin.py:104} INFO - [2022-10-31 20:38:34,537] {dag.py:1818} INFO - Sync 1 DAGs
[2022-10-31 20:38:34,551] {logging_mixin.py:104} INFO - [2022-10-31 20:38:34,551] {dag.py:2273} INFO - Setting next_dagrun for example_branch_operator to 2022-10-29 00:00:00+00:00
[2022-10-31 20:38:34,557] {scheduler_job.py:190} INFO - Processing /home/airflow/.local/lib/python3.6/site-packages/airflow/example_dags/example_branch_operator.py took 0.047 seconds
[2022-10-31 20:39:05,578] {scheduler_job.py:182} INFO - Started process (PID=141) to work on /home/airflow/.local/lib/python3.6/site-packages/airflow/example_dags/example_branch_operator.py
[2022-10-31 20:39:05,578] {scheduler_job.py:629} INFO - Processing file /home/airflow/.local/lib/python3.6/site-packages/airflow/example_dags/example_branch_operator.py for tasks to queue
[2022-10-31 20:39:05,579] {logging_mixin.py:104} INFO - [2022-10-31 20:39:05,579] {dagbag.py:448} INFO - Filling up the DagBag from /home/airflow/.local/lib/python3.6/site-packages/airflow/example_dags/example_branch_operator.py
[2022-10-31 20:39:05,590] {scheduler_job.py:639} INFO - DAG(s) dict_keys(['example_branch_operator']) retrieved from /home/airflow/.local/lib/python3.6/site-packages/airflow/example_dags/example_branch_operator.py
[2022-10-31 20:39:05,604] {logging_mixin.py:104} INFO - [2022-10-31 20:39:05,604] {dag.py:1818} INFO - Sync 1 DAGs
[2022-10-31 20:39:05,619] {logging_mixin.py:104} INFO - [2022-10-31 20:39:05,619] {dag.py:2273} INFO - Setting next_dagrun for example_branch_operator to 2022-10-29 00:00:00+00:00
[2022-10-31 20:39:05,625] {scheduler_job.py:190} INFO - Processing /home/airflow/.local/lib/python3.6/site-packages/airflow/example_dags/example_branch_operator.py took 0.049 seconds
[2022-10-31 20:39:36,544] {scheduler_job.py:182} INFO - Started process (PID=167) to work on /home/airflow/.local/lib/python3.6/site-packages/airflow/example_dags/example_branch_operator.py
[2022-10-31 20:39:36,545] {scheduler_job.py:629} INFO - Processing file /home/airflow/.local/lib/python3.6/site-packages/airflow/example_dags/example_branch_operator.py for tasks to queue
[2022-10-31 20:39:36,545] {logging_mixin.py:104} INFO - [2022-10-31 20:39:36,545] {dagbag.py:448} INFO - Filling up the DagBag from /home/airflow/.local/lib/python3.6/site-packages/airflow/example_dags/example_branch_operator.py
[2022-10-31 20:39:36,556] {scheduler_job.py:639} INFO - DAG(s) dict_keys(['example_branch_operator']) retrieved from /home/airflow/.local/lib/python3.6/site-packages/airflow/example_dags/example_branch_operator.py
[2022-10-31 20:39:36,579] {logging_mixin.py:104} INFO - [2022-10-31 20:39:36,579] {dag.py:1818} INFO - Sync 1 DAGs
[2022-10-31 20:39:36,594] {logging_mixin.py:104} INFO - [2022-10-31 20:39:36,594] {dag.py:2273} INFO - Setting next_dagrun for example_branch_operator to 2022-10-29 00:00:00+00:00
[2022-10-31 20:39:36,599] {scheduler_job.py:190} INFO - Processing /home/airflow/.local/lib/python3.6/site-packages/airflow/example_dags/example_branch_operator.py took 0.057 seconds
[2022-10-31 20:40:07,441] {scheduler_job.py:182} INFO - Started process (PID=193) to work on /home/airflow/.local/lib/python3.6/site-packages/airflow/example_dags/example_branch_operator.py
[2022-10-31 20:40:07,442] {scheduler_job.py:629} INFO - Processing file /home/airflow/.local/lib/python3.6/site-packages/airflow/example_dags/example_branch_operator.py for tasks to queue
[2022-10-31 20:40:07,442] {logging_mixin.py:104} INFO - [2022-10-31 20:40:07,442] {dagbag.py:448} INFO - Filling up the DagBag from /home/airflow/.local/lib/python3.6/site-packages/airflow/example_dags/example_branch_operator.py
[2022-10-31 20:40:07,453] {scheduler_job.py:639} INFO - DAG(s) dict_keys(['example_branch_operator']) retrieved from /home/airflow/.local/lib/python3.6/site-packages/airflow/example_dags/example_branch_operator.py
[2022-10-31 20:40:07,466] {logging_mixin.py:104} INFO - [2022-10-31 20:40:07,466] {dag.py:1818} INFO - Sync 1 DAGs
[2022-10-31 20:40:07,481] {logging_mixin.py:104} INFO - [2022-10-31 20:40:07,481] {dag.py:2273} INFO - Setting next_dagrun for example_branch_operator to 2022-10-29 00:00:00+00:00
[2022-10-31 20:40:07,487] {scheduler_job.py:190} INFO - Processing /home/airflow/.local/lib/python3.6/site-packages/airflow/example_dags/example_branch_operator.py took 0.048 seconds
[2022-10-31 20:40:38,360] {scheduler_job.py:182} INFO - Started process (PID=219) to work on /home/airflow/.local/lib/python3.6/site-packages/airflow/example_dags/example_branch_operator.py
[2022-10-31 20:40:38,361] {scheduler_job.py:629} INFO - Processing file /home/airflow/.local/lib/python3.6/site-packages/airflow/example_dags/example_branch_operator.py for tasks to queue
[2022-10-31 20:40:38,361] {logging_mixin.py:104} INFO - [2022-10-31 20:40:38,361] {dagbag.py:448} INFO - Filling up the DagBag from /home/airflow/.local/lib/python3.6/site-packages/airflow/example_dags/example_branch_operator.py
[2022-10-31 20:40:38,372] {scheduler_job.py:639} INFO - DAG(s) dict_keys(['example_branch_operator']) retrieved from /home/airflow/.local/lib/python3.6/site-packages/airflow/example_dags/example_branch_operator.py
[2022-10-31 20:40:38,385] {logging_mixin.py:104} INFO - [2022-10-31 20:40:38,385] {dag.py:1818} INFO - Sync 1 DAGs
[2022-10-31 20:40:38,399] {logging_mixin.py:104} INFO - [2022-10-31 20:40:38,399] {dag.py:2273} INFO - Setting next_dagrun for example_branch_operator to 2022-10-29 00:00:00+00:00
[2022-10-31 20:40:38,405] {scheduler_job.py:190} INFO - Processing /home/airflow/.local/lib/python3.6/site-packages/airflow/example_dags/example_branch_operator.py took 0.047 seconds
[2022-10-31 20:41:09,227] {scheduler_job.py:182} INFO - Started process (PID=245) to work on /home/airflow/.local/lib/python3.6/site-packages/airflow/example_dags/example_branch_operator.py
[2022-10-31 20:41:09,228] {scheduler_job.py:629} INFO - Processing file /home/airflow/.local/lib/python3.6/site-packages/airflow/example_dags/example_branch_operator.py for tasks to queue
[2022-10-31 20:41:09,229] {logging_mixin.py:104} INFO - [2022-10-31 20:41:09,228] {dagbag.py:448} INFO - Filling up the DagBag from /home/airflow/.local/lib/python3.6/site-packages/airflow/example_dags/example_branch_operator.py
[2022-10-31 20:41:09,241] {scheduler_job.py:639} INFO - DAG(s) dict_keys(['example_branch_operator']) retrieved from /home/airflow/.local/lib/python3.6/site-packages/airflow/example_dags/example_branch_operator.py
[2022-10-31 20:41:09,287] {logging_mixin.py:104} INFO - [2022-10-31 20:41:09,287] {dag.py:1818} INFO - Sync 1 DAGs
[2022-10-31 20:41:09,305] {logging_mixin.py:104} INFO - [2022-10-31 20:41:09,304] {dag.py:2273} INFO - Setting next_dagrun for example_branch_operator to 2022-10-29 00:00:00+00:00
[2022-10-31 20:41:09,311] {scheduler_job.py:190} INFO - Processing /home/airflow/.local/lib/python3.6/site-packages/airflow/example_dags/example_branch_operator.py took 0.087 seconds
[2022-10-31 20:41:40,203] {scheduler_job.py:182} INFO - Started process (PID=271) to work on /home/airflow/.local/lib/python3.6/site-packages/airflow/example_dags/example_branch_operator.py
[2022-10-31 20:41:40,204] {scheduler_job.py:629} INFO - Processing file /home/airflow/.local/lib/python3.6/site-packages/airflow/example_dags/example_branch_operator.py for tasks to queue
[2022-10-31 20:41:40,204] {logging_mixin.py:104} INFO - [2022-10-31 20:41:40,204] {dagbag.py:448} INFO - Filling up the DagBag from /home/airflow/.local/lib/python3.6/site-packages/airflow/example_dags/example_branch_operator.py
[2022-10-31 20:41:40,215] {scheduler_job.py:639} INFO - DAG(s) dict_keys(['example_branch_operator']) retrieved from /home/airflow/.local/lib/python3.6/site-packages/airflow/example_dags/example_branch_operator.py
[2022-10-31 20:41:40,229] {logging_mixin.py:104} INFO - [2022-10-31 20:41:40,229] {dag.py:1818} INFO - Sync 1 DAGs
[2022-10-31 20:41:40,245] {logging_mixin.py:104} INFO - [2022-10-31 20:41:40,245] {dag.py:2273} INFO - Setting next_dagrun for example_branch_operator to 2022-10-29 00:00:00+00:00
[2022-10-31 20:41:40,250] {scheduler_job.py:190} INFO - Processing /home/airflow/.local/lib/python3.6/site-packages/airflow/example_dags/example_branch_operator.py took 0.049 seconds
[2022-10-31 20:42:11,058] {scheduler_job.py:182} INFO - Started process (PID=297) to work on /home/airflow/.local/lib/python3.6/site-packages/airflow/example_dags/example_branch_operator.py
[2022-10-31 20:42:11,059] {scheduler_job.py:629} INFO - Processing file /home/airflow/.local/lib/python3.6/site-packages/airflow/example_dags/example_branch_operator.py for tasks to queue
[2022-10-31 20:42:11,059] {logging_mixin.py:104} INFO - [2022-10-31 20:42:11,059] {dagbag.py:448} INFO - Filling up the DagBag from /home/airflow/.local/lib/python3.6/site-packages/airflow/example_dags/example_branch_operator.py
[2022-10-31 20:42:11,071] {scheduler_job.py:639} INFO - DAG(s) dict_keys(['example_branch_operator']) retrieved from /home/airflow/.local/lib/python3.6/site-packages/airflow/example_dags/example_branch_operator.py
[2022-10-31 20:42:11,088] {logging_mixin.py:104} INFO - [2022-10-31 20:42:11,088] {dag.py:1818} INFO - Sync 1 DAGs
[2022-10-31 20:42:11,104] {logging_mixin.py:104} INFO - [2022-10-31 20:42:11,104] {dag.py:2273} INFO - Setting next_dagrun for example_branch_operator to 2022-10-29 00:00:00+00:00
[2022-10-31 20:42:11,111] {scheduler_job.py:190} INFO - Processing /home/airflow/.local/lib/python3.6/site-packages/airflow/example_dags/example_branch_operator.py took 0.056 seconds
[2022-10-31 20:42:41,843] {scheduler_job.py:182} INFO - Started process (PID=325) to work on /home/airflow/.local/lib/python3.6/site-packages/airflow/example_dags/example_branch_operator.py
[2022-10-31 20:42:41,844] {scheduler_job.py:629} INFO - Processing file /home/airflow/.local/lib/python3.6/site-packages/airflow/example_dags/example_branch_operator.py for tasks to queue
[2022-10-31 20:42:41,844] {logging_mixin.py:104} INFO - [2022-10-31 20:42:41,844] {dagbag.py:448} INFO - Filling up the DagBag from /home/airflow/.local/lib/python3.6/site-packages/airflow/example_dags/example_branch_operator.py
[2022-10-31 20:42:41,855] {scheduler_job.py:639} INFO - DAG(s) dict_keys(['example_branch_operator']) retrieved from /home/airflow/.local/lib/python3.6/site-packages/airflow/example_dags/example_branch_operator.py
[2022-10-31 20:42:41,870] {logging_mixin.py:104} INFO - [2022-10-31 20:42:41,870] {dag.py:1818} INFO - Sync 1 DAGs
[2022-10-31 20:42:41,887] {logging_mixin.py:104} INFO - [2022-10-31 20:42:41,887] {dag.py:2273} INFO - Setting next_dagrun for example_branch_operator to 2022-10-29 00:00:00+00:00
[2022-10-31 20:42:41,893] {scheduler_job.py:190} INFO - Processing /home/airflow/.local/lib/python3.6/site-packages/airflow/example_dags/example_branch_operator.py took 0.053 seconds
[2022-10-31 20:43:11,997] {scheduler_job.py:182} INFO - Started process (PID=352) to work on /home/airflow/.local/lib/python3.6/site-packages/airflow/example_dags/example_branch_operator.py
[2022-10-31 20:43:11,998] {scheduler_job.py:629} INFO - Processing file /home/airflow/.local/lib/python3.6/site-packages/airflow/example_dags/example_branch_operator.py for tasks to queue
[2022-10-31 20:43:11,998] {logging_mixin.py:104} INFO - [2022-10-31 20:43:11,998] {dagbag.py:448} INFO - Filling up the DagBag from /home/airflow/.local/lib/python3.6/site-packages/airflow/example_dags/example_branch_operator.py
[2022-10-31 20:43:12,009] {scheduler_job.py:639} INFO - DAG(s) dict_keys(['example_branch_operator']) retrieved from /home/airflow/.local/lib/python3.6/site-packages/airflow/example_dags/example_branch_operator.py
[2022-10-31 20:43:12,024] {logging_mixin.py:104} INFO - [2022-10-31 20:43:12,024] {dag.py:1818} INFO - Sync 1 DAGs
[2022-10-31 20:43:12,041] {logging_mixin.py:104} INFO - [2022-10-31 20:43:12,041] {dag.py:2273} INFO - Setting next_dagrun for example_branch_operator to 2022-10-29 00:00:00+00:00
[2022-10-31 20:43:12,047] {scheduler_job.py:190} INFO - Processing /home/airflow/.local/lib/python3.6/site-packages/airflow/example_dags/example_branch_operator.py took 0.052 seconds
[2022-10-31 20:43:42,177] {scheduler_job.py:182} INFO - Started process (PID=379) to work on /home/airflow/.local/lib/python3.6/site-packages/airflow/example_dags/example_branch_operator.py
[2022-10-31 20:43:42,178] {scheduler_job.py:629} INFO - Processing file /home/airflow/.local/lib/python3.6/site-packages/airflow/example_dags/example_branch_operator.py for tasks to queue
[2022-10-31 20:43:42,178] {logging_mixin.py:104} INFO - [2022-10-31 20:43:42,178] {dagbag.py:448} INFO - Filling up the DagBag from /home/airflow/.local/lib/python3.6/site-packages/airflow/example_dags/example_branch_operator.py
[2022-10-31 20:43:42,189] {scheduler_job.py:639} INFO - DAG(s) dict_keys(['example_branch_operator']) retrieved from /home/airflow/.local/lib/python3.6/site-packages/airflow/example_dags/example_branch_operator.py
[2022-10-31 20:43:42,202] {logging_mixin.py:104} INFO - [2022-10-31 20:43:42,202] {dag.py:1818} INFO - Sync 1 DAGs
[2022-10-31 20:43:42,218] {logging_mixin.py:104} INFO - [2022-10-31 20:43:42,218] {dag.py:2273} INFO - Setting next_dagrun for example_branch_operator to 2022-10-29 00:00:00+00:00
[2022-10-31 20:43:42,224] {scheduler_job.py:190} INFO - Processing /home/airflow/.local/lib/python3.6/site-packages/airflow/example_dags/example_branch_operator.py took 0.049 seconds
[2022-10-31 20:44:12,558] {scheduler_job.py:182} INFO - Started process (PID=408) to work on /home/airflow/.local/lib/python3.6/site-packages/airflow/example_dags/example_branch_operator.py
[2022-10-31 20:44:12,558] {scheduler_job.py:629} INFO - Processing file /home/airflow/.local/lib/python3.6/site-packages/airflow/example_dags/example_branch_operator.py for tasks to queue
[2022-10-31 20:44:12,559] {logging_mixin.py:104} INFO - [2022-10-31 20:44:12,559] {dagbag.py:448} INFO - Filling up the DagBag from /home/airflow/.local/lib/python3.6/site-packages/airflow/example_dags/example_branch_operator.py
[2022-10-31 20:44:12,570] {scheduler_job.py:639} INFO - DAG(s) dict_keys(['example_branch_operator']) retrieved from /home/airflow/.local/lib/python3.6/site-packages/airflow/example_dags/example_branch_operator.py
[2022-10-31 20:44:12,584] {logging_mixin.py:104} INFO - [2022-10-31 20:44:12,584] {dag.py:1818} INFO - Sync 1 DAGs
[2022-10-31 20:44:12,601] {logging_mixin.py:104} INFO - [2022-10-31 20:44:12,601] {dag.py:2273} INFO - Setting next_dagrun for example_branch_operator to 2022-10-29 00:00:00+00:00
[2022-10-31 20:44:12,607] {scheduler_job.py:190} INFO - Processing /home/airflow/.local/lib/python3.6/site-packages/airflow/example_dags/example_branch_operator.py took 0.051 seconds
