[2022-10-31 20:34:27,249] {scheduler_job.py:182} INFO - Started process (PID=33) to work on /home/airflow/.local/lib/python3.6/site-packages/airflow/example_dags/example_short_circuit_operator.py
[2022-10-31 20:34:27,249] {scheduler_job.py:629} INFO - Processing file /home/airflow/.local/lib/python3.6/site-packages/airflow/example_dags/example_short_circuit_operator.py for tasks to queue
[2022-10-31 20:34:27,250] {logging_mixin.py:104} INFO - [2022-10-31 20:34:27,249] {dagbag.py:448} INFO - Filling up the DagBag from /home/airflow/.local/lib/python3.6/site-packages/airflow/example_dags/example_short_circuit_operator.py
[2022-10-31 20:34:27,262] {scheduler_job.py:639} INFO - DAG(s) dict_keys(['example_short_circuit_operator']) retrieved from /home/airflow/.local/lib/python3.6/site-packages/airflow/example_dags/example_short_circuit_operator.py
[2022-10-31 20:34:27,277] {logging_mixin.py:104} INFO - [2022-10-31 20:34:27,276] {dag.py:1818} INFO - Sync 1 DAGs
[2022-10-31 20:34:27,283] {logging_mixin.py:104} INFO - [2022-10-31 20:34:27,283] {dag.py:1837} INFO - Creating ORM DAG for example_short_circuit_operator
[2022-10-31 20:34:27,287] {logging_mixin.py:104} INFO - [2022-10-31 20:34:27,286] {dag.py:2273} INFO - Setting next_dagrun for example_short_circuit_operator to 2022-10-29 00:00:00+00:00
[2022-10-31 20:34:27,295] {scheduler_job.py:190} INFO - Processing /home/airflow/.local/lib/python3.6/site-packages/airflow/example_dags/example_short_circuit_operator.py took 0.049 seconds
[2022-10-31 20:34:58,160] {scheduler_job.py:182} INFO - Started process (PID=59) to work on /home/airflow/.local/lib/python3.6/site-packages/airflow/example_dags/example_short_circuit_operator.py
[2022-10-31 20:34:58,161] {scheduler_job.py:629} INFO - Processing file /home/airflow/.local/lib/python3.6/site-packages/airflow/example_dags/example_short_circuit_operator.py for tasks to queue
[2022-10-31 20:34:58,161] {logging_mixin.py:104} INFO - [2022-10-31 20:34:58,161] {dagbag.py:448} INFO - Filling up the DagBag from /home/airflow/.local/lib/python3.6/site-packages/airflow/example_dags/example_short_circuit_operator.py
[2022-10-31 20:34:58,169] {scheduler_job.py:639} INFO - DAG(s) dict_keys(['example_short_circuit_operator']) retrieved from /home/airflow/.local/lib/python3.6/site-packages/airflow/example_dags/example_short_circuit_operator.py
[2022-10-31 20:34:58,182] {logging_mixin.py:104} INFO - [2022-10-31 20:34:58,182] {dag.py:1818} INFO - Sync 1 DAGs
[2022-10-31 20:34:58,192] {logging_mixin.py:104} INFO - [2022-10-31 20:34:58,192] {dag.py:2273} INFO - Setting next_dagrun for example_short_circuit_operator to 2022-10-29 00:00:00+00:00
[2022-10-31 20:34:58,197] {scheduler_job.py:190} INFO - Processing /home/airflow/.local/lib/python3.6/site-packages/airflow/example_dags/example_short_circuit_operator.py took 0.039 seconds
[2022-10-31 20:35:28,936] {scheduler_job.py:182} INFO - Started process (PID=85) to work on /home/airflow/.local/lib/python3.6/site-packages/airflow/example_dags/example_short_circuit_operator.py
[2022-10-31 20:35:28,937] {scheduler_job.py:629} INFO - Processing file /home/airflow/.local/lib/python3.6/site-packages/airflow/example_dags/example_short_circuit_operator.py for tasks to queue
[2022-10-31 20:35:28,937] {logging_mixin.py:104} INFO - [2022-10-31 20:35:28,937] {dagbag.py:448} INFO - Filling up the DagBag from /home/airflow/.local/lib/python3.6/site-packages/airflow/example_dags/example_short_circuit_operator.py
[2022-10-31 20:35:28,946] {scheduler_job.py:639} INFO - DAG(s) dict_keys(['example_short_circuit_operator']) retrieved from /home/airflow/.local/lib/python3.6/site-packages/airflow/example_dags/example_short_circuit_operator.py
[2022-10-31 20:35:28,958] {logging_mixin.py:104} INFO - [2022-10-31 20:35:28,958] {dag.py:1818} INFO - Sync 1 DAGs
[2022-10-31 20:35:28,967] {logging_mixin.py:104} INFO - [2022-10-31 20:35:28,967] {dag.py:2273} INFO - Setting next_dagrun for example_short_circuit_operator to 2022-10-29 00:00:00+00:00
[2022-10-31 20:35:28,972] {scheduler_job.py:190} INFO - Processing /home/airflow/.local/lib/python3.6/site-packages/airflow/example_dags/example_short_circuit_operator.py took 0.038 seconds
[2022-10-31 20:35:59,808] {scheduler_job.py:182} INFO - Started process (PID=111) to work on /home/airflow/.local/lib/python3.6/site-packages/airflow/example_dags/example_short_circuit_operator.py
[2022-10-31 20:35:59,808] {scheduler_job.py:629} INFO - Processing file /home/airflow/.local/lib/python3.6/site-packages/airflow/example_dags/example_short_circuit_operator.py for tasks to queue
[2022-10-31 20:35:59,809] {logging_mixin.py:104} INFO - [2022-10-31 20:35:59,809] {dagbag.py:448} INFO - Filling up the DagBag from /home/airflow/.local/lib/python3.6/site-packages/airflow/example_dags/example_short_circuit_operator.py
[2022-10-31 20:35:59,818] {scheduler_job.py:639} INFO - DAG(s) dict_keys(['example_short_circuit_operator']) retrieved from /home/airflow/.local/lib/python3.6/site-packages/airflow/example_dags/example_short_circuit_operator.py
[2022-10-31 20:35:59,831] {logging_mixin.py:104} INFO - [2022-10-31 20:35:59,831] {dag.py:1818} INFO - Sync 1 DAGs
[2022-10-31 20:35:59,840] {logging_mixin.py:104} INFO - [2022-10-31 20:35:59,840] {dag.py:2273} INFO - Setting next_dagrun for example_short_circuit_operator to 2022-10-29 00:00:00+00:00
[2022-10-31 20:35:59,846] {scheduler_job.py:190} INFO - Processing /home/airflow/.local/lib/python3.6/site-packages/airflow/example_dags/example_short_circuit_operator.py took 0.040 seconds
[2022-10-31 20:36:30,655] {scheduler_job.py:182} INFO - Started process (PID=137) to work on /home/airflow/.local/lib/python3.6/site-packages/airflow/example_dags/example_short_circuit_operator.py
[2022-10-31 20:36:30,656] {scheduler_job.py:629} INFO - Processing file /home/airflow/.local/lib/python3.6/site-packages/airflow/example_dags/example_short_circuit_operator.py for tasks to queue
[2022-10-31 20:36:30,656] {logging_mixin.py:104} INFO - [2022-10-31 20:36:30,656] {dagbag.py:448} INFO - Filling up the DagBag from /home/airflow/.local/lib/python3.6/site-packages/airflow/example_dags/example_short_circuit_operator.py
[2022-10-31 20:36:30,664] {scheduler_job.py:639} INFO - DAG(s) dict_keys(['example_short_circuit_operator']) retrieved from /home/airflow/.local/lib/python3.6/site-packages/airflow/example_dags/example_short_circuit_operator.py
[2022-10-31 20:36:30,678] {logging_mixin.py:104} INFO - [2022-10-31 20:36:30,678] {dag.py:1818} INFO - Sync 1 DAGs
[2022-10-31 20:36:30,688] {logging_mixin.py:104} INFO - [2022-10-31 20:36:30,688] {dag.py:2273} INFO - Setting next_dagrun for example_short_circuit_operator to 2022-10-29 00:00:00+00:00
[2022-10-31 20:36:30,694] {scheduler_job.py:190} INFO - Processing /home/airflow/.local/lib/python3.6/site-packages/airflow/example_dags/example_short_circuit_operator.py took 0.040 seconds
[2022-10-31 20:37:01,447] {scheduler_job.py:182} INFO - Started process (PID=163) to work on /home/airflow/.local/lib/python3.6/site-packages/airflow/example_dags/example_short_circuit_operator.py
[2022-10-31 20:37:01,448] {scheduler_job.py:629} INFO - Processing file /home/airflow/.local/lib/python3.6/site-packages/airflow/example_dags/example_short_circuit_operator.py for tasks to queue
[2022-10-31 20:37:01,448] {logging_mixin.py:104} INFO - [2022-10-31 20:37:01,448] {dagbag.py:448} INFO - Filling up the DagBag from /home/airflow/.local/lib/python3.6/site-packages/airflow/example_dags/example_short_circuit_operator.py
[2022-10-31 20:37:01,456] {scheduler_job.py:639} INFO - DAG(s) dict_keys(['example_short_circuit_operator']) retrieved from /home/airflow/.local/lib/python3.6/site-packages/airflow/example_dags/example_short_circuit_operator.py
[2022-10-31 20:37:01,469] {logging_mixin.py:104} INFO - [2022-10-31 20:37:01,469] {dag.py:1818} INFO - Sync 1 DAGs
[2022-10-31 20:37:01,478] {logging_mixin.py:104} INFO - [2022-10-31 20:37:01,478] {dag.py:2273} INFO - Setting next_dagrun for example_short_circuit_operator to 2022-10-29 00:00:00+00:00
[2022-10-31 20:37:01,483] {scheduler_job.py:190} INFO - Processing /home/airflow/.local/lib/python3.6/site-packages/airflow/example_dags/example_short_circuit_operator.py took 0.038 seconds
[2022-10-31 20:37:34,204] {scheduler_job.py:182} INFO - Started process (PID=35) to work on /home/airflow/.local/lib/python3.6/site-packages/airflow/example_dags/example_short_circuit_operator.py
[2022-10-31 20:37:34,206] {scheduler_job.py:629} INFO - Processing file /home/airflow/.local/lib/python3.6/site-packages/airflow/example_dags/example_short_circuit_operator.py for tasks to queue
[2022-10-31 20:37:34,206] {logging_mixin.py:104} INFO - [2022-10-31 20:37:34,206] {dagbag.py:448} INFO - Filling up the DagBag from /home/airflow/.local/lib/python3.6/site-packages/airflow/example_dags/example_short_circuit_operator.py
[2022-10-31 20:37:34,219] {scheduler_job.py:639} INFO - DAG(s) dict_keys(['example_short_circuit_operator']) retrieved from /home/airflow/.local/lib/python3.6/site-packages/airflow/example_dags/example_short_circuit_operator.py
[2022-10-31 20:37:34,259] {logging_mixin.py:104} INFO - [2022-10-31 20:37:34,258] {dag.py:1818} INFO - Sync 1 DAGs
[2022-10-31 20:37:34,278] {logging_mixin.py:104} INFO - [2022-10-31 20:37:34,278] {dag.py:2273} INFO - Setting next_dagrun for example_short_circuit_operator to 2022-10-29 00:00:00+00:00
[2022-10-31 20:37:34,289] {scheduler_job.py:190} INFO - Processing /home/airflow/.local/lib/python3.6/site-packages/airflow/example_dags/example_short_circuit_operator.py took 0.087 seconds
[2022-10-31 20:38:04,353] {scheduler_job.py:182} INFO - Started process (PID=62) to work on /home/airflow/.local/lib/python3.6/site-packages/airflow/example_dags/example_short_circuit_operator.py
[2022-10-31 20:38:04,354] {scheduler_job.py:629} INFO - Processing file /home/airflow/.local/lib/python3.6/site-packages/airflow/example_dags/example_short_circuit_operator.py for tasks to queue
[2022-10-31 20:38:04,354] {logging_mixin.py:104} INFO - [2022-10-31 20:38:04,354] {dagbag.py:448} INFO - Filling up the DagBag from /home/airflow/.local/lib/python3.6/site-packages/airflow/example_dags/example_short_circuit_operator.py
[2022-10-31 20:38:04,366] {scheduler_job.py:639} INFO - DAG(s) dict_keys(['example_short_circuit_operator']) retrieved from /home/airflow/.local/lib/python3.6/site-packages/airflow/example_dags/example_short_circuit_operator.py
[2022-10-31 20:38:04,382] {logging_mixin.py:104} INFO - [2022-10-31 20:38:04,381] {dag.py:1818} INFO - Sync 1 DAGs
[2022-10-31 20:38:04,393] {logging_mixin.py:104} INFO - [2022-10-31 20:38:04,393] {dag.py:2273} INFO - Setting next_dagrun for example_short_circuit_operator to 2022-10-29 00:00:00+00:00
[2022-10-31 20:38:04,399] {scheduler_job.py:190} INFO - Processing /home/airflow/.local/lib/python3.6/site-packages/airflow/example_dags/example_short_circuit_operator.py took 0.049 seconds
[2022-10-31 20:38:34,464] {scheduler_job.py:182} INFO - Started process (PID=88) to work on /home/airflow/.local/lib/python3.6/site-packages/airflow/example_dags/example_short_circuit_operator.py
[2022-10-31 20:38:34,464] {scheduler_job.py:629} INFO - Processing file /home/airflow/.local/lib/python3.6/site-packages/airflow/example_dags/example_short_circuit_operator.py for tasks to queue
[2022-10-31 20:38:34,465] {logging_mixin.py:104} INFO - [2022-10-31 20:38:34,465] {dagbag.py:448} INFO - Filling up the DagBag from /home/airflow/.local/lib/python3.6/site-packages/airflow/example_dags/example_short_circuit_operator.py
[2022-10-31 20:38:34,474] {scheduler_job.py:639} INFO - DAG(s) dict_keys(['example_short_circuit_operator']) retrieved from /home/airflow/.local/lib/python3.6/site-packages/airflow/example_dags/example_short_circuit_operator.py
[2022-10-31 20:38:34,487] {logging_mixin.py:104} INFO - [2022-10-31 20:38:34,487] {dag.py:1818} INFO - Sync 1 DAGs
[2022-10-31 20:38:34,497] {logging_mixin.py:104} INFO - [2022-10-31 20:38:34,497] {dag.py:2273} INFO - Setting next_dagrun for example_short_circuit_operator to 2022-10-29 00:00:00+00:00
[2022-10-31 20:38:34,502] {scheduler_job.py:190} INFO - Processing /home/airflow/.local/lib/python3.6/site-packages/airflow/example_dags/example_short_circuit_operator.py took 0.040 seconds
[2022-10-31 20:39:05,527] {scheduler_job.py:182} INFO - Started process (PID=139) to work on /home/airflow/.local/lib/python3.6/site-packages/airflow/example_dags/example_short_circuit_operator.py
[2022-10-31 20:39:05,528] {scheduler_job.py:629} INFO - Processing file /home/airflow/.local/lib/python3.6/site-packages/airflow/example_dags/example_short_circuit_operator.py for tasks to queue
[2022-10-31 20:39:05,528] {logging_mixin.py:104} INFO - [2022-10-31 20:39:05,528] {dagbag.py:448} INFO - Filling up the DagBag from /home/airflow/.local/lib/python3.6/site-packages/airflow/example_dags/example_short_circuit_operator.py
[2022-10-31 20:39:05,537] {scheduler_job.py:639} INFO - DAG(s) dict_keys(['example_short_circuit_operator']) retrieved from /home/airflow/.local/lib/python3.6/site-packages/airflow/example_dags/example_short_circuit_operator.py
[2022-10-31 20:39:05,551] {logging_mixin.py:104} INFO - [2022-10-31 20:39:05,551] {dag.py:1818} INFO - Sync 1 DAGs
[2022-10-31 20:39:05,561] {logging_mixin.py:104} INFO - [2022-10-31 20:39:05,561] {dag.py:2273} INFO - Setting next_dagrun for example_short_circuit_operator to 2022-10-29 00:00:00+00:00
[2022-10-31 20:39:05,567] {scheduler_job.py:190} INFO - Processing /home/airflow/.local/lib/python3.6/site-packages/airflow/example_dags/example_short_circuit_operator.py took 0.042 seconds
[2022-10-31 20:39:36,449] {scheduler_job.py:182} INFO - Started process (PID=165) to work on /home/airflow/.local/lib/python3.6/site-packages/airflow/example_dags/example_short_circuit_operator.py
[2022-10-31 20:39:36,449] {scheduler_job.py:629} INFO - Processing file /home/airflow/.local/lib/python3.6/site-packages/airflow/example_dags/example_short_circuit_operator.py for tasks to queue
[2022-10-31 20:39:36,450] {logging_mixin.py:104} INFO - [2022-10-31 20:39:36,450] {dagbag.py:448} INFO - Filling up the DagBag from /home/airflow/.local/lib/python3.6/site-packages/airflow/example_dags/example_short_circuit_operator.py
[2022-10-31 20:39:36,458] {scheduler_job.py:639} INFO - DAG(s) dict_keys(['example_short_circuit_operator']) retrieved from /home/airflow/.local/lib/python3.6/site-packages/airflow/example_dags/example_short_circuit_operator.py
[2022-10-31 20:39:36,471] {logging_mixin.py:104} INFO - [2022-10-31 20:39:36,471] {dag.py:1818} INFO - Sync 1 DAGs
[2022-10-31 20:39:36,480] {logging_mixin.py:104} INFO - [2022-10-31 20:39:36,480] {dag.py:2273} INFO - Setting next_dagrun for example_short_circuit_operator to 2022-10-29 00:00:00+00:00
[2022-10-31 20:39:36,486] {scheduler_job.py:190} INFO - Processing /home/airflow/.local/lib/python3.6/site-packages/airflow/example_dags/example_short_circuit_operator.py took 0.039 seconds
[2022-10-31 20:40:07,391] {scheduler_job.py:182} INFO - Started process (PID=191) to work on /home/airflow/.local/lib/python3.6/site-packages/airflow/example_dags/example_short_circuit_operator.py
[2022-10-31 20:40:07,392] {scheduler_job.py:629} INFO - Processing file /home/airflow/.local/lib/python3.6/site-packages/airflow/example_dags/example_short_circuit_operator.py for tasks to queue
[2022-10-31 20:40:07,392] {logging_mixin.py:104} INFO - [2022-10-31 20:40:07,392] {dagbag.py:448} INFO - Filling up the DagBag from /home/airflow/.local/lib/python3.6/site-packages/airflow/example_dags/example_short_circuit_operator.py
[2022-10-31 20:40:07,400] {scheduler_job.py:639} INFO - DAG(s) dict_keys(['example_short_circuit_operator']) retrieved from /home/airflow/.local/lib/python3.6/site-packages/airflow/example_dags/example_short_circuit_operator.py
[2022-10-31 20:40:07,413] {logging_mixin.py:104} INFO - [2022-10-31 20:40:07,413] {dag.py:1818} INFO - Sync 1 DAGs
[2022-10-31 20:40:07,424] {logging_mixin.py:104} INFO - [2022-10-31 20:40:07,423] {dag.py:2273} INFO - Setting next_dagrun for example_short_circuit_operator to 2022-10-29 00:00:00+00:00
[2022-10-31 20:40:07,429] {scheduler_job.py:190} INFO - Processing /home/airflow/.local/lib/python3.6/site-packages/airflow/example_dags/example_short_circuit_operator.py took 0.040 seconds
[2022-10-31 20:40:38,264] {scheduler_job.py:182} INFO - Started process (PID=217) to work on /home/airflow/.local/lib/python3.6/site-packages/airflow/example_dags/example_short_circuit_operator.py
[2022-10-31 20:40:38,264] {scheduler_job.py:629} INFO - Processing file /home/airflow/.local/lib/python3.6/site-packages/airflow/example_dags/example_short_circuit_operator.py for tasks to queue
[2022-10-31 20:40:38,265] {logging_mixin.py:104} INFO - [2022-10-31 20:40:38,265] {dagbag.py:448} INFO - Filling up the DagBag from /home/airflow/.local/lib/python3.6/site-packages/airflow/example_dags/example_short_circuit_operator.py
[2022-10-31 20:40:38,274] {scheduler_job.py:639} INFO - DAG(s) dict_keys(['example_short_circuit_operator']) retrieved from /home/airflow/.local/lib/python3.6/site-packages/airflow/example_dags/example_short_circuit_operator.py
[2022-10-31 20:40:38,287] {logging_mixin.py:104} INFO - [2022-10-31 20:40:38,287] {dag.py:1818} INFO - Sync 1 DAGs
[2022-10-31 20:40:38,297] {logging_mixin.py:104} INFO - [2022-10-31 20:40:38,297] {dag.py:2273} INFO - Setting next_dagrun for example_short_circuit_operator to 2022-10-29 00:00:00+00:00
[2022-10-31 20:40:38,302] {scheduler_job.py:190} INFO - Processing /home/airflow/.local/lib/python3.6/site-packages/airflow/example_dags/example_short_circuit_operator.py took 0.041 seconds
[2022-10-31 20:41:09,171] {scheduler_job.py:182} INFO - Started process (PID=243) to work on /home/airflow/.local/lib/python3.6/site-packages/airflow/example_dags/example_short_circuit_operator.py
[2022-10-31 20:41:09,172] {scheduler_job.py:629} INFO - Processing file /home/airflow/.local/lib/python3.6/site-packages/airflow/example_dags/example_short_circuit_operator.py for tasks to queue
[2022-10-31 20:41:09,172] {logging_mixin.py:104} INFO - [2022-10-31 20:41:09,172] {dagbag.py:448} INFO - Filling up the DagBag from /home/airflow/.local/lib/python3.6/site-packages/airflow/example_dags/example_short_circuit_operator.py
[2022-10-31 20:41:09,181] {scheduler_job.py:639} INFO - DAG(s) dict_keys(['example_short_circuit_operator']) retrieved from /home/airflow/.local/lib/python3.6/site-packages/airflow/example_dags/example_short_circuit_operator.py
[2022-10-31 20:41:09,195] {logging_mixin.py:104} INFO - [2022-10-31 20:41:09,195] {dag.py:1818} INFO - Sync 1 DAGs
[2022-10-31 20:41:09,206] {logging_mixin.py:104} INFO - [2022-10-31 20:41:09,205] {dag.py:2273} INFO - Setting next_dagrun for example_short_circuit_operator to 2022-10-29 00:00:00+00:00
[2022-10-31 20:41:09,212] {scheduler_job.py:190} INFO - Processing /home/airflow/.local/lib/python3.6/site-packages/airflow/example_dags/example_short_circuit_operator.py took 0.043 seconds
[2022-10-31 20:41:40,153] {scheduler_job.py:182} INFO - Started process (PID=269) to work on /home/airflow/.local/lib/python3.6/site-packages/airflow/example_dags/example_short_circuit_operator.py
[2022-10-31 20:41:40,153] {scheduler_job.py:629} INFO - Processing file /home/airflow/.local/lib/python3.6/site-packages/airflow/example_dags/example_short_circuit_operator.py for tasks to queue
[2022-10-31 20:41:40,154] {logging_mixin.py:104} INFO - [2022-10-31 20:41:40,153] {dagbag.py:448} INFO - Filling up the DagBag from /home/airflow/.local/lib/python3.6/site-packages/airflow/example_dags/example_short_circuit_operator.py
[2022-10-31 20:41:40,162] {scheduler_job.py:639} INFO - DAG(s) dict_keys(['example_short_circuit_operator']) retrieved from /home/airflow/.local/lib/python3.6/site-packages/airflow/example_dags/example_short_circuit_operator.py
[2022-10-31 20:41:40,176] {logging_mixin.py:104} INFO - [2022-10-31 20:41:40,176] {dag.py:1818} INFO - Sync 1 DAGs
[2022-10-31 20:41:40,187] {logging_mixin.py:104} INFO - [2022-10-31 20:41:40,186] {dag.py:2273} INFO - Setting next_dagrun for example_short_circuit_operator to 2022-10-29 00:00:00+00:00
[2022-10-31 20:41:40,192] {scheduler_job.py:190} INFO - Processing /home/airflow/.local/lib/python3.6/site-packages/airflow/example_dags/example_short_circuit_operator.py took 0.042 seconds
[2022-10-31 20:42:10,990] {scheduler_job.py:182} INFO - Started process (PID=295) to work on /home/airflow/.local/lib/python3.6/site-packages/airflow/example_dags/example_short_circuit_operator.py
[2022-10-31 20:42:10,991] {scheduler_job.py:629} INFO - Processing file /home/airflow/.local/lib/python3.6/site-packages/airflow/example_dags/example_short_circuit_operator.py for tasks to queue
[2022-10-31 20:42:10,992] {logging_mixin.py:104} INFO - [2022-10-31 20:42:10,992] {dagbag.py:448} INFO - Filling up the DagBag from /home/airflow/.local/lib/python3.6/site-packages/airflow/example_dags/example_short_circuit_operator.py
[2022-10-31 20:42:11,003] {scheduler_job.py:639} INFO - DAG(s) dict_keys(['example_short_circuit_operator']) retrieved from /home/airflow/.local/lib/python3.6/site-packages/airflow/example_dags/example_short_circuit_operator.py
[2022-10-31 20:42:11,020] {logging_mixin.py:104} INFO - [2022-10-31 20:42:11,020] {dag.py:1818} INFO - Sync 1 DAGs
[2022-10-31 20:42:11,034] {logging_mixin.py:104} INFO - [2022-10-31 20:42:11,034] {dag.py:2273} INFO - Setting next_dagrun for example_short_circuit_operator to 2022-10-29 00:00:00+00:00
[2022-10-31 20:42:11,042] {scheduler_job.py:190} INFO - Processing /home/airflow/.local/lib/python3.6/site-packages/airflow/example_dags/example_short_circuit_operator.py took 0.055 seconds
[2022-10-31 20:42:41,788] {scheduler_job.py:182} INFO - Started process (PID=323) to work on /home/airflow/.local/lib/python3.6/site-packages/airflow/example_dags/example_short_circuit_operator.py
[2022-10-31 20:42:41,788] {scheduler_job.py:629} INFO - Processing file /home/airflow/.local/lib/python3.6/site-packages/airflow/example_dags/example_short_circuit_operator.py for tasks to queue
[2022-10-31 20:42:41,789] {logging_mixin.py:104} INFO - [2022-10-31 20:42:41,789] {dagbag.py:448} INFO - Filling up the DagBag from /home/airflow/.local/lib/python3.6/site-packages/airflow/example_dags/example_short_circuit_operator.py
[2022-10-31 20:42:41,798] {scheduler_job.py:639} INFO - DAG(s) dict_keys(['example_short_circuit_operator']) retrieved from /home/airflow/.local/lib/python3.6/site-packages/airflow/example_dags/example_short_circuit_operator.py
[2022-10-31 20:42:41,812] {logging_mixin.py:104} INFO - [2022-10-31 20:42:41,811] {dag.py:1818} INFO - Sync 1 DAGs
[2022-10-31 20:42:41,822] {logging_mixin.py:104} INFO - [2022-10-31 20:42:41,822] {dag.py:2273} INFO - Setting next_dagrun for example_short_circuit_operator to 2022-10-29 00:00:00+00:00
[2022-10-31 20:42:41,829] {scheduler_job.py:190} INFO - Processing /home/airflow/.local/lib/python3.6/site-packages/airflow/example_dags/example_short_circuit_operator.py took 0.044 seconds
[2022-10-31 20:43:11,944] {scheduler_job.py:182} INFO - Started process (PID=350) to work on /home/airflow/.local/lib/python3.6/site-packages/airflow/example_dags/example_short_circuit_operator.py
[2022-10-31 20:43:11,945] {scheduler_job.py:629} INFO - Processing file /home/airflow/.local/lib/python3.6/site-packages/airflow/example_dags/example_short_circuit_operator.py for tasks to queue
[2022-10-31 20:43:11,945] {logging_mixin.py:104} INFO - [2022-10-31 20:43:11,945] {dagbag.py:448} INFO - Filling up the DagBag from /home/airflow/.local/lib/python3.6/site-packages/airflow/example_dags/example_short_circuit_operator.py
[2022-10-31 20:43:11,954] {scheduler_job.py:639} INFO - DAG(s) dict_keys(['example_short_circuit_operator']) retrieved from /home/airflow/.local/lib/python3.6/site-packages/airflow/example_dags/example_short_circuit_operator.py
[2022-10-31 20:43:11,968] {logging_mixin.py:104} INFO - [2022-10-31 20:43:11,968] {dag.py:1818} INFO - Sync 1 DAGs
[2022-10-31 20:43:11,978] {logging_mixin.py:104} INFO - [2022-10-31 20:43:11,978] {dag.py:2273} INFO - Setting next_dagrun for example_short_circuit_operator to 2022-10-29 00:00:00+00:00
[2022-10-31 20:43:11,985] {scheduler_job.py:190} INFO - Processing /home/airflow/.local/lib/python3.6/site-packages/airflow/example_dags/example_short_circuit_operator.py took 0.043 seconds
[2022-10-31 20:43:42,235] {scheduler_job.py:182} INFO - Started process (PID=381) to work on /home/airflow/.local/lib/python3.6/site-packages/airflow/example_dags/example_short_circuit_operator.py
[2022-10-31 20:43:42,236] {scheduler_job.py:629} INFO - Processing file /home/airflow/.local/lib/python3.6/site-packages/airflow/example_dags/example_short_circuit_operator.py for tasks to queue
[2022-10-31 20:43:42,236] {logging_mixin.py:104} INFO - [2022-10-31 20:43:42,236] {dagbag.py:448} INFO - Filling up the DagBag from /home/airflow/.local/lib/python3.6/site-packages/airflow/example_dags/example_short_circuit_operator.py
[2022-10-31 20:43:42,245] {scheduler_job.py:639} INFO - DAG(s) dict_keys(['example_short_circuit_operator']) retrieved from /home/airflow/.local/lib/python3.6/site-packages/airflow/example_dags/example_short_circuit_operator.py
[2022-10-31 20:43:42,259] {logging_mixin.py:104} INFO - [2022-10-31 20:43:42,258] {dag.py:1818} INFO - Sync 1 DAGs
[2022-10-31 20:43:42,271] {logging_mixin.py:104} INFO - [2022-10-31 20:43:42,271] {dag.py:2273} INFO - Setting next_dagrun for example_short_circuit_operator to 2022-10-29 00:00:00+00:00
[2022-10-31 20:43:42,276] {scheduler_job.py:190} INFO - Processing /home/airflow/.local/lib/python3.6/site-packages/airflow/example_dags/example_short_circuit_operator.py took 0.043 seconds
[2022-10-31 20:44:12,507] {scheduler_job.py:182} INFO - Started process (PID=406) to work on /home/airflow/.local/lib/python3.6/site-packages/airflow/example_dags/example_short_circuit_operator.py
[2022-10-31 20:44:12,507] {scheduler_job.py:629} INFO - Processing file /home/airflow/.local/lib/python3.6/site-packages/airflow/example_dags/example_short_circuit_operator.py for tasks to queue
[2022-10-31 20:44:12,508] {logging_mixin.py:104} INFO - [2022-10-31 20:44:12,508] {dagbag.py:448} INFO - Filling up the DagBag from /home/airflow/.local/lib/python3.6/site-packages/airflow/example_dags/example_short_circuit_operator.py
[2022-10-31 20:44:12,517] {scheduler_job.py:639} INFO - DAG(s) dict_keys(['example_short_circuit_operator']) retrieved from /home/airflow/.local/lib/python3.6/site-packages/airflow/example_dags/example_short_circuit_operator.py
[2022-10-31 20:44:12,530] {logging_mixin.py:104} INFO - [2022-10-31 20:44:12,530] {dag.py:1818} INFO - Sync 1 DAGs
[2022-10-31 20:44:12,542] {logging_mixin.py:104} INFO - [2022-10-31 20:44:12,542] {dag.py:2273} INFO - Setting next_dagrun for example_short_circuit_operator to 2022-10-29 00:00:00+00:00
[2022-10-31 20:44:12,547] {scheduler_job.py:190} INFO - Processing /home/airflow/.local/lib/python3.6/site-packages/airflow/example_dags/example_short_circuit_operator.py took 0.042 seconds
