[2022-10-31 20:34:27,588] {scheduler_job.py:182} INFO - Started process (PID=43) to work on /home/airflow/.local/lib/python3.6/site-packages/airflow/example_dags/example_bash_operator.py
[2022-10-31 20:34:27,588] {scheduler_job.py:629} INFO - Processing file /home/airflow/.local/lib/python3.6/site-packages/airflow/example_dags/example_bash_operator.py for tasks to queue
[2022-10-31 20:34:27,589] {logging_mixin.py:104} INFO - [2022-10-31 20:34:27,588] {dagbag.py:448} INFO - Filling up the DagBag from /home/airflow/.local/lib/python3.6/site-packages/airflow/example_dags/example_bash_operator.py
[2022-10-31 20:34:27,598] {scheduler_job.py:639} INFO - DAG(s) dict_keys(['example_bash_operator']) retrieved from /home/airflow/.local/lib/python3.6/site-packages/airflow/example_dags/example_bash_operator.py
[2022-10-31 20:34:27,612] {logging_mixin.py:104} INFO - [2022-10-31 20:34:27,612] {dag.py:1818} INFO - Sync 1 DAGs
[2022-10-31 20:34:27,619] {logging_mixin.py:104} INFO - [2022-10-31 20:34:27,619] {dag.py:1837} INFO - Creating ORM DAG for example_bash_operator
[2022-10-31 20:34:27,627] {logging_mixin.py:104} INFO - [2022-10-31 20:34:27,627] {dag.py:2273} INFO - Setting next_dagrun for example_bash_operator to 2022-10-29 00:00:00+00:00
[2022-10-31 20:34:27,636] {scheduler_job.py:190} INFO - Processing /home/airflow/.local/lib/python3.6/site-packages/airflow/example_dags/example_bash_operator.py took 0.050 seconds
[2022-10-31 20:34:58,462] {scheduler_job.py:182} INFO - Started process (PID=69) to work on /home/airflow/.local/lib/python3.6/site-packages/airflow/example_dags/example_bash_operator.py
[2022-10-31 20:34:58,463] {scheduler_job.py:629} INFO - Processing file /home/airflow/.local/lib/python3.6/site-packages/airflow/example_dags/example_bash_operator.py for tasks to queue
[2022-10-31 20:34:58,463] {logging_mixin.py:104} INFO - [2022-10-31 20:34:58,463] {dagbag.py:448} INFO - Filling up the DagBag from /home/airflow/.local/lib/python3.6/site-packages/airflow/example_dags/example_bash_operator.py
[2022-10-31 20:34:58,473] {scheduler_job.py:639} INFO - DAG(s) dict_keys(['example_bash_operator']) retrieved from /home/airflow/.local/lib/python3.6/site-packages/airflow/example_dags/example_bash_operator.py
[2022-10-31 20:34:58,487] {logging_mixin.py:104} INFO - [2022-10-31 20:34:58,487] {dag.py:1818} INFO - Sync 1 DAGs
[2022-10-31 20:34:58,501] {logging_mixin.py:104} INFO - [2022-10-31 20:34:58,501] {dag.py:2273} INFO - Setting next_dagrun for example_bash_operator to 2022-10-29 00:00:00+00:00
[2022-10-31 20:34:58,507] {scheduler_job.py:190} INFO - Processing /home/airflow/.local/lib/python3.6/site-packages/airflow/example_dags/example_bash_operator.py took 0.047 seconds
[2022-10-31 20:35:29,232] {scheduler_job.py:182} INFO - Started process (PID=95) to work on /home/airflow/.local/lib/python3.6/site-packages/airflow/example_dags/example_bash_operator.py
[2022-10-31 20:35:29,233] {scheduler_job.py:629} INFO - Processing file /home/airflow/.local/lib/python3.6/site-packages/airflow/example_dags/example_bash_operator.py for tasks to queue
[2022-10-31 20:35:29,233] {logging_mixin.py:104} INFO - [2022-10-31 20:35:29,233] {dagbag.py:448} INFO - Filling up the DagBag from /home/airflow/.local/lib/python3.6/site-packages/airflow/example_dags/example_bash_operator.py
[2022-10-31 20:35:29,242] {scheduler_job.py:639} INFO - DAG(s) dict_keys(['example_bash_operator']) retrieved from /home/airflow/.local/lib/python3.6/site-packages/airflow/example_dags/example_bash_operator.py
[2022-10-31 20:35:29,255] {logging_mixin.py:104} INFO - [2022-10-31 20:35:29,255] {dag.py:1818} INFO - Sync 1 DAGs
[2022-10-31 20:35:29,269] {logging_mixin.py:104} INFO - [2022-10-31 20:35:29,269] {dag.py:2273} INFO - Setting next_dagrun for example_bash_operator to 2022-10-29 00:00:00+00:00
[2022-10-31 20:35:29,275] {scheduler_job.py:190} INFO - Processing /home/airflow/.local/lib/python3.6/site-packages/airflow/example_dags/example_bash_operator.py took 0.045 seconds
[2022-10-31 20:36:00,076] {scheduler_job.py:182} INFO - Started process (PID=121) to work on /home/airflow/.local/lib/python3.6/site-packages/airflow/example_dags/example_bash_operator.py
[2022-10-31 20:36:00,077] {scheduler_job.py:629} INFO - Processing file /home/airflow/.local/lib/python3.6/site-packages/airflow/example_dags/example_bash_operator.py for tasks to queue
[2022-10-31 20:36:00,077] {logging_mixin.py:104} INFO - [2022-10-31 20:36:00,077] {dagbag.py:448} INFO - Filling up the DagBag from /home/airflow/.local/lib/python3.6/site-packages/airflow/example_dags/example_bash_operator.py
[2022-10-31 20:36:00,086] {scheduler_job.py:639} INFO - DAG(s) dict_keys(['example_bash_operator']) retrieved from /home/airflow/.local/lib/python3.6/site-packages/airflow/example_dags/example_bash_operator.py
[2022-10-31 20:36:00,100] {logging_mixin.py:104} INFO - [2022-10-31 20:36:00,099] {dag.py:1818} INFO - Sync 1 DAGs
[2022-10-31 20:36:00,115] {logging_mixin.py:104} INFO - [2022-10-31 20:36:00,115] {dag.py:2273} INFO - Setting next_dagrun for example_bash_operator to 2022-10-29 00:00:00+00:00
[2022-10-31 20:36:00,122] {scheduler_job.py:190} INFO - Processing /home/airflow/.local/lib/python3.6/site-packages/airflow/example_dags/example_bash_operator.py took 0.048 seconds
[2022-10-31 20:36:30,962] {scheduler_job.py:182} INFO - Started process (PID=147) to work on /home/airflow/.local/lib/python3.6/site-packages/airflow/example_dags/example_bash_operator.py
[2022-10-31 20:36:30,963] {scheduler_job.py:629} INFO - Processing file /home/airflow/.local/lib/python3.6/site-packages/airflow/example_dags/example_bash_operator.py for tasks to queue
[2022-10-31 20:36:30,963] {logging_mixin.py:104} INFO - [2022-10-31 20:36:30,963] {dagbag.py:448} INFO - Filling up the DagBag from /home/airflow/.local/lib/python3.6/site-packages/airflow/example_dags/example_bash_operator.py
[2022-10-31 20:36:30,972] {scheduler_job.py:639} INFO - DAG(s) dict_keys(['example_bash_operator']) retrieved from /home/airflow/.local/lib/python3.6/site-packages/airflow/example_dags/example_bash_operator.py
[2022-10-31 20:36:30,985] {logging_mixin.py:104} INFO - [2022-10-31 20:36:30,985] {dag.py:1818} INFO - Sync 1 DAGs
[2022-10-31 20:36:31,000] {logging_mixin.py:104} INFO - [2022-10-31 20:36:31,000] {dag.py:2273} INFO - Setting next_dagrun for example_bash_operator to 2022-10-29 00:00:00+00:00
[2022-10-31 20:36:31,007] {scheduler_job.py:190} INFO - Processing /home/airflow/.local/lib/python3.6/site-packages/airflow/example_dags/example_bash_operator.py took 0.046 seconds
[2022-10-31 20:37:01,749] {scheduler_job.py:182} INFO - Started process (PID=173) to work on /home/airflow/.local/lib/python3.6/site-packages/airflow/example_dags/example_bash_operator.py
[2022-10-31 20:37:01,750] {scheduler_job.py:629} INFO - Processing file /home/airflow/.local/lib/python3.6/site-packages/airflow/example_dags/example_bash_operator.py for tasks to queue
[2022-10-31 20:37:01,751] {logging_mixin.py:104} INFO - [2022-10-31 20:37:01,751] {dagbag.py:448} INFO - Filling up the DagBag from /home/airflow/.local/lib/python3.6/site-packages/airflow/example_dags/example_bash_operator.py
[2022-10-31 20:37:01,758] {scheduler_job.py:639} INFO - DAG(s) dict_keys(['example_bash_operator']) retrieved from /home/airflow/.local/lib/python3.6/site-packages/airflow/example_dags/example_bash_operator.py
[2022-10-31 20:37:01,771] {logging_mixin.py:104} INFO - [2022-10-31 20:37:01,771] {dag.py:1818} INFO - Sync 1 DAGs
[2022-10-31 20:37:01,785] {logging_mixin.py:104} INFO - [2022-10-31 20:37:01,785] {dag.py:2273} INFO - Setting next_dagrun for example_bash_operator to 2022-10-29 00:00:00+00:00
[2022-10-31 20:37:01,791] {scheduler_job.py:190} INFO - Processing /home/airflow/.local/lib/python3.6/site-packages/airflow/example_dags/example_bash_operator.py took 0.043 seconds
[2022-10-31 20:37:34,010] {scheduler_job.py:182} INFO - Started process (PID=31) to work on /home/airflow/.local/lib/python3.6/site-packages/airflow/example_dags/example_bash_operator.py
[2022-10-31 20:37:34,011] {scheduler_job.py:629} INFO - Processing file /home/airflow/.local/lib/python3.6/site-packages/airflow/example_dags/example_bash_operator.py for tasks to queue
[2022-10-31 20:37:34,012] {logging_mixin.py:104} INFO - [2022-10-31 20:37:34,012] {dagbag.py:448} INFO - Filling up the DagBag from /home/airflow/.local/lib/python3.6/site-packages/airflow/example_dags/example_bash_operator.py
[2022-10-31 20:37:34,030] {scheduler_job.py:639} INFO - DAG(s) dict_keys(['example_bash_operator']) retrieved from /home/airflow/.local/lib/python3.6/site-packages/airflow/example_dags/example_bash_operator.py
[2022-10-31 20:37:34,046] {logging_mixin.py:104} INFO - [2022-10-31 20:37:34,046] {dag.py:1818} INFO - Sync 1 DAGs
[2022-10-31 20:37:34,065] {logging_mixin.py:104} INFO - [2022-10-31 20:37:34,065] {dag.py:2273} INFO - Setting next_dagrun for example_bash_operator to 2022-10-29 00:00:00+00:00
[2022-10-31 20:37:34,081] {scheduler_job.py:190} INFO - Processing /home/airflow/.local/lib/python3.6/site-packages/airflow/example_dags/example_bash_operator.py took 0.073 seconds
[2022-10-31 20:38:04,186] {scheduler_job.py:182} INFO - Started process (PID=57) to work on /home/airflow/.local/lib/python3.6/site-packages/airflow/example_dags/example_bash_operator.py
[2022-10-31 20:38:04,186] {scheduler_job.py:629} INFO - Processing file /home/airflow/.local/lib/python3.6/site-packages/airflow/example_dags/example_bash_operator.py for tasks to queue
[2022-10-31 20:38:04,187] {logging_mixin.py:104} INFO - [2022-10-31 20:38:04,187] {dagbag.py:448} INFO - Filling up the DagBag from /home/airflow/.local/lib/python3.6/site-packages/airflow/example_dags/example_bash_operator.py
[2022-10-31 20:38:04,197] {scheduler_job.py:639} INFO - DAG(s) dict_keys(['example_bash_operator']) retrieved from /home/airflow/.local/lib/python3.6/site-packages/airflow/example_dags/example_bash_operator.py
[2022-10-31 20:38:04,212] {logging_mixin.py:104} INFO - [2022-10-31 20:38:04,212] {dag.py:1818} INFO - Sync 1 DAGs
[2022-10-31 20:38:04,228] {logging_mixin.py:104} INFO - [2022-10-31 20:38:04,228] {dag.py:2273} INFO - Setting next_dagrun for example_bash_operator to 2022-10-29 00:00:00+00:00
[2022-10-31 20:38:04,234] {scheduler_job.py:190} INFO - Processing /home/airflow/.local/lib/python3.6/site-packages/airflow/example_dags/example_bash_operator.py took 0.051 seconds
[2022-10-31 20:38:34,305] {scheduler_job.py:182} INFO - Started process (PID=84) to work on /home/airflow/.local/lib/python3.6/site-packages/airflow/example_dags/example_bash_operator.py
[2022-10-31 20:38:34,305] {scheduler_job.py:629} INFO - Processing file /home/airflow/.local/lib/python3.6/site-packages/airflow/example_dags/example_bash_operator.py for tasks to queue
[2022-10-31 20:38:34,306] {logging_mixin.py:104} INFO - [2022-10-31 20:38:34,306] {dagbag.py:448} INFO - Filling up the DagBag from /home/airflow/.local/lib/python3.6/site-packages/airflow/example_dags/example_bash_operator.py
[2022-10-31 20:38:34,316] {scheduler_job.py:639} INFO - DAG(s) dict_keys(['example_bash_operator']) retrieved from /home/airflow/.local/lib/python3.6/site-packages/airflow/example_dags/example_bash_operator.py
[2022-10-31 20:38:34,330] {logging_mixin.py:104} INFO - [2022-10-31 20:38:34,330] {dag.py:1818} INFO - Sync 1 DAGs
[2022-10-31 20:38:34,346] {logging_mixin.py:104} INFO - [2022-10-31 20:38:34,345] {dag.py:2273} INFO - Setting next_dagrun for example_bash_operator to 2022-10-29 00:00:00+00:00
[2022-10-31 20:38:34,352] {scheduler_job.py:190} INFO - Processing /home/airflow/.local/lib/python3.6/site-packages/airflow/example_dags/example_bash_operator.py took 0.049 seconds
[2022-10-31 20:39:05,294] {scheduler_job.py:182} INFO - Started process (PID=132) to work on /home/airflow/.local/lib/python3.6/site-packages/airflow/example_dags/example_bash_operator.py
[2022-10-31 20:39:05,295] {scheduler_job.py:629} INFO - Processing file /home/airflow/.local/lib/python3.6/site-packages/airflow/example_dags/example_bash_operator.py for tasks to queue
[2022-10-31 20:39:05,296] {logging_mixin.py:104} INFO - [2022-10-31 20:39:05,296] {dagbag.py:448} INFO - Filling up the DagBag from /home/airflow/.local/lib/python3.6/site-packages/airflow/example_dags/example_bash_operator.py
[2022-10-31 20:39:05,306] {scheduler_job.py:639} INFO - DAG(s) dict_keys(['example_bash_operator']) retrieved from /home/airflow/.local/lib/python3.6/site-packages/airflow/example_dags/example_bash_operator.py
[2022-10-31 20:39:05,322] {logging_mixin.py:104} INFO - [2022-10-31 20:39:05,322] {dag.py:1818} INFO - Sync 1 DAGs
[2022-10-31 20:39:05,338] {logging_mixin.py:104} INFO - [2022-10-31 20:39:05,338] {dag.py:2273} INFO - Setting next_dagrun for example_bash_operator to 2022-10-31 00:00:00+00:00
[2022-10-31 20:39:05,345] {scheduler_job.py:190} INFO - Processing /home/airflow/.local/lib/python3.6/site-packages/airflow/example_dags/example_bash_operator.py took 0.053 seconds
[2022-10-31 20:39:36,246] {scheduler_job.py:182} INFO - Started process (PID=158) to work on /home/airflow/.local/lib/python3.6/site-packages/airflow/example_dags/example_bash_operator.py
[2022-10-31 20:39:36,247] {scheduler_job.py:629} INFO - Processing file /home/airflow/.local/lib/python3.6/site-packages/airflow/example_dags/example_bash_operator.py for tasks to queue
[2022-10-31 20:39:36,247] {logging_mixin.py:104} INFO - [2022-10-31 20:39:36,247] {dagbag.py:448} INFO - Filling up the DagBag from /home/airflow/.local/lib/python3.6/site-packages/airflow/example_dags/example_bash_operator.py
[2022-10-31 20:39:36,256] {scheduler_job.py:639} INFO - DAG(s) dict_keys(['example_bash_operator']) retrieved from /home/airflow/.local/lib/python3.6/site-packages/airflow/example_dags/example_bash_operator.py
[2022-10-31 20:39:36,269] {logging_mixin.py:104} INFO - [2022-10-31 20:39:36,269] {dag.py:1818} INFO - Sync 1 DAGs
[2022-10-31 20:39:36,281] {logging_mixin.py:104} INFO - [2022-10-31 20:39:36,281] {dag.py:2273} INFO - Setting next_dagrun for example_bash_operator to 2022-10-31 00:00:00+00:00
[2022-10-31 20:39:36,287] {scheduler_job.py:190} INFO - Processing /home/airflow/.local/lib/python3.6/site-packages/airflow/example_dags/example_bash_operator.py took 0.042 seconds
[2022-10-31 20:40:07,186] {scheduler_job.py:182} INFO - Started process (PID=184) to work on /home/airflow/.local/lib/python3.6/site-packages/airflow/example_dags/example_bash_operator.py
[2022-10-31 20:40:07,187] {scheduler_job.py:629} INFO - Processing file /home/airflow/.local/lib/python3.6/site-packages/airflow/example_dags/example_bash_operator.py for tasks to queue
[2022-10-31 20:40:07,187] {logging_mixin.py:104} INFO - [2022-10-31 20:40:07,187] {dagbag.py:448} INFO - Filling up the DagBag from /home/airflow/.local/lib/python3.6/site-packages/airflow/example_dags/example_bash_operator.py
[2022-10-31 20:40:07,196] {scheduler_job.py:639} INFO - DAG(s) dict_keys(['example_bash_operator']) retrieved from /home/airflow/.local/lib/python3.6/site-packages/airflow/example_dags/example_bash_operator.py
[2022-10-31 20:40:07,210] {logging_mixin.py:104} INFO - [2022-10-31 20:40:07,210] {dag.py:1818} INFO - Sync 1 DAGs
[2022-10-31 20:40:07,222] {logging_mixin.py:104} INFO - [2022-10-31 20:40:07,222] {dag.py:2273} INFO - Setting next_dagrun for example_bash_operator to 2022-10-31 00:00:00+00:00
[2022-10-31 20:40:07,228] {scheduler_job.py:190} INFO - Processing /home/airflow/.local/lib/python3.6/site-packages/airflow/example_dags/example_bash_operator.py took 0.044 seconds
[2022-10-31 20:40:38,062] {scheduler_job.py:182} INFO - Started process (PID=210) to work on /home/airflow/.local/lib/python3.6/site-packages/airflow/example_dags/example_bash_operator.py
[2022-10-31 20:40:38,062] {scheduler_job.py:629} INFO - Processing file /home/airflow/.local/lib/python3.6/site-packages/airflow/example_dags/example_bash_operator.py for tasks to queue
[2022-10-31 20:40:38,063] {logging_mixin.py:104} INFO - [2022-10-31 20:40:38,063] {dagbag.py:448} INFO - Filling up the DagBag from /home/airflow/.local/lib/python3.6/site-packages/airflow/example_dags/example_bash_operator.py
[2022-10-31 20:40:38,071] {scheduler_job.py:639} INFO - DAG(s) dict_keys(['example_bash_operator']) retrieved from /home/airflow/.local/lib/python3.6/site-packages/airflow/example_dags/example_bash_operator.py
[2022-10-31 20:40:38,085] {logging_mixin.py:104} INFO - [2022-10-31 20:40:38,085] {dag.py:1818} INFO - Sync 1 DAGs
[2022-10-31 20:40:38,097] {logging_mixin.py:104} INFO - [2022-10-31 20:40:38,097] {dag.py:2273} INFO - Setting next_dagrun for example_bash_operator to 2022-10-31 00:00:00+00:00
[2022-10-31 20:40:38,103] {scheduler_job.py:190} INFO - Processing /home/airflow/.local/lib/python3.6/site-packages/airflow/example_dags/example_bash_operator.py took 0.043 seconds
[2022-10-31 20:41:09,000] {scheduler_job.py:182} INFO - Started process (PID=236) to work on /home/airflow/.local/lib/python3.6/site-packages/airflow/example_dags/example_bash_operator.py
[2022-10-31 20:41:09,001] {scheduler_job.py:629} INFO - Processing file /home/airflow/.local/lib/python3.6/site-packages/airflow/example_dags/example_bash_operator.py for tasks to queue
[2022-10-31 20:41:09,001] {logging_mixin.py:104} INFO - [2022-10-31 20:41:09,001] {dagbag.py:448} INFO - Filling up the DagBag from /home/airflow/.local/lib/python3.6/site-packages/airflow/example_dags/example_bash_operator.py
[2022-10-31 20:41:09,013] {scheduler_job.py:639} INFO - DAG(s) dict_keys(['example_bash_operator']) retrieved from /home/airflow/.local/lib/python3.6/site-packages/airflow/example_dags/example_bash_operator.py
[2022-10-31 20:41:09,030] {logging_mixin.py:104} INFO - [2022-10-31 20:41:09,030] {dag.py:1818} INFO - Sync 1 DAGs
[2022-10-31 20:41:09,044] {logging_mixin.py:104} INFO - [2022-10-31 20:41:09,044] {dag.py:2273} INFO - Setting next_dagrun for example_bash_operator to 2022-10-31 00:00:00+00:00
[2022-10-31 20:41:09,050] {scheduler_job.py:190} INFO - Processing /home/airflow/.local/lib/python3.6/site-packages/airflow/example_dags/example_bash_operator.py took 0.053 seconds
[2022-10-31 20:41:39,889] {scheduler_job.py:182} INFO - Started process (PID=262) to work on /home/airflow/.local/lib/python3.6/site-packages/airflow/example_dags/example_bash_operator.py
[2022-10-31 20:41:39,890] {scheduler_job.py:629} INFO - Processing file /home/airflow/.local/lib/python3.6/site-packages/airflow/example_dags/example_bash_operator.py for tasks to queue
[2022-10-31 20:41:39,890] {logging_mixin.py:104} INFO - [2022-10-31 20:41:39,890] {dagbag.py:448} INFO - Filling up the DagBag from /home/airflow/.local/lib/python3.6/site-packages/airflow/example_dags/example_bash_operator.py
[2022-10-31 20:41:39,898] {scheduler_job.py:639} INFO - DAG(s) dict_keys(['example_bash_operator']) retrieved from /home/airflow/.local/lib/python3.6/site-packages/airflow/example_dags/example_bash_operator.py
[2022-10-31 20:41:39,912] {logging_mixin.py:104} INFO - [2022-10-31 20:41:39,912] {dag.py:1818} INFO - Sync 1 DAGs
[2022-10-31 20:41:39,924] {logging_mixin.py:104} INFO - [2022-10-31 20:41:39,924] {dag.py:2273} INFO - Setting next_dagrun for example_bash_operator to 2022-10-31 00:00:00+00:00
[2022-10-31 20:41:39,930] {scheduler_job.py:190} INFO - Processing /home/airflow/.local/lib/python3.6/site-packages/airflow/example_dags/example_bash_operator.py took 0.042 seconds
[2022-10-31 20:42:10,771] {scheduler_job.py:182} INFO - Started process (PID=288) to work on /home/airflow/.local/lib/python3.6/site-packages/airflow/example_dags/example_bash_operator.py
[2022-10-31 20:42:10,772] {scheduler_job.py:629} INFO - Processing file /home/airflow/.local/lib/python3.6/site-packages/airflow/example_dags/example_bash_operator.py for tasks to queue
[2022-10-31 20:42:10,772] {logging_mixin.py:104} INFO - [2022-10-31 20:42:10,772] {dagbag.py:448} INFO - Filling up the DagBag from /home/airflow/.local/lib/python3.6/site-packages/airflow/example_dags/example_bash_operator.py
[2022-10-31 20:42:10,784] {scheduler_job.py:639} INFO - DAG(s) dict_keys(['example_bash_operator']) retrieved from /home/airflow/.local/lib/python3.6/site-packages/airflow/example_dags/example_bash_operator.py
[2022-10-31 20:42:10,804] {logging_mixin.py:104} INFO - [2022-10-31 20:42:10,804] {dag.py:1818} INFO - Sync 1 DAGs
[2022-10-31 20:42:10,817] {logging_mixin.py:104} INFO - [2022-10-31 20:42:10,817] {dag.py:2273} INFO - Setting next_dagrun for example_bash_operator to 2022-10-31 00:00:00+00:00
[2022-10-31 20:42:10,829] {scheduler_job.py:190} INFO - Processing /home/airflow/.local/lib/python3.6/site-packages/airflow/example_dags/example_bash_operator.py took 0.059 seconds
[2022-10-31 20:42:41,490] {scheduler_job.py:182} INFO - Started process (PID=316) to work on /home/airflow/.local/lib/python3.6/site-packages/airflow/example_dags/example_bash_operator.py
[2022-10-31 20:42:41,491] {scheduler_job.py:629} INFO - Processing file /home/airflow/.local/lib/python3.6/site-packages/airflow/example_dags/example_bash_operator.py for tasks to queue
[2022-10-31 20:42:41,491] {logging_mixin.py:104} INFO - [2022-10-31 20:42:41,491] {dagbag.py:448} INFO - Filling up the DagBag from /home/airflow/.local/lib/python3.6/site-packages/airflow/example_dags/example_bash_operator.py
[2022-10-31 20:42:41,501] {scheduler_job.py:639} INFO - DAG(s) dict_keys(['example_bash_operator']) retrieved from /home/airflow/.local/lib/python3.6/site-packages/airflow/example_dags/example_bash_operator.py
[2022-10-31 20:42:41,516] {logging_mixin.py:104} INFO - [2022-10-31 20:42:41,516] {dag.py:1818} INFO - Sync 1 DAGs
[2022-10-31 20:42:41,531] {logging_mixin.py:104} INFO - [2022-10-31 20:42:41,531] {dag.py:2273} INFO - Setting next_dagrun for example_bash_operator to 2022-10-31 00:00:00+00:00
[2022-10-31 20:42:41,539] {scheduler_job.py:190} INFO - Processing /home/airflow/.local/lib/python3.6/site-packages/airflow/example_dags/example_bash_operator.py took 0.052 seconds
[2022-10-31 20:43:11,672] {scheduler_job.py:182} INFO - Started process (PID=343) to work on /home/airflow/.local/lib/python3.6/site-packages/airflow/example_dags/example_bash_operator.py
[2022-10-31 20:43:11,673] {scheduler_job.py:629} INFO - Processing file /home/airflow/.local/lib/python3.6/site-packages/airflow/example_dags/example_bash_operator.py for tasks to queue
[2022-10-31 20:43:11,673] {logging_mixin.py:104} INFO - [2022-10-31 20:43:11,673] {dagbag.py:448} INFO - Filling up the DagBag from /home/airflow/.local/lib/python3.6/site-packages/airflow/example_dags/example_bash_operator.py
[2022-10-31 20:43:11,683] {scheduler_job.py:639} INFO - DAG(s) dict_keys(['example_bash_operator']) retrieved from /home/airflow/.local/lib/python3.6/site-packages/airflow/example_dags/example_bash_operator.py
[2022-10-31 20:43:11,697] {logging_mixin.py:104} INFO - [2022-10-31 20:43:11,697] {dag.py:1818} INFO - Sync 1 DAGs
[2022-10-31 20:43:11,710] {logging_mixin.py:104} INFO - [2022-10-31 20:43:11,710] {dag.py:2273} INFO - Setting next_dagrun for example_bash_operator to 2022-10-31 00:00:00+00:00
[2022-10-31 20:43:11,728] {scheduler_job.py:190} INFO - Processing /home/airflow/.local/lib/python3.6/site-packages/airflow/example_dags/example_bash_operator.py took 0.059 seconds
[2022-10-31 20:43:42,019] {scheduler_job.py:182} INFO - Started process (PID=373) to work on /home/airflow/.local/lib/python3.6/site-packages/airflow/example_dags/example_bash_operator.py
[2022-10-31 20:43:42,020] {scheduler_job.py:629} INFO - Processing file /home/airflow/.local/lib/python3.6/site-packages/airflow/example_dags/example_bash_operator.py for tasks to queue
[2022-10-31 20:43:42,020] {logging_mixin.py:104} INFO - [2022-10-31 20:43:42,020] {dagbag.py:448} INFO - Filling up the DagBag from /home/airflow/.local/lib/python3.6/site-packages/airflow/example_dags/example_bash_operator.py
[2022-10-31 20:43:42,029] {scheduler_job.py:639} INFO - DAG(s) dict_keys(['example_bash_operator']) retrieved from /home/airflow/.local/lib/python3.6/site-packages/airflow/example_dags/example_bash_operator.py
[2022-10-31 20:43:42,043] {logging_mixin.py:104} INFO - [2022-10-31 20:43:42,043] {dag.py:1818} INFO - Sync 1 DAGs
[2022-10-31 20:43:42,055] {logging_mixin.py:104} INFO - [2022-10-31 20:43:42,055] {dag.py:2273} INFO - Setting next_dagrun for example_bash_operator to 2022-10-31 00:00:00+00:00
[2022-10-31 20:43:42,062] {scheduler_job.py:190} INFO - Processing /home/airflow/.local/lib/python3.6/site-packages/airflow/example_dags/example_bash_operator.py took 0.045 seconds
[2022-10-31 20:44:12,300] {scheduler_job.py:182} INFO - Started process (PID=400) to work on /home/airflow/.local/lib/python3.6/site-packages/airflow/example_dags/example_bash_operator.py
[2022-10-31 20:44:12,301] {scheduler_job.py:629} INFO - Processing file /home/airflow/.local/lib/python3.6/site-packages/airflow/example_dags/example_bash_operator.py for tasks to queue
[2022-10-31 20:44:12,301] {logging_mixin.py:104} INFO - [2022-10-31 20:44:12,301] {dagbag.py:448} INFO - Filling up the DagBag from /home/airflow/.local/lib/python3.6/site-packages/airflow/example_dags/example_bash_operator.py
[2022-10-31 20:44:12,309] {scheduler_job.py:639} INFO - DAG(s) dict_keys(['example_bash_operator']) retrieved from /home/airflow/.local/lib/python3.6/site-packages/airflow/example_dags/example_bash_operator.py
[2022-10-31 20:44:12,323] {logging_mixin.py:104} INFO - [2022-10-31 20:44:12,323] {dag.py:1818} INFO - Sync 1 DAGs
[2022-10-31 20:44:12,335] {logging_mixin.py:104} INFO - [2022-10-31 20:44:12,335] {dag.py:2273} INFO - Setting next_dagrun for example_bash_operator to 2022-10-31 00:00:00+00:00
[2022-10-31 20:44:12,342] {scheduler_job.py:190} INFO - Processing /home/airflow/.local/lib/python3.6/site-packages/airflow/example_dags/example_bash_operator.py took 0.044 seconds
