[2022-10-31 20:34:27,144] {scheduler_job.py:182} INFO - Started process (PID=31) to work on /home/airflow/.local/lib/python3.6/site-packages/airflow/example_dags/tutorial.py
[2022-10-31 20:34:27,145] {scheduler_job.py:629} INFO - Processing file /home/airflow/.local/lib/python3.6/site-packages/airflow/example_dags/tutorial.py for tasks to queue
[2022-10-31 20:34:27,145] {logging_mixin.py:104} INFO - [2022-10-31 20:34:27,145] {dagbag.py:448} INFO - Filling up the DagBag from /home/airflow/.local/lib/python3.6/site-packages/airflow/example_dags/tutorial.py
[2022-10-31 20:34:27,157] {scheduler_job.py:639} INFO - DAG(s) dict_keys(['tutorial']) retrieved from /home/airflow/.local/lib/python3.6/site-packages/airflow/example_dags/tutorial.py
[2022-10-31 20:34:27,172] {logging_mixin.py:104} INFO - [2022-10-31 20:34:27,171] {dag.py:1818} INFO - Sync 1 DAGs
[2022-10-31 20:34:27,178] {logging_mixin.py:104} INFO - [2022-10-31 20:34:27,178] {dag.py:1837} INFO - Creating ORM DAG for tutorial
[2022-10-31 20:34:27,181] {logging_mixin.py:104} INFO - [2022-10-31 20:34:27,181] {dag.py:2273} INFO - Setting next_dagrun for tutorial to 2022-10-29 00:00:00+00:00
[2022-10-31 20:34:27,190] {scheduler_job.py:190} INFO - Processing /home/airflow/.local/lib/python3.6/site-packages/airflow/example_dags/tutorial.py took 0.048 seconds
[2022-10-31 20:34:58,040] {scheduler_job.py:182} INFO - Started process (PID=57) to work on /home/airflow/.local/lib/python3.6/site-packages/airflow/example_dags/tutorial.py
[2022-10-31 20:34:58,042] {scheduler_job.py:629} INFO - Processing file /home/airflow/.local/lib/python3.6/site-packages/airflow/example_dags/tutorial.py for tasks to queue
[2022-10-31 20:34:58,043] {logging_mixin.py:104} INFO - [2022-10-31 20:34:58,043] {dagbag.py:448} INFO - Filling up the DagBag from /home/airflow/.local/lib/python3.6/site-packages/airflow/example_dags/tutorial.py
[2022-10-31 20:34:58,056] {scheduler_job.py:639} INFO - DAG(s) dict_keys(['tutorial']) retrieved from /home/airflow/.local/lib/python3.6/site-packages/airflow/example_dags/tutorial.py
[2022-10-31 20:34:58,072] {logging_mixin.py:104} INFO - [2022-10-31 20:34:58,072] {dag.py:1818} INFO - Sync 1 DAGs
[2022-10-31 20:34:58,082] {logging_mixin.py:104} INFO - [2022-10-31 20:34:58,082] {dag.py:2273} INFO - Setting next_dagrun for tutorial to 2022-10-29 00:00:00+00:00
[2022-10-31 20:34:58,096] {scheduler_job.py:190} INFO - Processing /home/airflow/.local/lib/python3.6/site-packages/airflow/example_dags/tutorial.py took 0.062 seconds
[2022-10-31 20:35:28,881] {scheduler_job.py:182} INFO - Started process (PID=83) to work on /home/airflow/.local/lib/python3.6/site-packages/airflow/example_dags/tutorial.py
[2022-10-31 20:35:28,881] {scheduler_job.py:629} INFO - Processing file /home/airflow/.local/lib/python3.6/site-packages/airflow/example_dags/tutorial.py for tasks to queue
[2022-10-31 20:35:28,882] {logging_mixin.py:104} INFO - [2022-10-31 20:35:28,882] {dagbag.py:448} INFO - Filling up the DagBag from /home/airflow/.local/lib/python3.6/site-packages/airflow/example_dags/tutorial.py
[2022-10-31 20:35:28,889] {scheduler_job.py:639} INFO - DAG(s) dict_keys(['tutorial']) retrieved from /home/airflow/.local/lib/python3.6/site-packages/airflow/example_dags/tutorial.py
[2022-10-31 20:35:28,905] {logging_mixin.py:104} INFO - [2022-10-31 20:35:28,905] {dag.py:1818} INFO - Sync 1 DAGs
[2022-10-31 20:35:28,918] {logging_mixin.py:104} INFO - [2022-10-31 20:35:28,918] {dag.py:2273} INFO - Setting next_dagrun for tutorial to 2022-10-29 00:00:00+00:00
[2022-10-31 20:35:28,925] {scheduler_job.py:190} INFO - Processing /home/airflow/.local/lib/python3.6/site-packages/airflow/example_dags/tutorial.py took 0.047 seconds
[2022-10-31 20:35:59,692] {scheduler_job.py:182} INFO - Started process (PID=109) to work on /home/airflow/.local/lib/python3.6/site-packages/airflow/example_dags/tutorial.py
[2022-10-31 20:35:59,692] {scheduler_job.py:629} INFO - Processing file /home/airflow/.local/lib/python3.6/site-packages/airflow/example_dags/tutorial.py for tasks to queue
[2022-10-31 20:35:59,693] {logging_mixin.py:104} INFO - [2022-10-31 20:35:59,693] {dagbag.py:448} INFO - Filling up the DagBag from /home/airflow/.local/lib/python3.6/site-packages/airflow/example_dags/tutorial.py
[2022-10-31 20:35:59,699] {scheduler_job.py:639} INFO - DAG(s) dict_keys(['tutorial']) retrieved from /home/airflow/.local/lib/python3.6/site-packages/airflow/example_dags/tutorial.py
[2022-10-31 20:35:59,713] {logging_mixin.py:104} INFO - [2022-10-31 20:35:59,713] {dag.py:1818} INFO - Sync 1 DAGs
[2022-10-31 20:35:59,722] {logging_mixin.py:104} INFO - [2022-10-31 20:35:59,722] {dag.py:2273} INFO - Setting next_dagrun for tutorial to 2022-10-29 00:00:00+00:00
[2022-10-31 20:35:59,738] {scheduler_job.py:190} INFO - Processing /home/airflow/.local/lib/python3.6/site-packages/airflow/example_dags/tutorial.py took 0.048 seconds
[2022-10-31 20:36:30,508] {scheduler_job.py:182} INFO - Started process (PID=135) to work on /home/airflow/.local/lib/python3.6/site-packages/airflow/example_dags/tutorial.py
[2022-10-31 20:36:30,509] {scheduler_job.py:629} INFO - Processing file /home/airflow/.local/lib/python3.6/site-packages/airflow/example_dags/tutorial.py for tasks to queue
[2022-10-31 20:36:30,509] {logging_mixin.py:104} INFO - [2022-10-31 20:36:30,509] {dagbag.py:448} INFO - Filling up the DagBag from /home/airflow/.local/lib/python3.6/site-packages/airflow/example_dags/tutorial.py
[2022-10-31 20:36:30,516] {scheduler_job.py:639} INFO - DAG(s) dict_keys(['tutorial']) retrieved from /home/airflow/.local/lib/python3.6/site-packages/airflow/example_dags/tutorial.py
[2022-10-31 20:36:30,530] {logging_mixin.py:104} INFO - [2022-10-31 20:36:30,530] {dag.py:1818} INFO - Sync 1 DAGs
[2022-10-31 20:36:30,540] {logging_mixin.py:104} INFO - [2022-10-31 20:36:30,540] {dag.py:2273} INFO - Setting next_dagrun for tutorial to 2022-10-29 00:00:00+00:00
[2022-10-31 20:36:30,556] {scheduler_job.py:190} INFO - Processing /home/airflow/.local/lib/python3.6/site-packages/airflow/example_dags/tutorial.py took 0.050 seconds
[2022-10-31 20:37:01,380] {scheduler_job.py:182} INFO - Started process (PID=161) to work on /home/airflow/.local/lib/python3.6/site-packages/airflow/example_dags/tutorial.py
[2022-10-31 20:37:01,381] {scheduler_job.py:629} INFO - Processing file /home/airflow/.local/lib/python3.6/site-packages/airflow/example_dags/tutorial.py for tasks to queue
[2022-10-31 20:37:01,382] {logging_mixin.py:104} INFO - [2022-10-31 20:37:01,381] {dagbag.py:448} INFO - Filling up the DagBag from /home/airflow/.local/lib/python3.6/site-packages/airflow/example_dags/tutorial.py
[2022-10-31 20:37:01,390] {scheduler_job.py:639} INFO - DAG(s) dict_keys(['tutorial']) retrieved from /home/airflow/.local/lib/python3.6/site-packages/airflow/example_dags/tutorial.py
[2022-10-31 20:37:01,413] {logging_mixin.py:104} INFO - [2022-10-31 20:37:01,412] {dag.py:1818} INFO - Sync 1 DAGs
[2022-10-31 20:37:01,424] {logging_mixin.py:104} INFO - [2022-10-31 20:37:01,424] {dag.py:2273} INFO - Setting next_dagrun for tutorial to 2022-10-29 00:00:00+00:00
[2022-10-31 20:37:01,435] {scheduler_job.py:190} INFO - Processing /home/airflow/.local/lib/python3.6/site-packages/airflow/example_dags/tutorial.py took 0.059 seconds
[2022-10-31 20:37:34,800] {scheduler_job.py:182} INFO - Started process (PID=49) to work on /home/airflow/.local/lib/python3.6/site-packages/airflow/example_dags/tutorial.py
[2022-10-31 20:37:34,801] {scheduler_job.py:629} INFO - Processing file /home/airflow/.local/lib/python3.6/site-packages/airflow/example_dags/tutorial.py for tasks to queue
[2022-10-31 20:37:34,801] {logging_mixin.py:104} INFO - [2022-10-31 20:37:34,801] {dagbag.py:448} INFO - Filling up the DagBag from /home/airflow/.local/lib/python3.6/site-packages/airflow/example_dags/tutorial.py
[2022-10-31 20:37:34,809] {scheduler_job.py:639} INFO - DAG(s) dict_keys(['tutorial']) retrieved from /home/airflow/.local/lib/python3.6/site-packages/airflow/example_dags/tutorial.py
[2022-10-31 20:37:34,829] {logging_mixin.py:104} INFO - [2022-10-31 20:37:34,829] {dag.py:1818} INFO - Sync 1 DAGs
[2022-10-31 20:37:34,842] {logging_mixin.py:104} INFO - [2022-10-31 20:37:34,842] {dag.py:2273} INFO - Setting next_dagrun for tutorial to 2022-10-29 00:00:00+00:00
[2022-10-31 20:37:34,852] {scheduler_job.py:190} INFO - Processing /home/airflow/.local/lib/python3.6/site-packages/airflow/example_dags/tutorial.py took 0.054 seconds
[2022-10-31 20:38:04,897] {scheduler_job.py:182} INFO - Started process (PID=75) to work on /home/airflow/.local/lib/python3.6/site-packages/airflow/example_dags/tutorial.py
[2022-10-31 20:38:04,898] {scheduler_job.py:629} INFO - Processing file /home/airflow/.local/lib/python3.6/site-packages/airflow/example_dags/tutorial.py for tasks to queue
[2022-10-31 20:38:04,899] {logging_mixin.py:104} INFO - [2022-10-31 20:38:04,899] {dagbag.py:448} INFO - Filling up the DagBag from /home/airflow/.local/lib/python3.6/site-packages/airflow/example_dags/tutorial.py
[2022-10-31 20:38:04,909] {scheduler_job.py:639} INFO - DAG(s) dict_keys(['tutorial']) retrieved from /home/airflow/.local/lib/python3.6/site-packages/airflow/example_dags/tutorial.py
[2022-10-31 20:38:04,944] {logging_mixin.py:104} INFO - [2022-10-31 20:38:04,944] {dag.py:1818} INFO - Sync 1 DAGs
[2022-10-31 20:38:04,967] {logging_mixin.py:104} INFO - [2022-10-31 20:38:04,967] {dag.py:2273} INFO - Setting next_dagrun for tutorial to 2022-10-29 00:00:00+00:00
[2022-10-31 20:38:04,976] {scheduler_job.py:190} INFO - Processing /home/airflow/.local/lib/python3.6/site-packages/airflow/example_dags/tutorial.py took 0.082 seconds
[2022-10-31 20:38:35,926] {scheduler_job.py:182} INFO - Started process (PID=101) to work on /home/airflow/.local/lib/python3.6/site-packages/airflow/example_dags/tutorial.py
[2022-10-31 20:38:35,926] {scheduler_job.py:629} INFO - Processing file /home/airflow/.local/lib/python3.6/site-packages/airflow/example_dags/tutorial.py for tasks to queue
[2022-10-31 20:38:35,927] {logging_mixin.py:104} INFO - [2022-10-31 20:38:35,927] {dagbag.py:448} INFO - Filling up the DagBag from /home/airflow/.local/lib/python3.6/site-packages/airflow/example_dags/tutorial.py
[2022-10-31 20:38:35,933] {scheduler_job.py:639} INFO - DAG(s) dict_keys(['tutorial']) retrieved from /home/airflow/.local/lib/python3.6/site-packages/airflow/example_dags/tutorial.py
[2022-10-31 20:38:35,947] {logging_mixin.py:104} INFO - [2022-10-31 20:38:35,947] {dag.py:1818} INFO - Sync 1 DAGs
[2022-10-31 20:38:35,957] {logging_mixin.py:104} INFO - [2022-10-31 20:38:35,957] {dag.py:2273} INFO - Setting next_dagrun for tutorial to 2022-10-29 00:00:00+00:00
[2022-10-31 20:38:35,962] {scheduler_job.py:190} INFO - Processing /home/airflow/.local/lib/python3.6/site-packages/airflow/example_dags/tutorial.py took 0.038 seconds
[2022-10-31 20:39:06,788] {scheduler_job.py:182} INFO - Started process (PID=148) to work on /home/airflow/.local/lib/python3.6/site-packages/airflow/example_dags/tutorial.py
[2022-10-31 20:39:06,788] {scheduler_job.py:629} INFO - Processing file /home/airflow/.local/lib/python3.6/site-packages/airflow/example_dags/tutorial.py for tasks to queue
[2022-10-31 20:39:06,789] {logging_mixin.py:104} INFO - [2022-10-31 20:39:06,789] {dagbag.py:448} INFO - Filling up the DagBag from /home/airflow/.local/lib/python3.6/site-packages/airflow/example_dags/tutorial.py
[2022-10-31 20:39:06,795] {scheduler_job.py:639} INFO - DAG(s) dict_keys(['tutorial']) retrieved from /home/airflow/.local/lib/python3.6/site-packages/airflow/example_dags/tutorial.py
[2022-10-31 20:39:06,813] {logging_mixin.py:104} INFO - [2022-10-31 20:39:06,813] {dag.py:1818} INFO - Sync 1 DAGs
[2022-10-31 20:39:06,828] {logging_mixin.py:104} INFO - [2022-10-31 20:39:06,828] {dag.py:2273} INFO - Setting next_dagrun for tutorial to 2022-10-29 00:00:00+00:00
[2022-10-31 20:39:06,837] {scheduler_job.py:190} INFO - Processing /home/airflow/.local/lib/python3.6/site-packages/airflow/example_dags/tutorial.py took 0.052 seconds
[2022-10-31 20:39:37,756] {scheduler_job.py:182} INFO - Started process (PID=174) to work on /home/airflow/.local/lib/python3.6/site-packages/airflow/example_dags/tutorial.py
[2022-10-31 20:39:37,757] {scheduler_job.py:629} INFO - Processing file /home/airflow/.local/lib/python3.6/site-packages/airflow/example_dags/tutorial.py for tasks to queue
[2022-10-31 20:39:37,757] {logging_mixin.py:104} INFO - [2022-10-31 20:39:37,757] {dagbag.py:448} INFO - Filling up the DagBag from /home/airflow/.local/lib/python3.6/site-packages/airflow/example_dags/tutorial.py
[2022-10-31 20:39:37,764] {scheduler_job.py:639} INFO - DAG(s) dict_keys(['tutorial']) retrieved from /home/airflow/.local/lib/python3.6/site-packages/airflow/example_dags/tutorial.py
[2022-10-31 20:39:37,777] {logging_mixin.py:104} INFO - [2022-10-31 20:39:37,777] {dag.py:1818} INFO - Sync 1 DAGs
[2022-10-31 20:39:37,787] {logging_mixin.py:104} INFO - [2022-10-31 20:39:37,787] {dag.py:2273} INFO - Setting next_dagrun for tutorial to 2022-10-29 00:00:00+00:00
[2022-10-31 20:39:37,792] {scheduler_job.py:190} INFO - Processing /home/airflow/.local/lib/python3.6/site-packages/airflow/example_dags/tutorial.py took 0.038 seconds
[2022-10-31 20:40:08,628] {scheduler_job.py:182} INFO - Started process (PID=200) to work on /home/airflow/.local/lib/python3.6/site-packages/airflow/example_dags/tutorial.py
[2022-10-31 20:40:08,629] {scheduler_job.py:629} INFO - Processing file /home/airflow/.local/lib/python3.6/site-packages/airflow/example_dags/tutorial.py for tasks to queue
[2022-10-31 20:40:08,629] {logging_mixin.py:104} INFO - [2022-10-31 20:40:08,629] {dagbag.py:448} INFO - Filling up the DagBag from /home/airflow/.local/lib/python3.6/site-packages/airflow/example_dags/tutorial.py
[2022-10-31 20:40:08,635] {scheduler_job.py:639} INFO - DAG(s) dict_keys(['tutorial']) retrieved from /home/airflow/.local/lib/python3.6/site-packages/airflow/example_dags/tutorial.py
[2022-10-31 20:40:08,648] {logging_mixin.py:104} INFO - [2022-10-31 20:40:08,648] {dag.py:1818} INFO - Sync 1 DAGs
[2022-10-31 20:40:08,659] {logging_mixin.py:104} INFO - [2022-10-31 20:40:08,658] {dag.py:2273} INFO - Setting next_dagrun for tutorial to 2022-10-29 00:00:00+00:00
[2022-10-31 20:40:08,664] {scheduler_job.py:190} INFO - Processing /home/airflow/.local/lib/python3.6/site-packages/airflow/example_dags/tutorial.py took 0.038 seconds
[2022-10-31 20:40:39,538] {scheduler_job.py:182} INFO - Started process (PID=226) to work on /home/airflow/.local/lib/python3.6/site-packages/airflow/example_dags/tutorial.py
[2022-10-31 20:40:39,539] {scheduler_job.py:629} INFO - Processing file /home/airflow/.local/lib/python3.6/site-packages/airflow/example_dags/tutorial.py for tasks to queue
[2022-10-31 20:40:39,539] {logging_mixin.py:104} INFO - [2022-10-31 20:40:39,539] {dagbag.py:448} INFO - Filling up the DagBag from /home/airflow/.local/lib/python3.6/site-packages/airflow/example_dags/tutorial.py
[2022-10-31 20:40:39,545] {scheduler_job.py:639} INFO - DAG(s) dict_keys(['tutorial']) retrieved from /home/airflow/.local/lib/python3.6/site-packages/airflow/example_dags/tutorial.py
[2022-10-31 20:40:39,559] {logging_mixin.py:104} INFO - [2022-10-31 20:40:39,559] {dag.py:1818} INFO - Sync 1 DAGs
[2022-10-31 20:40:39,569] {logging_mixin.py:104} INFO - [2022-10-31 20:40:39,569] {dag.py:2273} INFO - Setting next_dagrun for tutorial to 2022-10-29 00:00:00+00:00
[2022-10-31 20:40:39,575] {scheduler_job.py:190} INFO - Processing /home/airflow/.local/lib/python3.6/site-packages/airflow/example_dags/tutorial.py took 0.038 seconds
[2022-10-31 20:41:10,447] {scheduler_job.py:182} INFO - Started process (PID=252) to work on /home/airflow/.local/lib/python3.6/site-packages/airflow/example_dags/tutorial.py
[2022-10-31 20:41:10,447] {scheduler_job.py:629} INFO - Processing file /home/airflow/.local/lib/python3.6/site-packages/airflow/example_dags/tutorial.py for tasks to queue
[2022-10-31 20:41:10,448] {logging_mixin.py:104} INFO - [2022-10-31 20:41:10,448] {dagbag.py:448} INFO - Filling up the DagBag from /home/airflow/.local/lib/python3.6/site-packages/airflow/example_dags/tutorial.py
[2022-10-31 20:41:10,454] {scheduler_job.py:639} INFO - DAG(s) dict_keys(['tutorial']) retrieved from /home/airflow/.local/lib/python3.6/site-packages/airflow/example_dags/tutorial.py
[2022-10-31 20:41:10,468] {logging_mixin.py:104} INFO - [2022-10-31 20:41:10,467] {dag.py:1818} INFO - Sync 1 DAGs
[2022-10-31 20:41:10,478] {logging_mixin.py:104} INFO - [2022-10-31 20:41:10,477] {dag.py:2273} INFO - Setting next_dagrun for tutorial to 2022-10-29 00:00:00+00:00
[2022-10-31 20:41:10,483] {scheduler_job.py:190} INFO - Processing /home/airflow/.local/lib/python3.6/site-packages/airflow/example_dags/tutorial.py took 0.038 seconds
[2022-10-31 20:41:41,386] {scheduler_job.py:182} INFO - Started process (PID=278) to work on /home/airflow/.local/lib/python3.6/site-packages/airflow/example_dags/tutorial.py
[2022-10-31 20:41:41,387] {scheduler_job.py:629} INFO - Processing file /home/airflow/.local/lib/python3.6/site-packages/airflow/example_dags/tutorial.py for tasks to queue
[2022-10-31 20:41:41,387] {logging_mixin.py:104} INFO - [2022-10-31 20:41:41,387] {dagbag.py:448} INFO - Filling up the DagBag from /home/airflow/.local/lib/python3.6/site-packages/airflow/example_dags/tutorial.py
[2022-10-31 20:41:41,393] {scheduler_job.py:639} INFO - DAG(s) dict_keys(['tutorial']) retrieved from /home/airflow/.local/lib/python3.6/site-packages/airflow/example_dags/tutorial.py
[2022-10-31 20:41:41,407] {logging_mixin.py:104} INFO - [2022-10-31 20:41:41,407] {dag.py:1818} INFO - Sync 1 DAGs
[2022-10-31 20:41:41,416] {logging_mixin.py:104} INFO - [2022-10-31 20:41:41,416] {dag.py:2273} INFO - Setting next_dagrun for tutorial to 2022-10-29 00:00:00+00:00
[2022-10-31 20:41:41,422] {scheduler_job.py:190} INFO - Processing /home/airflow/.local/lib/python3.6/site-packages/airflow/example_dags/tutorial.py took 0.038 seconds
[2022-10-31 20:42:12,240] {scheduler_job.py:182} INFO - Started process (PID=304) to work on /home/airflow/.local/lib/python3.6/site-packages/airflow/example_dags/tutorial.py
[2022-10-31 20:42:12,241] {scheduler_job.py:629} INFO - Processing file /home/airflow/.local/lib/python3.6/site-packages/airflow/example_dags/tutorial.py for tasks to queue
[2022-10-31 20:42:12,242] {logging_mixin.py:104} INFO - [2022-10-31 20:42:12,242] {dagbag.py:448} INFO - Filling up the DagBag from /home/airflow/.local/lib/python3.6/site-packages/airflow/example_dags/tutorial.py
[2022-10-31 20:42:12,248] {scheduler_job.py:639} INFO - DAG(s) dict_keys(['tutorial']) retrieved from /home/airflow/.local/lib/python3.6/site-packages/airflow/example_dags/tutorial.py
[2022-10-31 20:42:12,262] {logging_mixin.py:104} INFO - [2022-10-31 20:42:12,262] {dag.py:1818} INFO - Sync 1 DAGs
[2022-10-31 20:42:12,272] {logging_mixin.py:104} INFO - [2022-10-31 20:42:12,272] {dag.py:2273} INFO - Setting next_dagrun for tutorial to 2022-10-29 00:00:00+00:00
[2022-10-31 20:42:12,278] {scheduler_job.py:190} INFO - Processing /home/airflow/.local/lib/python3.6/site-packages/airflow/example_dags/tutorial.py took 0.039 seconds
[2022-10-31 20:42:43,039] {scheduler_job.py:182} INFO - Started process (PID=332) to work on /home/airflow/.local/lib/python3.6/site-packages/airflow/example_dags/tutorial.py
[2022-10-31 20:42:43,040] {scheduler_job.py:629} INFO - Processing file /home/airflow/.local/lib/python3.6/site-packages/airflow/example_dags/tutorial.py for tasks to queue
[2022-10-31 20:42:43,040] {logging_mixin.py:104} INFO - [2022-10-31 20:42:43,040] {dagbag.py:448} INFO - Filling up the DagBag from /home/airflow/.local/lib/python3.6/site-packages/airflow/example_dags/tutorial.py
[2022-10-31 20:42:43,046] {scheduler_job.py:639} INFO - DAG(s) dict_keys(['tutorial']) retrieved from /home/airflow/.local/lib/python3.6/site-packages/airflow/example_dags/tutorial.py
[2022-10-31 20:42:43,060] {logging_mixin.py:104} INFO - [2022-10-31 20:42:43,060] {dag.py:1818} INFO - Sync 1 DAGs
[2022-10-31 20:42:43,072] {logging_mixin.py:104} INFO - [2022-10-31 20:42:43,072] {dag.py:2273} INFO - Setting next_dagrun for tutorial to 2022-10-29 00:00:00+00:00
[2022-10-31 20:42:43,079] {scheduler_job.py:190} INFO - Processing /home/airflow/.local/lib/python3.6/site-packages/airflow/example_dags/tutorial.py took 0.042 seconds
[2022-10-31 20:43:13,154] {scheduler_job.py:182} INFO - Started process (PID=359) to work on /home/airflow/.local/lib/python3.6/site-packages/airflow/example_dags/tutorial.py
[2022-10-31 20:43:13,154] {scheduler_job.py:629} INFO - Processing file /home/airflow/.local/lib/python3.6/site-packages/airflow/example_dags/tutorial.py for tasks to queue
[2022-10-31 20:43:13,155] {logging_mixin.py:104} INFO - [2022-10-31 20:43:13,155] {dagbag.py:448} INFO - Filling up the DagBag from /home/airflow/.local/lib/python3.6/site-packages/airflow/example_dags/tutorial.py
[2022-10-31 20:43:13,162] {scheduler_job.py:639} INFO - DAG(s) dict_keys(['tutorial']) retrieved from /home/airflow/.local/lib/python3.6/site-packages/airflow/example_dags/tutorial.py
[2022-10-31 20:43:13,176] {logging_mixin.py:104} INFO - [2022-10-31 20:43:13,176] {dag.py:1818} INFO - Sync 1 DAGs
[2022-10-31 20:43:13,186] {logging_mixin.py:104} INFO - [2022-10-31 20:43:13,186] {dag.py:2273} INFO - Setting next_dagrun for tutorial to 2022-10-29 00:00:00+00:00
[2022-10-31 20:43:13,192] {scheduler_job.py:190} INFO - Processing /home/airflow/.local/lib/python3.6/site-packages/airflow/example_dags/tutorial.py took 0.040 seconds
[2022-10-31 20:43:43,358] {scheduler_job.py:182} INFO - Started process (PID=386) to work on /home/airflow/.local/lib/python3.6/site-packages/airflow/example_dags/tutorial.py
[2022-10-31 20:43:43,360] {scheduler_job.py:629} INFO - Processing file /home/airflow/.local/lib/python3.6/site-packages/airflow/example_dags/tutorial.py for tasks to queue
[2022-10-31 20:43:43,360] {logging_mixin.py:104} INFO - [2022-10-31 20:43:43,360] {dagbag.py:448} INFO - Filling up the DagBag from /home/airflow/.local/lib/python3.6/site-packages/airflow/example_dags/tutorial.py
[2022-10-31 20:43:43,374] {scheduler_job.py:639} INFO - DAG(s) dict_keys(['tutorial']) retrieved from /home/airflow/.local/lib/python3.6/site-packages/airflow/example_dags/tutorial.py
[2022-10-31 20:43:43,394] {logging_mixin.py:104} INFO - [2022-10-31 20:43:43,394] {dag.py:1818} INFO - Sync 1 DAGs
[2022-10-31 20:43:43,407] {logging_mixin.py:104} INFO - [2022-10-31 20:43:43,406] {dag.py:2273} INFO - Setting next_dagrun for tutorial to 2022-10-29 00:00:00+00:00
[2022-10-31 20:43:43,412] {scheduler_job.py:190} INFO - Processing /home/airflow/.local/lib/python3.6/site-packages/airflow/example_dags/tutorial.py took 0.058 seconds
[2022-10-31 20:44:13,754] {scheduler_job.py:182} INFO - Started process (PID=416) to work on /home/airflow/.local/lib/python3.6/site-packages/airflow/example_dags/tutorial.py
[2022-10-31 20:44:13,755] {scheduler_job.py:629} INFO - Processing file /home/airflow/.local/lib/python3.6/site-packages/airflow/example_dags/tutorial.py for tasks to queue
[2022-10-31 20:44:13,755] {logging_mixin.py:104} INFO - [2022-10-31 20:44:13,755] {dagbag.py:448} INFO - Filling up the DagBag from /home/airflow/.local/lib/python3.6/site-packages/airflow/example_dags/tutorial.py
[2022-10-31 20:44:13,761] {scheduler_job.py:639} INFO - DAG(s) dict_keys(['tutorial']) retrieved from /home/airflow/.local/lib/python3.6/site-packages/airflow/example_dags/tutorial.py
[2022-10-31 20:44:13,775] {logging_mixin.py:104} INFO - [2022-10-31 20:44:13,775] {dag.py:1818} INFO - Sync 1 DAGs
[2022-10-31 20:44:13,785] {logging_mixin.py:104} INFO - [2022-10-31 20:44:13,785] {dag.py:2273} INFO - Setting next_dagrun for tutorial to 2022-10-29 00:00:00+00:00
[2022-10-31 20:44:13,790] {scheduler_job.py:190} INFO - Processing /home/airflow/.local/lib/python3.6/site-packages/airflow/example_dags/tutorial.py took 0.038 seconds
[2022-10-31 20:44:43,847] {scheduler_job.py:182} INFO - Started process (PID=442) to work on /home/airflow/.local/lib/python3.6/site-packages/airflow/example_dags/tutorial.py
[2022-10-31 20:44:43,848] {scheduler_job.py:629} INFO - Processing file /home/airflow/.local/lib/python3.6/site-packages/airflow/example_dags/tutorial.py for tasks to queue
[2022-10-31 20:44:43,848] {logging_mixin.py:104} INFO - [2022-10-31 20:44:43,848] {dagbag.py:448} INFO - Filling up the DagBag from /home/airflow/.local/lib/python3.6/site-packages/airflow/example_dags/tutorial.py
[2022-10-31 20:44:43,855] {scheduler_job.py:639} INFO - DAG(s) dict_keys(['tutorial']) retrieved from /home/airflow/.local/lib/python3.6/site-packages/airflow/example_dags/tutorial.py
[2022-10-31 20:44:43,869] {logging_mixin.py:104} INFO - [2022-10-31 20:44:43,869] {dag.py:1818} INFO - Sync 1 DAGs
[2022-10-31 20:44:43,879] {logging_mixin.py:104} INFO - [2022-10-31 20:44:43,879] {dag.py:2273} INFO - Setting next_dagrun for tutorial to 2022-10-29 00:00:00+00:00
[2022-10-31 20:44:43,891] {scheduler_job.py:190} INFO - Processing /home/airflow/.local/lib/python3.6/site-packages/airflow/example_dags/tutorial.py took 0.046 seconds
[2022-10-31 20:45:14,079] {scheduler_job.py:182} INFO - Started process (PID=470) to work on /home/airflow/.local/lib/python3.6/site-packages/airflow/example_dags/tutorial.py
[2022-10-31 20:45:14,080] {scheduler_job.py:629} INFO - Processing file /home/airflow/.local/lib/python3.6/site-packages/airflow/example_dags/tutorial.py for tasks to queue
[2022-10-31 20:45:14,080] {logging_mixin.py:104} INFO - [2022-10-31 20:45:14,080] {dagbag.py:448} INFO - Filling up the DagBag from /home/airflow/.local/lib/python3.6/site-packages/airflow/example_dags/tutorial.py
[2022-10-31 20:45:14,088] {scheduler_job.py:639} INFO - DAG(s) dict_keys(['tutorial']) retrieved from /home/airflow/.local/lib/python3.6/site-packages/airflow/example_dags/tutorial.py
[2022-10-31 20:45:14,102] {logging_mixin.py:104} INFO - [2022-10-31 20:45:14,102] {dag.py:1818} INFO - Sync 1 DAGs
[2022-10-31 20:45:14,114] {logging_mixin.py:104} INFO - [2022-10-31 20:45:14,114] {dag.py:2273} INFO - Setting next_dagrun for tutorial to 2022-10-29 00:00:00+00:00
[2022-10-31 20:45:14,129] {scheduler_job.py:190} INFO - Processing /home/airflow/.local/lib/python3.6/site-packages/airflow/example_dags/tutorial.py took 0.052 seconds
[2022-10-31 20:45:44,313] {scheduler_job.py:182} INFO - Started process (PID=498) to work on /home/airflow/.local/lib/python3.6/site-packages/airflow/example_dags/tutorial.py
[2022-10-31 20:45:44,313] {scheduler_job.py:629} INFO - Processing file /home/airflow/.local/lib/python3.6/site-packages/airflow/example_dags/tutorial.py for tasks to queue
[2022-10-31 20:45:44,314] {logging_mixin.py:104} INFO - [2022-10-31 20:45:44,314] {dagbag.py:448} INFO - Filling up the DagBag from /home/airflow/.local/lib/python3.6/site-packages/airflow/example_dags/tutorial.py
[2022-10-31 20:45:44,322] {scheduler_job.py:639} INFO - DAG(s) dict_keys(['tutorial']) retrieved from /home/airflow/.local/lib/python3.6/site-packages/airflow/example_dags/tutorial.py
[2022-10-31 20:45:44,337] {logging_mixin.py:104} INFO - [2022-10-31 20:45:44,337] {dag.py:1818} INFO - Sync 1 DAGs
[2022-10-31 20:45:44,350] {logging_mixin.py:104} INFO - [2022-10-31 20:45:44,349] {dag.py:2273} INFO - Setting next_dagrun for tutorial to 2022-10-29 00:00:00+00:00
[2022-10-31 20:45:44,361] {scheduler_job.py:190} INFO - Processing /home/airflow/.local/lib/python3.6/site-packages/airflow/example_dags/tutorial.py took 0.051 seconds
[2022-10-31 20:46:14,423] {scheduler_job.py:182} INFO - Started process (PID=526) to work on /home/airflow/.local/lib/python3.6/site-packages/airflow/example_dags/tutorial.py
[2022-10-31 20:46:14,424] {scheduler_job.py:629} INFO - Processing file /home/airflow/.local/lib/python3.6/site-packages/airflow/example_dags/tutorial.py for tasks to queue
[2022-10-31 20:46:14,424] {logging_mixin.py:104} INFO - [2022-10-31 20:46:14,424] {dagbag.py:448} INFO - Filling up the DagBag from /home/airflow/.local/lib/python3.6/site-packages/airflow/example_dags/tutorial.py
[2022-10-31 20:46:14,432] {scheduler_job.py:639} INFO - DAG(s) dict_keys(['tutorial']) retrieved from /home/airflow/.local/lib/python3.6/site-packages/airflow/example_dags/tutorial.py
[2022-10-31 20:46:14,447] {logging_mixin.py:104} INFO - [2022-10-31 20:46:14,447] {dag.py:1818} INFO - Sync 1 DAGs
[2022-10-31 20:46:14,460] {logging_mixin.py:104} INFO - [2022-10-31 20:46:14,459] {dag.py:2273} INFO - Setting next_dagrun for tutorial to 2022-10-29 00:00:00+00:00
[2022-10-31 20:46:14,466] {scheduler_job.py:190} INFO - Processing /home/airflow/.local/lib/python3.6/site-packages/airflow/example_dags/tutorial.py took 0.045 seconds
[2022-10-31 20:46:45,563] {scheduler_job.py:182} INFO - Started process (PID=556) to work on /home/airflow/.local/lib/python3.6/site-packages/airflow/example_dags/tutorial.py
[2022-10-31 20:46:45,564] {scheduler_job.py:629} INFO - Processing file /home/airflow/.local/lib/python3.6/site-packages/airflow/example_dags/tutorial.py for tasks to queue
[2022-10-31 20:46:45,564] {logging_mixin.py:104} INFO - [2022-10-31 20:46:45,564] {dagbag.py:448} INFO - Filling up the DagBag from /home/airflow/.local/lib/python3.6/site-packages/airflow/example_dags/tutorial.py
[2022-10-31 20:46:45,571] {scheduler_job.py:639} INFO - DAG(s) dict_keys(['tutorial']) retrieved from /home/airflow/.local/lib/python3.6/site-packages/airflow/example_dags/tutorial.py
[2022-10-31 20:46:45,585] {logging_mixin.py:104} INFO - [2022-10-31 20:46:45,585] {dag.py:1818} INFO - Sync 1 DAGs
[2022-10-31 20:46:45,596] {logging_mixin.py:104} INFO - [2022-10-31 20:46:45,596] {dag.py:2273} INFO - Setting next_dagrun for tutorial to 2022-10-29 00:00:00+00:00
[2022-10-31 20:46:45,602] {scheduler_job.py:190} INFO - Processing /home/airflow/.local/lib/python3.6/site-packages/airflow/example_dags/tutorial.py took 0.041 seconds
[2022-10-31 20:47:16,530] {scheduler_job.py:182} INFO - Started process (PID=584) to work on /home/airflow/.local/lib/python3.6/site-packages/airflow/example_dags/tutorial.py
[2022-10-31 20:47:16,531] {scheduler_job.py:629} INFO - Processing file /home/airflow/.local/lib/python3.6/site-packages/airflow/example_dags/tutorial.py for tasks to queue
[2022-10-31 20:47:16,531] {logging_mixin.py:104} INFO - [2022-10-31 20:47:16,531] {dagbag.py:448} INFO - Filling up the DagBag from /home/airflow/.local/lib/python3.6/site-packages/airflow/example_dags/tutorial.py
[2022-10-31 20:47:16,538] {scheduler_job.py:639} INFO - DAG(s) dict_keys(['tutorial']) retrieved from /home/airflow/.local/lib/python3.6/site-packages/airflow/example_dags/tutorial.py
[2022-10-31 20:47:16,552] {logging_mixin.py:104} INFO - [2022-10-31 20:47:16,552] {dag.py:1818} INFO - Sync 1 DAGs
[2022-10-31 20:47:16,564] {logging_mixin.py:104} INFO - [2022-10-31 20:47:16,564] {dag.py:2273} INFO - Setting next_dagrun for tutorial to 2022-10-29 00:00:00+00:00
[2022-10-31 20:47:16,571] {scheduler_job.py:190} INFO - Processing /home/airflow/.local/lib/python3.6/site-packages/airflow/example_dags/tutorial.py took 0.043 seconds
[2022-10-31 20:47:46,787] {scheduler_job.py:182} INFO - Started process (PID=612) to work on /home/airflow/.local/lib/python3.6/site-packages/airflow/example_dags/tutorial.py
[2022-10-31 20:47:46,788] {scheduler_job.py:629} INFO - Processing file /home/airflow/.local/lib/python3.6/site-packages/airflow/example_dags/tutorial.py for tasks to queue
[2022-10-31 20:47:46,788] {logging_mixin.py:104} INFO - [2022-10-31 20:47:46,788] {dagbag.py:448} INFO - Filling up the DagBag from /home/airflow/.local/lib/python3.6/site-packages/airflow/example_dags/tutorial.py
[2022-10-31 20:47:46,795] {scheduler_job.py:639} INFO - DAG(s) dict_keys(['tutorial']) retrieved from /home/airflow/.local/lib/python3.6/site-packages/airflow/example_dags/tutorial.py
[2022-10-31 20:47:46,810] {logging_mixin.py:104} INFO - [2022-10-31 20:47:46,810] {dag.py:1818} INFO - Sync 1 DAGs
[2022-10-31 20:47:46,819] {logging_mixin.py:104} INFO - [2022-10-31 20:47:46,819] {dag.py:2273} INFO - Setting next_dagrun for tutorial to 2022-10-29 00:00:00+00:00
[2022-10-31 20:47:46,825] {scheduler_job.py:190} INFO - Processing /home/airflow/.local/lib/python3.6/site-packages/airflow/example_dags/tutorial.py took 0.039 seconds
[2022-10-31 20:48:16,933] {scheduler_job.py:182} INFO - Started process (PID=640) to work on /home/airflow/.local/lib/python3.6/site-packages/airflow/example_dags/tutorial.py
[2022-10-31 20:48:16,934] {scheduler_job.py:629} INFO - Processing file /home/airflow/.local/lib/python3.6/site-packages/airflow/example_dags/tutorial.py for tasks to queue
[2022-10-31 20:48:16,934] {logging_mixin.py:104} INFO - [2022-10-31 20:48:16,934] {dagbag.py:448} INFO - Filling up the DagBag from /home/airflow/.local/lib/python3.6/site-packages/airflow/example_dags/tutorial.py
[2022-10-31 20:48:16,941] {scheduler_job.py:639} INFO - DAG(s) dict_keys(['tutorial']) retrieved from /home/airflow/.local/lib/python3.6/site-packages/airflow/example_dags/tutorial.py
[2022-10-31 20:48:16,959] {logging_mixin.py:104} INFO - [2022-10-31 20:48:16,959] {dag.py:1818} INFO - Sync 1 DAGs
[2022-10-31 20:48:16,971] {logging_mixin.py:104} INFO - [2022-10-31 20:48:16,970] {dag.py:2273} INFO - Setting next_dagrun for tutorial to 2022-10-29 00:00:00+00:00
[2022-10-31 20:48:16,977] {scheduler_job.py:190} INFO - Processing /home/airflow/.local/lib/python3.6/site-packages/airflow/example_dags/tutorial.py took 0.046 seconds
[2022-10-31 20:48:46,994] {scheduler_job.py:182} INFO - Started process (PID=667) to work on /home/airflow/.local/lib/python3.6/site-packages/airflow/example_dags/tutorial.py
[2022-10-31 20:48:46,994] {scheduler_job.py:629} INFO - Processing file /home/airflow/.local/lib/python3.6/site-packages/airflow/example_dags/tutorial.py for tasks to queue
[2022-10-31 20:48:46,995] {logging_mixin.py:104} INFO - [2022-10-31 20:48:46,995] {dagbag.py:448} INFO - Filling up the DagBag from /home/airflow/.local/lib/python3.6/site-packages/airflow/example_dags/tutorial.py
[2022-10-31 20:48:47,001] {scheduler_job.py:639} INFO - DAG(s) dict_keys(['tutorial']) retrieved from /home/airflow/.local/lib/python3.6/site-packages/airflow/example_dags/tutorial.py
[2022-10-31 20:48:47,018] {logging_mixin.py:104} INFO - [2022-10-31 20:48:47,018] {dag.py:1818} INFO - Sync 1 DAGs
[2022-10-31 20:48:47,029] {logging_mixin.py:104} INFO - [2022-10-31 20:48:47,029] {dag.py:2273} INFO - Setting next_dagrun for tutorial to 2022-10-29 00:00:00+00:00
[2022-10-31 20:48:47,035] {scheduler_job.py:190} INFO - Processing /home/airflow/.local/lib/python3.6/site-packages/airflow/example_dags/tutorial.py took 0.043 seconds
[2022-10-31 20:49:17,101] {scheduler_job.py:182} INFO - Started process (PID=694) to work on /home/airflow/.local/lib/python3.6/site-packages/airflow/example_dags/tutorial.py
[2022-10-31 20:49:17,102] {scheduler_job.py:629} INFO - Processing file /home/airflow/.local/lib/python3.6/site-packages/airflow/example_dags/tutorial.py for tasks to queue
[2022-10-31 20:49:17,102] {logging_mixin.py:104} INFO - [2022-10-31 20:49:17,102] {dagbag.py:448} INFO - Filling up the DagBag from /home/airflow/.local/lib/python3.6/site-packages/airflow/example_dags/tutorial.py
[2022-10-31 20:49:17,109] {scheduler_job.py:639} INFO - DAG(s) dict_keys(['tutorial']) retrieved from /home/airflow/.local/lib/python3.6/site-packages/airflow/example_dags/tutorial.py
[2022-10-31 20:49:17,126] {logging_mixin.py:104} INFO - [2022-10-31 20:49:17,126] {dag.py:1818} INFO - Sync 1 DAGs
[2022-10-31 20:49:17,139] {logging_mixin.py:104} INFO - [2022-10-31 20:49:17,139] {dag.py:2273} INFO - Setting next_dagrun for tutorial to 2022-10-29 00:00:00+00:00
[2022-10-31 20:49:17,146] {scheduler_job.py:190} INFO - Processing /home/airflow/.local/lib/python3.6/site-packages/airflow/example_dags/tutorial.py took 0.047 seconds
[2022-10-31 20:49:47,367] {scheduler_job.py:182} INFO - Started process (PID=720) to work on /home/airflow/.local/lib/python3.6/site-packages/airflow/example_dags/tutorial.py
[2022-10-31 20:49:47,368] {scheduler_job.py:629} INFO - Processing file /home/airflow/.local/lib/python3.6/site-packages/airflow/example_dags/tutorial.py for tasks to queue
[2022-10-31 20:49:47,368] {logging_mixin.py:104} INFO - [2022-10-31 20:49:47,368] {dagbag.py:448} INFO - Filling up the DagBag from /home/airflow/.local/lib/python3.6/site-packages/airflow/example_dags/tutorial.py
[2022-10-31 20:49:47,376] {scheduler_job.py:639} INFO - DAG(s) dict_keys(['tutorial']) retrieved from /home/airflow/.local/lib/python3.6/site-packages/airflow/example_dags/tutorial.py
[2022-10-31 20:49:47,394] {logging_mixin.py:104} INFO - [2022-10-31 20:49:47,394] {dag.py:1818} INFO - Sync 1 DAGs
[2022-10-31 20:49:47,407] {logging_mixin.py:104} INFO - [2022-10-31 20:49:47,407] {dag.py:2273} INFO - Setting next_dagrun for tutorial to 2022-10-29 00:00:00+00:00
[2022-10-31 20:49:47,414] {scheduler_job.py:190} INFO - Processing /home/airflow/.local/lib/python3.6/site-packages/airflow/example_dags/tutorial.py took 0.050 seconds
[2022-10-31 20:50:17,456] {scheduler_job.py:182} INFO - Started process (PID=748) to work on /home/airflow/.local/lib/python3.6/site-packages/airflow/example_dags/tutorial.py
[2022-10-31 20:50:17,457] {scheduler_job.py:629} INFO - Processing file /home/airflow/.local/lib/python3.6/site-packages/airflow/example_dags/tutorial.py for tasks to queue
[2022-10-31 20:50:17,457] {logging_mixin.py:104} INFO - [2022-10-31 20:50:17,457] {dagbag.py:448} INFO - Filling up the DagBag from /home/airflow/.local/lib/python3.6/site-packages/airflow/example_dags/tutorial.py
[2022-10-31 20:50:17,465] {scheduler_job.py:639} INFO - DAG(s) dict_keys(['tutorial']) retrieved from /home/airflow/.local/lib/python3.6/site-packages/airflow/example_dags/tutorial.py
[2022-10-31 20:50:17,478] {logging_mixin.py:104} INFO - [2022-10-31 20:50:17,478] {dag.py:1818} INFO - Sync 1 DAGs
[2022-10-31 20:50:17,488] {logging_mixin.py:104} INFO - [2022-10-31 20:50:17,488] {dag.py:2273} INFO - Setting next_dagrun for tutorial to 2022-10-29 00:00:00+00:00
[2022-10-31 20:50:17,493] {scheduler_job.py:190} INFO - Processing /home/airflow/.local/lib/python3.6/site-packages/airflow/example_dags/tutorial.py took 0.039 seconds
[2022-10-31 20:50:47,630] {scheduler_job.py:182} INFO - Started process (PID=776) to work on /home/airflow/.local/lib/python3.6/site-packages/airflow/example_dags/tutorial.py
[2022-10-31 20:50:47,631] {scheduler_job.py:629} INFO - Processing file /home/airflow/.local/lib/python3.6/site-packages/airflow/example_dags/tutorial.py for tasks to queue
[2022-10-31 20:50:47,632] {logging_mixin.py:104} INFO - [2022-10-31 20:50:47,631] {dagbag.py:448} INFO - Filling up the DagBag from /home/airflow/.local/lib/python3.6/site-packages/airflow/example_dags/tutorial.py
[2022-10-31 20:50:47,642] {scheduler_job.py:639} INFO - DAG(s) dict_keys(['tutorial']) retrieved from /home/airflow/.local/lib/python3.6/site-packages/airflow/example_dags/tutorial.py
[2022-10-31 20:50:47,659] {logging_mixin.py:104} INFO - [2022-10-31 20:50:47,658] {dag.py:1818} INFO - Sync 1 DAGs
[2022-10-31 20:50:47,671] {logging_mixin.py:104} INFO - [2022-10-31 20:50:47,671] {dag.py:2273} INFO - Setting next_dagrun for tutorial to 2022-10-29 00:00:00+00:00
[2022-10-31 20:50:47,679] {scheduler_job.py:190} INFO - Processing /home/airflow/.local/lib/python3.6/site-packages/airflow/example_dags/tutorial.py took 0.052 seconds
[2022-10-31 20:51:17,824] {scheduler_job.py:182} INFO - Started process (PID=803) to work on /home/airflow/.local/lib/python3.6/site-packages/airflow/example_dags/tutorial.py
[2022-10-31 20:51:17,825] {scheduler_job.py:629} INFO - Processing file /home/airflow/.local/lib/python3.6/site-packages/airflow/example_dags/tutorial.py for tasks to queue
[2022-10-31 20:51:17,825] {logging_mixin.py:104} INFO - [2022-10-31 20:51:17,825] {dagbag.py:448} INFO - Filling up the DagBag from /home/airflow/.local/lib/python3.6/site-packages/airflow/example_dags/tutorial.py
[2022-10-31 20:51:17,835] {scheduler_job.py:639} INFO - DAG(s) dict_keys(['tutorial']) retrieved from /home/airflow/.local/lib/python3.6/site-packages/airflow/example_dags/tutorial.py
[2022-10-31 20:51:17,853] {logging_mixin.py:104} INFO - [2022-10-31 20:51:17,853] {dag.py:1818} INFO - Sync 1 DAGs
[2022-10-31 20:51:17,865] {logging_mixin.py:104} INFO - [2022-10-31 20:51:17,865] {dag.py:2273} INFO - Setting next_dagrun for tutorial to 2022-10-29 00:00:00+00:00
[2022-10-31 20:51:17,871] {scheduler_job.py:190} INFO - Processing /home/airflow/.local/lib/python3.6/site-packages/airflow/example_dags/tutorial.py took 0.048 seconds
[2022-10-31 20:51:47,953] {scheduler_job.py:182} INFO - Started process (PID=831) to work on /home/airflow/.local/lib/python3.6/site-packages/airflow/example_dags/tutorial.py
[2022-10-31 20:51:47,954] {scheduler_job.py:629} INFO - Processing file /home/airflow/.local/lib/python3.6/site-packages/airflow/example_dags/tutorial.py for tasks to queue
[2022-10-31 20:51:47,955] {logging_mixin.py:104} INFO - [2022-10-31 20:51:47,955] {dagbag.py:448} INFO - Filling up the DagBag from /home/airflow/.local/lib/python3.6/site-packages/airflow/example_dags/tutorial.py
[2022-10-31 20:51:47,968] {scheduler_job.py:639} INFO - DAG(s) dict_keys(['tutorial']) retrieved from /home/airflow/.local/lib/python3.6/site-packages/airflow/example_dags/tutorial.py
[2022-10-31 20:51:47,988] {logging_mixin.py:104} INFO - [2022-10-31 20:51:47,988] {dag.py:1818} INFO - Sync 1 DAGs
[2022-10-31 20:51:48,000] {logging_mixin.py:104} INFO - [2022-10-31 20:51:47,999] {dag.py:2273} INFO - Setting next_dagrun for tutorial to 2022-10-29 00:00:00+00:00
[2022-10-31 20:51:48,006] {scheduler_job.py:190} INFO - Processing /home/airflow/.local/lib/python3.6/site-packages/airflow/example_dags/tutorial.py took 0.055 seconds
[2022-10-31 20:52:18,031] {scheduler_job.py:182} INFO - Started process (PID=859) to work on /home/airflow/.local/lib/python3.6/site-packages/airflow/example_dags/tutorial.py
[2022-10-31 20:52:18,031] {scheduler_job.py:629} INFO - Processing file /home/airflow/.local/lib/python3.6/site-packages/airflow/example_dags/tutorial.py for tasks to queue
[2022-10-31 20:52:18,032] {logging_mixin.py:104} INFO - [2022-10-31 20:52:18,032] {dagbag.py:448} INFO - Filling up the DagBag from /home/airflow/.local/lib/python3.6/site-packages/airflow/example_dags/tutorial.py
[2022-10-31 20:52:18,041] {scheduler_job.py:639} INFO - DAG(s) dict_keys(['tutorial']) retrieved from /home/airflow/.local/lib/python3.6/site-packages/airflow/example_dags/tutorial.py
[2022-10-31 20:52:18,055] {logging_mixin.py:104} INFO - [2022-10-31 20:52:18,055] {dag.py:1818} INFO - Sync 1 DAGs
[2022-10-31 20:52:18,067] {logging_mixin.py:104} INFO - [2022-10-31 20:52:18,067] {dag.py:2273} INFO - Setting next_dagrun for tutorial to 2022-10-29 00:00:00+00:00
[2022-10-31 20:52:18,074] {scheduler_job.py:190} INFO - Processing /home/airflow/.local/lib/python3.6/site-packages/airflow/example_dags/tutorial.py took 0.045 seconds
[2022-10-31 20:52:48,148] {scheduler_job.py:182} INFO - Started process (PID=886) to work on /home/airflow/.local/lib/python3.6/site-packages/airflow/example_dags/tutorial.py
[2022-10-31 20:52:48,149] {scheduler_job.py:629} INFO - Processing file /home/airflow/.local/lib/python3.6/site-packages/airflow/example_dags/tutorial.py for tasks to queue
[2022-10-31 20:52:48,150] {logging_mixin.py:104} INFO - [2022-10-31 20:52:48,150] {dagbag.py:448} INFO - Filling up the DagBag from /home/airflow/.local/lib/python3.6/site-packages/airflow/example_dags/tutorial.py
[2022-10-31 20:52:48,158] {scheduler_job.py:639} INFO - DAG(s) dict_keys(['tutorial']) retrieved from /home/airflow/.local/lib/python3.6/site-packages/airflow/example_dags/tutorial.py
[2022-10-31 20:52:48,174] {logging_mixin.py:104} INFO - [2022-10-31 20:52:48,174] {dag.py:1818} INFO - Sync 1 DAGs
[2022-10-31 20:52:48,186] {logging_mixin.py:104} INFO - [2022-10-31 20:52:48,186] {dag.py:2273} INFO - Setting next_dagrun for tutorial to 2022-10-29 00:00:00+00:00
[2022-10-31 20:52:48,193] {scheduler_job.py:190} INFO - Processing /home/airflow/.local/lib/python3.6/site-packages/airflow/example_dags/tutorial.py took 0.047 seconds
[2022-10-31 20:53:18,248] {scheduler_job.py:182} INFO - Started process (PID=913) to work on /home/airflow/.local/lib/python3.6/site-packages/airflow/example_dags/tutorial.py
[2022-10-31 20:53:18,249] {scheduler_job.py:629} INFO - Processing file /home/airflow/.local/lib/python3.6/site-packages/airflow/example_dags/tutorial.py for tasks to queue
[2022-10-31 20:53:18,250] {logging_mixin.py:104} INFO - [2022-10-31 20:53:18,250] {dagbag.py:448} INFO - Filling up the DagBag from /home/airflow/.local/lib/python3.6/site-packages/airflow/example_dags/tutorial.py
[2022-10-31 20:53:18,260] {scheduler_job.py:639} INFO - DAG(s) dict_keys(['tutorial']) retrieved from /home/airflow/.local/lib/python3.6/site-packages/airflow/example_dags/tutorial.py
[2022-10-31 20:53:18,285] {logging_mixin.py:104} INFO - [2022-10-31 20:53:18,285] {dag.py:1818} INFO - Sync 1 DAGs
[2022-10-31 20:53:18,304] {logging_mixin.py:104} INFO - [2022-10-31 20:53:18,303] {dag.py:2273} INFO - Setting next_dagrun for tutorial to 2022-10-29 00:00:00+00:00
[2022-10-31 20:53:18,315] {scheduler_job.py:190} INFO - Processing /home/airflow/.local/lib/python3.6/site-packages/airflow/example_dags/tutorial.py took 0.070 seconds
[2022-10-31 20:53:48,476] {scheduler_job.py:182} INFO - Started process (PID=941) to work on /home/airflow/.local/lib/python3.6/site-packages/airflow/example_dags/tutorial.py
[2022-10-31 20:53:48,477] {scheduler_job.py:629} INFO - Processing file /home/airflow/.local/lib/python3.6/site-packages/airflow/example_dags/tutorial.py for tasks to queue
[2022-10-31 20:53:48,478] {logging_mixin.py:104} INFO - [2022-10-31 20:53:48,478] {dagbag.py:448} INFO - Filling up the DagBag from /home/airflow/.local/lib/python3.6/site-packages/airflow/example_dags/tutorial.py
[2022-10-31 20:53:48,485] {scheduler_job.py:639} INFO - DAG(s) dict_keys(['tutorial']) retrieved from /home/airflow/.local/lib/python3.6/site-packages/airflow/example_dags/tutorial.py
[2022-10-31 20:53:48,502] {logging_mixin.py:104} INFO - [2022-10-31 20:53:48,502] {dag.py:1818} INFO - Sync 1 DAGs
[2022-10-31 20:53:48,514] {logging_mixin.py:104} INFO - [2022-10-31 20:53:48,514] {dag.py:2273} INFO - Setting next_dagrun for tutorial to 2022-10-29 00:00:00+00:00
[2022-10-31 20:53:48,520] {scheduler_job.py:190} INFO - Processing /home/airflow/.local/lib/python3.6/site-packages/airflow/example_dags/tutorial.py took 0.047 seconds
[2022-10-31 20:54:18,767] {scheduler_job.py:182} INFO - Started process (PID=969) to work on /home/airflow/.local/lib/python3.6/site-packages/airflow/example_dags/tutorial.py
[2022-10-31 20:54:18,768] {scheduler_job.py:629} INFO - Processing file /home/airflow/.local/lib/python3.6/site-packages/airflow/example_dags/tutorial.py for tasks to queue
[2022-10-31 20:54:18,768] {logging_mixin.py:104} INFO - [2022-10-31 20:54:18,768] {dagbag.py:448} INFO - Filling up the DagBag from /home/airflow/.local/lib/python3.6/site-packages/airflow/example_dags/tutorial.py
[2022-10-31 20:54:18,777] {scheduler_job.py:639} INFO - DAG(s) dict_keys(['tutorial']) retrieved from /home/airflow/.local/lib/python3.6/site-packages/airflow/example_dags/tutorial.py
[2022-10-31 20:54:18,797] {logging_mixin.py:104} INFO - [2022-10-31 20:54:18,797] {dag.py:1818} INFO - Sync 1 DAGs
[2022-10-31 20:54:18,808] {logging_mixin.py:104} INFO - [2022-10-31 20:54:18,808] {dag.py:2273} INFO - Setting next_dagrun for tutorial to 2022-10-29 00:00:00+00:00
[2022-10-31 20:54:18,815] {scheduler_job.py:190} INFO - Processing /home/airflow/.local/lib/python3.6/site-packages/airflow/example_dags/tutorial.py took 0.050 seconds
[2022-10-31 20:54:48,831] {scheduler_job.py:182} INFO - Started process (PID=997) to work on /home/airflow/.local/lib/python3.6/site-packages/airflow/example_dags/tutorial.py
[2022-10-31 20:54:48,832] {scheduler_job.py:629} INFO - Processing file /home/airflow/.local/lib/python3.6/site-packages/airflow/example_dags/tutorial.py for tasks to queue
[2022-10-31 20:54:48,832] {logging_mixin.py:104} INFO - [2022-10-31 20:54:48,832] {dagbag.py:448} INFO - Filling up the DagBag from /home/airflow/.local/lib/python3.6/site-packages/airflow/example_dags/tutorial.py
[2022-10-31 20:54:48,838] {scheduler_job.py:639} INFO - DAG(s) dict_keys(['tutorial']) retrieved from /home/airflow/.local/lib/python3.6/site-packages/airflow/example_dags/tutorial.py
[2022-10-31 20:54:48,851] {logging_mixin.py:104} INFO - [2022-10-31 20:54:48,851] {dag.py:1818} INFO - Sync 1 DAGs
[2022-10-31 20:54:48,861] {logging_mixin.py:104} INFO - [2022-10-31 20:54:48,861] {dag.py:2273} INFO - Setting next_dagrun for tutorial to 2022-10-29 00:00:00+00:00
[2022-10-31 20:54:48,866] {scheduler_job.py:190} INFO - Processing /home/airflow/.local/lib/python3.6/site-packages/airflow/example_dags/tutorial.py took 0.037 seconds
[2022-10-31 20:55:19,076] {scheduler_job.py:182} INFO - Started process (PID=1022) to work on /home/airflow/.local/lib/python3.6/site-packages/airflow/example_dags/tutorial.py
[2022-10-31 20:55:19,076] {scheduler_job.py:629} INFO - Processing file /home/airflow/.local/lib/python3.6/site-packages/airflow/example_dags/tutorial.py for tasks to queue
[2022-10-31 20:55:19,077] {logging_mixin.py:104} INFO - [2022-10-31 20:55:19,077] {dagbag.py:448} INFO - Filling up the DagBag from /home/airflow/.local/lib/python3.6/site-packages/airflow/example_dags/tutorial.py
[2022-10-31 20:55:19,084] {scheduler_job.py:639} INFO - DAG(s) dict_keys(['tutorial']) retrieved from /home/airflow/.local/lib/python3.6/site-packages/airflow/example_dags/tutorial.py
[2022-10-31 20:55:19,099] {logging_mixin.py:104} INFO - [2022-10-31 20:55:19,099] {dag.py:1818} INFO - Sync 1 DAGs
[2022-10-31 20:55:19,115] {logging_mixin.py:104} INFO - [2022-10-31 20:55:19,114] {dag.py:2273} INFO - Setting next_dagrun for tutorial to 2022-10-29 00:00:00+00:00
[2022-10-31 20:55:19,122] {scheduler_job.py:190} INFO - Processing /home/airflow/.local/lib/python3.6/site-packages/airflow/example_dags/tutorial.py took 0.050 seconds
[2022-10-31 20:55:49,253] {scheduler_job.py:182} INFO - Started process (PID=1050) to work on /home/airflow/.local/lib/python3.6/site-packages/airflow/example_dags/tutorial.py
[2022-10-31 20:55:49,254] {scheduler_job.py:629} INFO - Processing file /home/airflow/.local/lib/python3.6/site-packages/airflow/example_dags/tutorial.py for tasks to queue
[2022-10-31 20:55:49,255] {logging_mixin.py:104} INFO - [2022-10-31 20:55:49,255] {dagbag.py:448} INFO - Filling up the DagBag from /home/airflow/.local/lib/python3.6/site-packages/airflow/example_dags/tutorial.py
[2022-10-31 20:55:49,264] {scheduler_job.py:639} INFO - DAG(s) dict_keys(['tutorial']) retrieved from /home/airflow/.local/lib/python3.6/site-packages/airflow/example_dags/tutorial.py
[2022-10-31 20:55:49,285] {logging_mixin.py:104} INFO - [2022-10-31 20:55:49,284] {dag.py:1818} INFO - Sync 1 DAGs
[2022-10-31 20:55:49,299] {logging_mixin.py:104} INFO - [2022-10-31 20:55:49,299] {dag.py:2273} INFO - Setting next_dagrun for tutorial to 2022-10-29 00:00:00+00:00
[2022-10-31 20:55:49,308] {scheduler_job.py:190} INFO - Processing /home/airflow/.local/lib/python3.6/site-packages/airflow/example_dags/tutorial.py took 0.058 seconds
[2022-10-31 20:56:19,328] {scheduler_job.py:182} INFO - Started process (PID=1078) to work on /home/airflow/.local/lib/python3.6/site-packages/airflow/example_dags/tutorial.py
[2022-10-31 20:56:19,328] {scheduler_job.py:629} INFO - Processing file /home/airflow/.local/lib/python3.6/site-packages/airflow/example_dags/tutorial.py for tasks to queue
[2022-10-31 20:56:19,329] {logging_mixin.py:104} INFO - [2022-10-31 20:56:19,329] {dagbag.py:448} INFO - Filling up the DagBag from /home/airflow/.local/lib/python3.6/site-packages/airflow/example_dags/tutorial.py
[2022-10-31 20:56:19,335] {scheduler_job.py:639} INFO - DAG(s) dict_keys(['tutorial']) retrieved from /home/airflow/.local/lib/python3.6/site-packages/airflow/example_dags/tutorial.py
[2022-10-31 20:56:19,348] {logging_mixin.py:104} INFO - [2022-10-31 20:56:19,348] {dag.py:1818} INFO - Sync 1 DAGs
[2022-10-31 20:56:19,358] {logging_mixin.py:104} INFO - [2022-10-31 20:56:19,358] {dag.py:2273} INFO - Setting next_dagrun for tutorial to 2022-10-29 00:00:00+00:00
[2022-10-31 20:56:19,363] {scheduler_job.py:190} INFO - Processing /home/airflow/.local/lib/python3.6/site-packages/airflow/example_dags/tutorial.py took 0.037 seconds
[2022-10-31 20:56:49,394] {scheduler_job.py:182} INFO - Started process (PID=1104) to work on /home/airflow/.local/lib/python3.6/site-packages/airflow/example_dags/tutorial.py
[2022-10-31 20:56:49,394] {scheduler_job.py:629} INFO - Processing file /home/airflow/.local/lib/python3.6/site-packages/airflow/example_dags/tutorial.py for tasks to queue
[2022-10-31 20:56:49,395] {logging_mixin.py:104} INFO - [2022-10-31 20:56:49,395] {dagbag.py:448} INFO - Filling up the DagBag from /home/airflow/.local/lib/python3.6/site-packages/airflow/example_dags/tutorial.py
[2022-10-31 20:56:49,402] {scheduler_job.py:639} INFO - DAG(s) dict_keys(['tutorial']) retrieved from /home/airflow/.local/lib/python3.6/site-packages/airflow/example_dags/tutorial.py
[2022-10-31 20:56:49,417] {logging_mixin.py:104} INFO - [2022-10-31 20:56:49,417] {dag.py:1818} INFO - Sync 1 DAGs
[2022-10-31 20:56:49,429] {logging_mixin.py:104} INFO - [2022-10-31 20:56:49,428] {dag.py:2273} INFO - Setting next_dagrun for tutorial to 2022-10-29 00:00:00+00:00
[2022-10-31 20:56:49,441] {scheduler_job.py:190} INFO - Processing /home/airflow/.local/lib/python3.6/site-packages/airflow/example_dags/tutorial.py took 0.050 seconds
[2022-10-31 20:57:19,563] {scheduler_job.py:182} INFO - Started process (PID=1132) to work on /home/airflow/.local/lib/python3.6/site-packages/airflow/example_dags/tutorial.py
[2022-10-31 20:57:19,564] {scheduler_job.py:629} INFO - Processing file /home/airflow/.local/lib/python3.6/site-packages/airflow/example_dags/tutorial.py for tasks to queue
[2022-10-31 20:57:19,564] {logging_mixin.py:104} INFO - [2022-10-31 20:57:19,564] {dagbag.py:448} INFO - Filling up the DagBag from /home/airflow/.local/lib/python3.6/site-packages/airflow/example_dags/tutorial.py
[2022-10-31 20:57:19,572] {scheduler_job.py:639} INFO - DAG(s) dict_keys(['tutorial']) retrieved from /home/airflow/.local/lib/python3.6/site-packages/airflow/example_dags/tutorial.py
[2022-10-31 20:57:19,587] {logging_mixin.py:104} INFO - [2022-10-31 20:57:19,586] {dag.py:1818} INFO - Sync 1 DAGs
[2022-10-31 20:57:19,597] {logging_mixin.py:104} INFO - [2022-10-31 20:57:19,597] {dag.py:2273} INFO - Setting next_dagrun for tutorial to 2022-10-29 00:00:00+00:00
[2022-10-31 20:57:19,609] {scheduler_job.py:190} INFO - Processing /home/airflow/.local/lib/python3.6/site-packages/airflow/example_dags/tutorial.py took 0.049 seconds
[2022-10-31 20:57:49,725] {scheduler_job.py:182} INFO - Started process (PID=1167) to work on /home/airflow/.local/lib/python3.6/site-packages/airflow/example_dags/tutorial.py
[2022-10-31 20:57:49,726] {scheduler_job.py:629} INFO - Processing file /home/airflow/.local/lib/python3.6/site-packages/airflow/example_dags/tutorial.py for tasks to queue
[2022-10-31 20:57:49,726] {logging_mixin.py:104} INFO - [2022-10-31 20:57:49,726] {dagbag.py:448} INFO - Filling up the DagBag from /home/airflow/.local/lib/python3.6/site-packages/airflow/example_dags/tutorial.py
[2022-10-31 20:57:49,734] {scheduler_job.py:639} INFO - DAG(s) dict_keys(['tutorial']) retrieved from /home/airflow/.local/lib/python3.6/site-packages/airflow/example_dags/tutorial.py
[2022-10-31 20:57:49,748] {logging_mixin.py:104} INFO - [2022-10-31 20:57:49,748] {dag.py:1818} INFO - Sync 1 DAGs
[2022-10-31 20:57:49,758] {logging_mixin.py:104} INFO - [2022-10-31 20:57:49,758] {dag.py:2273} INFO - Setting next_dagrun for tutorial to 2022-10-29 00:00:00+00:00
[2022-10-31 20:57:49,770] {scheduler_job.py:190} INFO - Processing /home/airflow/.local/lib/python3.6/site-packages/airflow/example_dags/tutorial.py took 0.047 seconds
[2022-10-31 20:58:19,963] {scheduler_job.py:182} INFO - Started process (PID=1202) to work on /home/airflow/.local/lib/python3.6/site-packages/airflow/example_dags/tutorial.py
[2022-10-31 20:58:19,964] {scheduler_job.py:629} INFO - Processing file /home/airflow/.local/lib/python3.6/site-packages/airflow/example_dags/tutorial.py for tasks to queue
[2022-10-31 20:58:19,964] {logging_mixin.py:104} INFO - [2022-10-31 20:58:19,964] {dagbag.py:448} INFO - Filling up the DagBag from /home/airflow/.local/lib/python3.6/site-packages/airflow/example_dags/tutorial.py
[2022-10-31 20:58:19,972] {scheduler_job.py:639} INFO - DAG(s) dict_keys(['tutorial']) retrieved from /home/airflow/.local/lib/python3.6/site-packages/airflow/example_dags/tutorial.py
[2022-10-31 20:58:19,990] {logging_mixin.py:104} INFO - [2022-10-31 20:58:19,990] {dag.py:1818} INFO - Sync 1 DAGs
[2022-10-31 20:58:20,004] {logging_mixin.py:104} INFO - [2022-10-31 20:58:20,004] {dag.py:2273} INFO - Setting next_dagrun for tutorial to 2022-10-29 00:00:00+00:00
[2022-10-31 20:58:20,017] {scheduler_job.py:190} INFO - Processing /home/airflow/.local/lib/python3.6/site-packages/airflow/example_dags/tutorial.py took 0.057 seconds
[2022-10-31 20:58:50,266] {scheduler_job.py:182} INFO - Started process (PID=1230) to work on /home/airflow/.local/lib/python3.6/site-packages/airflow/example_dags/tutorial.py
[2022-10-31 20:58:50,266] {scheduler_job.py:629} INFO - Processing file /home/airflow/.local/lib/python3.6/site-packages/airflow/example_dags/tutorial.py for tasks to queue
[2022-10-31 20:58:50,267] {logging_mixin.py:104} INFO - [2022-10-31 20:58:50,267] {dagbag.py:448} INFO - Filling up the DagBag from /home/airflow/.local/lib/python3.6/site-packages/airflow/example_dags/tutorial.py
[2022-10-31 20:58:50,275] {scheduler_job.py:639} INFO - DAG(s) dict_keys(['tutorial']) retrieved from /home/airflow/.local/lib/python3.6/site-packages/airflow/example_dags/tutorial.py
[2022-10-31 20:58:50,290] {logging_mixin.py:104} INFO - [2022-10-31 20:58:50,289] {dag.py:1818} INFO - Sync 1 DAGs
[2022-10-31 20:58:50,302] {logging_mixin.py:104} INFO - [2022-10-31 20:58:50,301] {dag.py:2273} INFO - Setting next_dagrun for tutorial to 2022-10-29 00:00:00+00:00
[2022-10-31 20:58:50,314] {scheduler_job.py:190} INFO - Processing /home/airflow/.local/lib/python3.6/site-packages/airflow/example_dags/tutorial.py took 0.051 seconds
[2022-10-31 20:59:20,344] {scheduler_job.py:182} INFO - Started process (PID=1258) to work on /home/airflow/.local/lib/python3.6/site-packages/airflow/example_dags/tutorial.py
[2022-10-31 20:59:20,345] {scheduler_job.py:629} INFO - Processing file /home/airflow/.local/lib/python3.6/site-packages/airflow/example_dags/tutorial.py for tasks to queue
[2022-10-31 20:59:20,346] {logging_mixin.py:104} INFO - [2022-10-31 20:59:20,346] {dagbag.py:448} INFO - Filling up the DagBag from /home/airflow/.local/lib/python3.6/site-packages/airflow/example_dags/tutorial.py
[2022-10-31 20:59:20,354] {scheduler_job.py:639} INFO - DAG(s) dict_keys(['tutorial']) retrieved from /home/airflow/.local/lib/python3.6/site-packages/airflow/example_dags/tutorial.py
[2022-10-31 20:59:20,372] {logging_mixin.py:104} INFO - [2022-10-31 20:59:20,372] {dag.py:1818} INFO - Sync 1 DAGs
[2022-10-31 20:59:20,385] {logging_mixin.py:104} INFO - [2022-10-31 20:59:20,384] {dag.py:2273} INFO - Setting next_dagrun for tutorial to 2022-10-29 00:00:00+00:00
[2022-10-31 20:59:20,398] {scheduler_job.py:190} INFO - Processing /home/airflow/.local/lib/python3.6/site-packages/airflow/example_dags/tutorial.py took 0.056 seconds
[2022-10-31 20:59:50,476] {scheduler_job.py:182} INFO - Started process (PID=1286) to work on /home/airflow/.local/lib/python3.6/site-packages/airflow/example_dags/tutorial.py
[2022-10-31 20:59:50,477] {scheduler_job.py:629} INFO - Processing file /home/airflow/.local/lib/python3.6/site-packages/airflow/example_dags/tutorial.py for tasks to queue
[2022-10-31 20:59:50,478] {logging_mixin.py:104} INFO - [2022-10-31 20:59:50,478] {dagbag.py:448} INFO - Filling up the DagBag from /home/airflow/.local/lib/python3.6/site-packages/airflow/example_dags/tutorial.py
[2022-10-31 20:59:50,484] {scheduler_job.py:639} INFO - DAG(s) dict_keys(['tutorial']) retrieved from /home/airflow/.local/lib/python3.6/site-packages/airflow/example_dags/tutorial.py
[2022-10-31 20:59:50,499] {logging_mixin.py:104} INFO - [2022-10-31 20:59:50,499] {dag.py:1818} INFO - Sync 1 DAGs
[2022-10-31 20:59:50,515] {logging_mixin.py:104} INFO - [2022-10-31 20:59:50,515] {dag.py:2273} INFO - Setting next_dagrun for tutorial to 2022-10-29 00:00:00+00:00
[2022-10-31 20:59:50,523] {scheduler_job.py:190} INFO - Processing /home/airflow/.local/lib/python3.6/site-packages/airflow/example_dags/tutorial.py took 0.049 seconds
[2022-10-31 21:00:20,570] {scheduler_job.py:182} INFO - Started process (PID=1312) to work on /home/airflow/.local/lib/python3.6/site-packages/airflow/example_dags/tutorial.py
[2022-10-31 21:00:20,572] {scheduler_job.py:629} INFO - Processing file /home/airflow/.local/lib/python3.6/site-packages/airflow/example_dags/tutorial.py for tasks to queue
[2022-10-31 21:00:20,573] {logging_mixin.py:104} INFO - [2022-10-31 21:00:20,572] {dagbag.py:448} INFO - Filling up the DagBag from /home/airflow/.local/lib/python3.6/site-packages/airflow/example_dags/tutorial.py
[2022-10-31 21:00:20,579] {scheduler_job.py:639} INFO - DAG(s) dict_keys(['tutorial']) retrieved from /home/airflow/.local/lib/python3.6/site-packages/airflow/example_dags/tutorial.py
[2022-10-31 21:00:20,595] {logging_mixin.py:104} INFO - [2022-10-31 21:00:20,595] {dag.py:1818} INFO - Sync 1 DAGs
[2022-10-31 21:00:20,609] {logging_mixin.py:104} INFO - [2022-10-31 21:00:20,609] {dag.py:2273} INFO - Setting next_dagrun for tutorial to 2022-10-29 00:00:00+00:00
[2022-10-31 21:00:20,616] {scheduler_job.py:190} INFO - Processing /home/airflow/.local/lib/python3.6/site-packages/airflow/example_dags/tutorial.py took 0.049 seconds
[2022-10-31 21:00:50,656] {scheduler_job.py:182} INFO - Started process (PID=1340) to work on /home/airflow/.local/lib/python3.6/site-packages/airflow/example_dags/tutorial.py
[2022-10-31 21:00:50,656] {scheduler_job.py:629} INFO - Processing file /home/airflow/.local/lib/python3.6/site-packages/airflow/example_dags/tutorial.py for tasks to queue
[2022-10-31 21:00:50,657] {logging_mixin.py:104} INFO - [2022-10-31 21:00:50,657] {dagbag.py:448} INFO - Filling up the DagBag from /home/airflow/.local/lib/python3.6/site-packages/airflow/example_dags/tutorial.py
[2022-10-31 21:00:50,664] {scheduler_job.py:639} INFO - DAG(s) dict_keys(['tutorial']) retrieved from /home/airflow/.local/lib/python3.6/site-packages/airflow/example_dags/tutorial.py
[2022-10-31 21:00:50,679] {logging_mixin.py:104} INFO - [2022-10-31 21:00:50,679] {dag.py:1818} INFO - Sync 1 DAGs
[2022-10-31 21:00:50,691] {logging_mixin.py:104} INFO - [2022-10-31 21:00:50,691] {dag.py:2273} INFO - Setting next_dagrun for tutorial to 2022-10-29 00:00:00+00:00
[2022-10-31 21:00:50,697] {scheduler_job.py:190} INFO - Processing /home/airflow/.local/lib/python3.6/site-packages/airflow/example_dags/tutorial.py took 0.043 seconds
[2022-10-31 21:01:20,768] {scheduler_job.py:182} INFO - Started process (PID=1368) to work on /home/airflow/.local/lib/python3.6/site-packages/airflow/example_dags/tutorial.py
[2022-10-31 21:01:20,769] {scheduler_job.py:629} INFO - Processing file /home/airflow/.local/lib/python3.6/site-packages/airflow/example_dags/tutorial.py for tasks to queue
[2022-10-31 21:01:20,769] {logging_mixin.py:104} INFO - [2022-10-31 21:01:20,769] {dagbag.py:448} INFO - Filling up the DagBag from /home/airflow/.local/lib/python3.6/site-packages/airflow/example_dags/tutorial.py
[2022-10-31 21:01:20,776] {scheduler_job.py:639} INFO - DAG(s) dict_keys(['tutorial']) retrieved from /home/airflow/.local/lib/python3.6/site-packages/airflow/example_dags/tutorial.py
[2022-10-31 21:01:20,790] {logging_mixin.py:104} INFO - [2022-10-31 21:01:20,790] {dag.py:1818} INFO - Sync 1 DAGs
[2022-10-31 21:01:20,800] {logging_mixin.py:104} INFO - [2022-10-31 21:01:20,800] {dag.py:2273} INFO - Setting next_dagrun for tutorial to 2022-10-29 00:00:00+00:00
[2022-10-31 21:01:20,806] {scheduler_job.py:190} INFO - Processing /home/airflow/.local/lib/python3.6/site-packages/airflow/example_dags/tutorial.py took 0.040 seconds
[2022-10-31 21:01:50,984] {scheduler_job.py:182} INFO - Started process (PID=1396) to work on /home/airflow/.local/lib/python3.6/site-packages/airflow/example_dags/tutorial.py
[2022-10-31 21:01:50,985] {scheduler_job.py:629} INFO - Processing file /home/airflow/.local/lib/python3.6/site-packages/airflow/example_dags/tutorial.py for tasks to queue
[2022-10-31 21:01:50,985] {logging_mixin.py:104} INFO - [2022-10-31 21:01:50,985] {dagbag.py:448} INFO - Filling up the DagBag from /home/airflow/.local/lib/python3.6/site-packages/airflow/example_dags/tutorial.py
[2022-10-31 21:01:50,992] {scheduler_job.py:639} INFO - DAG(s) dict_keys(['tutorial']) retrieved from /home/airflow/.local/lib/python3.6/site-packages/airflow/example_dags/tutorial.py
[2022-10-31 21:01:51,007] {logging_mixin.py:104} INFO - [2022-10-31 21:01:51,007] {dag.py:1818} INFO - Sync 1 DAGs
[2022-10-31 21:01:51,018] {logging_mixin.py:104} INFO - [2022-10-31 21:01:51,018] {dag.py:2273} INFO - Setting next_dagrun for tutorial to 2022-10-29 00:00:00+00:00
[2022-10-31 21:01:51,025] {scheduler_job.py:190} INFO - Processing /home/airflow/.local/lib/python3.6/site-packages/airflow/example_dags/tutorial.py took 0.043 seconds
[2022-10-31 21:02:21,192] {scheduler_job.py:182} INFO - Started process (PID=1424) to work on /home/airflow/.local/lib/python3.6/site-packages/airflow/example_dags/tutorial.py
[2022-10-31 21:02:21,192] {scheduler_job.py:629} INFO - Processing file /home/airflow/.local/lib/python3.6/site-packages/airflow/example_dags/tutorial.py for tasks to queue
[2022-10-31 21:02:21,193] {logging_mixin.py:104} INFO - [2022-10-31 21:02:21,193] {dagbag.py:448} INFO - Filling up the DagBag from /home/airflow/.local/lib/python3.6/site-packages/airflow/example_dags/tutorial.py
[2022-10-31 21:02:21,199] {scheduler_job.py:639} INFO - DAG(s) dict_keys(['tutorial']) retrieved from /home/airflow/.local/lib/python3.6/site-packages/airflow/example_dags/tutorial.py
[2022-10-31 21:02:21,213] {logging_mixin.py:104} INFO - [2022-10-31 21:02:21,213] {dag.py:1818} INFO - Sync 1 DAGs
[2022-10-31 21:02:21,223] {logging_mixin.py:104} INFO - [2022-10-31 21:02:21,223] {dag.py:2273} INFO - Setting next_dagrun for tutorial to 2022-10-29 00:00:00+00:00
[2022-10-31 21:02:21,229] {scheduler_job.py:190} INFO - Processing /home/airflow/.local/lib/python3.6/site-packages/airflow/example_dags/tutorial.py took 0.039 seconds
[2022-10-31 21:02:51,378] {scheduler_job.py:182} INFO - Started process (PID=1452) to work on /home/airflow/.local/lib/python3.6/site-packages/airflow/example_dags/tutorial.py
[2022-10-31 21:02:51,378] {scheduler_job.py:629} INFO - Processing file /home/airflow/.local/lib/python3.6/site-packages/airflow/example_dags/tutorial.py for tasks to queue
[2022-10-31 21:02:51,379] {logging_mixin.py:104} INFO - [2022-10-31 21:02:51,379] {dagbag.py:448} INFO - Filling up the DagBag from /home/airflow/.local/lib/python3.6/site-packages/airflow/example_dags/tutorial.py
[2022-10-31 21:02:51,386] {scheduler_job.py:639} INFO - DAG(s) dict_keys(['tutorial']) retrieved from /home/airflow/.local/lib/python3.6/site-packages/airflow/example_dags/tutorial.py
[2022-10-31 21:02:51,401] {logging_mixin.py:104} INFO - [2022-10-31 21:02:51,401] {dag.py:1818} INFO - Sync 1 DAGs
[2022-10-31 21:02:51,412] {logging_mixin.py:104} INFO - [2022-10-31 21:02:51,412] {dag.py:2273} INFO - Setting next_dagrun for tutorial to 2022-10-29 00:00:00+00:00
[2022-10-31 21:02:51,417] {scheduler_job.py:190} INFO - Processing /home/airflow/.local/lib/python3.6/site-packages/airflow/example_dags/tutorial.py took 0.041 seconds
[2022-10-31 21:03:21,534] {scheduler_job.py:182} INFO - Started process (PID=1480) to work on /home/airflow/.local/lib/python3.6/site-packages/airflow/example_dags/tutorial.py
[2022-10-31 21:03:21,535] {scheduler_job.py:629} INFO - Processing file /home/airflow/.local/lib/python3.6/site-packages/airflow/example_dags/tutorial.py for tasks to queue
[2022-10-31 21:03:21,535] {logging_mixin.py:104} INFO - [2022-10-31 21:03:21,535] {dagbag.py:448} INFO - Filling up the DagBag from /home/airflow/.local/lib/python3.6/site-packages/airflow/example_dags/tutorial.py
[2022-10-31 21:03:21,544] {scheduler_job.py:639} INFO - DAG(s) dict_keys(['tutorial']) retrieved from /home/airflow/.local/lib/python3.6/site-packages/airflow/example_dags/tutorial.py
[2022-10-31 21:03:21,560] {logging_mixin.py:104} INFO - [2022-10-31 21:03:21,560] {dag.py:1818} INFO - Sync 1 DAGs
[2022-10-31 21:03:21,571] {logging_mixin.py:104} INFO - [2022-10-31 21:03:21,570] {dag.py:2273} INFO - Setting next_dagrun for tutorial to 2022-10-29 00:00:00+00:00
[2022-10-31 21:03:21,576] {scheduler_job.py:190} INFO - Processing /home/airflow/.local/lib/python3.6/site-packages/airflow/example_dags/tutorial.py took 0.044 seconds
[2022-10-31 21:03:51,629] {scheduler_job.py:182} INFO - Started process (PID=1507) to work on /home/airflow/.local/lib/python3.6/site-packages/airflow/example_dags/tutorial.py
[2022-10-31 21:03:51,630] {scheduler_job.py:629} INFO - Processing file /home/airflow/.local/lib/python3.6/site-packages/airflow/example_dags/tutorial.py for tasks to queue
[2022-10-31 21:03:51,630] {logging_mixin.py:104} INFO - [2022-10-31 21:03:51,630] {dagbag.py:448} INFO - Filling up the DagBag from /home/airflow/.local/lib/python3.6/site-packages/airflow/example_dags/tutorial.py
[2022-10-31 21:03:51,638] {scheduler_job.py:639} INFO - DAG(s) dict_keys(['tutorial']) retrieved from /home/airflow/.local/lib/python3.6/site-packages/airflow/example_dags/tutorial.py
[2022-10-31 21:03:51,653] {logging_mixin.py:104} INFO - [2022-10-31 21:03:51,653] {dag.py:1818} INFO - Sync 1 DAGs
[2022-10-31 21:03:51,664] {logging_mixin.py:104} INFO - [2022-10-31 21:03:51,664] {dag.py:2273} INFO - Setting next_dagrun for tutorial to 2022-10-29 00:00:00+00:00
[2022-10-31 21:03:51,671] {scheduler_job.py:190} INFO - Processing /home/airflow/.local/lib/python3.6/site-packages/airflow/example_dags/tutorial.py took 0.045 seconds
[2022-10-31 21:04:21,792] {scheduler_job.py:182} INFO - Started process (PID=1532) to work on /home/airflow/.local/lib/python3.6/site-packages/airflow/example_dags/tutorial.py
[2022-10-31 21:04:21,793] {scheduler_job.py:629} INFO - Processing file /home/airflow/.local/lib/python3.6/site-packages/airflow/example_dags/tutorial.py for tasks to queue
[2022-10-31 21:04:21,794] {logging_mixin.py:104} INFO - [2022-10-31 21:04:21,794] {dagbag.py:448} INFO - Filling up the DagBag from /home/airflow/.local/lib/python3.6/site-packages/airflow/example_dags/tutorial.py
[2022-10-31 21:04:21,806] {scheduler_job.py:639} INFO - DAG(s) dict_keys(['tutorial']) retrieved from /home/airflow/.local/lib/python3.6/site-packages/airflow/example_dags/tutorial.py
[2022-10-31 21:04:21,830] {logging_mixin.py:104} INFO - [2022-10-31 21:04:21,829] {dag.py:1818} INFO - Sync 1 DAGs
[2022-10-31 21:04:21,848] {logging_mixin.py:104} INFO - [2022-10-31 21:04:21,848] {dag.py:2273} INFO - Setting next_dagrun for tutorial to 2022-10-29 00:00:00+00:00
[2022-10-31 21:04:21,864] {scheduler_job.py:190} INFO - Processing /home/airflow/.local/lib/python3.6/site-packages/airflow/example_dags/tutorial.py took 0.076 seconds
[2022-10-31 21:04:51,899] {scheduler_job.py:182} INFO - Started process (PID=1560) to work on /home/airflow/.local/lib/python3.6/site-packages/airflow/example_dags/tutorial.py
[2022-10-31 21:04:51,900] {scheduler_job.py:629} INFO - Processing file /home/airflow/.local/lib/python3.6/site-packages/airflow/example_dags/tutorial.py for tasks to queue
[2022-10-31 21:04:51,901] {logging_mixin.py:104} INFO - [2022-10-31 21:04:51,901] {dagbag.py:448} INFO - Filling up the DagBag from /home/airflow/.local/lib/python3.6/site-packages/airflow/example_dags/tutorial.py
[2022-10-31 21:04:51,910] {scheduler_job.py:639} INFO - DAG(s) dict_keys(['tutorial']) retrieved from /home/airflow/.local/lib/python3.6/site-packages/airflow/example_dags/tutorial.py
[2022-10-31 21:04:51,928] {logging_mixin.py:104} INFO - [2022-10-31 21:04:51,927] {dag.py:1818} INFO - Sync 1 DAGs
[2022-10-31 21:04:51,943] {logging_mixin.py:104} INFO - [2022-10-31 21:04:51,943] {dag.py:2273} INFO - Setting next_dagrun for tutorial to 2022-10-29 00:00:00+00:00
[2022-10-31 21:04:51,956] {scheduler_job.py:190} INFO - Processing /home/airflow/.local/lib/python3.6/site-packages/airflow/example_dags/tutorial.py took 0.060 seconds
[2022-10-31 21:05:22,188] {scheduler_job.py:182} INFO - Started process (PID=1588) to work on /home/airflow/.local/lib/python3.6/site-packages/airflow/example_dags/tutorial.py
[2022-10-31 21:05:22,188] {scheduler_job.py:629} INFO - Processing file /home/airflow/.local/lib/python3.6/site-packages/airflow/example_dags/tutorial.py for tasks to queue
[2022-10-31 21:05:22,189] {logging_mixin.py:104} INFO - [2022-10-31 21:05:22,188] {dagbag.py:448} INFO - Filling up the DagBag from /home/airflow/.local/lib/python3.6/site-packages/airflow/example_dags/tutorial.py
[2022-10-31 21:05:22,194] {scheduler_job.py:639} INFO - DAG(s) dict_keys(['tutorial']) retrieved from /home/airflow/.local/lib/python3.6/site-packages/airflow/example_dags/tutorial.py
[2022-10-31 21:05:22,208] {logging_mixin.py:104} INFO - [2022-10-31 21:05:22,208] {dag.py:1818} INFO - Sync 1 DAGs
[2022-10-31 21:05:22,219] {logging_mixin.py:104} INFO - [2022-10-31 21:05:22,219] {dag.py:2273} INFO - Setting next_dagrun for tutorial to 2022-10-29 00:00:00+00:00
[2022-10-31 21:05:22,231] {scheduler_job.py:190} INFO - Processing /home/airflow/.local/lib/python3.6/site-packages/airflow/example_dags/tutorial.py took 0.045 seconds
[2022-10-31 21:05:52,294] {scheduler_job.py:182} INFO - Started process (PID=1616) to work on /home/airflow/.local/lib/python3.6/site-packages/airflow/example_dags/tutorial.py
[2022-10-31 21:05:52,295] {scheduler_job.py:629} INFO - Processing file /home/airflow/.local/lib/python3.6/site-packages/airflow/example_dags/tutorial.py for tasks to queue
[2022-10-31 21:05:52,296] {logging_mixin.py:104} INFO - [2022-10-31 21:05:52,296] {dagbag.py:448} INFO - Filling up the DagBag from /home/airflow/.local/lib/python3.6/site-packages/airflow/example_dags/tutorial.py
[2022-10-31 21:05:52,305] {scheduler_job.py:639} INFO - DAG(s) dict_keys(['tutorial']) retrieved from /home/airflow/.local/lib/python3.6/site-packages/airflow/example_dags/tutorial.py
[2022-10-31 21:05:52,322] {logging_mixin.py:104} INFO - [2022-10-31 21:05:52,322] {dag.py:1818} INFO - Sync 1 DAGs
[2022-10-31 21:05:52,333] {logging_mixin.py:104} INFO - [2022-10-31 21:05:52,333] {dag.py:2273} INFO - Setting next_dagrun for tutorial to 2022-10-29 00:00:00+00:00
[2022-10-31 21:05:52,342] {scheduler_job.py:190} INFO - Processing /home/airflow/.local/lib/python3.6/site-packages/airflow/example_dags/tutorial.py took 0.050 seconds
[2022-10-31 21:06:23,265] {scheduler_job.py:182} INFO - Started process (PID=1643) to work on /home/airflow/.local/lib/python3.6/site-packages/airflow/example_dags/tutorial.py
[2022-10-31 21:06:23,266] {scheduler_job.py:629} INFO - Processing file /home/airflow/.local/lib/python3.6/site-packages/airflow/example_dags/tutorial.py for tasks to queue
[2022-10-31 21:06:23,267] {logging_mixin.py:104} INFO - [2022-10-31 21:06:23,267] {dagbag.py:448} INFO - Filling up the DagBag from /home/airflow/.local/lib/python3.6/site-packages/airflow/example_dags/tutorial.py
[2022-10-31 21:06:23,275] {scheduler_job.py:639} INFO - DAG(s) dict_keys(['tutorial']) retrieved from /home/airflow/.local/lib/python3.6/site-packages/airflow/example_dags/tutorial.py
[2022-10-31 21:06:23,290] {logging_mixin.py:104} INFO - [2022-10-31 21:06:23,290] {dag.py:1818} INFO - Sync 1 DAGs
[2022-10-31 21:06:23,303] {logging_mixin.py:104} INFO - [2022-10-31 21:06:23,303] {dag.py:2273} INFO - Setting next_dagrun for tutorial to 2022-10-29 00:00:00+00:00
[2022-10-31 21:06:23,311] {scheduler_job.py:190} INFO - Processing /home/airflow/.local/lib/python3.6/site-packages/airflow/example_dags/tutorial.py took 0.048 seconds
[2022-10-31 21:06:53,498] {scheduler_job.py:182} INFO - Started process (PID=1671) to work on /home/airflow/.local/lib/python3.6/site-packages/airflow/example_dags/tutorial.py
[2022-10-31 21:06:53,499] {scheduler_job.py:629} INFO - Processing file /home/airflow/.local/lib/python3.6/site-packages/airflow/example_dags/tutorial.py for tasks to queue
[2022-10-31 21:06:53,499] {logging_mixin.py:104} INFO - [2022-10-31 21:06:53,499] {dagbag.py:448} INFO - Filling up the DagBag from /home/airflow/.local/lib/python3.6/site-packages/airflow/example_dags/tutorial.py
[2022-10-31 21:06:53,507] {scheduler_job.py:639} INFO - DAG(s) dict_keys(['tutorial']) retrieved from /home/airflow/.local/lib/python3.6/site-packages/airflow/example_dags/tutorial.py
[2022-10-31 21:06:53,519] {logging_mixin.py:104} INFO - [2022-10-31 21:06:53,519] {dag.py:1818} INFO - Sync 1 DAGs
[2022-10-31 21:06:53,528] {logging_mixin.py:104} INFO - [2022-10-31 21:06:53,528] {dag.py:2273} INFO - Setting next_dagrun for tutorial to 2022-10-29 00:00:00+00:00
[2022-10-31 21:06:53,539] {scheduler_job.py:190} INFO - Processing /home/airflow/.local/lib/python3.6/site-packages/airflow/example_dags/tutorial.py took 0.043 seconds
[2022-10-31 21:07:24,492] {scheduler_job.py:182} INFO - Started process (PID=1699) to work on /home/airflow/.local/lib/python3.6/site-packages/airflow/example_dags/tutorial.py
[2022-10-31 21:07:24,492] {scheduler_job.py:629} INFO - Processing file /home/airflow/.local/lib/python3.6/site-packages/airflow/example_dags/tutorial.py for tasks to queue
[2022-10-31 21:07:24,493] {logging_mixin.py:104} INFO - [2022-10-31 21:07:24,493] {dagbag.py:448} INFO - Filling up the DagBag from /home/airflow/.local/lib/python3.6/site-packages/airflow/example_dags/tutorial.py
[2022-10-31 21:07:24,499] {scheduler_job.py:639} INFO - DAG(s) dict_keys(['tutorial']) retrieved from /home/airflow/.local/lib/python3.6/site-packages/airflow/example_dags/tutorial.py
[2022-10-31 21:07:24,514] {logging_mixin.py:104} INFO - [2022-10-31 21:07:24,514] {dag.py:1818} INFO - Sync 1 DAGs
[2022-10-31 21:07:24,530] {logging_mixin.py:104} INFO - [2022-10-31 21:07:24,530] {dag.py:2273} INFO - Setting next_dagrun for tutorial to 2022-10-29 00:00:00+00:00
[2022-10-31 21:07:24,544] {scheduler_job.py:190} INFO - Processing /home/airflow/.local/lib/python3.6/site-packages/airflow/example_dags/tutorial.py took 0.054 seconds
[2022-10-31 21:07:54,720] {scheduler_job.py:182} INFO - Started process (PID=1727) to work on /home/airflow/.local/lib/python3.6/site-packages/airflow/example_dags/tutorial.py
[2022-10-31 21:07:54,721] {scheduler_job.py:629} INFO - Processing file /home/airflow/.local/lib/python3.6/site-packages/airflow/example_dags/tutorial.py for tasks to queue
[2022-10-31 21:07:54,721] {logging_mixin.py:104} INFO - [2022-10-31 21:07:54,721] {dagbag.py:448} INFO - Filling up the DagBag from /home/airflow/.local/lib/python3.6/site-packages/airflow/example_dags/tutorial.py
[2022-10-31 21:07:54,727] {scheduler_job.py:639} INFO - DAG(s) dict_keys(['tutorial']) retrieved from /home/airflow/.local/lib/python3.6/site-packages/airflow/example_dags/tutorial.py
[2022-10-31 21:07:54,739] {logging_mixin.py:104} INFO - [2022-10-31 21:07:54,739] {dag.py:1818} INFO - Sync 1 DAGs
[2022-10-31 21:07:54,747] {logging_mixin.py:104} INFO - [2022-10-31 21:07:54,747] {dag.py:2273} INFO - Setting next_dagrun for tutorial to 2022-10-29 00:00:00+00:00
[2022-10-31 21:07:54,758] {scheduler_job.py:190} INFO - Processing /home/airflow/.local/lib/python3.6/site-packages/airflow/example_dags/tutorial.py took 0.040 seconds
[2022-10-31 21:08:24,837] {scheduler_job.py:182} INFO - Started process (PID=1755) to work on /home/airflow/.local/lib/python3.6/site-packages/airflow/example_dags/tutorial.py
[2022-10-31 21:08:24,838] {scheduler_job.py:629} INFO - Processing file /home/airflow/.local/lib/python3.6/site-packages/airflow/example_dags/tutorial.py for tasks to queue
[2022-10-31 21:08:24,839] {logging_mixin.py:104} INFO - [2022-10-31 21:08:24,839] {dagbag.py:448} INFO - Filling up the DagBag from /home/airflow/.local/lib/python3.6/site-packages/airflow/example_dags/tutorial.py
[2022-10-31 21:08:24,848] {scheduler_job.py:639} INFO - DAG(s) dict_keys(['tutorial']) retrieved from /home/airflow/.local/lib/python3.6/site-packages/airflow/example_dags/tutorial.py
[2022-10-31 21:08:24,867] {logging_mixin.py:104} INFO - [2022-10-31 21:08:24,867] {dag.py:1818} INFO - Sync 1 DAGs
[2022-10-31 21:08:24,881] {logging_mixin.py:104} INFO - [2022-10-31 21:08:24,881] {dag.py:2273} INFO - Setting next_dagrun for tutorial to 2022-10-29 00:00:00+00:00
[2022-10-31 21:08:24,889] {scheduler_job.py:190} INFO - Processing /home/airflow/.local/lib/python3.6/site-packages/airflow/example_dags/tutorial.py took 0.055 seconds
[2022-10-31 21:08:55,109] {scheduler_job.py:182} INFO - Started process (PID=1783) to work on /home/airflow/.local/lib/python3.6/site-packages/airflow/example_dags/tutorial.py
[2022-10-31 21:08:55,110] {scheduler_job.py:629} INFO - Processing file /home/airflow/.local/lib/python3.6/site-packages/airflow/example_dags/tutorial.py for tasks to queue
[2022-10-31 21:08:55,110] {logging_mixin.py:104} INFO - [2022-10-31 21:08:55,110] {dagbag.py:448} INFO - Filling up the DagBag from /home/airflow/.local/lib/python3.6/site-packages/airflow/example_dags/tutorial.py
[2022-10-31 21:08:55,118] {scheduler_job.py:639} INFO - DAG(s) dict_keys(['tutorial']) retrieved from /home/airflow/.local/lib/python3.6/site-packages/airflow/example_dags/tutorial.py
[2022-10-31 21:08:55,134] {logging_mixin.py:104} INFO - [2022-10-31 21:08:55,134] {dag.py:1818} INFO - Sync 1 DAGs
[2022-10-31 21:08:55,146] {logging_mixin.py:104} INFO - [2022-10-31 21:08:55,146] {dag.py:2273} INFO - Setting next_dagrun for tutorial to 2022-10-29 00:00:00+00:00
[2022-10-31 21:08:55,154] {scheduler_job.py:190} INFO - Processing /home/airflow/.local/lib/python3.6/site-packages/airflow/example_dags/tutorial.py took 0.046 seconds
[2022-10-31 21:09:25,292] {scheduler_job.py:182} INFO - Started process (PID=1811) to work on /home/airflow/.local/lib/python3.6/site-packages/airflow/example_dags/tutorial.py
[2022-10-31 21:09:25,293] {scheduler_job.py:629} INFO - Processing file /home/airflow/.local/lib/python3.6/site-packages/airflow/example_dags/tutorial.py for tasks to queue
[2022-10-31 21:09:25,294] {logging_mixin.py:104} INFO - [2022-10-31 21:09:25,293] {dagbag.py:448} INFO - Filling up the DagBag from /home/airflow/.local/lib/python3.6/site-packages/airflow/example_dags/tutorial.py
[2022-10-31 21:09:25,304] {scheduler_job.py:639} INFO - DAG(s) dict_keys(['tutorial']) retrieved from /home/airflow/.local/lib/python3.6/site-packages/airflow/example_dags/tutorial.py
[2022-10-31 21:09:25,325] {logging_mixin.py:104} INFO - [2022-10-31 21:09:25,325] {dag.py:1818} INFO - Sync 1 DAGs
[2022-10-31 21:09:25,341] {logging_mixin.py:104} INFO - [2022-10-31 21:09:25,341] {dag.py:2273} INFO - Setting next_dagrun for tutorial to 2022-10-29 00:00:00+00:00
[2022-10-31 21:09:25,352] {scheduler_job.py:190} INFO - Processing /home/airflow/.local/lib/python3.6/site-packages/airflow/example_dags/tutorial.py took 0.063 seconds
[2022-10-31 21:09:55,573] {scheduler_job.py:182} INFO - Started process (PID=1839) to work on /home/airflow/.local/lib/python3.6/site-packages/airflow/example_dags/tutorial.py
[2022-10-31 21:09:55,574] {scheduler_job.py:629} INFO - Processing file /home/airflow/.local/lib/python3.6/site-packages/airflow/example_dags/tutorial.py for tasks to queue
[2022-10-31 21:09:55,575] {logging_mixin.py:104} INFO - [2022-10-31 21:09:55,575] {dagbag.py:448} INFO - Filling up the DagBag from /home/airflow/.local/lib/python3.6/site-packages/airflow/example_dags/tutorial.py
[2022-10-31 21:09:55,584] {scheduler_job.py:639} INFO - DAG(s) dict_keys(['tutorial']) retrieved from /home/airflow/.local/lib/python3.6/site-packages/airflow/example_dags/tutorial.py
[2022-10-31 21:09:55,605] {logging_mixin.py:104} INFO - [2022-10-31 21:09:55,605] {dag.py:1818} INFO - Sync 1 DAGs
[2022-10-31 21:09:55,618] {logging_mixin.py:104} INFO - [2022-10-31 21:09:55,617] {dag.py:2273} INFO - Setting next_dagrun for tutorial to 2022-10-29 00:00:00+00:00
[2022-10-31 21:09:55,630] {scheduler_job.py:190} INFO - Processing /home/airflow/.local/lib/python3.6/site-packages/airflow/example_dags/tutorial.py took 0.060 seconds
[2022-10-31 21:10:25,739] {scheduler_job.py:182} INFO - Started process (PID=1867) to work on /home/airflow/.local/lib/python3.6/site-packages/airflow/example_dags/tutorial.py
[2022-10-31 21:10:25,739] {scheduler_job.py:629} INFO - Processing file /home/airflow/.local/lib/python3.6/site-packages/airflow/example_dags/tutorial.py for tasks to queue
[2022-10-31 21:10:25,740] {logging_mixin.py:104} INFO - [2022-10-31 21:10:25,740] {dagbag.py:448} INFO - Filling up the DagBag from /home/airflow/.local/lib/python3.6/site-packages/airflow/example_dags/tutorial.py
[2022-10-31 21:10:25,745] {scheduler_job.py:639} INFO - DAG(s) dict_keys(['tutorial']) retrieved from /home/airflow/.local/lib/python3.6/site-packages/airflow/example_dags/tutorial.py
[2022-10-31 21:10:25,760] {logging_mixin.py:104} INFO - [2022-10-31 21:10:25,760] {dag.py:1818} INFO - Sync 1 DAGs
[2022-10-31 21:10:25,772] {logging_mixin.py:104} INFO - [2022-10-31 21:10:25,772] {dag.py:2273} INFO - Setting next_dagrun for tutorial to 2022-10-29 00:00:00+00:00
[2022-10-31 21:10:25,784] {scheduler_job.py:190} INFO - Processing /home/airflow/.local/lib/python3.6/site-packages/airflow/example_dags/tutorial.py took 0.047 seconds
[2022-10-31 21:10:55,869] {scheduler_job.py:182} INFO - Started process (PID=1895) to work on /home/airflow/.local/lib/python3.6/site-packages/airflow/example_dags/tutorial.py
[2022-10-31 21:10:55,870] {scheduler_job.py:629} INFO - Processing file /home/airflow/.local/lib/python3.6/site-packages/airflow/example_dags/tutorial.py for tasks to queue
[2022-10-31 21:10:55,870] {logging_mixin.py:104} INFO - [2022-10-31 21:10:55,870] {dagbag.py:448} INFO - Filling up the DagBag from /home/airflow/.local/lib/python3.6/site-packages/airflow/example_dags/tutorial.py
[2022-10-31 21:10:55,876] {scheduler_job.py:639} INFO - DAG(s) dict_keys(['tutorial']) retrieved from /home/airflow/.local/lib/python3.6/site-packages/airflow/example_dags/tutorial.py
[2022-10-31 21:10:55,888] {logging_mixin.py:104} INFO - [2022-10-31 21:10:55,888] {dag.py:1818} INFO - Sync 1 DAGs
[2022-10-31 21:10:55,897] {logging_mixin.py:104} INFO - [2022-10-31 21:10:55,897] {dag.py:2273} INFO - Setting next_dagrun for tutorial to 2022-10-29 00:00:00+00:00
[2022-10-31 21:10:55,908] {scheduler_job.py:190} INFO - Processing /home/airflow/.local/lib/python3.6/site-packages/airflow/example_dags/tutorial.py took 0.041 seconds
[2022-10-31 21:11:26,157] {scheduler_job.py:182} INFO - Started process (PID=1923) to work on /home/airflow/.local/lib/python3.6/site-packages/airflow/example_dags/tutorial.py
[2022-10-31 21:11:26,158] {scheduler_job.py:629} INFO - Processing file /home/airflow/.local/lib/python3.6/site-packages/airflow/example_dags/tutorial.py for tasks to queue
[2022-10-31 21:11:26,159] {logging_mixin.py:104} INFO - [2022-10-31 21:11:26,158] {dagbag.py:448} INFO - Filling up the DagBag from /home/airflow/.local/lib/python3.6/site-packages/airflow/example_dags/tutorial.py
[2022-10-31 21:11:26,166] {scheduler_job.py:639} INFO - DAG(s) dict_keys(['tutorial']) retrieved from /home/airflow/.local/lib/python3.6/site-packages/airflow/example_dags/tutorial.py
[2022-10-31 21:11:26,181] {logging_mixin.py:104} INFO - [2022-10-31 21:11:26,181] {dag.py:1818} INFO - Sync 1 DAGs
[2022-10-31 21:11:26,191] {logging_mixin.py:104} INFO - [2022-10-31 21:11:26,191] {dag.py:2273} INFO - Setting next_dagrun for tutorial to 2022-10-29 00:00:00+00:00
[2022-10-31 21:11:26,203] {scheduler_job.py:190} INFO - Processing /home/airflow/.local/lib/python3.6/site-packages/airflow/example_dags/tutorial.py took 0.049 seconds
[2022-10-31 21:11:56,289] {scheduler_job.py:182} INFO - Started process (PID=1958) to work on /home/airflow/.local/lib/python3.6/site-packages/airflow/example_dags/tutorial.py
[2022-10-31 21:11:56,289] {scheduler_job.py:629} INFO - Processing file /home/airflow/.local/lib/python3.6/site-packages/airflow/example_dags/tutorial.py for tasks to queue
[2022-10-31 21:11:56,290] {logging_mixin.py:104} INFO - [2022-10-31 21:11:56,290] {dagbag.py:448} INFO - Filling up the DagBag from /home/airflow/.local/lib/python3.6/site-packages/airflow/example_dags/tutorial.py
[2022-10-31 21:11:56,297] {scheduler_job.py:639} INFO - DAG(s) dict_keys(['tutorial']) retrieved from /home/airflow/.local/lib/python3.6/site-packages/airflow/example_dags/tutorial.py
[2022-10-31 21:11:56,310] {logging_mixin.py:104} INFO - [2022-10-31 21:11:56,310] {dag.py:1818} INFO - Sync 1 DAGs
[2022-10-31 21:11:56,321] {logging_mixin.py:104} INFO - [2022-10-31 21:11:56,321] {dag.py:2273} INFO - Setting next_dagrun for tutorial to 2022-10-29 00:00:00+00:00
[2022-10-31 21:11:56,332] {scheduler_job.py:190} INFO - Processing /home/airflow/.local/lib/python3.6/site-packages/airflow/example_dags/tutorial.py took 0.046 seconds
[2022-10-31 21:12:26,388] {scheduler_job.py:182} INFO - Started process (PID=2001) to work on /home/airflow/.local/lib/python3.6/site-packages/airflow/example_dags/tutorial.py
[2022-10-31 21:12:26,389] {scheduler_job.py:629} INFO - Processing file /home/airflow/.local/lib/python3.6/site-packages/airflow/example_dags/tutorial.py for tasks to queue
[2022-10-31 21:12:26,389] {logging_mixin.py:104} INFO - [2022-10-31 21:12:26,389] {dagbag.py:448} INFO - Filling up the DagBag from /home/airflow/.local/lib/python3.6/site-packages/airflow/example_dags/tutorial.py
[2022-10-31 21:12:26,396] {scheduler_job.py:639} INFO - DAG(s) dict_keys(['tutorial']) retrieved from /home/airflow/.local/lib/python3.6/site-packages/airflow/example_dags/tutorial.py
[2022-10-31 21:12:26,411] {logging_mixin.py:104} INFO - [2022-10-31 21:12:26,411] {dag.py:1818} INFO - Sync 1 DAGs
[2022-10-31 21:12:26,421] {logging_mixin.py:104} INFO - [2022-10-31 21:12:26,421] {dag.py:2273} INFO - Setting next_dagrun for tutorial to 2022-10-29 00:00:00+00:00
[2022-10-31 21:12:26,433] {scheduler_job.py:190} INFO - Processing /home/airflow/.local/lib/python3.6/site-packages/airflow/example_dags/tutorial.py took 0.053 seconds
[2022-10-31 21:12:56,524] {scheduler_job.py:182} INFO - Started process (PID=2029) to work on /home/airflow/.local/lib/python3.6/site-packages/airflow/example_dags/tutorial.py
[2022-10-31 21:12:56,525] {scheduler_job.py:629} INFO - Processing file /home/airflow/.local/lib/python3.6/site-packages/airflow/example_dags/tutorial.py for tasks to queue
[2022-10-31 21:12:56,525] {logging_mixin.py:104} INFO - [2022-10-31 21:12:56,525] {dagbag.py:448} INFO - Filling up the DagBag from /home/airflow/.local/lib/python3.6/site-packages/airflow/example_dags/tutorial.py
[2022-10-31 21:12:56,533] {scheduler_job.py:639} INFO - DAG(s) dict_keys(['tutorial']) retrieved from /home/airflow/.local/lib/python3.6/site-packages/airflow/example_dags/tutorial.py
[2022-10-31 21:12:56,551] {logging_mixin.py:104} INFO - [2022-10-31 21:12:56,551] {dag.py:1818} INFO - Sync 1 DAGs
[2022-10-31 21:12:56,563] {logging_mixin.py:104} INFO - [2022-10-31 21:12:56,563] {dag.py:2273} INFO - Setting next_dagrun for tutorial to 2022-10-29 00:00:00+00:00
[2022-10-31 21:12:56,575] {scheduler_job.py:190} INFO - Processing /home/airflow/.local/lib/python3.6/site-packages/airflow/example_dags/tutorial.py took 0.057 seconds
[2022-10-31 21:13:26,793] {scheduler_job.py:182} INFO - Started process (PID=2057) to work on /home/airflow/.local/lib/python3.6/site-packages/airflow/example_dags/tutorial.py
[2022-10-31 21:13:26,795] {scheduler_job.py:629} INFO - Processing file /home/airflow/.local/lib/python3.6/site-packages/airflow/example_dags/tutorial.py for tasks to queue
[2022-10-31 21:13:26,797] {logging_mixin.py:104} INFO - [2022-10-31 21:13:26,796] {dagbag.py:448} INFO - Filling up the DagBag from /home/airflow/.local/lib/python3.6/site-packages/airflow/example_dags/tutorial.py
[2022-10-31 21:13:26,813] {scheduler_job.py:639} INFO - DAG(s) dict_keys(['tutorial']) retrieved from /home/airflow/.local/lib/python3.6/site-packages/airflow/example_dags/tutorial.py
[2022-10-31 21:13:26,834] {logging_mixin.py:104} INFO - [2022-10-31 21:13:26,833] {dag.py:1818} INFO - Sync 1 DAGs
[2022-10-31 21:13:26,849] {logging_mixin.py:104} INFO - [2022-10-31 21:13:26,849] {dag.py:2273} INFO - Setting next_dagrun for tutorial to 2022-10-29 00:00:00+00:00
[2022-10-31 21:13:26,863] {scheduler_job.py:190} INFO - Processing /home/airflow/.local/lib/python3.6/site-packages/airflow/example_dags/tutorial.py took 0.077 seconds
[2022-10-31 21:13:56,879] {scheduler_job.py:182} INFO - Started process (PID=2084) to work on /home/airflow/.local/lib/python3.6/site-packages/airflow/example_dags/tutorial.py
[2022-10-31 21:13:56,880] {scheduler_job.py:629} INFO - Processing file /home/airflow/.local/lib/python3.6/site-packages/airflow/example_dags/tutorial.py for tasks to queue
[2022-10-31 21:13:56,881] {logging_mixin.py:104} INFO - [2022-10-31 21:13:56,881] {dagbag.py:448} INFO - Filling up the DagBag from /home/airflow/.local/lib/python3.6/site-packages/airflow/example_dags/tutorial.py
[2022-10-31 21:13:56,891] {scheduler_job.py:639} INFO - DAG(s) dict_keys(['tutorial']) retrieved from /home/airflow/.local/lib/python3.6/site-packages/airflow/example_dags/tutorial.py
[2022-10-31 21:13:56,944] {logging_mixin.py:104} INFO - [2022-10-31 21:13:56,944] {dag.py:1818} INFO - Sync 1 DAGs
[2022-10-31 21:13:56,956] {logging_mixin.py:104} INFO - [2022-10-31 21:13:56,956] {dag.py:2273} INFO - Setting next_dagrun for tutorial to 2022-10-29 00:00:00+00:00
[2022-10-31 21:13:56,962] {scheduler_job.py:190} INFO - Processing /home/airflow/.local/lib/python3.6/site-packages/airflow/example_dags/tutorial.py took 0.085 seconds
