[2022-10-31 20:34:27,250] {scheduler_job.py:182} INFO - Started process (PID=34) to work on /home/airflow/.local/lib/python3.6/site-packages/airflow/example_dags/tutorial_etl_dag.py
[2022-10-31 20:34:27,251] {scheduler_job.py:629} INFO - Processing file /home/airflow/.local/lib/python3.6/site-packages/airflow/example_dags/tutorial_etl_dag.py for tasks to queue
[2022-10-31 20:34:27,251] {logging_mixin.py:104} INFO - [2022-10-31 20:34:27,251] {dagbag.py:448} INFO - Filling up the DagBag from /home/airflow/.local/lib/python3.6/site-packages/airflow/example_dags/tutorial_etl_dag.py
[2022-10-31 20:34:27,262] {scheduler_job.py:639} INFO - DAG(s) dict_keys(['tutorial_etl_dag']) retrieved from /home/airflow/.local/lib/python3.6/site-packages/airflow/example_dags/tutorial_etl_dag.py
[2022-10-31 20:34:27,276] {logging_mixin.py:104} INFO - [2022-10-31 20:34:27,276] {dag.py:1818} INFO - Sync 1 DAGs
[2022-10-31 20:34:27,282] {logging_mixin.py:104} INFO - [2022-10-31 20:34:27,282] {dag.py:1837} INFO - Creating ORM DAG for tutorial_etl_dag
[2022-10-31 20:34:27,286] {logging_mixin.py:104} INFO - [2022-10-31 20:34:27,286] {dag.py:2273} INFO - Setting next_dagrun for tutorial_etl_dag to None
[2022-10-31 20:34:27,295] {scheduler_job.py:190} INFO - Processing /home/airflow/.local/lib/python3.6/site-packages/airflow/example_dags/tutorial_etl_dag.py took 0.046 seconds
[2022-10-31 20:34:58,162] {scheduler_job.py:182} INFO - Started process (PID=60) to work on /home/airflow/.local/lib/python3.6/site-packages/airflow/example_dags/tutorial_etl_dag.py
[2022-10-31 20:34:58,163] {scheduler_job.py:629} INFO - Processing file /home/airflow/.local/lib/python3.6/site-packages/airflow/example_dags/tutorial_etl_dag.py for tasks to queue
[2022-10-31 20:34:58,163] {logging_mixin.py:104} INFO - [2022-10-31 20:34:58,163] {dagbag.py:448} INFO - Filling up the DagBag from /home/airflow/.local/lib/python3.6/site-packages/airflow/example_dags/tutorial_etl_dag.py
[2022-10-31 20:34:58,171] {scheduler_job.py:639} INFO - DAG(s) dict_keys(['tutorial_etl_dag']) retrieved from /home/airflow/.local/lib/python3.6/site-packages/airflow/example_dags/tutorial_etl_dag.py
[2022-10-31 20:34:58,183] {logging_mixin.py:104} INFO - [2022-10-31 20:34:58,182] {dag.py:1818} INFO - Sync 1 DAGs
[2022-10-31 20:34:58,192] {logging_mixin.py:104} INFO - [2022-10-31 20:34:58,192] {dag.py:2273} INFO - Setting next_dagrun for tutorial_etl_dag to None
[2022-10-31 20:34:58,197] {scheduler_job.py:190} INFO - Processing /home/airflow/.local/lib/python3.6/site-packages/airflow/example_dags/tutorial_etl_dag.py took 0.037 seconds
[2022-10-31 20:35:28,981] {scheduler_job.py:182} INFO - Started process (PID=86) to work on /home/airflow/.local/lib/python3.6/site-packages/airflow/example_dags/tutorial_etl_dag.py
[2022-10-31 20:35:28,982] {scheduler_job.py:629} INFO - Processing file /home/airflow/.local/lib/python3.6/site-packages/airflow/example_dags/tutorial_etl_dag.py for tasks to queue
[2022-10-31 20:35:28,982] {logging_mixin.py:104} INFO - [2022-10-31 20:35:28,982] {dagbag.py:448} INFO - Filling up the DagBag from /home/airflow/.local/lib/python3.6/site-packages/airflow/example_dags/tutorial_etl_dag.py
[2022-10-31 20:35:28,989] {scheduler_job.py:639} INFO - DAG(s) dict_keys(['tutorial_etl_dag']) retrieved from /home/airflow/.local/lib/python3.6/site-packages/airflow/example_dags/tutorial_etl_dag.py
[2022-10-31 20:35:29,002] {logging_mixin.py:104} INFO - [2022-10-31 20:35:29,002] {dag.py:1818} INFO - Sync 1 DAGs
[2022-10-31 20:35:29,011] {logging_mixin.py:104} INFO - [2022-10-31 20:35:29,011] {dag.py:2273} INFO - Setting next_dagrun for tutorial_etl_dag to None
[2022-10-31 20:35:29,016] {scheduler_job.py:190} INFO - Processing /home/airflow/.local/lib/python3.6/site-packages/airflow/example_dags/tutorial_etl_dag.py took 0.037 seconds
[2022-10-31 20:35:59,810] {scheduler_job.py:182} INFO - Started process (PID=112) to work on /home/airflow/.local/lib/python3.6/site-packages/airflow/example_dags/tutorial_etl_dag.py
[2022-10-31 20:35:59,810] {scheduler_job.py:629} INFO - Processing file /home/airflow/.local/lib/python3.6/site-packages/airflow/example_dags/tutorial_etl_dag.py for tasks to queue
[2022-10-31 20:35:59,811] {logging_mixin.py:104} INFO - [2022-10-31 20:35:59,811] {dagbag.py:448} INFO - Filling up the DagBag from /home/airflow/.local/lib/python3.6/site-packages/airflow/example_dags/tutorial_etl_dag.py
[2022-10-31 20:35:59,819] {scheduler_job.py:639} INFO - DAG(s) dict_keys(['tutorial_etl_dag']) retrieved from /home/airflow/.local/lib/python3.6/site-packages/airflow/example_dags/tutorial_etl_dag.py
[2022-10-31 20:35:59,831] {logging_mixin.py:104} INFO - [2022-10-31 20:35:59,831] {dag.py:1818} INFO - Sync 1 DAGs
[2022-10-31 20:35:59,840] {logging_mixin.py:104} INFO - [2022-10-31 20:35:59,840] {dag.py:2273} INFO - Setting next_dagrun for tutorial_etl_dag to None
[2022-10-31 20:35:59,846] {scheduler_job.py:190} INFO - Processing /home/airflow/.local/lib/python3.6/site-packages/airflow/example_dags/tutorial_etl_dag.py took 0.038 seconds
[2022-10-31 20:36:30,657] {scheduler_job.py:182} INFO - Started process (PID=138) to work on /home/airflow/.local/lib/python3.6/site-packages/airflow/example_dags/tutorial_etl_dag.py
[2022-10-31 20:36:30,658] {scheduler_job.py:629} INFO - Processing file /home/airflow/.local/lib/python3.6/site-packages/airflow/example_dags/tutorial_etl_dag.py for tasks to queue
[2022-10-31 20:36:30,658] {logging_mixin.py:104} INFO - [2022-10-31 20:36:30,658] {dagbag.py:448} INFO - Filling up the DagBag from /home/airflow/.local/lib/python3.6/site-packages/airflow/example_dags/tutorial_etl_dag.py
[2022-10-31 20:36:30,665] {scheduler_job.py:639} INFO - DAG(s) dict_keys(['tutorial_etl_dag']) retrieved from /home/airflow/.local/lib/python3.6/site-packages/airflow/example_dags/tutorial_etl_dag.py
[2022-10-31 20:36:30,678] {logging_mixin.py:104} INFO - [2022-10-31 20:36:30,678] {dag.py:1818} INFO - Sync 1 DAGs
[2022-10-31 20:36:30,688] {logging_mixin.py:104} INFO - [2022-10-31 20:36:30,688] {dag.py:2273} INFO - Setting next_dagrun for tutorial_etl_dag to None
[2022-10-31 20:36:30,693] {scheduler_job.py:190} INFO - Processing /home/airflow/.local/lib/python3.6/site-packages/airflow/example_dags/tutorial_etl_dag.py took 0.038 seconds
[2022-10-31 20:37:01,492] {scheduler_job.py:182} INFO - Started process (PID=164) to work on /home/airflow/.local/lib/python3.6/site-packages/airflow/example_dags/tutorial_etl_dag.py
[2022-10-31 20:37:01,492] {scheduler_job.py:629} INFO - Processing file /home/airflow/.local/lib/python3.6/site-packages/airflow/example_dags/tutorial_etl_dag.py for tasks to queue
[2022-10-31 20:37:01,493] {logging_mixin.py:104} INFO - [2022-10-31 20:37:01,493] {dagbag.py:448} INFO - Filling up the DagBag from /home/airflow/.local/lib/python3.6/site-packages/airflow/example_dags/tutorial_etl_dag.py
[2022-10-31 20:37:01,500] {scheduler_job.py:639} INFO - DAG(s) dict_keys(['tutorial_etl_dag']) retrieved from /home/airflow/.local/lib/python3.6/site-packages/airflow/example_dags/tutorial_etl_dag.py
[2022-10-31 20:37:01,512] {logging_mixin.py:104} INFO - [2022-10-31 20:37:01,512] {dag.py:1818} INFO - Sync 1 DAGs
[2022-10-31 20:37:01,522] {logging_mixin.py:104} INFO - [2022-10-31 20:37:01,521] {dag.py:2273} INFO - Setting next_dagrun for tutorial_etl_dag to None
[2022-10-31 20:37:01,526] {scheduler_job.py:190} INFO - Processing /home/airflow/.local/lib/python3.6/site-packages/airflow/example_dags/tutorial_etl_dag.py took 0.037 seconds
[2022-10-31 20:37:34,413] {scheduler_job.py:182} INFO - Started process (PID=40) to work on /home/airflow/.local/lib/python3.6/site-packages/airflow/example_dags/tutorial_etl_dag.py
[2022-10-31 20:37:34,414] {scheduler_job.py:629} INFO - Processing file /home/airflow/.local/lib/python3.6/site-packages/airflow/example_dags/tutorial_etl_dag.py for tasks to queue
[2022-10-31 20:37:34,414] {logging_mixin.py:104} INFO - [2022-10-31 20:37:34,414] {dagbag.py:448} INFO - Filling up the DagBag from /home/airflow/.local/lib/python3.6/site-packages/airflow/example_dags/tutorial_etl_dag.py
[2022-10-31 20:37:34,426] {scheduler_job.py:639} INFO - DAG(s) dict_keys(['tutorial_etl_dag']) retrieved from /home/airflow/.local/lib/python3.6/site-packages/airflow/example_dags/tutorial_etl_dag.py
[2022-10-31 20:37:34,444] {logging_mixin.py:104} INFO - [2022-10-31 20:37:34,444] {dag.py:1818} INFO - Sync 1 DAGs
[2022-10-31 20:37:34,458] {logging_mixin.py:104} INFO - [2022-10-31 20:37:34,458] {dag.py:2273} INFO - Setting next_dagrun for tutorial_etl_dag to None
[2022-10-31 20:37:34,465] {scheduler_job.py:190} INFO - Processing /home/airflow/.local/lib/python3.6/site-packages/airflow/example_dags/tutorial_etl_dag.py took 0.055 seconds
[2022-10-31 20:38:04,518] {scheduler_job.py:182} INFO - Started process (PID=66) to work on /home/airflow/.local/lib/python3.6/site-packages/airflow/example_dags/tutorial_etl_dag.py
[2022-10-31 20:38:04,519] {scheduler_job.py:629} INFO - Processing file /home/airflow/.local/lib/python3.6/site-packages/airflow/example_dags/tutorial_etl_dag.py for tasks to queue
[2022-10-31 20:38:04,519] {logging_mixin.py:104} INFO - [2022-10-31 20:38:04,519] {dagbag.py:448} INFO - Filling up the DagBag from /home/airflow/.local/lib/python3.6/site-packages/airflow/example_dags/tutorial_etl_dag.py
[2022-10-31 20:38:04,528] {scheduler_job.py:639} INFO - DAG(s) dict_keys(['tutorial_etl_dag']) retrieved from /home/airflow/.local/lib/python3.6/site-packages/airflow/example_dags/tutorial_etl_dag.py
[2022-10-31 20:38:04,542] {logging_mixin.py:104} INFO - [2022-10-31 20:38:04,542] {dag.py:1818} INFO - Sync 1 DAGs
[2022-10-31 20:38:04,553] {logging_mixin.py:104} INFO - [2022-10-31 20:38:04,553] {dag.py:2273} INFO - Setting next_dagrun for tutorial_etl_dag to None
[2022-10-31 20:38:04,559] {scheduler_job.py:190} INFO - Processing /home/airflow/.local/lib/python3.6/site-packages/airflow/example_dags/tutorial_etl_dag.py took 0.043 seconds
[2022-10-31 20:38:34,615] {scheduler_job.py:182} INFO - Started process (PID=92) to work on /home/airflow/.local/lib/python3.6/site-packages/airflow/example_dags/tutorial_etl_dag.py
[2022-10-31 20:38:34,616] {scheduler_job.py:629} INFO - Processing file /home/airflow/.local/lib/python3.6/site-packages/airflow/example_dags/tutorial_etl_dag.py for tasks to queue
[2022-10-31 20:38:34,616] {logging_mixin.py:104} INFO - [2022-10-31 20:38:34,616] {dagbag.py:448} INFO - Filling up the DagBag from /home/airflow/.local/lib/python3.6/site-packages/airflow/example_dags/tutorial_etl_dag.py
[2022-10-31 20:38:34,624] {scheduler_job.py:639} INFO - DAG(s) dict_keys(['tutorial_etl_dag']) retrieved from /home/airflow/.local/lib/python3.6/site-packages/airflow/example_dags/tutorial_etl_dag.py
[2022-10-31 20:38:34,637] {logging_mixin.py:104} INFO - [2022-10-31 20:38:34,637] {dag.py:1818} INFO - Sync 1 DAGs
[2022-10-31 20:38:34,646] {logging_mixin.py:104} INFO - [2022-10-31 20:38:34,646] {dag.py:2273} INFO - Setting next_dagrun for tutorial_etl_dag to None
[2022-10-31 20:38:34,652] {scheduler_job.py:190} INFO - Processing /home/airflow/.local/lib/python3.6/site-packages/airflow/example_dags/tutorial_etl_dag.py took 0.039 seconds
[2022-10-31 20:39:05,680] {scheduler_job.py:182} INFO - Started process (PID=144) to work on /home/airflow/.local/lib/python3.6/site-packages/airflow/example_dags/tutorial_etl_dag.py
[2022-10-31 20:39:05,681] {scheduler_job.py:629} INFO - Processing file /home/airflow/.local/lib/python3.6/site-packages/airflow/example_dags/tutorial_etl_dag.py for tasks to queue
[2022-10-31 20:39:05,681] {logging_mixin.py:104} INFO - [2022-10-31 20:39:05,681] {dagbag.py:448} INFO - Filling up the DagBag from /home/airflow/.local/lib/python3.6/site-packages/airflow/example_dags/tutorial_etl_dag.py
[2022-10-31 20:39:05,689] {scheduler_job.py:639} INFO - DAG(s) dict_keys(['tutorial_etl_dag']) retrieved from /home/airflow/.local/lib/python3.6/site-packages/airflow/example_dags/tutorial_etl_dag.py
[2022-10-31 20:39:05,701] {logging_mixin.py:104} INFO - [2022-10-31 20:39:05,701] {dag.py:1818} INFO - Sync 1 DAGs
[2022-10-31 20:39:05,711] {logging_mixin.py:104} INFO - [2022-10-31 20:39:05,711] {dag.py:2273} INFO - Setting next_dagrun for tutorial_etl_dag to None
[2022-10-31 20:39:05,716] {scheduler_job.py:190} INFO - Processing /home/airflow/.local/lib/python3.6/site-packages/airflow/example_dags/tutorial_etl_dag.py took 0.038 seconds
[2022-10-31 20:39:36,670] {scheduler_job.py:182} INFO - Started process (PID=170) to work on /home/airflow/.local/lib/python3.6/site-packages/airflow/example_dags/tutorial_etl_dag.py
[2022-10-31 20:39:36,671] {scheduler_job.py:629} INFO - Processing file /home/airflow/.local/lib/python3.6/site-packages/airflow/example_dags/tutorial_etl_dag.py for tasks to queue
[2022-10-31 20:39:36,671] {logging_mixin.py:104} INFO - [2022-10-31 20:39:36,671] {dagbag.py:448} INFO - Filling up the DagBag from /home/airflow/.local/lib/python3.6/site-packages/airflow/example_dags/tutorial_etl_dag.py
[2022-10-31 20:39:36,679] {scheduler_job.py:639} INFO - DAG(s) dict_keys(['tutorial_etl_dag']) retrieved from /home/airflow/.local/lib/python3.6/site-packages/airflow/example_dags/tutorial_etl_dag.py
[2022-10-31 20:39:36,692] {logging_mixin.py:104} INFO - [2022-10-31 20:39:36,692] {dag.py:1818} INFO - Sync 1 DAGs
[2022-10-31 20:39:36,702] {logging_mixin.py:104} INFO - [2022-10-31 20:39:36,702] {dag.py:2273} INFO - Setting next_dagrun for tutorial_etl_dag to None
[2022-10-31 20:39:36,708] {scheduler_job.py:190} INFO - Processing /home/airflow/.local/lib/python3.6/site-packages/airflow/example_dags/tutorial_etl_dag.py took 0.040 seconds
[2022-10-31 20:40:07,539] {scheduler_job.py:182} INFO - Started process (PID=196) to work on /home/airflow/.local/lib/python3.6/site-packages/airflow/example_dags/tutorial_etl_dag.py
[2022-10-31 20:40:07,540] {scheduler_job.py:629} INFO - Processing file /home/airflow/.local/lib/python3.6/site-packages/airflow/example_dags/tutorial_etl_dag.py for tasks to queue
[2022-10-31 20:40:07,541] {logging_mixin.py:104} INFO - [2022-10-31 20:40:07,540] {dagbag.py:448} INFO - Filling up the DagBag from /home/airflow/.local/lib/python3.6/site-packages/airflow/example_dags/tutorial_etl_dag.py
[2022-10-31 20:40:07,548] {scheduler_job.py:639} INFO - DAG(s) dict_keys(['tutorial_etl_dag']) retrieved from /home/airflow/.local/lib/python3.6/site-packages/airflow/example_dags/tutorial_etl_dag.py
[2022-10-31 20:40:07,561] {logging_mixin.py:104} INFO - [2022-10-31 20:40:07,561] {dag.py:1818} INFO - Sync 1 DAGs
[2022-10-31 20:40:07,570] {logging_mixin.py:104} INFO - [2022-10-31 20:40:07,570] {dag.py:2273} INFO - Setting next_dagrun for tutorial_etl_dag to None
[2022-10-31 20:40:07,576] {scheduler_job.py:190} INFO - Processing /home/airflow/.local/lib/python3.6/site-packages/airflow/example_dags/tutorial_etl_dag.py took 0.038 seconds
[2022-10-31 20:40:38,416] {scheduler_job.py:182} INFO - Started process (PID=222) to work on /home/airflow/.local/lib/python3.6/site-packages/airflow/example_dags/tutorial_etl_dag.py
[2022-10-31 20:40:38,416] {scheduler_job.py:629} INFO - Processing file /home/airflow/.local/lib/python3.6/site-packages/airflow/example_dags/tutorial_etl_dag.py for tasks to queue
[2022-10-31 20:40:38,417] {logging_mixin.py:104} INFO - [2022-10-31 20:40:38,417] {dagbag.py:448} INFO - Filling up the DagBag from /home/airflow/.local/lib/python3.6/site-packages/airflow/example_dags/tutorial_etl_dag.py
[2022-10-31 20:40:38,425] {scheduler_job.py:639} INFO - DAG(s) dict_keys(['tutorial_etl_dag']) retrieved from /home/airflow/.local/lib/python3.6/site-packages/airflow/example_dags/tutorial_etl_dag.py
[2022-10-31 20:40:38,438] {logging_mixin.py:104} INFO - [2022-10-31 20:40:38,438] {dag.py:1818} INFO - Sync 1 DAGs
[2022-10-31 20:40:38,448] {logging_mixin.py:104} INFO - [2022-10-31 20:40:38,448] {dag.py:2273} INFO - Setting next_dagrun for tutorial_etl_dag to None
[2022-10-31 20:40:38,454] {scheduler_job.py:190} INFO - Processing /home/airflow/.local/lib/python3.6/site-packages/airflow/example_dags/tutorial_etl_dag.py took 0.040 seconds
[2022-10-31 20:41:09,370] {scheduler_job.py:182} INFO - Started process (PID=248) to work on /home/airflow/.local/lib/python3.6/site-packages/airflow/example_dags/tutorial_etl_dag.py
[2022-10-31 20:41:09,370] {scheduler_job.py:629} INFO - Processing file /home/airflow/.local/lib/python3.6/site-packages/airflow/example_dags/tutorial_etl_dag.py for tasks to queue
[2022-10-31 20:41:09,371] {logging_mixin.py:104} INFO - [2022-10-31 20:41:09,371] {dagbag.py:448} INFO - Filling up the DagBag from /home/airflow/.local/lib/python3.6/site-packages/airflow/example_dags/tutorial_etl_dag.py
[2022-10-31 20:41:09,379] {scheduler_job.py:639} INFO - DAG(s) dict_keys(['tutorial_etl_dag']) retrieved from /home/airflow/.local/lib/python3.6/site-packages/airflow/example_dags/tutorial_etl_dag.py
[2022-10-31 20:41:09,392] {logging_mixin.py:104} INFO - [2022-10-31 20:41:09,392] {dag.py:1818} INFO - Sync 1 DAGs
[2022-10-31 20:41:09,402] {logging_mixin.py:104} INFO - [2022-10-31 20:41:09,402] {dag.py:2273} INFO - Setting next_dagrun for tutorial_etl_dag to None
[2022-10-31 20:41:09,407] {scheduler_job.py:190} INFO - Processing /home/airflow/.local/lib/python3.6/site-packages/airflow/example_dags/tutorial_etl_dag.py took 0.040 seconds
[2022-10-31 20:41:40,277] {scheduler_job.py:182} INFO - Started process (PID=274) to work on /home/airflow/.local/lib/python3.6/site-packages/airflow/example_dags/tutorial_etl_dag.py
[2022-10-31 20:41:40,278] {scheduler_job.py:629} INFO - Processing file /home/airflow/.local/lib/python3.6/site-packages/airflow/example_dags/tutorial_etl_dag.py for tasks to queue
[2022-10-31 20:41:40,278] {logging_mixin.py:104} INFO - [2022-10-31 20:41:40,278] {dagbag.py:448} INFO - Filling up the DagBag from /home/airflow/.local/lib/python3.6/site-packages/airflow/example_dags/tutorial_etl_dag.py
[2022-10-31 20:41:40,287] {scheduler_job.py:639} INFO - DAG(s) dict_keys(['tutorial_etl_dag']) retrieved from /home/airflow/.local/lib/python3.6/site-packages/airflow/example_dags/tutorial_etl_dag.py
[2022-10-31 20:41:40,302] {logging_mixin.py:104} INFO - [2022-10-31 20:41:40,302] {dag.py:1818} INFO - Sync 1 DAGs
[2022-10-31 20:41:40,316] {logging_mixin.py:104} INFO - [2022-10-31 20:41:40,316] {dag.py:2273} INFO - Setting next_dagrun for tutorial_etl_dag to None
[2022-10-31 20:41:40,322] {scheduler_job.py:190} INFO - Processing /home/airflow/.local/lib/python3.6/site-packages/airflow/example_dags/tutorial_etl_dag.py took 0.047 seconds
[2022-10-31 20:42:11,157] {scheduler_job.py:182} INFO - Started process (PID=300) to work on /home/airflow/.local/lib/python3.6/site-packages/airflow/example_dags/tutorial_etl_dag.py
[2022-10-31 20:42:11,158] {scheduler_job.py:629} INFO - Processing file /home/airflow/.local/lib/python3.6/site-packages/airflow/example_dags/tutorial_etl_dag.py for tasks to queue
[2022-10-31 20:42:11,158] {logging_mixin.py:104} INFO - [2022-10-31 20:42:11,158] {dagbag.py:448} INFO - Filling up the DagBag from /home/airflow/.local/lib/python3.6/site-packages/airflow/example_dags/tutorial_etl_dag.py
[2022-10-31 20:42:11,166] {scheduler_job.py:639} INFO - DAG(s) dict_keys(['tutorial_etl_dag']) retrieved from /home/airflow/.local/lib/python3.6/site-packages/airflow/example_dags/tutorial_etl_dag.py
[2022-10-31 20:42:11,179] {logging_mixin.py:104} INFO - [2022-10-31 20:42:11,179] {dag.py:1818} INFO - Sync 1 DAGs
[2022-10-31 20:42:11,189] {logging_mixin.py:104} INFO - [2022-10-31 20:42:11,189] {dag.py:2273} INFO - Setting next_dagrun for tutorial_etl_dag to None
[2022-10-31 20:42:11,194] {scheduler_job.py:190} INFO - Processing /home/airflow/.local/lib/python3.6/site-packages/airflow/example_dags/tutorial_etl_dag.py took 0.039 seconds
[2022-10-31 20:42:41,912] {scheduler_job.py:182} INFO - Started process (PID=328) to work on /home/airflow/.local/lib/python3.6/site-packages/airflow/example_dags/tutorial_etl_dag.py
[2022-10-31 20:42:41,912] {scheduler_job.py:629} INFO - Processing file /home/airflow/.local/lib/python3.6/site-packages/airflow/example_dags/tutorial_etl_dag.py for tasks to queue
[2022-10-31 20:42:41,913] {logging_mixin.py:104} INFO - [2022-10-31 20:42:41,913] {dagbag.py:448} INFO - Filling up the DagBag from /home/airflow/.local/lib/python3.6/site-packages/airflow/example_dags/tutorial_etl_dag.py
[2022-10-31 20:42:41,921] {scheduler_job.py:639} INFO - DAG(s) dict_keys(['tutorial_etl_dag']) retrieved from /home/airflow/.local/lib/python3.6/site-packages/airflow/example_dags/tutorial_etl_dag.py
[2022-10-31 20:42:41,934] {logging_mixin.py:104} INFO - [2022-10-31 20:42:41,934] {dag.py:1818} INFO - Sync 1 DAGs
[2022-10-31 20:42:41,944] {logging_mixin.py:104} INFO - [2022-10-31 20:42:41,944] {dag.py:2273} INFO - Setting next_dagrun for tutorial_etl_dag to None
[2022-10-31 20:42:41,951] {scheduler_job.py:190} INFO - Processing /home/airflow/.local/lib/python3.6/site-packages/airflow/example_dags/tutorial_etl_dag.py took 0.041 seconds
[2022-10-31 20:43:12,109] {scheduler_job.py:182} INFO - Started process (PID=356) to work on /home/airflow/.local/lib/python3.6/site-packages/airflow/example_dags/tutorial_etl_dag.py
[2022-10-31 20:43:12,110] {scheduler_job.py:629} INFO - Processing file /home/airflow/.local/lib/python3.6/site-packages/airflow/example_dags/tutorial_etl_dag.py for tasks to queue
[2022-10-31 20:43:12,110] {logging_mixin.py:104} INFO - [2022-10-31 20:43:12,110] {dagbag.py:448} INFO - Filling up the DagBag from /home/airflow/.local/lib/python3.6/site-packages/airflow/example_dags/tutorial_etl_dag.py
[2022-10-31 20:43:12,118] {scheduler_job.py:639} INFO - DAG(s) dict_keys(['tutorial_etl_dag']) retrieved from /home/airflow/.local/lib/python3.6/site-packages/airflow/example_dags/tutorial_etl_dag.py
[2022-10-31 20:43:12,131] {logging_mixin.py:104} INFO - [2022-10-31 20:43:12,131] {dag.py:1818} INFO - Sync 1 DAGs
[2022-10-31 20:43:12,140] {logging_mixin.py:104} INFO - [2022-10-31 20:43:12,140] {dag.py:2273} INFO - Setting next_dagrun for tutorial_etl_dag to None
[2022-10-31 20:43:12,147] {scheduler_job.py:190} INFO - Processing /home/airflow/.local/lib/python3.6/site-packages/airflow/example_dags/tutorial_etl_dag.py took 0.040 seconds
[2022-10-31 20:43:42,288] {scheduler_job.py:182} INFO - Started process (PID=383) to work on /home/airflow/.local/lib/python3.6/site-packages/airflow/example_dags/tutorial_etl_dag.py
[2022-10-31 20:43:42,289] {scheduler_job.py:629} INFO - Processing file /home/airflow/.local/lib/python3.6/site-packages/airflow/example_dags/tutorial_etl_dag.py for tasks to queue
[2022-10-31 20:43:42,289] {logging_mixin.py:104} INFO - [2022-10-31 20:43:42,289] {dagbag.py:448} INFO - Filling up the DagBag from /home/airflow/.local/lib/python3.6/site-packages/airflow/example_dags/tutorial_etl_dag.py
[2022-10-31 20:43:42,301] {scheduler_job.py:639} INFO - DAG(s) dict_keys(['tutorial_etl_dag']) retrieved from /home/airflow/.local/lib/python3.6/site-packages/airflow/example_dags/tutorial_etl_dag.py
[2022-10-31 20:43:42,314] {logging_mixin.py:104} INFO - [2022-10-31 20:43:42,314] {dag.py:1818} INFO - Sync 1 DAGs
[2022-10-31 20:43:42,326] {logging_mixin.py:104} INFO - [2022-10-31 20:43:42,326] {dag.py:2273} INFO - Setting next_dagrun for tutorial_etl_dag to None
[2022-10-31 20:43:42,333] {scheduler_job.py:190} INFO - Processing /home/airflow/.local/lib/python3.6/site-packages/airflow/example_dags/tutorial_etl_dag.py took 0.048 seconds
[2022-10-31 20:44:12,619] {scheduler_job.py:182} INFO - Started process (PID=411) to work on /home/airflow/.local/lib/python3.6/site-packages/airflow/example_dags/tutorial_etl_dag.py
[2022-10-31 20:44:12,620] {scheduler_job.py:629} INFO - Processing file /home/airflow/.local/lib/python3.6/site-packages/airflow/example_dags/tutorial_etl_dag.py for tasks to queue
[2022-10-31 20:44:12,620] {logging_mixin.py:104} INFO - [2022-10-31 20:44:12,620] {dagbag.py:448} INFO - Filling up the DagBag from /home/airflow/.local/lib/python3.6/site-packages/airflow/example_dags/tutorial_etl_dag.py
[2022-10-31 20:44:12,629] {scheduler_job.py:639} INFO - DAG(s) dict_keys(['tutorial_etl_dag']) retrieved from /home/airflow/.local/lib/python3.6/site-packages/airflow/example_dags/tutorial_etl_dag.py
[2022-10-31 20:44:12,642] {logging_mixin.py:104} INFO - [2022-10-31 20:44:12,642] {dag.py:1818} INFO - Sync 1 DAGs
[2022-10-31 20:44:12,653] {logging_mixin.py:104} INFO - [2022-10-31 20:44:12,653] {dag.py:2273} INFO - Setting next_dagrun for tutorial_etl_dag to None
[2022-10-31 20:44:12,659] {scheduler_job.py:190} INFO - Processing /home/airflow/.local/lib/python3.6/site-packages/airflow/example_dags/tutorial_etl_dag.py took 0.042 seconds
