[2022-10-31 20:42:34,576] {scheduler_job.py:182} INFO - Started process (PID=312) to work on /opt/airflow/dags/my-dag.py
[2022-10-31 20:42:34,577] {scheduler_job.py:629} INFO - Processing file /opt/airflow/dags/my-dag.py for tasks to queue
[2022-10-31 20:42:34,577] {logging_mixin.py:104} INFO - [2022-10-31 20:42:34,577] {dagbag.py:448} INFO - Filling up the DagBag from /opt/airflow/dags/my-dag.py
[2022-10-31 20:42:34,585] {logging_mixin.py:104} INFO - 690
[2022-10-31 20:42:34,587] {scheduler_job.py:641} WARNING - No viable dags retrieved from /opt/airflow/dags/my-dag.py
[2022-10-31 20:42:34,597] {scheduler_job.py:190} INFO - Processing /opt/airflow/dags/my-dag.py took 0.023 seconds
[2022-10-31 20:43:05,335] {scheduler_job.py:182} INFO - Started process (PID=340) to work on /opt/airflow/dags/my-dag.py
[2022-10-31 20:43:05,336] {scheduler_job.py:629} INFO - Processing file /opt/airflow/dags/my-dag.py for tasks to queue
[2022-10-31 20:43:05,336] {logging_mixin.py:104} INFO - [2022-10-31 20:43:05,336] {dagbag.py:448} INFO - Filling up the DagBag from /opt/airflow/dags/my-dag.py
[2022-10-31 20:43:05,342] {logging_mixin.py:104} INFO - 690
[2022-10-31 20:43:05,343] {scheduler_job.py:641} WARNING - No viable dags retrieved from /opt/airflow/dags/my-dag.py
[2022-10-31 20:43:05,352] {scheduler_job.py:190} INFO - Processing /opt/airflow/dags/my-dag.py took 0.019 seconds
[2022-10-31 20:43:35,503] {scheduler_job.py:182} INFO - Started process (PID=368) to work on /opt/airflow/dags/my-dag.py
[2022-10-31 20:43:35,504] {scheduler_job.py:629} INFO - Processing file /opt/airflow/dags/my-dag.py for tasks to queue
[2022-10-31 20:43:35,504] {logging_mixin.py:104} INFO - [2022-10-31 20:43:35,504] {dagbag.py:448} INFO - Filling up the DagBag from /opt/airflow/dags/my-dag.py
[2022-10-31 20:43:35,509] {logging_mixin.py:104} INFO - 690
[2022-10-31 20:43:35,510] {scheduler_job.py:641} WARNING - No viable dags retrieved from /opt/airflow/dags/my-dag.py
[2022-10-31 20:43:35,518] {scheduler_job.py:190} INFO - Processing /opt/airflow/dags/my-dag.py took 0.018 seconds
[2022-10-31 20:44:05,764] {scheduler_job.py:182} INFO - Started process (PID=396) to work on /opt/airflow/dags/my-dag.py
[2022-10-31 20:44:05,764] {scheduler_job.py:629} INFO - Processing file /opt/airflow/dags/my-dag.py for tasks to queue
[2022-10-31 20:44:05,765] {logging_mixin.py:104} INFO - [2022-10-31 20:44:05,765] {dagbag.py:448} INFO - Filling up the DagBag from /opt/airflow/dags/my-dag.py
[2022-10-31 20:44:05,770] {logging_mixin.py:104} INFO - 690
[2022-10-31 20:44:05,772] {scheduler_job.py:641} WARNING - No viable dags retrieved from /opt/airflow/dags/my-dag.py
[2022-10-31 20:44:05,781] {scheduler_job.py:190} INFO - Processing /opt/airflow/dags/my-dag.py took 0.020 seconds
[2022-10-31 20:44:36,101] {scheduler_job.py:182} INFO - Started process (PID=424) to work on /opt/airflow/dags/my-dag.py
[2022-10-31 20:44:36,103] {scheduler_job.py:629} INFO - Processing file /opt/airflow/dags/my-dag.py for tasks to queue
[2022-10-31 20:44:36,103] {logging_mixin.py:104} INFO - [2022-10-31 20:44:36,103] {dagbag.py:448} INFO - Filling up the DagBag from /opt/airflow/dags/my-dag.py
[2022-10-31 20:44:36,108] {logging_mixin.py:104} INFO - 690
[2022-10-31 20:44:36,110] {scheduler_job.py:641} WARNING - No viable dags retrieved from /opt/airflow/dags/my-dag.py
[2022-10-31 20:44:36,119] {scheduler_job.py:190} INFO - Processing /opt/airflow/dags/my-dag.py took 0.020 seconds
[2022-10-31 20:45:06,235] {scheduler_job.py:182} INFO - Started process (PID=452) to work on /opt/airflow/dags/my-dag.py
[2022-10-31 20:45:06,237] {scheduler_job.py:629} INFO - Processing file /opt/airflow/dags/my-dag.py for tasks to queue
[2022-10-31 20:45:06,238] {logging_mixin.py:104} INFO - [2022-10-31 20:45:06,238] {dagbag.py:448} INFO - Filling up the DagBag from /opt/airflow/dags/my-dag.py
[2022-10-31 20:45:06,252] {logging_mixin.py:104} INFO - 690
[2022-10-31 20:45:06,256] {scheduler_job.py:641} WARNING - No viable dags retrieved from /opt/airflow/dags/my-dag.py
[2022-10-31 20:45:06,271] {scheduler_job.py:190} INFO - Processing /opt/airflow/dags/my-dag.py took 0.042 seconds
[2022-10-31 20:45:36,495] {scheduler_job.py:182} INFO - Started process (PID=480) to work on /opt/airflow/dags/my-dag.py
[2022-10-31 20:45:36,496] {scheduler_job.py:629} INFO - Processing file /opt/airflow/dags/my-dag.py for tasks to queue
[2022-10-31 20:45:36,496] {logging_mixin.py:104} INFO - [2022-10-31 20:45:36,496] {dagbag.py:448} INFO - Filling up the DagBag from /opt/airflow/dags/my-dag.py
[2022-10-31 20:45:36,501] {logging_mixin.py:104} INFO - 690
[2022-10-31 20:45:36,503] {scheduler_job.py:641} WARNING - No viable dags retrieved from /opt/airflow/dags/my-dag.py
[2022-10-31 20:45:36,512] {scheduler_job.py:190} INFO - Processing /opt/airflow/dags/my-dag.py took 0.020 seconds
[2022-10-31 20:46:06,700] {scheduler_job.py:182} INFO - Started process (PID=508) to work on /opt/airflow/dags/my-dag.py
[2022-10-31 20:46:06,702] {scheduler_job.py:629} INFO - Processing file /opt/airflow/dags/my-dag.py for tasks to queue
[2022-10-31 20:46:06,703] {logging_mixin.py:104} INFO - [2022-10-31 20:46:06,703] {dagbag.py:448} INFO - Filling up the DagBag from /opt/airflow/dags/my-dag.py
[2022-10-31 20:46:06,717] {logging_mixin.py:104} INFO - 690
[2022-10-31 20:46:06,721] {scheduler_job.py:641} WARNING - No viable dags retrieved from /opt/airflow/dags/my-dag.py
[2022-10-31 20:46:06,736] {scheduler_job.py:190} INFO - Processing /opt/airflow/dags/my-dag.py took 0.042 seconds
[2022-10-31 20:46:36,821] {scheduler_job.py:182} INFO - Started process (PID=536) to work on /opt/airflow/dags/my-dag.py
[2022-10-31 20:46:36,822] {scheduler_job.py:629} INFO - Processing file /opt/airflow/dags/my-dag.py for tasks to queue
[2022-10-31 20:46:36,823] {logging_mixin.py:104} INFO - [2022-10-31 20:46:36,823] {dagbag.py:448} INFO - Filling up the DagBag from /opt/airflow/dags/my-dag.py
[2022-10-31 20:46:36,831] {logging_mixin.py:104} INFO - 690
[2022-10-31 20:46:36,832] {scheduler_job.py:641} WARNING - No viable dags retrieved from /opt/airflow/dags/my-dag.py
[2022-10-31 20:46:36,842] {scheduler_job.py:190} INFO - Processing /opt/airflow/dags/my-dag.py took 0.025 seconds
[2022-10-31 20:47:07,857] {scheduler_job.py:182} INFO - Started process (PID=564) to work on /opt/airflow/dags/my-dag.py
[2022-10-31 20:47:07,858] {scheduler_job.py:629} INFO - Processing file /opt/airflow/dags/my-dag.py for tasks to queue
[2022-10-31 20:47:07,859] {logging_mixin.py:104} INFO - [2022-10-31 20:47:07,858] {dagbag.py:448} INFO - Filling up the DagBag from /opt/airflow/dags/my-dag.py
[2022-10-31 20:47:07,864] {logging_mixin.py:104} INFO - 690
[2022-10-31 20:47:07,866] {scheduler_job.py:641} WARNING - No viable dags retrieved from /opt/airflow/dags/my-dag.py
[2022-10-31 20:47:07,875] {scheduler_job.py:190} INFO - Processing /opt/airflow/dags/my-dag.py took 0.020 seconds
[2022-10-31 20:47:37,914] {scheduler_job.py:182} INFO - Started process (PID=592) to work on /opt/airflow/dags/my-dag.py
[2022-10-31 20:47:37,915] {scheduler_job.py:629} INFO - Processing file /opt/airflow/dags/my-dag.py for tasks to queue
[2022-10-31 20:47:37,915] {logging_mixin.py:104} INFO - [2022-10-31 20:47:37,915] {dagbag.py:448} INFO - Filling up the DagBag from /opt/airflow/dags/my-dag.py
[2022-10-31 20:47:37,920] {logging_mixin.py:104} INFO - 690
[2022-10-31 20:47:37,921] {scheduler_job.py:641} WARNING - No viable dags retrieved from /opt/airflow/dags/my-dag.py
[2022-10-31 20:47:37,930] {scheduler_job.py:190} INFO - Processing /opt/airflow/dags/my-dag.py took 0.018 seconds
[2022-10-31 20:48:08,137] {scheduler_job.py:182} INFO - Started process (PID=620) to work on /opt/airflow/dags/my-dag.py
[2022-10-31 20:48:08,138] {scheduler_job.py:629} INFO - Processing file /opt/airflow/dags/my-dag.py for tasks to queue
[2022-10-31 20:48:08,139] {logging_mixin.py:104} INFO - [2022-10-31 20:48:08,139] {dagbag.py:448} INFO - Filling up the DagBag from /opt/airflow/dags/my-dag.py
[2022-10-31 20:48:08,144] {logging_mixin.py:104} INFO - 690
[2022-10-31 20:48:08,145] {scheduler_job.py:641} WARNING - No viable dags retrieved from /opt/airflow/dags/my-dag.py
[2022-10-31 20:48:08,155] {scheduler_job.py:190} INFO - Processing /opt/airflow/dags/my-dag.py took 0.020 seconds
[2022-10-31 20:48:38,241] {scheduler_job.py:182} INFO - Started process (PID=648) to work on /opt/airflow/dags/my-dag.py
[2022-10-31 20:48:38,241] {scheduler_job.py:629} INFO - Processing file /opt/airflow/dags/my-dag.py for tasks to queue
[2022-10-31 20:48:38,242] {logging_mixin.py:104} INFO - [2022-10-31 20:48:38,242] {dagbag.py:448} INFO - Filling up the DagBag from /opt/airflow/dags/my-dag.py
[2022-10-31 20:48:38,247] {logging_mixin.py:104} INFO - 690
[2022-10-31 20:48:38,249] {scheduler_job.py:641} WARNING - No viable dags retrieved from /opt/airflow/dags/my-dag.py
[2022-10-31 20:48:38,258] {scheduler_job.py:190} INFO - Processing /opt/airflow/dags/my-dag.py took 0.020 seconds
[2022-10-31 20:49:08,455] {scheduler_job.py:182} INFO - Started process (PID=676) to work on /opt/airflow/dags/my-dag.py
[2022-10-31 20:49:08,456] {scheduler_job.py:629} INFO - Processing file /opt/airflow/dags/my-dag.py for tasks to queue
[2022-10-31 20:49:08,457] {logging_mixin.py:104} INFO - [2022-10-31 20:49:08,457] {dagbag.py:448} INFO - Filling up the DagBag from /opt/airflow/dags/my-dag.py
[2022-10-31 20:49:08,466] {logging_mixin.py:104} INFO - 690
[2022-10-31 20:49:08,470] {scheduler_job.py:641} WARNING - No viable dags retrieved from /opt/airflow/dags/my-dag.py
[2022-10-31 20:49:08,485] {scheduler_job.py:190} INFO - Processing /opt/airflow/dags/my-dag.py took 0.034 seconds
[2022-10-31 20:49:38,663] {scheduler_job.py:182} INFO - Started process (PID=704) to work on /opt/airflow/dags/my-dag.py
[2022-10-31 20:49:38,668] {scheduler_job.py:629} INFO - Processing file /opt/airflow/dags/my-dag.py for tasks to queue
[2022-10-31 20:49:38,669] {logging_mixin.py:104} INFO - [2022-10-31 20:49:38,669] {dagbag.py:448} INFO - Filling up the DagBag from /opt/airflow/dags/my-dag.py
[2022-10-31 20:49:38,682] {logging_mixin.py:104} INFO - 690
[2022-10-31 20:49:38,685] {scheduler_job.py:641} WARNING - No viable dags retrieved from /opt/airflow/dags/my-dag.py
[2022-10-31 20:49:38,700] {scheduler_job.py:190} INFO - Processing /opt/airflow/dags/my-dag.py took 0.044 seconds
[2022-10-31 20:50:08,899] {scheduler_job.py:182} INFO - Started process (PID=732) to work on /opt/airflow/dags/my-dag.py
[2022-10-31 20:50:08,901] {scheduler_job.py:629} INFO - Processing file /opt/airflow/dags/my-dag.py for tasks to queue
[2022-10-31 20:50:08,902] {logging_mixin.py:104} INFO - [2022-10-31 20:50:08,902] {dagbag.py:448} INFO - Filling up the DagBag from /opt/airflow/dags/my-dag.py
[2022-10-31 20:50:08,921] {logging_mixin.py:104} INFO - 690
[2022-10-31 20:50:08,924] {scheduler_job.py:641} WARNING - No viable dags retrieved from /opt/airflow/dags/my-dag.py
[2022-10-31 20:50:08,936] {scheduler_job.py:190} INFO - Processing /opt/airflow/dags/my-dag.py took 0.043 seconds
[2022-10-31 20:50:39,074] {scheduler_job.py:182} INFO - Started process (PID=760) to work on /opt/airflow/dags/my-dag.py
[2022-10-31 20:50:39,076] {scheduler_job.py:629} INFO - Processing file /opt/airflow/dags/my-dag.py for tasks to queue
[2022-10-31 20:50:39,077] {logging_mixin.py:104} INFO - [2022-10-31 20:50:39,077] {dagbag.py:448} INFO - Filling up the DagBag from /opt/airflow/dags/my-dag.py
[2022-10-31 20:50:39,088] {logging_mixin.py:104} INFO - 690
[2022-10-31 20:50:39,090] {scheduler_job.py:641} WARNING - No viable dags retrieved from /opt/airflow/dags/my-dag.py
[2022-10-31 20:50:39,101] {scheduler_job.py:190} INFO - Processing /opt/airflow/dags/my-dag.py took 0.033 seconds
[2022-10-31 20:51:09,163] {scheduler_job.py:182} INFO - Started process (PID=788) to work on /opt/airflow/dags/my-dag.py
[2022-10-31 20:51:09,164] {scheduler_job.py:629} INFO - Processing file /opt/airflow/dags/my-dag.py for tasks to queue
[2022-10-31 20:51:09,165] {logging_mixin.py:104} INFO - [2022-10-31 20:51:09,164] {dagbag.py:448} INFO - Filling up the DagBag from /opt/airflow/dags/my-dag.py
[2022-10-31 20:51:09,172] {logging_mixin.py:104} INFO - 690
[2022-10-31 20:51:09,174] {scheduler_job.py:641} WARNING - No viable dags retrieved from /opt/airflow/dags/my-dag.py
[2022-10-31 20:51:09,183] {scheduler_job.py:190} INFO - Processing /opt/airflow/dags/my-dag.py took 0.022 seconds
[2022-10-31 20:51:39,362] {scheduler_job.py:182} INFO - Started process (PID=816) to work on /opt/airflow/dags/my-dag.py
[2022-10-31 20:51:39,364] {scheduler_job.py:629} INFO - Processing file /opt/airflow/dags/my-dag.py for tasks to queue
[2022-10-31 20:51:39,365] {logging_mixin.py:104} INFO - [2022-10-31 20:51:39,365] {dagbag.py:448} INFO - Filling up the DagBag from /opt/airflow/dags/my-dag.py
[2022-10-31 20:51:39,378] {logging_mixin.py:104} INFO - 690
[2022-10-31 20:51:39,380] {scheduler_job.py:641} WARNING - No viable dags retrieved from /opt/airflow/dags/my-dag.py
[2022-10-31 20:51:39,426] {scheduler_job.py:190} INFO - Processing /opt/airflow/dags/my-dag.py took 0.068 seconds
[2022-10-31 20:52:09,466] {scheduler_job.py:182} INFO - Started process (PID=844) to work on /opt/airflow/dags/my-dag.py
[2022-10-31 20:52:09,467] {scheduler_job.py:629} INFO - Processing file /opt/airflow/dags/my-dag.py for tasks to queue
[2022-10-31 20:52:09,467] {logging_mixin.py:104} INFO - [2022-10-31 20:52:09,467] {dagbag.py:448} INFO - Filling up the DagBag from /opt/airflow/dags/my-dag.py
[2022-10-31 20:52:09,473] {logging_mixin.py:104} INFO - 690
[2022-10-31 20:52:09,474] {scheduler_job.py:641} WARNING - No viable dags retrieved from /opt/airflow/dags/my-dag.py
[2022-10-31 20:52:09,481] {scheduler_job.py:190} INFO - Processing /opt/airflow/dags/my-dag.py took 0.016 seconds
[2022-10-31 20:52:39,548] {scheduler_job.py:182} INFO - Started process (PID=872) to work on /opt/airflow/dags/my-dag.py
[2022-10-31 20:52:39,549] {scheduler_job.py:629} INFO - Processing file /opt/airflow/dags/my-dag.py for tasks to queue
[2022-10-31 20:52:39,550] {logging_mixin.py:104} INFO - [2022-10-31 20:52:39,550] {dagbag.py:448} INFO - Filling up the DagBag from /opt/airflow/dags/my-dag.py
[2022-10-31 20:52:39,557] {logging_mixin.py:104} INFO - 690
[2022-10-31 20:52:39,559] {scheduler_job.py:641} WARNING - No viable dags retrieved from /opt/airflow/dags/my-dag.py
[2022-10-31 20:52:39,568] {scheduler_job.py:190} INFO - Processing /opt/airflow/dags/my-dag.py took 0.023 seconds
[2022-10-31 20:53:09,684] {scheduler_job.py:182} INFO - Started process (PID=900) to work on /opt/airflow/dags/my-dag.py
[2022-10-31 20:53:09,687] {scheduler_job.py:629} INFO - Processing file /opt/airflow/dags/my-dag.py for tasks to queue
[2022-10-31 20:53:09,688] {logging_mixin.py:104} INFO - [2022-10-31 20:53:09,688] {dagbag.py:448} INFO - Filling up the DagBag from /opt/airflow/dags/my-dag.py
[2022-10-31 20:53:09,695] {logging_mixin.py:104} INFO - 690
[2022-10-31 20:53:09,697] {scheduler_job.py:641} WARNING - No viable dags retrieved from /opt/airflow/dags/my-dag.py
[2022-10-31 20:53:09,706] {scheduler_job.py:190} INFO - Processing /opt/airflow/dags/my-dag.py took 0.028 seconds
[2022-10-31 20:53:39,937] {scheduler_job.py:182} INFO - Started process (PID=928) to work on /opt/airflow/dags/my-dag.py
[2022-10-31 20:53:39,939] {scheduler_job.py:629} INFO - Processing file /opt/airflow/dags/my-dag.py for tasks to queue
[2022-10-31 20:53:39,940] {logging_mixin.py:104} INFO - [2022-10-31 20:53:39,940] {dagbag.py:448} INFO - Filling up the DagBag from /opt/airflow/dags/my-dag.py
[2022-10-31 20:53:39,946] {logging_mixin.py:104} INFO - 690
[2022-10-31 20:53:39,948] {scheduler_job.py:641} WARNING - No viable dags retrieved from /opt/airflow/dags/my-dag.py
[2022-10-31 20:53:39,957] {scheduler_job.py:190} INFO - Processing /opt/airflow/dags/my-dag.py took 0.025 seconds
[2022-10-31 20:54:10,103] {scheduler_job.py:182} INFO - Started process (PID=956) to work on /opt/airflow/dags/my-dag.py
[2022-10-31 20:54:10,105] {scheduler_job.py:629} INFO - Processing file /opt/airflow/dags/my-dag.py for tasks to queue
[2022-10-31 20:54:10,105] {logging_mixin.py:104} INFO - [2022-10-31 20:54:10,105] {dagbag.py:448} INFO - Filling up the DagBag from /opt/airflow/dags/my-dag.py
[2022-10-31 20:54:10,111] {logging_mixin.py:104} INFO - 690
[2022-10-31 20:54:10,113] {scheduler_job.py:641} WARNING - No viable dags retrieved from /opt/airflow/dags/my-dag.py
[2022-10-31 20:54:10,122] {scheduler_job.py:190} INFO - Processing /opt/airflow/dags/my-dag.py took 0.021 seconds
[2022-10-31 20:54:40,372] {scheduler_job.py:182} INFO - Started process (PID=984) to work on /opt/airflow/dags/my-dag.py
[2022-10-31 20:54:40,372] {scheduler_job.py:629} INFO - Processing file /opt/airflow/dags/my-dag.py for tasks to queue
[2022-10-31 20:54:40,373] {logging_mixin.py:104} INFO - [2022-10-31 20:54:40,373] {dagbag.py:448} INFO - Filling up the DagBag from /opt/airflow/dags/my-dag.py
[2022-10-31 20:54:40,379] {logging_mixin.py:104} INFO - 690
[2022-10-31 20:54:40,380] {scheduler_job.py:641} WARNING - No viable dags retrieved from /opt/airflow/dags/my-dag.py
[2022-10-31 20:54:40,389] {scheduler_job.py:190} INFO - Processing /opt/airflow/dags/my-dag.py took 0.020 seconds
[2022-10-31 20:55:10,714] {scheduler_job.py:182} INFO - Started process (PID=1012) to work on /opt/airflow/dags/my-dag.py
[2022-10-31 20:55:10,716] {scheduler_job.py:629} INFO - Processing file /opt/airflow/dags/my-dag.py for tasks to queue
[2022-10-31 20:55:10,718] {logging_mixin.py:104} INFO - [2022-10-31 20:55:10,718] {dagbag.py:448} INFO - Filling up the DagBag from /opt/airflow/dags/my-dag.py
[2022-10-31 20:55:10,723] {logging_mixin.py:104} INFO - 690
[2022-10-31 20:55:10,725] {scheduler_job.py:641} WARNING - No viable dags retrieved from /opt/airflow/dags/my-dag.py
[2022-10-31 20:55:10,734] {scheduler_job.py:190} INFO - Processing /opt/airflow/dags/my-dag.py took 0.026 seconds
[2022-10-31 20:55:40,814] {scheduler_job.py:182} INFO - Started process (PID=1040) to work on /opt/airflow/dags/my-dag.py
[2022-10-31 20:55:40,816] {scheduler_job.py:629} INFO - Processing file /opt/airflow/dags/my-dag.py for tasks to queue
[2022-10-31 20:55:40,818] {logging_mixin.py:104} INFO - [2022-10-31 20:55:40,817] {dagbag.py:448} INFO - Filling up the DagBag from /opt/airflow/dags/my-dag.py
[2022-10-31 20:55:40,823] {logging_mixin.py:104} INFO - 690
[2022-10-31 20:55:40,825] {scheduler_job.py:641} WARNING - No viable dags retrieved from /opt/airflow/dags/my-dag.py
[2022-10-31 20:55:40,834] {scheduler_job.py:190} INFO - Processing /opt/airflow/dags/my-dag.py took 0.027 seconds
[2022-10-31 20:56:10,961] {scheduler_job.py:182} INFO - Started process (PID=1068) to work on /opt/airflow/dags/my-dag.py
[2022-10-31 20:56:10,964] {scheduler_job.py:629} INFO - Processing file /opt/airflow/dags/my-dag.py for tasks to queue
[2022-10-31 20:56:10,965] {logging_mixin.py:104} INFO - [2022-10-31 20:56:10,965] {dagbag.py:448} INFO - Filling up the DagBag from /opt/airflow/dags/my-dag.py
[2022-10-31 20:56:10,971] {logging_mixin.py:104} INFO - 690
[2022-10-31 20:56:10,972] {scheduler_job.py:641} WARNING - No viable dags retrieved from /opt/airflow/dags/my-dag.py
[2022-10-31 20:56:10,980] {scheduler_job.py:190} INFO - Processing /opt/airflow/dags/my-dag.py took 0.026 seconds
[2022-10-31 20:56:41,182] {scheduler_job.py:182} INFO - Started process (PID=1096) to work on /opt/airflow/dags/my-dag.py
[2022-10-31 20:56:41,183] {scheduler_job.py:629} INFO - Processing file /opt/airflow/dags/my-dag.py for tasks to queue
[2022-10-31 20:56:41,184] {logging_mixin.py:104} INFO - [2022-10-31 20:56:41,184] {dagbag.py:448} INFO - Filling up the DagBag from /opt/airflow/dags/my-dag.py
[2022-10-31 20:56:41,190] {logging_mixin.py:104} INFO - 690
[2022-10-31 20:56:41,192] {scheduler_job.py:641} WARNING - No viable dags retrieved from /opt/airflow/dags/my-dag.py
[2022-10-31 20:56:41,203] {scheduler_job.py:190} INFO - Processing /opt/airflow/dags/my-dag.py took 0.023 seconds
[2022-10-31 20:57:11,336] {scheduler_job.py:182} INFO - Started process (PID=1124) to work on /opt/airflow/dags/my-dag.py
[2022-10-31 20:57:11,337] {scheduler_job.py:629} INFO - Processing file /opt/airflow/dags/my-dag.py for tasks to queue
[2022-10-31 20:57:11,337] {logging_mixin.py:104} INFO - [2022-10-31 20:57:11,337] {dagbag.py:448} INFO - Filling up the DagBag from /opt/airflow/dags/my-dag.py
[2022-10-31 20:57:11,344] {logging_mixin.py:104} INFO - 690
[2022-10-31 20:57:11,346] {scheduler_job.py:641} WARNING - No viable dags retrieved from /opt/airflow/dags/my-dag.py
[2022-10-31 20:57:11,354] {scheduler_job.py:190} INFO - Processing /opt/airflow/dags/my-dag.py took 0.021 seconds
[2022-10-31 20:57:41,505] {scheduler_job.py:182} INFO - Started process (PID=1152) to work on /opt/airflow/dags/my-dag.py
[2022-10-31 20:57:41,505] {scheduler_job.py:629} INFO - Processing file /opt/airflow/dags/my-dag.py for tasks to queue
[2022-10-31 20:57:41,506] {logging_mixin.py:104} INFO - [2022-10-31 20:57:41,505] {dagbag.py:448} INFO - Filling up the DagBag from /opt/airflow/dags/my-dag.py
[2022-10-31 20:57:41,509] {logging_mixin.py:104} INFO - 690
[2022-10-31 20:57:41,511] {scheduler_job.py:641} WARNING - No viable dags retrieved from /opt/airflow/dags/my-dag.py
[2022-10-31 20:57:41,518] {scheduler_job.py:190} INFO - Processing /opt/airflow/dags/my-dag.py took 0.015 seconds
[2022-10-31 20:58:11,693] {scheduler_job.py:182} INFO - Started process (PID=1194) to work on /opt/airflow/dags/my-dag.py
[2022-10-31 20:58:11,694] {scheduler_job.py:629} INFO - Processing file /opt/airflow/dags/my-dag.py for tasks to queue
[2022-10-31 20:58:11,695] {logging_mixin.py:104} INFO - [2022-10-31 20:58:11,695] {dagbag.py:448} INFO - Filling up the DagBag from /opt/airflow/dags/my-dag.py
[2022-10-31 20:58:11,703] {logging_mixin.py:104} INFO - 690
[2022-10-31 20:58:11,705] {scheduler_job.py:641} WARNING - No viable dags retrieved from /opt/airflow/dags/my-dag.py
[2022-10-31 20:58:11,715] {scheduler_job.py:190} INFO - Processing /opt/airflow/dags/my-dag.py took 0.025 seconds
[2022-10-31 20:58:41,977] {scheduler_job.py:182} INFO - Started process (PID=1222) to work on /opt/airflow/dags/my-dag.py
[2022-10-31 20:58:41,978] {scheduler_job.py:629} INFO - Processing file /opt/airflow/dags/my-dag.py for tasks to queue
[2022-10-31 20:58:41,979] {logging_mixin.py:104} INFO - [2022-10-31 20:58:41,978] {dagbag.py:448} INFO - Filling up the DagBag from /opt/airflow/dags/my-dag.py
[2022-10-31 20:58:41,983] {logging_mixin.py:104} INFO - 690
[2022-10-31 20:58:41,985] {scheduler_job.py:641} WARNING - No viable dags retrieved from /opt/airflow/dags/my-dag.py
[2022-10-31 20:58:41,994] {scheduler_job.py:190} INFO - Processing /opt/airflow/dags/my-dag.py took 0.018 seconds
[2022-10-31 20:59:12,075] {scheduler_job.py:182} INFO - Started process (PID=1250) to work on /opt/airflow/dags/my-dag.py
[2022-10-31 20:59:12,076] {scheduler_job.py:629} INFO - Processing file /opt/airflow/dags/my-dag.py for tasks to queue
[2022-10-31 20:59:12,077] {logging_mixin.py:104} INFO - [2022-10-31 20:59:12,077] {dagbag.py:448} INFO - Filling up the DagBag from /opt/airflow/dags/my-dag.py
[2022-10-31 20:59:12,081] {logging_mixin.py:104} INFO - 690
[2022-10-31 20:59:12,083] {scheduler_job.py:641} WARNING - No viable dags retrieved from /opt/airflow/dags/my-dag.py
[2022-10-31 20:59:12,091] {scheduler_job.py:190} INFO - Processing /opt/airflow/dags/my-dag.py took 0.018 seconds
[2022-10-31 20:59:42,165] {scheduler_job.py:182} INFO - Started process (PID=1278) to work on /opt/airflow/dags/my-dag.py
[2022-10-31 20:59:42,166] {scheduler_job.py:629} INFO - Processing file /opt/airflow/dags/my-dag.py for tasks to queue
[2022-10-31 20:59:42,167] {logging_mixin.py:104} INFO - [2022-10-31 20:59:42,167] {dagbag.py:448} INFO - Filling up the DagBag from /opt/airflow/dags/my-dag.py
[2022-10-31 20:59:42,172] {logging_mixin.py:104} INFO - 690
[2022-10-31 20:59:42,173] {scheduler_job.py:641} WARNING - No viable dags retrieved from /opt/airflow/dags/my-dag.py
[2022-10-31 20:59:42,181] {scheduler_job.py:190} INFO - Processing /opt/airflow/dags/my-dag.py took 0.018 seconds
[2022-10-31 21:00:12,319] {scheduler_job.py:182} INFO - Started process (PID=1306) to work on /opt/airflow/dags/my-dag.py
[2022-10-31 21:00:12,320] {scheduler_job.py:629} INFO - Processing file /opt/airflow/dags/my-dag.py for tasks to queue
[2022-10-31 21:00:12,321] {logging_mixin.py:104} INFO - [2022-10-31 21:00:12,320] {dagbag.py:448} INFO - Filling up the DagBag from /opt/airflow/dags/my-dag.py
[2022-10-31 21:00:12,326] {logging_mixin.py:104} INFO - 690
[2022-10-31 21:00:12,328] {scheduler_job.py:641} WARNING - No viable dags retrieved from /opt/airflow/dags/my-dag.py
[2022-10-31 21:00:12,339] {scheduler_job.py:190} INFO - Processing /opt/airflow/dags/my-dag.py took 0.021 seconds
[2022-10-31 21:00:42,417] {scheduler_job.py:182} INFO - Started process (PID=1334) to work on /opt/airflow/dags/my-dag.py
[2022-10-31 21:00:42,418] {scheduler_job.py:629} INFO - Processing file /opt/airflow/dags/my-dag.py for tasks to queue
[2022-10-31 21:00:42,418] {logging_mixin.py:104} INFO - [2022-10-31 21:00:42,418] {dagbag.py:448} INFO - Filling up the DagBag from /opt/airflow/dags/my-dag.py
[2022-10-31 21:00:42,423] {logging_mixin.py:104} INFO - 690
[2022-10-31 21:00:42,425] {scheduler_job.py:641} WARNING - No viable dags retrieved from /opt/airflow/dags/my-dag.py
[2022-10-31 21:00:42,432] {scheduler_job.py:190} INFO - Processing /opt/airflow/dags/my-dag.py took 0.017 seconds
[2022-10-31 21:01:12,504] {scheduler_job.py:182} INFO - Started process (PID=1361) to work on /opt/airflow/dags/my-dag.py
[2022-10-31 21:01:12,505] {scheduler_job.py:629} INFO - Processing file /opt/airflow/dags/my-dag.py for tasks to queue
[2022-10-31 21:01:12,505] {logging_mixin.py:104} INFO - [2022-10-31 21:01:12,505] {dagbag.py:448} INFO - Filling up the DagBag from /opt/airflow/dags/my-dag.py
[2022-10-31 21:01:12,510] {logging_mixin.py:104} INFO - 690
[2022-10-31 21:01:12,512] {scheduler_job.py:641} WARNING - No viable dags retrieved from /opt/airflow/dags/my-dag.py
[2022-10-31 21:01:12,524] {scheduler_job.py:190} INFO - Processing /opt/airflow/dags/my-dag.py took 0.021 seconds
[2022-10-31 21:01:43,469] {scheduler_job.py:182} INFO - Started process (PID=1389) to work on /opt/airflow/dags/my-dag.py
[2022-10-31 21:01:43,470] {scheduler_job.py:629} INFO - Processing file /opt/airflow/dags/my-dag.py for tasks to queue
[2022-10-31 21:01:43,470] {logging_mixin.py:104} INFO - [2022-10-31 21:01:43,470] {dagbag.py:448} INFO - Filling up the DagBag from /opt/airflow/dags/my-dag.py
[2022-10-31 21:01:43,476] {logging_mixin.py:104} INFO - 690
[2022-10-31 21:01:43,477] {scheduler_job.py:641} WARNING - No viable dags retrieved from /opt/airflow/dags/my-dag.py
[2022-10-31 21:01:43,486] {scheduler_job.py:190} INFO - Processing /opt/airflow/dags/my-dag.py took 0.019 seconds
[2022-10-31 21:02:13,707] {scheduler_job.py:182} INFO - Started process (PID=1417) to work on /opt/airflow/dags/my-dag.py
[2022-10-31 21:02:13,708] {scheduler_job.py:629} INFO - Processing file /opt/airflow/dags/my-dag.py for tasks to queue
[2022-10-31 21:02:13,709] {logging_mixin.py:104} INFO - [2022-10-31 21:02:13,709] {dagbag.py:448} INFO - Filling up the DagBag from /opt/airflow/dags/my-dag.py
[2022-10-31 21:02:13,714] {logging_mixin.py:104} INFO - 690
[2022-10-31 21:02:13,715] {scheduler_job.py:641} WARNING - No viable dags retrieved from /opt/airflow/dags/my-dag.py
[2022-10-31 21:02:13,724] {scheduler_job.py:190} INFO - Processing /opt/airflow/dags/my-dag.py took 0.019 seconds
[2022-10-31 21:02:43,896] {scheduler_job.py:182} INFO - Started process (PID=1445) to work on /opt/airflow/dags/my-dag.py
[2022-10-31 21:02:43,897] {scheduler_job.py:629} INFO - Processing file /opt/airflow/dags/my-dag.py for tasks to queue
[2022-10-31 21:02:43,897] {logging_mixin.py:104} INFO - [2022-10-31 21:02:43,897] {dagbag.py:448} INFO - Filling up the DagBag from /opt/airflow/dags/my-dag.py
[2022-10-31 21:02:43,902] {logging_mixin.py:104} INFO - 690
[2022-10-31 21:02:43,903] {scheduler_job.py:641} WARNING - No viable dags retrieved from /opt/airflow/dags/my-dag.py
[2022-10-31 21:02:43,911] {scheduler_job.py:190} INFO - Processing /opt/airflow/dags/my-dag.py took 0.017 seconds
[2022-10-31 21:03:13,966] {scheduler_job.py:182} INFO - Started process (PID=1473) to work on /opt/airflow/dags/my-dag.py
[2022-10-31 21:03:13,968] {scheduler_job.py:629} INFO - Processing file /opt/airflow/dags/my-dag.py for tasks to queue
[2022-10-31 21:03:13,969] {logging_mixin.py:104} INFO - [2022-10-31 21:03:13,969] {dagbag.py:448} INFO - Filling up the DagBag from /opt/airflow/dags/my-dag.py
[2022-10-31 21:03:13,974] {logging_mixin.py:104} INFO - 690
[2022-10-31 21:03:13,976] {scheduler_job.py:641} WARNING - No viable dags retrieved from /opt/airflow/dags/my-dag.py
[2022-10-31 21:03:13,984] {scheduler_job.py:190} INFO - Processing /opt/airflow/dags/my-dag.py took 0.025 seconds
[2022-10-31 21:03:44,164] {scheduler_job.py:182} INFO - Started process (PID=1501) to work on /opt/airflow/dags/my-dag.py
[2022-10-31 21:03:44,165] {scheduler_job.py:629} INFO - Processing file /opt/airflow/dags/my-dag.py for tasks to queue
[2022-10-31 21:03:44,165] {logging_mixin.py:104} INFO - [2022-10-31 21:03:44,165] {dagbag.py:448} INFO - Filling up the DagBag from /opt/airflow/dags/my-dag.py
[2022-10-31 21:03:44,170] {logging_mixin.py:104} INFO - 690
[2022-10-31 21:03:44,172] {scheduler_job.py:641} WARNING - No viable dags retrieved from /opt/airflow/dags/my-dag.py
[2022-10-31 21:03:44,180] {scheduler_job.py:190} INFO - Processing /opt/airflow/dags/my-dag.py took 0.019 seconds
[2022-10-31 21:04:14,400] {scheduler_job.py:182} INFO - Started process (PID=1529) to work on /opt/airflow/dags/my-dag.py
[2022-10-31 21:04:14,401] {scheduler_job.py:629} INFO - Processing file /opt/airflow/dags/my-dag.py for tasks to queue
[2022-10-31 21:04:14,401] {logging_mixin.py:104} INFO - [2022-10-31 21:04:14,401] {dagbag.py:448} INFO - Filling up the DagBag from /opt/airflow/dags/my-dag.py
[2022-10-31 21:04:14,407] {logging_mixin.py:104} INFO - 690
[2022-10-31 21:04:14,408] {scheduler_job.py:641} WARNING - No viable dags retrieved from /opt/airflow/dags/my-dag.py
[2022-10-31 21:04:14,417] {scheduler_job.py:190} INFO - Processing /opt/airflow/dags/my-dag.py took 0.019 seconds
[2022-10-31 21:04:44,854] {scheduler_job.py:182} INFO - Started process (PID=1557) to work on /opt/airflow/dags/my-dag.py
[2022-10-31 21:04:44,856] {scheduler_job.py:629} INFO - Processing file /opt/airflow/dags/my-dag.py for tasks to queue
[2022-10-31 21:04:44,856] {logging_mixin.py:104} INFO - [2022-10-31 21:04:44,856] {dagbag.py:448} INFO - Filling up the DagBag from /opt/airflow/dags/my-dag.py
[2022-10-31 21:04:44,861] {logging_mixin.py:104} INFO - 690
[2022-10-31 21:04:44,863] {scheduler_job.py:641} WARNING - No viable dags retrieved from /opt/airflow/dags/my-dag.py
[2022-10-31 21:04:44,872] {scheduler_job.py:190} INFO - Processing /opt/airflow/dags/my-dag.py took 0.020 seconds
[2022-10-31 21:05:14,892] {scheduler_job.py:182} INFO - Started process (PID=1585) to work on /opt/airflow/dags/my-dag.py
[2022-10-31 21:05:14,893] {scheduler_job.py:629} INFO - Processing file /opt/airflow/dags/my-dag.py for tasks to queue
[2022-10-31 21:05:14,894] {logging_mixin.py:104} INFO - [2022-10-31 21:05:14,893] {dagbag.py:448} INFO - Filling up the DagBag from /opt/airflow/dags/my-dag.py
[2022-10-31 21:05:14,901] {logging_mixin.py:104} INFO - 690
[2022-10-31 21:05:14,902] {scheduler_job.py:641} WARNING - No viable dags retrieved from /opt/airflow/dags/my-dag.py
[2022-10-31 21:05:14,911] {scheduler_job.py:190} INFO - Processing /opt/airflow/dags/my-dag.py took 0.021 seconds
[2022-10-31 21:05:44,952] {scheduler_job.py:182} INFO - Started process (PID=1613) to work on /opt/airflow/dags/my-dag.py
[2022-10-31 21:05:44,953] {scheduler_job.py:629} INFO - Processing file /opt/airflow/dags/my-dag.py for tasks to queue
[2022-10-31 21:05:44,954] {logging_mixin.py:104} INFO - [2022-10-31 21:05:44,954] {dagbag.py:448} INFO - Filling up the DagBag from /opt/airflow/dags/my-dag.py
[2022-10-31 21:05:44,960] {logging_mixin.py:104} INFO - 690
[2022-10-31 21:05:44,961] {scheduler_job.py:641} WARNING - No viable dags retrieved from /opt/airflow/dags/my-dag.py
[2022-10-31 21:05:44,977] {scheduler_job.py:190} INFO - Processing /opt/airflow/dags/my-dag.py took 0.026 seconds
[2022-10-31 21:06:15,234] {scheduler_job.py:182} INFO - Started process (PID=1641) to work on /opt/airflow/dags/my-dag.py
[2022-10-31 21:06:15,237] {scheduler_job.py:629} INFO - Processing file /opt/airflow/dags/my-dag.py for tasks to queue
[2022-10-31 21:06:15,239] {logging_mixin.py:104} INFO - [2022-10-31 21:06:15,239] {dagbag.py:448} INFO - Filling up the DagBag from /opt/airflow/dags/my-dag.py
[2022-10-31 21:06:15,245] {logging_mixin.py:104} INFO - 690
[2022-10-31 21:06:15,246] {scheduler_job.py:641} WARNING - No viable dags retrieved from /opt/airflow/dags/my-dag.py
[2022-10-31 21:06:15,256] {scheduler_job.py:190} INFO - Processing /opt/airflow/dags/my-dag.py took 0.029 seconds
[2022-10-31 21:06:45,471] {scheduler_job.py:182} INFO - Started process (PID=1669) to work on /opt/airflow/dags/my-dag.py
[2022-10-31 21:06:45,474] {scheduler_job.py:629} INFO - Processing file /opt/airflow/dags/my-dag.py for tasks to queue
[2022-10-31 21:06:45,475] {logging_mixin.py:104} INFO - [2022-10-31 21:06:45,475] {dagbag.py:448} INFO - Filling up the DagBag from /opt/airflow/dags/my-dag.py
[2022-10-31 21:06:45,486] {logging_mixin.py:104} INFO - 690
[2022-10-31 21:06:45,488] {scheduler_job.py:641} WARNING - No viable dags retrieved from /opt/airflow/dags/my-dag.py
[2022-10-31 21:06:45,499] {scheduler_job.py:190} INFO - Processing /opt/airflow/dags/my-dag.py took 0.036 seconds
[2022-10-31 21:07:16,463] {scheduler_job.py:182} INFO - Started process (PID=1697) to work on /opt/airflow/dags/my-dag.py
[2022-10-31 21:07:16,465] {scheduler_job.py:629} INFO - Processing file /opt/airflow/dags/my-dag.py for tasks to queue
[2022-10-31 21:07:16,467] {logging_mixin.py:104} INFO - [2022-10-31 21:07:16,467] {dagbag.py:448} INFO - Filling up the DagBag from /opt/airflow/dags/my-dag.py
[2022-10-31 21:07:16,473] {logging_mixin.py:104} INFO - 690
[2022-10-31 21:07:16,474] {scheduler_job.py:641} WARNING - No viable dags retrieved from /opt/airflow/dags/my-dag.py
[2022-10-31 21:07:16,482] {scheduler_job.py:190} INFO - Processing /opt/airflow/dags/my-dag.py took 0.025 seconds
[2022-10-31 21:07:46,683] {scheduler_job.py:182} INFO - Started process (PID=1725) to work on /opt/airflow/dags/my-dag.py
[2022-10-31 21:07:46,684] {scheduler_job.py:629} INFO - Processing file /opt/airflow/dags/my-dag.py for tasks to queue
[2022-10-31 21:07:46,684] {logging_mixin.py:104} INFO - [2022-10-31 21:07:46,684] {dagbag.py:448} INFO - Filling up the DagBag from /opt/airflow/dags/my-dag.py
[2022-10-31 21:07:46,689] {logging_mixin.py:104} INFO - 690
[2022-10-31 21:07:46,690] {scheduler_job.py:641} WARNING - No viable dags retrieved from /opt/airflow/dags/my-dag.py
[2022-10-31 21:07:46,698] {scheduler_job.py:190} INFO - Processing /opt/airflow/dags/my-dag.py took 0.017 seconds
[2022-10-31 21:08:16,807] {scheduler_job.py:182} INFO - Started process (PID=1753) to work on /opt/airflow/dags/my-dag.py
[2022-10-31 21:08:16,809] {scheduler_job.py:629} INFO - Processing file /opt/airflow/dags/my-dag.py for tasks to queue
[2022-10-31 21:08:16,811] {logging_mixin.py:104} INFO - [2022-10-31 21:08:16,811] {dagbag.py:448} INFO - Filling up the DagBag from /opt/airflow/dags/my-dag.py
[2022-10-31 21:08:16,818] {logging_mixin.py:104} INFO - 690
[2022-10-31 21:08:16,820] {scheduler_job.py:641} WARNING - No viable dags retrieved from /opt/airflow/dags/my-dag.py
[2022-10-31 21:08:16,829] {scheduler_job.py:190} INFO - Processing /opt/airflow/dags/my-dag.py took 0.029 seconds
[2022-10-31 21:08:47,074] {scheduler_job.py:182} INFO - Started process (PID=1781) to work on /opt/airflow/dags/my-dag.py
[2022-10-31 21:08:47,075] {scheduler_job.py:629} INFO - Processing file /opt/airflow/dags/my-dag.py for tasks to queue
[2022-10-31 21:08:47,076] {logging_mixin.py:104} INFO - [2022-10-31 21:08:47,076] {dagbag.py:448} INFO - Filling up the DagBag from /opt/airflow/dags/my-dag.py
[2022-10-31 21:08:47,082] {logging_mixin.py:104} INFO - 690
[2022-10-31 21:08:47,084] {scheduler_job.py:641} WARNING - No viable dags retrieved from /opt/airflow/dags/my-dag.py
[2022-10-31 21:08:47,095] {scheduler_job.py:190} INFO - Processing /opt/airflow/dags/my-dag.py took 0.023 seconds
[2022-10-31 21:09:17,247] {scheduler_job.py:182} INFO - Started process (PID=1809) to work on /opt/airflow/dags/my-dag.py
[2022-10-31 21:09:17,250] {scheduler_job.py:629} INFO - Processing file /opt/airflow/dags/my-dag.py for tasks to queue
[2022-10-31 21:09:17,252] {logging_mixin.py:104} INFO - [2022-10-31 21:09:17,251] {dagbag.py:448} INFO - Filling up the DagBag from /opt/airflow/dags/my-dag.py
[2022-10-31 21:09:17,259] {logging_mixin.py:104} INFO - 690
[2022-10-31 21:09:17,261] {scheduler_job.py:641} WARNING - No viable dags retrieved from /opt/airflow/dags/my-dag.py
[2022-10-31 21:09:17,270] {scheduler_job.py:190} INFO - Processing /opt/airflow/dags/my-dag.py took 0.030 seconds
[2022-10-31 21:09:47,543] {scheduler_job.py:182} INFO - Started process (PID=1837) to work on /opt/airflow/dags/my-dag.py
[2022-10-31 21:09:47,547] {scheduler_job.py:629} INFO - Processing file /opt/airflow/dags/my-dag.py for tasks to queue
[2022-10-31 21:09:47,548] {logging_mixin.py:104} INFO - [2022-10-31 21:09:47,548] {dagbag.py:448} INFO - Filling up the DagBag from /opt/airflow/dags/my-dag.py
[2022-10-31 21:09:47,554] {logging_mixin.py:104} INFO - 690
[2022-10-31 21:09:47,556] {scheduler_job.py:641} WARNING - No viable dags retrieved from /opt/airflow/dags/my-dag.py
[2022-10-31 21:09:47,564] {scheduler_job.py:190} INFO - Processing /opt/airflow/dags/my-dag.py took 0.029 seconds
[2022-10-31 21:10:17,707] {scheduler_job.py:182} INFO - Started process (PID=1865) to work on /opt/airflow/dags/my-dag.py
[2022-10-31 21:10:17,707] {scheduler_job.py:629} INFO - Processing file /opt/airflow/dags/my-dag.py for tasks to queue
[2022-10-31 21:10:17,708] {logging_mixin.py:104} INFO - [2022-10-31 21:10:17,708] {dagbag.py:448} INFO - Filling up the DagBag from /opt/airflow/dags/my-dag.py
[2022-10-31 21:10:17,712] {logging_mixin.py:104} INFO - 690
[2022-10-31 21:10:17,714] {scheduler_job.py:641} WARNING - No viable dags retrieved from /opt/airflow/dags/my-dag.py
[2022-10-31 21:10:17,721] {scheduler_job.py:190} INFO - Processing /opt/airflow/dags/my-dag.py took 0.016 seconds
[2022-10-31 21:10:47,837] {scheduler_job.py:182} INFO - Started process (PID=1893) to work on /opt/airflow/dags/my-dag.py
[2022-10-31 21:10:47,838] {scheduler_job.py:629} INFO - Processing file /opt/airflow/dags/my-dag.py for tasks to queue
[2022-10-31 21:10:47,839] {logging_mixin.py:104} INFO - [2022-10-31 21:10:47,839] {dagbag.py:448} INFO - Filling up the DagBag from /opt/airflow/dags/my-dag.py
[2022-10-31 21:10:47,845] {logging_mixin.py:104} INFO - 690
[2022-10-31 21:10:47,847] {scheduler_job.py:641} WARNING - No viable dags retrieved from /opt/airflow/dags/my-dag.py
[2022-10-31 21:10:47,856] {scheduler_job.py:190} INFO - Processing /opt/airflow/dags/my-dag.py took 0.021 seconds
[2022-10-31 21:11:18,112] {scheduler_job.py:182} INFO - Started process (PID=1921) to work on /opt/airflow/dags/my-dag.py
[2022-10-31 21:11:18,113] {scheduler_job.py:629} INFO - Processing file /opt/airflow/dags/my-dag.py for tasks to queue
[2022-10-31 21:11:18,113] {logging_mixin.py:104} INFO - [2022-10-31 21:11:18,113] {dagbag.py:448} INFO - Filling up the DagBag from /opt/airflow/dags/my-dag.py
[2022-10-31 21:11:18,119] {logging_mixin.py:104} INFO - 690
[2022-10-31 21:11:18,120] {scheduler_job.py:641} WARNING - No viable dags retrieved from /opt/airflow/dags/my-dag.py
[2022-10-31 21:11:18,129] {scheduler_job.py:190} INFO - Processing /opt/airflow/dags/my-dag.py took 0.020 seconds
[2022-10-31 21:11:48,256] {scheduler_job.py:182} INFO - Started process (PID=1956) to work on /opt/airflow/dags/my-dag.py
[2022-10-31 21:11:48,257] {scheduler_job.py:629} INFO - Processing file /opt/airflow/dags/my-dag.py for tasks to queue
[2022-10-31 21:11:48,258] {logging_mixin.py:104} INFO - [2022-10-31 21:11:48,258] {dagbag.py:448} INFO - Filling up the DagBag from /opt/airflow/dags/my-dag.py
[2022-10-31 21:11:48,263] {logging_mixin.py:104} INFO - 690
[2022-10-31 21:11:48,264] {scheduler_job.py:641} WARNING - No viable dags retrieved from /opt/airflow/dags/my-dag.py
[2022-10-31 21:11:48,273] {scheduler_job.py:190} INFO - Processing /opt/airflow/dags/my-dag.py took 0.019 seconds
[2022-10-31 21:12:18,320] {scheduler_job.py:182} INFO - Started process (PID=1984) to work on /opt/airflow/dags/my-dag.py
[2022-10-31 21:12:18,323] {scheduler_job.py:629} INFO - Processing file /opt/airflow/dags/my-dag.py for tasks to queue
[2022-10-31 21:12:18,325] {logging_mixin.py:104} INFO - [2022-10-31 21:12:18,324] {dagbag.py:448} INFO - Filling up the DagBag from /opt/airflow/dags/my-dag.py
[2022-10-31 21:12:18,330] {logging_mixin.py:104} INFO - 690
[2022-10-31 21:12:18,332] {scheduler_job.py:641} WARNING - No viable dags retrieved from /opt/airflow/dags/my-dag.py
[2022-10-31 21:12:18,342] {scheduler_job.py:190} INFO - Processing /opt/airflow/dags/my-dag.py took 0.029 seconds
[2022-10-31 21:12:48,469] {scheduler_job.py:182} INFO - Started process (PID=2027) to work on /opt/airflow/dags/my-dag.py
[2022-10-31 21:12:48,470] {scheduler_job.py:629} INFO - Processing file /opt/airflow/dags/my-dag.py for tasks to queue
[2022-10-31 21:12:48,471] {logging_mixin.py:104} INFO - [2022-10-31 21:12:48,471] {dagbag.py:448} INFO - Filling up the DagBag from /opt/airflow/dags/my-dag.py
[2022-10-31 21:12:48,479] {logging_mixin.py:104} INFO - 690
[2022-10-31 21:12:48,481] {scheduler_job.py:641} WARNING - No viable dags retrieved from /opt/airflow/dags/my-dag.py
[2022-10-31 21:12:48,492] {scheduler_job.py:190} INFO - Processing /opt/airflow/dags/my-dag.py took 0.025 seconds
[2022-10-31 21:13:18,735] {scheduler_job.py:182} INFO - Started process (PID=2055) to work on /opt/airflow/dags/my-dag.py
[2022-10-31 21:13:18,738] {scheduler_job.py:629} INFO - Processing file /opt/airflow/dags/my-dag.py for tasks to queue
[2022-10-31 21:13:18,740] {logging_mixin.py:104} INFO - [2022-10-31 21:13:18,739] {dagbag.py:448} INFO - Filling up the DagBag from /opt/airflow/dags/my-dag.py
[2022-10-31 21:13:18,755] {logging_mixin.py:104} INFO - 690
[2022-10-31 21:13:18,758] {scheduler_job.py:641} WARNING - No viable dags retrieved from /opt/airflow/dags/my-dag.py
[2022-10-31 21:13:18,770] {scheduler_job.py:190} INFO - Processing /opt/airflow/dags/my-dag.py took 0.043 seconds
[2022-10-31 21:13:48,844] {scheduler_job.py:182} INFO - Started process (PID=2083) to work on /opt/airflow/dags/my-dag.py
[2022-10-31 21:13:48,845] {scheduler_job.py:629} INFO - Processing file /opt/airflow/dags/my-dag.py for tasks to queue
[2022-10-31 21:13:48,846] {logging_mixin.py:104} INFO - [2022-10-31 21:13:48,846] {dagbag.py:448} INFO - Filling up the DagBag from /opt/airflow/dags/my-dag.py
[2022-10-31 21:13:48,846] {scheduler_job.py:641} WARNING - No viable dags retrieved from /opt/airflow/dags/my-dag.py
[2022-10-31 21:13:48,846] {scheduler_job.py:190} INFO - Processing /opt/airflow/dags/my-dag.py took 0.004 seconds
