[2022-10-31 20:42:34,580] {scheduler_job.py:182} INFO - Started process (PID=313) to work on /opt/airflow/dags/user_processing.py
[2022-10-31 20:42:34,580] {scheduler_job.py:629} INFO - Processing file /opt/airflow/dags/user_processing.py for tasks to queue
[2022-10-31 20:42:34,581] {logging_mixin.py:104} INFO - [2022-10-31 20:42:34,581] {dagbag.py:448} INFO - Filling up the DagBag from /opt/airflow/dags/user_processing.py
[2022-10-31 20:42:35,317] {scheduler_job.py:639} INFO - DAG(s) dict_keys(['user_processing']) retrieved from /opt/airflow/dags/user_processing.py
[2022-10-31 20:42:35,332] {logging_mixin.py:104} INFO - [2022-10-31 20:42:35,332] {dag.py:1818} INFO - Sync 1 DAGs
[2022-10-31 20:42:35,339] {logging_mixin.py:104} INFO - [2022-10-31 20:42:35,339] {dag.py:1837} INFO - Creating ORM DAG for user_processing
[2022-10-31 20:42:35,350] {logging_mixin.py:104} INFO - [2022-10-31 20:42:35,350] {dag.py:2273} INFO - Setting next_dagrun for user_processing to 2022-10-30 00:00:00+00:00
[2022-10-31 20:42:35,358] {scheduler_job.py:190} INFO - Processing /opt/airflow/dags/user_processing.py took 0.781 seconds
[2022-10-31 20:43:06,359] {scheduler_job.py:182} INFO - Started process (PID=341) to work on /opt/airflow/dags/user_processing.py
[2022-10-31 20:43:06,360] {scheduler_job.py:629} INFO - Processing file /opt/airflow/dags/user_processing.py for tasks to queue
[2022-10-31 20:43:06,360] {logging_mixin.py:104} INFO - [2022-10-31 20:43:06,360] {dagbag.py:448} INFO - Filling up the DagBag from /opt/airflow/dags/user_processing.py
[2022-10-31 20:43:06,598] {scheduler_job.py:639} INFO - DAG(s) dict_keys(['user_processing']) retrieved from /opt/airflow/dags/user_processing.py
[2022-10-31 20:43:06,610] {logging_mixin.py:104} INFO - [2022-10-31 20:43:06,610] {dag.py:1818} INFO - Sync 1 DAGs
[2022-10-31 20:43:06,626] {logging_mixin.py:104} INFO - [2022-10-31 20:43:06,626] {dag.py:2273} INFO - Setting next_dagrun for user_processing to 2022-10-30 00:00:00+00:00
[2022-10-31 20:43:06,637] {scheduler_job.py:190} INFO - Processing /opt/airflow/dags/user_processing.py took 0.280 seconds
[2022-10-31 20:43:37,532] {scheduler_job.py:182} INFO - Started process (PID=369) to work on /opt/airflow/dags/user_processing.py
[2022-10-31 20:43:37,534] {scheduler_job.py:629} INFO - Processing file /opt/airflow/dags/user_processing.py for tasks to queue
[2022-10-31 20:43:37,536] {logging_mixin.py:104} INFO - [2022-10-31 20:43:37,536] {dagbag.py:448} INFO - Filling up the DagBag from /opt/airflow/dags/user_processing.py
[2022-10-31 20:43:37,833] {scheduler_job.py:639} INFO - DAG(s) dict_keys(['user_processing']) retrieved from /opt/airflow/dags/user_processing.py
[2022-10-31 20:43:37,847] {logging_mixin.py:104} INFO - [2022-10-31 20:43:37,847] {dag.py:1818} INFO - Sync 1 DAGs
[2022-10-31 20:43:37,866] {logging_mixin.py:104} INFO - [2022-10-31 20:43:37,866] {dag.py:2273} INFO - Setting next_dagrun for user_processing to 2022-10-30 00:00:00+00:00
[2022-10-31 20:43:37,880] {scheduler_job.py:190} INFO - Processing /opt/airflow/dags/user_processing.py took 0.355 seconds
[2022-10-31 20:44:08,788] {scheduler_job.py:182} INFO - Started process (PID=397) to work on /opt/airflow/dags/user_processing.py
[2022-10-31 20:44:08,789] {scheduler_job.py:629} INFO - Processing file /opt/airflow/dags/user_processing.py for tasks to queue
[2022-10-31 20:44:08,789] {logging_mixin.py:104} INFO - [2022-10-31 20:44:08,789] {dagbag.py:448} INFO - Filling up the DagBag from /opt/airflow/dags/user_processing.py
[2022-10-31 20:44:09,138] {scheduler_job.py:639} INFO - DAG(s) dict_keys(['user_processing']) retrieved from /opt/airflow/dags/user_processing.py
[2022-10-31 20:44:09,161] {logging_mixin.py:104} INFO - [2022-10-31 20:44:09,161] {dag.py:1818} INFO - Sync 1 DAGs
[2022-10-31 20:44:09,194] {logging_mixin.py:104} INFO - [2022-10-31 20:44:09,194] {dag.py:2273} INFO - Setting next_dagrun for user_processing to 2022-10-30 00:00:00+00:00
[2022-10-31 20:44:09,200] {scheduler_job.py:190} INFO - Processing /opt/airflow/dags/user_processing.py took 0.414 seconds
[2022-10-31 20:44:40,123] {scheduler_job.py:182} INFO - Started process (PID=425) to work on /opt/airflow/dags/user_processing.py
[2022-10-31 20:44:40,124] {scheduler_job.py:629} INFO - Processing file /opt/airflow/dags/user_processing.py for tasks to queue
[2022-10-31 20:44:40,125] {logging_mixin.py:104} INFO - [2022-10-31 20:44:40,125] {dagbag.py:448} INFO - Filling up the DagBag from /opt/airflow/dags/user_processing.py
[2022-10-31 20:44:40,372] {scheduler_job.py:639} INFO - DAG(s) dict_keys(['user_processing']) retrieved from /opt/airflow/dags/user_processing.py
[2022-10-31 20:44:40,384] {logging_mixin.py:104} INFO - [2022-10-31 20:44:40,384] {dag.py:1818} INFO - Sync 1 DAGs
[2022-10-31 20:44:40,402] {logging_mixin.py:104} INFO - [2022-10-31 20:44:40,402] {dag.py:2273} INFO - Setting next_dagrun for user_processing to 2022-10-30 00:00:00+00:00
[2022-10-31 20:44:40,413] {scheduler_job.py:190} INFO - Processing /opt/airflow/dags/user_processing.py took 0.292 seconds
[2022-10-31 20:45:11,256] {scheduler_job.py:182} INFO - Started process (PID=453) to work on /opt/airflow/dags/user_processing.py
[2022-10-31 20:45:11,258] {scheduler_job.py:629} INFO - Processing file /opt/airflow/dags/user_processing.py for tasks to queue
[2022-10-31 20:45:11,260] {logging_mixin.py:104} INFO - [2022-10-31 20:45:11,260] {dagbag.py:448} INFO - Filling up the DagBag from /opt/airflow/dags/user_processing.py
[2022-10-31 20:45:11,506] {scheduler_job.py:639} INFO - DAG(s) dict_keys(['user_processing']) retrieved from /opt/airflow/dags/user_processing.py
[2022-10-31 20:45:11,519] {logging_mixin.py:104} INFO - [2022-10-31 20:45:11,519] {dag.py:1818} INFO - Sync 1 DAGs
[2022-10-31 20:45:11,535] {logging_mixin.py:104} INFO - [2022-10-31 20:45:11,534] {dag.py:2273} INFO - Setting next_dagrun for user_processing to 2022-10-30 00:00:00+00:00
[2022-10-31 20:45:11,545] {scheduler_job.py:190} INFO - Processing /opt/airflow/dags/user_processing.py took 0.295 seconds
[2022-10-31 20:45:42,521] {scheduler_job.py:182} INFO - Started process (PID=481) to work on /opt/airflow/dags/user_processing.py
[2022-10-31 20:45:42,522] {scheduler_job.py:629} INFO - Processing file /opt/airflow/dags/user_processing.py for tasks to queue
[2022-10-31 20:45:42,523] {logging_mixin.py:104} INFO - [2022-10-31 20:45:42,523] {dagbag.py:448} INFO - Filling up the DagBag from /opt/airflow/dags/user_processing.py
[2022-10-31 20:45:42,767] {scheduler_job.py:639} INFO - DAG(s) dict_keys(['user_processing']) retrieved from /opt/airflow/dags/user_processing.py
[2022-10-31 20:45:42,779] {logging_mixin.py:104} INFO - [2022-10-31 20:45:42,779] {dag.py:1818} INFO - Sync 1 DAGs
[2022-10-31 20:45:42,799] {logging_mixin.py:104} INFO - [2022-10-31 20:45:42,799] {dag.py:2273} INFO - Setting next_dagrun for user_processing to 2022-10-30 00:00:00+00:00
[2022-10-31 20:45:42,810] {scheduler_job.py:190} INFO - Processing /opt/airflow/dags/user_processing.py took 0.292 seconds
[2022-10-31 20:46:13,864] {scheduler_job.py:182} INFO - Started process (PID=512) to work on /opt/airflow/dags/user_processing.py
[2022-10-31 20:46:13,865] {scheduler_job.py:629} INFO - Processing file /opt/airflow/dags/user_processing.py for tasks to queue
[2022-10-31 20:46:13,865] {logging_mixin.py:104} INFO - [2022-10-31 20:46:13,865] {dagbag.py:448} INFO - Filling up the DagBag from /opt/airflow/dags/user_processing.py
[2022-10-31 20:46:14,122] {scheduler_job.py:639} INFO - DAG(s) dict_keys(['user_processing']) retrieved from /opt/airflow/dags/user_processing.py
[2022-10-31 20:46:14,134] {logging_mixin.py:104} INFO - [2022-10-31 20:46:14,134] {dag.py:1818} INFO - Sync 1 DAGs
[2022-10-31 20:46:14,157] {logging_mixin.py:104} INFO - [2022-10-31 20:46:14,157] {dag.py:2273} INFO - Setting next_dagrun for user_processing to 2022-10-30 00:00:00+00:00
[2022-10-31 20:46:14,161] {scheduler_job.py:190} INFO - Processing /opt/airflow/dags/user_processing.py took 0.300 seconds
[2022-10-31 20:46:45,070] {scheduler_job.py:182} INFO - Started process (PID=543) to work on /opt/airflow/dags/user_processing.py
[2022-10-31 20:46:45,072] {scheduler_job.py:629} INFO - Processing file /opt/airflow/dags/user_processing.py for tasks to queue
[2022-10-31 20:46:45,073] {logging_mixin.py:104} INFO - [2022-10-31 20:46:45,073] {dagbag.py:448} INFO - Filling up the DagBag from /opt/airflow/dags/user_processing.py
[2022-10-31 20:46:45,346] {scheduler_job.py:639} INFO - DAG(s) dict_keys(['user_processing']) retrieved from /opt/airflow/dags/user_processing.py
[2022-10-31 20:46:45,359] {logging_mixin.py:104} INFO - [2022-10-31 20:46:45,359] {dag.py:1818} INFO - Sync 1 DAGs
[2022-10-31 20:46:45,377] {logging_mixin.py:104} INFO - [2022-10-31 20:46:45,377] {dag.py:2273} INFO - Setting next_dagrun for user_processing to 2022-10-30 00:00:00+00:00
[2022-10-31 20:46:45,382] {scheduler_job.py:190} INFO - Processing /opt/airflow/dags/user_processing.py took 0.319 seconds
[2022-10-31 20:47:16,081] {scheduler_job.py:182} INFO - Started process (PID=571) to work on /opt/airflow/dags/user_processing.py
[2022-10-31 20:47:16,082] {scheduler_job.py:629} INFO - Processing file /opt/airflow/dags/user_processing.py for tasks to queue
[2022-10-31 20:47:16,082] {logging_mixin.py:104} INFO - [2022-10-31 20:47:16,082] {dagbag.py:448} INFO - Filling up the DagBag from /opt/airflow/dags/user_processing.py
[2022-10-31 20:47:16,328] {scheduler_job.py:639} INFO - DAG(s) dict_keys(['user_processing']) retrieved from /opt/airflow/dags/user_processing.py
[2022-10-31 20:47:16,341] {logging_mixin.py:104} INFO - [2022-10-31 20:47:16,340] {dag.py:1818} INFO - Sync 1 DAGs
[2022-10-31 20:47:16,357] {logging_mixin.py:104} INFO - [2022-10-31 20:47:16,357] {dag.py:2273} INFO - Setting next_dagrun for user_processing to 2022-10-30 00:00:00+00:00
[2022-10-31 20:47:16,362] {scheduler_job.py:190} INFO - Processing /opt/airflow/dags/user_processing.py took 0.282 seconds
[2022-10-31 20:47:46,424] {scheduler_job.py:182} INFO - Started process (PID=604) to work on /opt/airflow/dags/user_processing.py
[2022-10-31 20:47:46,425] {scheduler_job.py:629} INFO - Processing file /opt/airflow/dags/user_processing.py for tasks to queue
[2022-10-31 20:47:46,425] {logging_mixin.py:104} INFO - [2022-10-31 20:47:46,425] {dagbag.py:448} INFO - Filling up the DagBag from /opt/airflow/dags/user_processing.py
[2022-10-31 20:47:46,674] {scheduler_job.py:639} INFO - DAG(s) dict_keys(['user_processing']) retrieved from /opt/airflow/dags/user_processing.py
[2022-10-31 20:47:46,688] {logging_mixin.py:104} INFO - [2022-10-31 20:47:46,688] {dag.py:1818} INFO - Sync 1 DAGs
[2022-10-31 20:47:46,705] {logging_mixin.py:104} INFO - [2022-10-31 20:47:46,705] {dag.py:2273} INFO - Setting next_dagrun for user_processing to 2022-10-30 00:00:00+00:00
[2022-10-31 20:47:46,710] {scheduler_job.py:190} INFO - Processing /opt/airflow/dags/user_processing.py took 0.288 seconds
[2022-10-31 20:48:16,771] {scheduler_job.py:182} INFO - Started process (PID=637) to work on /opt/airflow/dags/user_processing.py
[2022-10-31 20:48:16,772] {scheduler_job.py:629} INFO - Processing file /opt/airflow/dags/user_processing.py for tasks to queue
[2022-10-31 20:48:16,772] {logging_mixin.py:104} INFO - [2022-10-31 20:48:16,772] {dagbag.py:448} INFO - Filling up the DagBag from /opt/airflow/dags/user_processing.py
[2022-10-31 20:48:17,025] {scheduler_job.py:639} INFO - DAG(s) dict_keys(['user_processing']) retrieved from /opt/airflow/dags/user_processing.py
[2022-10-31 20:48:17,037] {logging_mixin.py:104} INFO - [2022-10-31 20:48:17,037] {dag.py:1818} INFO - Sync 1 DAGs
[2022-10-31 20:48:17,055] {logging_mixin.py:104} INFO - [2022-10-31 20:48:17,054] {dag.py:2273} INFO - Setting next_dagrun for user_processing to 2022-10-30 00:00:00+00:00
[2022-10-31 20:48:17,059] {scheduler_job.py:190} INFO - Processing /opt/airflow/dags/user_processing.py took 0.290 seconds
[2022-10-31 20:48:48,013] {scheduler_job.py:182} INFO - Started process (PID=668) to work on /opt/airflow/dags/user_processing.py
[2022-10-31 20:48:48,014] {scheduler_job.py:629} INFO - Processing file /opt/airflow/dags/user_processing.py for tasks to queue
[2022-10-31 20:48:48,015] {logging_mixin.py:104} INFO - [2022-10-31 20:48:48,014] {dagbag.py:448} INFO - Filling up the DagBag from /opt/airflow/dags/user_processing.py
[2022-10-31 20:48:48,301] {scheduler_job.py:639} INFO - DAG(s) dict_keys(['user_processing']) retrieved from /opt/airflow/dags/user_processing.py
[2022-10-31 20:48:48,316] {logging_mixin.py:104} INFO - [2022-10-31 20:48:48,316] {dag.py:1818} INFO - Sync 1 DAGs
[2022-10-31 20:48:48,335] {logging_mixin.py:104} INFO - [2022-10-31 20:48:48,335] {dag.py:2273} INFO - Setting next_dagrun for user_processing to 2022-10-30 00:00:00+00:00
[2022-10-31 20:48:48,342] {scheduler_job.py:190} INFO - Processing /opt/airflow/dags/user_processing.py took 0.331 seconds
[2022-10-31 20:49:18,402] {scheduler_job.py:182} INFO - Started process (PID=701) to work on /opt/airflow/dags/user_processing.py
[2022-10-31 20:49:18,403] {scheduler_job.py:629} INFO - Processing file /opt/airflow/dags/user_processing.py for tasks to queue
[2022-10-31 20:49:18,404] {logging_mixin.py:104} INFO - [2022-10-31 20:49:18,404] {dagbag.py:448} INFO - Filling up the DagBag from /opt/airflow/dags/user_processing.py
[2022-10-31 20:49:18,704] {scheduler_job.py:639} INFO - DAG(s) dict_keys(['user_processing']) retrieved from /opt/airflow/dags/user_processing.py
[2022-10-31 20:49:18,717] {logging_mixin.py:104} INFO - [2022-10-31 20:49:18,717] {dag.py:1818} INFO - Sync 1 DAGs
[2022-10-31 20:49:18,735] {logging_mixin.py:104} INFO - [2022-10-31 20:49:18,734] {dag.py:2273} INFO - Setting next_dagrun for user_processing to 2022-10-30 00:00:00+00:00
[2022-10-31 20:49:18,746] {scheduler_job.py:190} INFO - Processing /opt/airflow/dags/user_processing.py took 0.347 seconds
[2022-10-31 20:49:48,789] {scheduler_job.py:182} INFO - Started process (PID=731) to work on /opt/airflow/dags/user_processing.py
[2022-10-31 20:49:48,790] {scheduler_job.py:629} INFO - Processing file /opt/airflow/dags/user_processing.py for tasks to queue
[2022-10-31 20:49:48,791] {logging_mixin.py:104} INFO - [2022-10-31 20:49:48,791] {dagbag.py:448} INFO - Filling up the DagBag from /opt/airflow/dags/user_processing.py
[2022-10-31 20:49:49,031] {scheduler_job.py:639} INFO - DAG(s) dict_keys(['user_processing']) retrieved from /opt/airflow/dags/user_processing.py
[2022-10-31 20:49:49,045] {logging_mixin.py:104} INFO - [2022-10-31 20:49:49,045] {dag.py:1818} INFO - Sync 1 DAGs
[2022-10-31 20:49:49,079] {logging_mixin.py:104} INFO - [2022-10-31 20:49:49,079] {dag.py:2273} INFO - Setting next_dagrun for user_processing to 2022-10-30 00:00:00+00:00
[2022-10-31 20:49:49,092] {scheduler_job.py:190} INFO - Processing /opt/airflow/dags/user_processing.py took 0.305 seconds
[2022-10-31 20:50:19,952] {scheduler_job.py:182} INFO - Started process (PID=759) to work on /opt/airflow/dags/user_processing.py
[2022-10-31 20:50:19,953] {scheduler_job.py:629} INFO - Processing file /opt/airflow/dags/user_processing.py for tasks to queue
[2022-10-31 20:50:19,954] {logging_mixin.py:104} INFO - [2022-10-31 20:50:19,954] {dagbag.py:448} INFO - Filling up the DagBag from /opt/airflow/dags/user_processing.py
[2022-10-31 20:50:20,194] {scheduler_job.py:639} INFO - DAG(s) dict_keys(['user_processing']) retrieved from /opt/airflow/dags/user_processing.py
[2022-10-31 20:50:20,206] {logging_mixin.py:104} INFO - [2022-10-31 20:50:20,206] {dag.py:1818} INFO - Sync 1 DAGs
[2022-10-31 20:50:20,222] {logging_mixin.py:104} INFO - [2022-10-31 20:50:20,222] {dag.py:2273} INFO - Setting next_dagrun for user_processing to 2022-10-30 00:00:00+00:00
[2022-10-31 20:50:20,234] {scheduler_job.py:190} INFO - Processing /opt/airflow/dags/user_processing.py took 0.284 seconds
[2022-10-31 20:50:51,090] {scheduler_job.py:182} INFO - Started process (PID=787) to work on /opt/airflow/dags/user_processing.py
[2022-10-31 20:50:51,092] {scheduler_job.py:629} INFO - Processing file /opt/airflow/dags/user_processing.py for tasks to queue
[2022-10-31 20:50:51,093] {logging_mixin.py:104} INFO - [2022-10-31 20:50:51,093] {dagbag.py:448} INFO - Filling up the DagBag from /opt/airflow/dags/user_processing.py
[2022-10-31 20:50:51,380] {scheduler_job.py:639} INFO - DAG(s) dict_keys(['user_processing']) retrieved from /opt/airflow/dags/user_processing.py
[2022-10-31 20:50:51,392] {logging_mixin.py:104} INFO - [2022-10-31 20:50:51,392] {dag.py:1818} INFO - Sync 1 DAGs
[2022-10-31 20:50:51,410] {logging_mixin.py:104} INFO - [2022-10-31 20:50:51,409] {dag.py:2273} INFO - Setting next_dagrun for user_processing to 2022-10-30 00:00:00+00:00
[2022-10-31 20:50:51,415] {scheduler_job.py:190} INFO - Processing /opt/airflow/dags/user_processing.py took 0.332 seconds
[2022-10-31 20:51:22,271] {scheduler_job.py:182} INFO - Started process (PID=815) to work on /opt/airflow/dags/user_processing.py
[2022-10-31 20:51:22,274] {scheduler_job.py:629} INFO - Processing file /opt/airflow/dags/user_processing.py for tasks to queue
[2022-10-31 20:51:22,276] {logging_mixin.py:104} INFO - [2022-10-31 20:51:22,276] {dagbag.py:448} INFO - Filling up the DagBag from /opt/airflow/dags/user_processing.py
[2022-10-31 20:51:22,635] {scheduler_job.py:639} INFO - DAG(s) dict_keys(['user_processing']) retrieved from /opt/airflow/dags/user_processing.py
[2022-10-31 20:51:22,655] {logging_mixin.py:104} INFO - [2022-10-31 20:51:22,655] {dag.py:1818} INFO - Sync 1 DAGs
[2022-10-31 20:51:22,679] {logging_mixin.py:104} INFO - [2022-10-31 20:51:22,679] {dag.py:2273} INFO - Setting next_dagrun for user_processing to 2022-10-30 00:00:00+00:00
[2022-10-31 20:51:22,693] {scheduler_job.py:190} INFO - Processing /opt/airflow/dags/user_processing.py took 0.429 seconds
[2022-10-31 20:51:53,419] {scheduler_job.py:182} INFO - Started process (PID=843) to work on /opt/airflow/dags/user_processing.py
[2022-10-31 20:51:53,421] {scheduler_job.py:629} INFO - Processing file /opt/airflow/dags/user_processing.py for tasks to queue
[2022-10-31 20:51:53,423] {logging_mixin.py:104} INFO - [2022-10-31 20:51:53,422] {dagbag.py:448} INFO - Filling up the DagBag from /opt/airflow/dags/user_processing.py
[2022-10-31 20:51:53,687] {scheduler_job.py:639} INFO - DAG(s) dict_keys(['user_processing']) retrieved from /opt/airflow/dags/user_processing.py
[2022-10-31 20:51:53,701] {logging_mixin.py:104} INFO - [2022-10-31 20:51:53,701] {dag.py:1818} INFO - Sync 1 DAGs
[2022-10-31 20:51:53,718] {logging_mixin.py:104} INFO - [2022-10-31 20:51:53,718] {dag.py:2273} INFO - Setting next_dagrun for user_processing to 2022-10-30 00:00:00+00:00
[2022-10-31 20:51:53,733] {scheduler_job.py:190} INFO - Processing /opt/airflow/dags/user_processing.py took 0.320 seconds
[2022-10-31 20:52:24,479] {scheduler_job.py:182} INFO - Started process (PID=871) to work on /opt/airflow/dags/user_processing.py
[2022-10-31 20:52:24,482] {scheduler_job.py:629} INFO - Processing file /opt/airflow/dags/user_processing.py for tasks to queue
[2022-10-31 20:52:24,483] {logging_mixin.py:104} INFO - [2022-10-31 20:52:24,483] {dagbag.py:448} INFO - Filling up the DagBag from /opt/airflow/dags/user_processing.py
[2022-10-31 20:52:24,760] {scheduler_job.py:639} INFO - DAG(s) dict_keys(['user_processing']) retrieved from /opt/airflow/dags/user_processing.py
[2022-10-31 20:52:24,772] {logging_mixin.py:104} INFO - [2022-10-31 20:52:24,772] {dag.py:1818} INFO - Sync 1 DAGs
[2022-10-31 20:52:24,790] {logging_mixin.py:104} INFO - [2022-10-31 20:52:24,790] {dag.py:2273} INFO - Setting next_dagrun for user_processing to 2022-10-30 00:00:00+00:00
[2022-10-31 20:52:24,806] {scheduler_job.py:190} INFO - Processing /opt/airflow/dags/user_processing.py took 0.333 seconds
[2022-10-31 20:52:55,574] {scheduler_job.py:182} INFO - Started process (PID=899) to work on /opt/airflow/dags/user_processing.py
[2022-10-31 20:52:55,576] {scheduler_job.py:629} INFO - Processing file /opt/airflow/dags/user_processing.py for tasks to queue
[2022-10-31 20:52:55,577] {logging_mixin.py:104} INFO - [2022-10-31 20:52:55,577] {dagbag.py:448} INFO - Filling up the DagBag from /opt/airflow/dags/user_processing.py
[2022-10-31 20:52:55,895] {scheduler_job.py:639} INFO - DAG(s) dict_keys(['user_processing']) retrieved from /opt/airflow/dags/user_processing.py
[2022-10-31 20:52:55,908] {logging_mixin.py:104} INFO - [2022-10-31 20:52:55,908] {dag.py:1818} INFO - Sync 1 DAGs
[2022-10-31 20:52:55,927] {logging_mixin.py:104} INFO - [2022-10-31 20:52:55,927] {dag.py:2273} INFO - Setting next_dagrun for user_processing to 2022-10-30 00:00:00+00:00
[2022-10-31 20:52:55,938] {scheduler_job.py:190} INFO - Processing /opt/airflow/dags/user_processing.py took 0.369 seconds
[2022-10-31 20:53:26,841] {scheduler_job.py:182} INFO - Started process (PID=927) to work on /opt/airflow/dags/user_processing.py
[2022-10-31 20:53:26,844] {scheduler_job.py:629} INFO - Processing file /opt/airflow/dags/user_processing.py for tasks to queue
[2022-10-31 20:53:26,846] {logging_mixin.py:104} INFO - [2022-10-31 20:53:26,845] {dagbag.py:448} INFO - Filling up the DagBag from /opt/airflow/dags/user_processing.py
[2022-10-31 20:53:27,123] {scheduler_job.py:639} INFO - DAG(s) dict_keys(['user_processing']) retrieved from /opt/airflow/dags/user_processing.py
[2022-10-31 20:53:27,136] {logging_mixin.py:104} INFO - [2022-10-31 20:53:27,136] {dag.py:1818} INFO - Sync 1 DAGs
[2022-10-31 20:53:27,153] {logging_mixin.py:104} INFO - [2022-10-31 20:53:27,153] {dag.py:2273} INFO - Setting next_dagrun for user_processing to 2022-10-30 00:00:00+00:00
[2022-10-31 20:53:27,166] {scheduler_job.py:190} INFO - Processing /opt/airflow/dags/user_processing.py took 0.332 seconds
[2022-10-31 20:53:58,053] {scheduler_job.py:182} INFO - Started process (PID=955) to work on /opt/airflow/dags/user_processing.py
[2022-10-31 20:53:58,056] {scheduler_job.py:629} INFO - Processing file /opt/airflow/dags/user_processing.py for tasks to queue
[2022-10-31 20:53:58,057] {logging_mixin.py:104} INFO - [2022-10-31 20:53:58,057] {dagbag.py:448} INFO - Filling up the DagBag from /opt/airflow/dags/user_processing.py
[2022-10-31 20:53:58,335] {scheduler_job.py:639} INFO - DAG(s) dict_keys(['user_processing']) retrieved from /opt/airflow/dags/user_processing.py
[2022-10-31 20:53:58,356] {logging_mixin.py:104} INFO - [2022-10-31 20:53:58,356] {dag.py:1818} INFO - Sync 1 DAGs
[2022-10-31 20:53:58,379] {logging_mixin.py:104} INFO - [2022-10-31 20:53:58,379] {dag.py:2273} INFO - Setting next_dagrun for user_processing to 2022-10-30 00:00:00+00:00
[2022-10-31 20:53:58,387] {scheduler_job.py:190} INFO - Processing /opt/airflow/dags/user_processing.py took 0.340 seconds
[2022-10-31 20:54:29,286] {scheduler_job.py:182} INFO - Started process (PID=983) to work on /opt/airflow/dags/user_processing.py
[2022-10-31 20:54:29,289] {scheduler_job.py:629} INFO - Processing file /opt/airflow/dags/user_processing.py for tasks to queue
[2022-10-31 20:54:29,291] {logging_mixin.py:104} INFO - [2022-10-31 20:54:29,290] {dagbag.py:448} INFO - Filling up the DagBag from /opt/airflow/dags/user_processing.py
[2022-10-31 20:54:29,558] {scheduler_job.py:639} INFO - DAG(s) dict_keys(['user_processing']) retrieved from /opt/airflow/dags/user_processing.py
[2022-10-31 20:54:29,573] {logging_mixin.py:104} INFO - [2022-10-31 20:54:29,573] {dag.py:1818} INFO - Sync 1 DAGs
[2022-10-31 20:54:29,589] {logging_mixin.py:104} INFO - [2022-10-31 20:54:29,589] {dag.py:2273} INFO - Setting next_dagrun for user_processing to 2022-10-30 00:00:00+00:00
[2022-10-31 20:54:29,600] {scheduler_job.py:190} INFO - Processing /opt/airflow/dags/user_processing.py took 0.321 seconds
[2022-10-31 20:55:00,342] {scheduler_job.py:182} INFO - Started process (PID=1011) to work on /opt/airflow/dags/user_processing.py
[2022-10-31 20:55:00,347] {scheduler_job.py:629} INFO - Processing file /opt/airflow/dags/user_processing.py for tasks to queue
[2022-10-31 20:55:00,348] {logging_mixin.py:104} INFO - [2022-10-31 20:55:00,348] {dagbag.py:448} INFO - Filling up the DagBag from /opt/airflow/dags/user_processing.py
[2022-10-31 20:55:00,634] {scheduler_job.py:639} INFO - DAG(s) dict_keys(['user_processing']) retrieved from /opt/airflow/dags/user_processing.py
[2022-10-31 20:55:00,647] {logging_mixin.py:104} INFO - [2022-10-31 20:55:00,647] {dag.py:1818} INFO - Sync 1 DAGs
[2022-10-31 20:55:00,665] {logging_mixin.py:104} INFO - [2022-10-31 20:55:00,665] {dag.py:2273} INFO - Setting next_dagrun for user_processing to 2022-10-30 00:00:00+00:00
[2022-10-31 20:55:00,671] {scheduler_job.py:190} INFO - Processing /opt/airflow/dags/user_processing.py took 0.336 seconds
[2022-10-31 20:55:30,694] {scheduler_job.py:182} INFO - Started process (PID=1039) to work on /opt/airflow/dags/user_processing.py
[2022-10-31 20:55:30,696] {scheduler_job.py:629} INFO - Processing file /opt/airflow/dags/user_processing.py for tasks to queue
[2022-10-31 20:55:30,696] {logging_mixin.py:104} INFO - [2022-10-31 20:55:30,696] {dagbag.py:448} INFO - Filling up the DagBag from /opt/airflow/dags/user_processing.py
[2022-10-31 20:55:31,006] {scheduler_job.py:639} INFO - DAG(s) dict_keys(['user_processing']) retrieved from /opt/airflow/dags/user_processing.py
[2022-10-31 20:55:31,021] {logging_mixin.py:104} INFO - [2022-10-31 20:55:31,020] {dag.py:1818} INFO - Sync 1 DAGs
[2022-10-31 20:55:31,041] {logging_mixin.py:104} INFO - [2022-10-31 20:55:31,041] {dag.py:2273} INFO - Setting next_dagrun for user_processing to 2022-10-30 00:00:00+00:00
[2022-10-31 20:55:31,052] {scheduler_job.py:190} INFO - Processing /opt/airflow/dags/user_processing.py took 0.362 seconds
[2022-10-31 20:56:01,866] {scheduler_job.py:182} INFO - Started process (PID=1067) to work on /opt/airflow/dags/user_processing.py
[2022-10-31 20:56:01,867] {scheduler_job.py:629} INFO - Processing file /opt/airflow/dags/user_processing.py for tasks to queue
[2022-10-31 20:56:01,868] {logging_mixin.py:104} INFO - [2022-10-31 20:56:01,868] {dagbag.py:448} INFO - Filling up the DagBag from /opt/airflow/dags/user_processing.py
[2022-10-31 20:56:02,101] {scheduler_job.py:639} INFO - DAG(s) dict_keys(['user_processing']) retrieved from /opt/airflow/dags/user_processing.py
[2022-10-31 20:56:02,114] {logging_mixin.py:104} INFO - [2022-10-31 20:56:02,114] {dag.py:1818} INFO - Sync 1 DAGs
[2022-10-31 20:56:02,135] {logging_mixin.py:104} INFO - [2022-10-31 20:56:02,135] {dag.py:2273} INFO - Setting next_dagrun for user_processing to 2022-10-30 00:00:00+00:00
[2022-10-31 20:56:02,140] {scheduler_job.py:190} INFO - Processing /opt/airflow/dags/user_processing.py took 0.276 seconds
[2022-10-31 20:56:32,869] {scheduler_job.py:182} INFO - Started process (PID=1095) to work on /opt/airflow/dags/user_processing.py
[2022-10-31 20:56:32,872] {scheduler_job.py:629} INFO - Processing file /opt/airflow/dags/user_processing.py for tasks to queue
[2022-10-31 20:56:32,873] {logging_mixin.py:104} INFO - [2022-10-31 20:56:32,873] {dagbag.py:448} INFO - Filling up the DagBag from /opt/airflow/dags/user_processing.py
[2022-10-31 20:56:33,116] {scheduler_job.py:639} INFO - DAG(s) dict_keys(['user_processing']) retrieved from /opt/airflow/dags/user_processing.py
[2022-10-31 20:56:33,128] {logging_mixin.py:104} INFO - [2022-10-31 20:56:33,128] {dag.py:1818} INFO - Sync 1 DAGs
[2022-10-31 20:56:33,144] {logging_mixin.py:104} INFO - [2022-10-31 20:56:33,144] {dag.py:2273} INFO - Setting next_dagrun for user_processing to 2022-10-30 00:00:00+00:00
[2022-10-31 20:56:33,154] {scheduler_job.py:190} INFO - Processing /opt/airflow/dags/user_processing.py took 0.291 seconds
[2022-10-31 20:57:04,037] {scheduler_job.py:182} INFO - Started process (PID=1123) to work on /opt/airflow/dags/user_processing.py
[2022-10-31 20:57:04,038] {scheduler_job.py:629} INFO - Processing file /opt/airflow/dags/user_processing.py for tasks to queue
[2022-10-31 20:57:04,039] {logging_mixin.py:104} INFO - [2022-10-31 20:57:04,039] {dagbag.py:448} INFO - Filling up the DagBag from /opt/airflow/dags/user_processing.py
[2022-10-31 20:57:04,272] {scheduler_job.py:639} INFO - DAG(s) dict_keys(['user_processing']) retrieved from /opt/airflow/dags/user_processing.py
[2022-10-31 20:57:04,284] {logging_mixin.py:104} INFO - [2022-10-31 20:57:04,284] {dag.py:1818} INFO - Sync 1 DAGs
[2022-10-31 20:57:04,300] {logging_mixin.py:104} INFO - [2022-10-31 20:57:04,300] {dag.py:2273} INFO - Setting next_dagrun for user_processing to 2022-10-30 00:00:00+00:00
[2022-10-31 20:57:04,310] {scheduler_job.py:190} INFO - Processing /opt/airflow/dags/user_processing.py took 0.275 seconds
[2022-10-31 20:57:35,148] {scheduler_job.py:182} INFO - Started process (PID=1151) to work on /opt/airflow/dags/user_processing.py
[2022-10-31 20:57:35,150] {scheduler_job.py:629} INFO - Processing file /opt/airflow/dags/user_processing.py for tasks to queue
[2022-10-31 20:57:35,151] {logging_mixin.py:104} INFO - [2022-10-31 20:57:35,151] {dagbag.py:448} INFO - Filling up the DagBag from /opt/airflow/dags/user_processing.py
[2022-10-31 20:57:35,440] {scheduler_job.py:639} INFO - DAG(s) dict_keys(['user_processing']) retrieved from /opt/airflow/dags/user_processing.py
[2022-10-31 20:57:35,454] {logging_mixin.py:104} INFO - [2022-10-31 20:57:35,454] {dag.py:1818} INFO - Sync 1 DAGs
[2022-10-31 20:57:35,473] {logging_mixin.py:104} INFO - [2022-10-31 20:57:35,473] {dag.py:2273} INFO - Setting next_dagrun for user_processing to 2022-10-30 00:00:00+00:00
[2022-10-31 20:57:35,485] {scheduler_job.py:190} INFO - Processing /opt/airflow/dags/user_processing.py took 0.344 seconds
[2022-10-31 20:58:06,374] {scheduler_job.py:182} INFO - Started process (PID=1193) to work on /opt/airflow/dags/user_processing.py
[2022-10-31 20:58:06,376] {scheduler_job.py:629} INFO - Processing file /opt/airflow/dags/user_processing.py for tasks to queue
[2022-10-31 20:58:06,377] {logging_mixin.py:104} INFO - [2022-10-31 20:58:06,377] {dagbag.py:448} INFO - Filling up the DagBag from /opt/airflow/dags/user_processing.py
[2022-10-31 20:58:06,638] {scheduler_job.py:639} INFO - DAG(s) dict_keys(['user_processing']) retrieved from /opt/airflow/dags/user_processing.py
[2022-10-31 20:58:06,650] {logging_mixin.py:104} INFO - [2022-10-31 20:58:06,650] {dag.py:1818} INFO - Sync 1 DAGs
[2022-10-31 20:58:06,664] {logging_mixin.py:104} INFO - [2022-10-31 20:58:06,664] {dag.py:2273} INFO - Setting next_dagrun for user_processing to 2022-10-31 00:00:00+00:00
[2022-10-31 20:58:06,672] {scheduler_job.py:190} INFO - Processing /opt/airflow/dags/user_processing.py took 0.301 seconds
[2022-10-31 20:58:37,643] {scheduler_job.py:182} INFO - Started process (PID=1221) to work on /opt/airflow/dags/user_processing.py
[2022-10-31 20:58:37,645] {scheduler_job.py:629} INFO - Processing file /opt/airflow/dags/user_processing.py for tasks to queue
[2022-10-31 20:58:37,646] {logging_mixin.py:104} INFO - [2022-10-31 20:58:37,646] {dagbag.py:448} INFO - Filling up the DagBag from /opt/airflow/dags/user_processing.py
[2022-10-31 20:58:37,918] {scheduler_job.py:639} INFO - DAG(s) dict_keys(['user_processing']) retrieved from /opt/airflow/dags/user_processing.py
[2022-10-31 20:58:37,931] {logging_mixin.py:104} INFO - [2022-10-31 20:58:37,931] {dag.py:1818} INFO - Sync 1 DAGs
[2022-10-31 20:58:37,947] {logging_mixin.py:104} INFO - [2022-10-31 20:58:37,947] {dag.py:2273} INFO - Setting next_dagrun for user_processing to 2022-10-31 00:00:00+00:00
[2022-10-31 20:58:37,958] {scheduler_job.py:190} INFO - Processing /opt/airflow/dags/user_processing.py took 0.321 seconds
[2022-10-31 20:59:07,983] {scheduler_job.py:182} INFO - Started process (PID=1249) to work on /opt/airflow/dags/user_processing.py
[2022-10-31 20:59:07,984] {scheduler_job.py:629} INFO - Processing file /opt/airflow/dags/user_processing.py for tasks to queue
[2022-10-31 20:59:07,985] {logging_mixin.py:104} INFO - [2022-10-31 20:59:07,985] {dagbag.py:448} INFO - Filling up the DagBag from /opt/airflow/dags/user_processing.py
[2022-10-31 20:59:08,316] {scheduler_job.py:639} INFO - DAG(s) dict_keys(['user_processing']) retrieved from /opt/airflow/dags/user_processing.py
[2022-10-31 20:59:08,335] {logging_mixin.py:104} INFO - [2022-10-31 20:59:08,335] {dag.py:1818} INFO - Sync 1 DAGs
[2022-10-31 20:59:08,357] {logging_mixin.py:104} INFO - [2022-10-31 20:59:08,357] {dag.py:2273} INFO - Setting next_dagrun for user_processing to 2022-10-31 00:00:00+00:00
[2022-10-31 20:59:08,363] {scheduler_job.py:190} INFO - Processing /opt/airflow/dags/user_processing.py took 0.382 seconds
[2022-10-31 20:59:39,084] {scheduler_job.py:182} INFO - Started process (PID=1277) to work on /opt/airflow/dags/user_processing.py
[2022-10-31 20:59:39,086] {scheduler_job.py:629} INFO - Processing file /opt/airflow/dags/user_processing.py for tasks to queue
[2022-10-31 20:59:39,088] {logging_mixin.py:104} INFO - [2022-10-31 20:59:39,088] {dagbag.py:448} INFO - Filling up the DagBag from /opt/airflow/dags/user_processing.py
[2022-10-31 20:59:39,333] {scheduler_job.py:639} INFO - DAG(s) dict_keys(['user_processing']) retrieved from /opt/airflow/dags/user_processing.py
[2022-10-31 20:59:39,346] {logging_mixin.py:104} INFO - [2022-10-31 20:59:39,346] {dag.py:1818} INFO - Sync 1 DAGs
[2022-10-31 20:59:39,363] {logging_mixin.py:104} INFO - [2022-10-31 20:59:39,363] {dag.py:2273} INFO - Setting next_dagrun for user_processing to 2022-10-31 00:00:00+00:00
[2022-10-31 20:59:39,370] {scheduler_job.py:190} INFO - Processing /opt/airflow/dags/user_processing.py took 0.293 seconds
[2022-10-31 21:00:10,188] {scheduler_job.py:182} INFO - Started process (PID=1305) to work on /opt/airflow/dags/user_processing.py
[2022-10-31 21:00:10,189] {scheduler_job.py:629} INFO - Processing file /opt/airflow/dags/user_processing.py for tasks to queue
[2022-10-31 21:00:10,190] {logging_mixin.py:104} INFO - [2022-10-31 21:00:10,190] {dagbag.py:448} INFO - Filling up the DagBag from /opt/airflow/dags/user_processing.py
[2022-10-31 21:00:10,475] {scheduler_job.py:639} INFO - DAG(s) dict_keys(['user_processing']) retrieved from /opt/airflow/dags/user_processing.py
[2022-10-31 21:00:10,491] {logging_mixin.py:104} INFO - [2022-10-31 21:00:10,491] {dag.py:1818} INFO - Sync 1 DAGs
[2022-10-31 21:00:10,513] {logging_mixin.py:104} INFO - [2022-10-31 21:00:10,512] {dag.py:2273} INFO - Setting next_dagrun for user_processing to 2022-10-31 00:00:00+00:00
[2022-10-31 21:00:10,520] {scheduler_job.py:190} INFO - Processing /opt/airflow/dags/user_processing.py took 0.336 seconds
[2022-10-31 21:00:41,346] {scheduler_job.py:182} INFO - Started process (PID=1333) to work on /opt/airflow/dags/user_processing.py
[2022-10-31 21:00:41,347] {scheduler_job.py:629} INFO - Processing file /opt/airflow/dags/user_processing.py for tasks to queue
[2022-10-31 21:00:41,348] {logging_mixin.py:104} INFO - [2022-10-31 21:00:41,348] {dagbag.py:448} INFO - Filling up the DagBag from /opt/airflow/dags/user_processing.py
[2022-10-31 21:00:41,648] {scheduler_job.py:639} INFO - DAG(s) dict_keys(['user_processing']) retrieved from /opt/airflow/dags/user_processing.py
[2022-10-31 21:00:41,671] {logging_mixin.py:104} INFO - [2022-10-31 21:00:41,671] {dag.py:1818} INFO - Sync 1 DAGs
[2022-10-31 21:00:41,690] {logging_mixin.py:104} INFO - [2022-10-31 21:00:41,690] {dag.py:2273} INFO - Setting next_dagrun for user_processing to 2022-10-31 00:00:00+00:00
[2022-10-31 21:00:41,697] {scheduler_job.py:190} INFO - Processing /opt/airflow/dags/user_processing.py took 0.354 seconds
[2022-10-31 21:01:12,508] {scheduler_job.py:182} INFO - Started process (PID=1362) to work on /opt/airflow/dags/user_processing.py
[2022-10-31 21:01:12,509] {scheduler_job.py:629} INFO - Processing file /opt/airflow/dags/user_processing.py for tasks to queue
[2022-10-31 21:01:12,510] {logging_mixin.py:104} INFO - [2022-10-31 21:01:12,509] {dagbag.py:448} INFO - Filling up the DagBag from /opt/airflow/dags/user_processing.py
[2022-10-31 21:01:12,786] {scheduler_job.py:639} INFO - DAG(s) dict_keys(['user_processing']) retrieved from /opt/airflow/dags/user_processing.py
[2022-10-31 21:01:12,805] {logging_mixin.py:104} INFO - [2022-10-31 21:01:12,805] {dag.py:1818} INFO - Sync 1 DAGs
[2022-10-31 21:01:12,823] {logging_mixin.py:104} INFO - [2022-10-31 21:01:12,823] {dag.py:2273} INFO - Setting next_dagrun for user_processing to 2022-10-31 00:00:00+00:00
[2022-10-31 21:01:12,834] {scheduler_job.py:190} INFO - Processing /opt/airflow/dags/user_processing.py took 0.328 seconds
[2022-10-31 21:01:43,474] {scheduler_job.py:182} INFO - Started process (PID=1390) to work on /opt/airflow/dags/user_processing.py
[2022-10-31 21:01:43,475] {scheduler_job.py:629} INFO - Processing file /opt/airflow/dags/user_processing.py for tasks to queue
[2022-10-31 21:01:43,476] {logging_mixin.py:104} INFO - [2022-10-31 21:01:43,476] {dagbag.py:448} INFO - Filling up the DagBag from /opt/airflow/dags/user_processing.py
[2022-10-31 21:01:43,723] {scheduler_job.py:639} INFO - DAG(s) dict_keys(['user_processing']) retrieved from /opt/airflow/dags/user_processing.py
[2022-10-31 21:01:43,735] {logging_mixin.py:104} INFO - [2022-10-31 21:01:43,735] {dag.py:1818} INFO - Sync 1 DAGs
[2022-10-31 21:01:43,749] {logging_mixin.py:104} INFO - [2022-10-31 21:01:43,749] {dag.py:2273} INFO - Setting next_dagrun for user_processing to 2022-10-31 00:00:00+00:00
[2022-10-31 21:01:43,759] {scheduler_job.py:190} INFO - Processing /opt/airflow/dags/user_processing.py took 0.288 seconds
[2022-10-31 21:02:14,713] {scheduler_job.py:182} INFO - Started process (PID=1418) to work on /opt/airflow/dags/user_processing.py
[2022-10-31 21:02:14,714] {scheduler_job.py:629} INFO - Processing file /opt/airflow/dags/user_processing.py for tasks to queue
[2022-10-31 21:02:14,714] {logging_mixin.py:104} INFO - [2022-10-31 21:02:14,714] {dagbag.py:448} INFO - Filling up the DagBag from /opt/airflow/dags/user_processing.py
[2022-10-31 21:02:14,950] {scheduler_job.py:639} INFO - DAG(s) dict_keys(['user_processing']) retrieved from /opt/airflow/dags/user_processing.py
[2022-10-31 21:02:14,964] {logging_mixin.py:104} INFO - [2022-10-31 21:02:14,964] {dag.py:1818} INFO - Sync 1 DAGs
[2022-10-31 21:02:14,979] {logging_mixin.py:104} INFO - [2022-10-31 21:02:14,979] {dag.py:2273} INFO - Setting next_dagrun for user_processing to 2022-10-31 00:00:00+00:00
[2022-10-31 21:02:14,990] {scheduler_job.py:190} INFO - Processing /opt/airflow/dags/user_processing.py took 0.279 seconds
[2022-10-31 21:02:45,904] {scheduler_job.py:182} INFO - Started process (PID=1446) to work on /opt/airflow/dags/user_processing.py
[2022-10-31 21:02:45,904] {scheduler_job.py:629} INFO - Processing file /opt/airflow/dags/user_processing.py for tasks to queue
[2022-10-31 21:02:45,905] {logging_mixin.py:104} INFO - [2022-10-31 21:02:45,905] {dagbag.py:448} INFO - Filling up the DagBag from /opt/airflow/dags/user_processing.py
[2022-10-31 21:02:46,144] {scheduler_job.py:639} INFO - DAG(s) dict_keys(['user_processing']) retrieved from /opt/airflow/dags/user_processing.py
[2022-10-31 21:02:46,155] {logging_mixin.py:104} INFO - [2022-10-31 21:02:46,155] {dag.py:1818} INFO - Sync 1 DAGs
[2022-10-31 21:02:46,169] {logging_mixin.py:104} INFO - [2022-10-31 21:02:46,169] {dag.py:2273} INFO - Setting next_dagrun for user_processing to 2022-10-31 00:00:00+00:00
[2022-10-31 21:02:46,179] {scheduler_job.py:190} INFO - Processing /opt/airflow/dags/user_processing.py took 0.277 seconds
[2022-10-31 21:03:16,993] {scheduler_job.py:182} INFO - Started process (PID=1474) to work on /opt/airflow/dags/user_processing.py
[2022-10-31 21:03:16,994] {scheduler_job.py:629} INFO - Processing file /opt/airflow/dags/user_processing.py for tasks to queue
[2022-10-31 21:03:16,994] {logging_mixin.py:104} INFO - [2022-10-31 21:03:16,994] {dagbag.py:448} INFO - Filling up the DagBag from /opt/airflow/dags/user_processing.py
[2022-10-31 21:03:17,264] {scheduler_job.py:639} INFO - DAG(s) dict_keys(['user_processing']) retrieved from /opt/airflow/dags/user_processing.py
[2022-10-31 21:03:17,277] {logging_mixin.py:104} INFO - [2022-10-31 21:03:17,276] {dag.py:1818} INFO - Sync 1 DAGs
[2022-10-31 21:03:17,292] {logging_mixin.py:104} INFO - [2022-10-31 21:03:17,291] {dag.py:2273} INFO - Setting next_dagrun for user_processing to 2022-10-31 00:00:00+00:00
[2022-10-31 21:03:17,303] {scheduler_job.py:190} INFO - Processing /opt/airflow/dags/user_processing.py took 0.313 seconds
[2022-10-31 21:03:48,174] {scheduler_job.py:182} INFO - Started process (PID=1502) to work on /opt/airflow/dags/user_processing.py
[2022-10-31 21:03:48,175] {scheduler_job.py:629} INFO - Processing file /opt/airflow/dags/user_processing.py for tasks to queue
[2022-10-31 21:03:48,176] {logging_mixin.py:104} INFO - [2022-10-31 21:03:48,175] {dagbag.py:448} INFO - Filling up the DagBag from /opt/airflow/dags/user_processing.py
[2022-10-31 21:03:48,413] {scheduler_job.py:639} INFO - DAG(s) dict_keys(['user_processing']) retrieved from /opt/airflow/dags/user_processing.py
[2022-10-31 21:03:48,428] {logging_mixin.py:104} INFO - [2022-10-31 21:03:48,428] {dag.py:1818} INFO - Sync 1 DAGs
[2022-10-31 21:03:48,448] {logging_mixin.py:104} INFO - [2022-10-31 21:03:48,448] {dag.py:2273} INFO - Setting next_dagrun for user_processing to 2022-10-31 00:00:00+00:00
[2022-10-31 21:03:48,460] {scheduler_job.py:190} INFO - Processing /opt/airflow/dags/user_processing.py took 0.289 seconds
[2022-10-31 21:04:19,413] {scheduler_job.py:182} INFO - Started process (PID=1530) to work on /opt/airflow/dags/user_processing.py
[2022-10-31 21:04:19,414] {scheduler_job.py:629} INFO - Processing file /opt/airflow/dags/user_processing.py for tasks to queue
[2022-10-31 21:04:19,414] {logging_mixin.py:104} INFO - [2022-10-31 21:04:19,414] {dagbag.py:448} INFO - Filling up the DagBag from /opt/airflow/dags/user_processing.py
[2022-10-31 21:04:19,717] {scheduler_job.py:639} INFO - DAG(s) dict_keys(['user_processing']) retrieved from /opt/airflow/dags/user_processing.py
[2022-10-31 21:04:19,734] {logging_mixin.py:104} INFO - [2022-10-31 21:04:19,734] {dag.py:1818} INFO - Sync 1 DAGs
[2022-10-31 21:04:19,750] {logging_mixin.py:104} INFO - [2022-10-31 21:04:19,750] {dag.py:2273} INFO - Setting next_dagrun for user_processing to 2022-10-31 00:00:00+00:00
[2022-10-31 21:04:19,762] {scheduler_job.py:190} INFO - Processing /opt/airflow/dags/user_processing.py took 0.350 seconds
[2022-10-31 21:04:49,875] {scheduler_job.py:182} INFO - Started process (PID=1558) to work on /opt/airflow/dags/user_processing.py
[2022-10-31 21:04:49,876] {scheduler_job.py:629} INFO - Processing file /opt/airflow/dags/user_processing.py for tasks to queue
[2022-10-31 21:04:49,877] {logging_mixin.py:104} INFO - [2022-10-31 21:04:49,877] {dagbag.py:448} INFO - Filling up the DagBag from /opt/airflow/dags/user_processing.py
[2022-10-31 21:04:50,161] {scheduler_job.py:639} INFO - DAG(s) dict_keys(['user_processing']) retrieved from /opt/airflow/dags/user_processing.py
[2022-10-31 21:04:50,173] {logging_mixin.py:104} INFO - [2022-10-31 21:04:50,173] {dag.py:1818} INFO - Sync 1 DAGs
[2022-10-31 21:04:50,189] {logging_mixin.py:104} INFO - [2022-10-31 21:04:50,189] {dag.py:2273} INFO - Setting next_dagrun for user_processing to 2022-10-31 00:00:00+00:00
[2022-10-31 21:04:50,201] {scheduler_job.py:190} INFO - Processing /opt/airflow/dags/user_processing.py took 0.329 seconds
[2022-10-31 21:05:20,917] {scheduler_job.py:182} INFO - Started process (PID=1586) to work on /opt/airflow/dags/user_processing.py
[2022-10-31 21:05:20,918] {scheduler_job.py:629} INFO - Processing file /opt/airflow/dags/user_processing.py for tasks to queue
[2022-10-31 21:05:20,918] {logging_mixin.py:104} INFO - [2022-10-31 21:05:20,918] {dagbag.py:448} INFO - Filling up the DagBag from /opt/airflow/dags/user_processing.py
[2022-10-31 21:05:21,138] {scheduler_job.py:639} INFO - DAG(s) dict_keys(['user_processing']) retrieved from /opt/airflow/dags/user_processing.py
[2022-10-31 21:05:21,149] {logging_mixin.py:104} INFO - [2022-10-31 21:05:21,149] {dag.py:1818} INFO - Sync 1 DAGs
[2022-10-31 21:05:21,161] {logging_mixin.py:104} INFO - [2022-10-31 21:05:21,161] {dag.py:2273} INFO - Setting next_dagrun for user_processing to 2022-10-31 00:00:00+00:00
[2022-10-31 21:05:21,171] {scheduler_job.py:190} INFO - Processing /opt/airflow/dags/user_processing.py took 0.256 seconds
[2022-10-31 21:05:51,978] {scheduler_job.py:182} INFO - Started process (PID=1614) to work on /opt/airflow/dags/user_processing.py
[2022-10-31 21:05:51,978] {scheduler_job.py:629} INFO - Processing file /opt/airflow/dags/user_processing.py for tasks to queue
[2022-10-31 21:05:51,979] {logging_mixin.py:104} INFO - [2022-10-31 21:05:51,979] {dagbag.py:448} INFO - Filling up the DagBag from /opt/airflow/dags/user_processing.py
[2022-10-31 21:05:52,229] {scheduler_job.py:639} INFO - DAG(s) dict_keys(['user_processing']) retrieved from /opt/airflow/dags/user_processing.py
[2022-10-31 21:05:52,246] {logging_mixin.py:104} INFO - [2022-10-31 21:05:52,245] {dag.py:1818} INFO - Sync 1 DAGs
[2022-10-31 21:05:52,261] {logging_mixin.py:104} INFO - [2022-10-31 21:05:52,261] {dag.py:2273} INFO - Setting next_dagrun for user_processing to 2022-10-31 00:00:00+00:00
[2022-10-31 21:05:52,275] {scheduler_job.py:190} INFO - Processing /opt/airflow/dags/user_processing.py took 0.299 seconds
[2022-10-31 21:06:23,336] {scheduler_job.py:182} INFO - Started process (PID=1645) to work on /opt/airflow/dags/user_processing.py
[2022-10-31 21:06:23,337] {scheduler_job.py:629} INFO - Processing file /opt/airflow/dags/user_processing.py for tasks to queue
[2022-10-31 21:06:23,338] {logging_mixin.py:104} INFO - [2022-10-31 21:06:23,338] {dagbag.py:448} INFO - Filling up the DagBag from /opt/airflow/dags/user_processing.py
[2022-10-31 21:06:23,627] {scheduler_job.py:639} INFO - DAG(s) dict_keys(['user_processing']) retrieved from /opt/airflow/dags/user_processing.py
[2022-10-31 21:06:23,641] {logging_mixin.py:104} INFO - [2022-10-31 21:06:23,641] {dag.py:1818} INFO - Sync 1 DAGs
[2022-10-31 21:06:23,655] {logging_mixin.py:104} INFO - [2022-10-31 21:06:23,655] {dag.py:2273} INFO - Setting next_dagrun for user_processing to 2022-10-31 00:00:00+00:00
[2022-10-31 21:06:23,667] {scheduler_job.py:190} INFO - Processing /opt/airflow/dags/user_processing.py took 0.335 seconds
[2022-10-31 21:06:54,672] {scheduler_job.py:182} INFO - Started process (PID=1677) to work on /opt/airflow/dags/user_processing.py
[2022-10-31 21:06:54,672] {scheduler_job.py:629} INFO - Processing file /opt/airflow/dags/user_processing.py for tasks to queue
[2022-10-31 21:06:54,673] {logging_mixin.py:104} INFO - [2022-10-31 21:06:54,673] {dagbag.py:448} INFO - Filling up the DagBag from /opt/airflow/dags/user_processing.py
[2022-10-31 21:06:54,917] {scheduler_job.py:639} INFO - DAG(s) dict_keys(['user_processing']) retrieved from /opt/airflow/dags/user_processing.py
[2022-10-31 21:06:54,928] {logging_mixin.py:104} INFO - [2022-10-31 21:06:54,928] {dag.py:1818} INFO - Sync 1 DAGs
[2022-10-31 21:06:54,941] {logging_mixin.py:104} INFO - [2022-10-31 21:06:54,941] {dag.py:2273} INFO - Setting next_dagrun for user_processing to 2022-10-31 00:00:00+00:00
[2022-10-31 21:06:54,945] {scheduler_job.py:190} INFO - Processing /opt/airflow/dags/user_processing.py took 0.276 seconds
[2022-10-31 21:07:25,684] {scheduler_job.py:182} INFO - Started process (PID=1704) to work on /opt/airflow/dags/user_processing.py
[2022-10-31 21:07:25,685] {scheduler_job.py:629} INFO - Processing file /opt/airflow/dags/user_processing.py for tasks to queue
[2022-10-31 21:07:25,685] {logging_mixin.py:104} INFO - [2022-10-31 21:07:25,685] {dagbag.py:448} INFO - Filling up the DagBag from /opt/airflow/dags/user_processing.py
[2022-10-31 21:07:25,979] {scheduler_job.py:639} INFO - DAG(s) dict_keys(['user_processing']) retrieved from /opt/airflow/dags/user_processing.py
[2022-10-31 21:07:25,992] {logging_mixin.py:104} INFO - [2022-10-31 21:07:25,992] {dag.py:1818} INFO - Sync 1 DAGs
[2022-10-31 21:07:26,008] {logging_mixin.py:104} INFO - [2022-10-31 21:07:26,008] {dag.py:2273} INFO - Setting next_dagrun for user_processing to 2022-10-31 00:00:00+00:00
[2022-10-31 21:07:26,013] {scheduler_job.py:190} INFO - Processing /opt/airflow/dags/user_processing.py took 0.332 seconds
[2022-10-31 21:07:56,969] {scheduler_job.py:182} INFO - Started process (PID=1736) to work on /opt/airflow/dags/user_processing.py
[2022-10-31 21:07:56,970] {scheduler_job.py:629} INFO - Processing file /opt/airflow/dags/user_processing.py for tasks to queue
[2022-10-31 21:07:56,970] {logging_mixin.py:104} INFO - [2022-10-31 21:07:56,970] {dagbag.py:448} INFO - Filling up the DagBag from /opt/airflow/dags/user_processing.py
[2022-10-31 21:07:57,188] {scheduler_job.py:639} INFO - DAG(s) dict_keys(['user_processing']) retrieved from /opt/airflow/dags/user_processing.py
[2022-10-31 21:07:57,201] {logging_mixin.py:104} INFO - [2022-10-31 21:07:57,201] {dag.py:1818} INFO - Sync 1 DAGs
[2022-10-31 21:07:57,218] {logging_mixin.py:104} INFO - [2022-10-31 21:07:57,218] {dag.py:2273} INFO - Setting next_dagrun for user_processing to 2022-10-31 00:00:00+00:00
[2022-10-31 21:07:57,226] {scheduler_job.py:190} INFO - Processing /opt/airflow/dags/user_processing.py took 0.259 seconds
[2022-10-31 21:08:28,237] {scheduler_job.py:182} INFO - Started process (PID=1767) to work on /opt/airflow/dags/user_processing.py
[2022-10-31 21:08:28,238] {scheduler_job.py:629} INFO - Processing file /opt/airflow/dags/user_processing.py for tasks to queue
[2022-10-31 21:08:28,238] {logging_mixin.py:104} INFO - [2022-10-31 21:08:28,238] {dagbag.py:448} INFO - Filling up the DagBag from /opt/airflow/dags/user_processing.py
[2022-10-31 21:08:28,554] {scheduler_job.py:639} INFO - DAG(s) dict_keys(['user_processing']) retrieved from /opt/airflow/dags/user_processing.py
[2022-10-31 21:08:28,567] {logging_mixin.py:104} INFO - [2022-10-31 21:08:28,567] {dag.py:1818} INFO - Sync 1 DAGs
[2022-10-31 21:08:28,583] {logging_mixin.py:104} INFO - [2022-10-31 21:08:28,583] {dag.py:2273} INFO - Setting next_dagrun for user_processing to 2022-10-31 00:00:00+00:00
[2022-10-31 21:08:28,588] {scheduler_job.py:190} INFO - Processing /opt/airflow/dags/user_processing.py took 0.355 seconds
[2022-10-31 21:08:59,645] {scheduler_job.py:182} INFO - Started process (PID=1799) to work on /opt/airflow/dags/user_processing.py
[2022-10-31 21:08:59,646] {scheduler_job.py:629} INFO - Processing file /opt/airflow/dags/user_processing.py for tasks to queue
[2022-10-31 21:08:59,646] {logging_mixin.py:104} INFO - [2022-10-31 21:08:59,646] {dagbag.py:448} INFO - Filling up the DagBag from /opt/airflow/dags/user_processing.py
[2022-10-31 21:08:59,934] {scheduler_job.py:639} INFO - DAG(s) dict_keys(['user_processing']) retrieved from /opt/airflow/dags/user_processing.py
[2022-10-31 21:08:59,946] {logging_mixin.py:104} INFO - [2022-10-31 21:08:59,946] {dag.py:1818} INFO - Sync 1 DAGs
[2022-10-31 21:08:59,962] {logging_mixin.py:104} INFO - [2022-10-31 21:08:59,962] {dag.py:2273} INFO - Setting next_dagrun for user_processing to 2022-10-31 00:00:00+00:00
[2022-10-31 21:08:59,973] {scheduler_job.py:190} INFO - Processing /opt/airflow/dags/user_processing.py took 0.330 seconds
[2022-10-31 21:09:31,173] {scheduler_job.py:182} INFO - Started process (PID=1835) to work on /opt/airflow/dags/user_processing.py
[2022-10-31 21:09:31,174] {scheduler_job.py:629} INFO - Processing file /opt/airflow/dags/user_processing.py for tasks to queue
[2022-10-31 21:09:31,174] {logging_mixin.py:104} INFO - [2022-10-31 21:09:31,174] {dagbag.py:448} INFO - Filling up the DagBag from /opt/airflow/dags/user_processing.py
[2022-10-31 21:09:31,435] {scheduler_job.py:639} INFO - DAG(s) dict_keys(['user_processing']) retrieved from /opt/airflow/dags/user_processing.py
[2022-10-31 21:09:31,447] {logging_mixin.py:104} INFO - [2022-10-31 21:09:31,447] {dag.py:1818} INFO - Sync 1 DAGs
[2022-10-31 21:09:31,462] {logging_mixin.py:104} INFO - [2022-10-31 21:09:31,462] {dag.py:2273} INFO - Setting next_dagrun for user_processing to 2022-10-31 00:00:00+00:00
[2022-10-31 21:09:31,467] {scheduler_job.py:190} INFO - Processing /opt/airflow/dags/user_processing.py took 0.296 seconds
[2022-10-31 21:10:02,399] {scheduler_job.py:182} INFO - Started process (PID=1863) to work on /opt/airflow/dags/user_processing.py
[2022-10-31 21:10:02,400] {scheduler_job.py:629} INFO - Processing file /opt/airflow/dags/user_processing.py for tasks to queue
[2022-10-31 21:10:02,400] {logging_mixin.py:104} INFO - [2022-10-31 21:10:02,400] {dagbag.py:448} INFO - Filling up the DagBag from /opt/airflow/dags/user_processing.py
[2022-10-31 21:10:02,615] {scheduler_job.py:639} INFO - DAG(s) dict_keys(['user_processing']) retrieved from /opt/airflow/dags/user_processing.py
[2022-10-31 21:10:02,625] {logging_mixin.py:104} INFO - [2022-10-31 21:10:02,625] {dag.py:1818} INFO - Sync 1 DAGs
[2022-10-31 21:10:02,637] {logging_mixin.py:104} INFO - [2022-10-31 21:10:02,637] {dag.py:2273} INFO - Setting next_dagrun for user_processing to 2022-10-31 00:00:00+00:00
[2022-10-31 21:10:02,646] {scheduler_job.py:190} INFO - Processing /opt/airflow/dags/user_processing.py took 0.249 seconds
[2022-10-31 21:10:33,503] {scheduler_job.py:182} INFO - Started process (PID=1891) to work on /opt/airflow/dags/user_processing.py
[2022-10-31 21:10:33,504] {scheduler_job.py:629} INFO - Processing file /opt/airflow/dags/user_processing.py for tasks to queue
[2022-10-31 21:10:33,505] {logging_mixin.py:104} INFO - [2022-10-31 21:10:33,505] {dagbag.py:448} INFO - Filling up the DagBag from /opt/airflow/dags/user_processing.py
[2022-10-31 21:10:33,759] {scheduler_job.py:639} INFO - DAG(s) dict_keys(['user_processing']) retrieved from /opt/airflow/dags/user_processing.py
[2022-10-31 21:10:33,772] {logging_mixin.py:104} INFO - [2022-10-31 21:10:33,772] {dag.py:1818} INFO - Sync 1 DAGs
[2022-10-31 21:10:33,787] {logging_mixin.py:104} INFO - [2022-10-31 21:10:33,787] {dag.py:2273} INFO - Setting next_dagrun for user_processing to 2022-10-31 00:00:00+00:00
[2022-10-31 21:10:33,793] {scheduler_job.py:190} INFO - Processing /opt/airflow/dags/user_processing.py took 0.292 seconds
[2022-10-31 21:11:04,725] {scheduler_job.py:182} INFO - Started process (PID=1920) to work on /opt/airflow/dags/user_processing.py
[2022-10-31 21:11:04,725] {scheduler_job.py:629} INFO - Processing file /opt/airflow/dags/user_processing.py for tasks to queue
[2022-10-31 21:11:04,726] {logging_mixin.py:104} INFO - [2022-10-31 21:11:04,726] {dagbag.py:448} INFO - Filling up the DagBag from /opt/airflow/dags/user_processing.py
[2022-10-31 21:11:05,020] {scheduler_job.py:639} INFO - DAG(s) dict_keys(['user_processing']) retrieved from /opt/airflow/dags/user_processing.py
[2022-10-31 21:11:05,033] {logging_mixin.py:104} INFO - [2022-10-31 21:11:05,033] {dag.py:1818} INFO - Sync 1 DAGs
[2022-10-31 21:11:05,049] {logging_mixin.py:104} INFO - [2022-10-31 21:11:05,049] {dag.py:2273} INFO - Setting next_dagrun for user_processing to 2022-10-31 00:00:00+00:00
[2022-10-31 21:11:05,061] {scheduler_job.py:190} INFO - Processing /opt/airflow/dags/user_processing.py took 0.339 seconds
[2022-10-31 21:11:35,880] {scheduler_job.py:182} INFO - Started process (PID=1955) to work on /opt/airflow/dags/user_processing.py
[2022-10-31 21:11:35,881] {scheduler_job.py:629} INFO - Processing file /opt/airflow/dags/user_processing.py for tasks to queue
[2022-10-31 21:11:35,881] {logging_mixin.py:104} INFO - [2022-10-31 21:11:35,881] {dagbag.py:448} INFO - Filling up the DagBag from /opt/airflow/dags/user_processing.py
[2022-10-31 21:11:36,175] {scheduler_job.py:639} INFO - DAG(s) dict_keys(['user_processing']) retrieved from /opt/airflow/dags/user_processing.py
[2022-10-31 21:11:36,190] {logging_mixin.py:104} INFO - [2022-10-31 21:11:36,190] {dag.py:1818} INFO - Sync 1 DAGs
[2022-10-31 21:11:36,206] {logging_mixin.py:104} INFO - [2022-10-31 21:11:36,206] {dag.py:2273} INFO - Setting next_dagrun for user_processing to 2022-10-31 00:00:00+00:00
[2022-10-31 21:11:36,219] {scheduler_job.py:190} INFO - Processing /opt/airflow/dags/user_processing.py took 0.341 seconds
[2022-10-31 21:12:06,999] {scheduler_job.py:182} INFO - Started process (PID=1983) to work on /opt/airflow/dags/user_processing.py
[2022-10-31 21:12:07,000] {scheduler_job.py:629} INFO - Processing file /opt/airflow/dags/user_processing.py for tasks to queue
[2022-10-31 21:12:07,000] {logging_mixin.py:104} INFO - [2022-10-31 21:12:07,000] {dagbag.py:448} INFO - Filling up the DagBag from /opt/airflow/dags/user_processing.py
[2022-10-31 21:12:07,235] {scheduler_job.py:639} INFO - DAG(s) dict_keys(['user_processing']) retrieved from /opt/airflow/dags/user_processing.py
[2022-10-31 21:12:07,248] {logging_mixin.py:104} INFO - [2022-10-31 21:12:07,248] {dag.py:1818} INFO - Sync 1 DAGs
[2022-10-31 21:12:07,262] {logging_mixin.py:104} INFO - [2022-10-31 21:12:07,262] {dag.py:2273} INFO - Setting next_dagrun for user_processing to 2022-10-31 00:00:00+00:00
[2022-10-31 21:12:07,272] {scheduler_job.py:190} INFO - Processing /opt/airflow/dags/user_processing.py took 0.275 seconds
[2022-10-31 21:12:38,104] {scheduler_job.py:182} INFO - Started process (PID=2026) to work on /opt/airflow/dags/user_processing.py
[2022-10-31 21:12:38,105] {scheduler_job.py:629} INFO - Processing file /opt/airflow/dags/user_processing.py for tasks to queue
[2022-10-31 21:12:38,105] {logging_mixin.py:104} INFO - [2022-10-31 21:12:38,105] {dagbag.py:448} INFO - Filling up the DagBag from /opt/airflow/dags/user_processing.py
[2022-10-31 21:12:38,392] {scheduler_job.py:639} INFO - DAG(s) dict_keys(['user_processing']) retrieved from /opt/airflow/dags/user_processing.py
[2022-10-31 21:12:38,406] {logging_mixin.py:104} INFO - [2022-10-31 21:12:38,405] {dag.py:1818} INFO - Sync 1 DAGs
[2022-10-31 21:12:38,421] {logging_mixin.py:104} INFO - [2022-10-31 21:12:38,421] {dag.py:2273} INFO - Setting next_dagrun for user_processing to 2022-10-31 00:00:00+00:00
[2022-10-31 21:12:38,432] {scheduler_job.py:190} INFO - Processing /opt/airflow/dags/user_processing.py took 0.331 seconds
[2022-10-31 21:13:09,361] {scheduler_job.py:182} INFO - Started process (PID=2054) to work on /opt/airflow/dags/user_processing.py
[2022-10-31 21:13:09,362] {scheduler_job.py:629} INFO - Processing file /opt/airflow/dags/user_processing.py for tasks to queue
[2022-10-31 21:13:09,362] {logging_mixin.py:104} INFO - [2022-10-31 21:13:09,362] {dagbag.py:448} INFO - Filling up the DagBag from /opt/airflow/dags/user_processing.py
[2022-10-31 21:13:09,645] {scheduler_job.py:639} INFO - DAG(s) dict_keys(['user_processing']) retrieved from /opt/airflow/dags/user_processing.py
[2022-10-31 21:13:09,660] {logging_mixin.py:104} INFO - [2022-10-31 21:13:09,659] {dag.py:1818} INFO - Sync 1 DAGs
[2022-10-31 21:13:09,674] {logging_mixin.py:104} INFO - [2022-10-31 21:13:09,674] {dag.py:2273} INFO - Setting next_dagrun for user_processing to 2022-10-31 00:00:00+00:00
[2022-10-31 21:13:09,685] {scheduler_job.py:190} INFO - Processing /opt/airflow/dags/user_processing.py took 0.327 seconds
[2022-10-31 21:13:39,766] {scheduler_job.py:182} INFO - Started process (PID=2082) to work on /opt/airflow/dags/user_processing.py
[2022-10-31 21:13:39,769] {scheduler_job.py:629} INFO - Processing file /opt/airflow/dags/user_processing.py for tasks to queue
[2022-10-31 21:13:39,770] {logging_mixin.py:104} INFO - [2022-10-31 21:13:39,770] {dagbag.py:448} INFO - Filling up the DagBag from /opt/airflow/dags/user_processing.py
[2022-10-31 21:13:40,064] {scheduler_job.py:639} INFO - DAG(s) dict_keys(['user_processing']) retrieved from /opt/airflow/dags/user_processing.py
[2022-10-31 21:13:40,079] {logging_mixin.py:104} INFO - [2022-10-31 21:13:40,079] {dag.py:1818} INFO - Sync 1 DAGs
[2022-10-31 21:13:40,094] {logging_mixin.py:104} INFO - [2022-10-31 21:13:40,094] {dag.py:2273} INFO - Setting next_dagrun for user_processing to 2022-10-31 00:00:00+00:00
[2022-10-31 21:13:40,105] {scheduler_job.py:190} INFO - Processing /opt/airflow/dags/user_processing.py took 0.346 seconds
