[2022-10-31 20:39:04,267] {taskinstance.py:851} INFO - Dependencies all met for <TaskInstance: example_bash_operator.runme_0 2022-10-31T20:39:03.770890+00:00 [queued]>
[2022-10-31 20:39:04,284] {taskinstance.py:851} INFO - Dependencies all met for <TaskInstance: example_bash_operator.runme_0 2022-10-31T20:39:03.770890+00:00 [queued]>
[2022-10-31 20:39:04,284] {taskinstance.py:1042} INFO - 
--------------------------------------------------------------------------------
[2022-10-31 20:39:04,284] {taskinstance.py:1043} INFO - Starting attempt 1 of 1
[2022-10-31 20:39:04,284] {taskinstance.py:1044} INFO - 
--------------------------------------------------------------------------------
[2022-10-31 20:39:04,295] {taskinstance.py:1063} INFO - Executing <Task(BashOperator): runme_0> on 2022-10-31T20:39:03.770890+00:00
[2022-10-31 20:39:04,301] {standard_task_runner.py:52} INFO - Started process 82 to run task
[2022-10-31 20:39:04,305] {standard_task_runner.py:76} INFO - Running: ['airflow', 'tasks', 'run', 'example_bash_operator', 'runme_0', '2022-10-31T20:39:03.770890+00:00', '--job-id', '16', '--pool', 'default_pool', '--raw', '--subdir', '/home/airflow/.local/lib/python3.6/site-packages/airflow/example_dags/example_bash_operator.py', '--cfg-path', '/tmp/tmp00uef7x6', '--error-file', '/tmp/tmpnp449v4m']
[2022-10-31 20:39:04,305] {standard_task_runner.py:77} INFO - Job 16: Subtask runme_0
[2022-10-31 20:39:04,348] {logging_mixin.py:104} INFO - Running <TaskInstance: example_bash_operator.runme_0 2022-10-31T20:39:03.770890+00:00 [running]> on host 8311e947f87b
[2022-10-31 20:39:04,394] {taskinstance.py:1257} INFO - Exporting the following env vars:
AIRFLOW_CTX_DAG_OWNER=airflow
AIRFLOW_CTX_DAG_ID=example_bash_operator
AIRFLOW_CTX_TASK_ID=runme_0
AIRFLOW_CTX_EXECUTION_DATE=2022-10-31T20:39:03.770890+00:00
AIRFLOW_CTX_DAG_RUN_ID=manual__2022-10-31T20:39:03.770890+00:00
[2022-10-31 20:39:04,395] {bash.py:135} INFO - Tmp dir root location: 
 /tmp
[2022-10-31 20:39:04,396] {bash.py:158} INFO - Running command: echo "example_bash_operator__runme_0__20221031" && sleep 1
[2022-10-31 20:39:04,411] {bash.py:169} INFO - Output:
[2022-10-31 20:39:04,412] {bash.py:173} INFO - example_bash_operator__runme_0__20221031
[2022-10-31 20:39:05,414] {bash.py:177} INFO - Command exited with return code 0
[2022-10-31 20:39:05,436] {taskinstance.py:1166} INFO - Marking task as SUCCESS. dag_id=example_bash_operator, task_id=runme_0, execution_date=20221031T203903, start_date=20221031T203904, end_date=20221031T203905
[2022-10-31 20:39:05,458] {taskinstance.py:1220} INFO - 1 downstream tasks scheduled from follow-on schedule check
[2022-10-31 20:39:05,481] {local_task_job.py:146} INFO - Task exited with return code 0
