[2022-10-31 20:38:51,445] {taskinstance.py:851} INFO - Dependencies all met for <TaskInstance: example_bash_operator.runme_1 2022-10-29T00:00:00+00:00 [queued]>
[2022-10-31 20:38:51,458] {taskinstance.py:851} INFO - Dependencies all met for <TaskInstance: example_bash_operator.runme_1 2022-10-29T00:00:00+00:00 [queued]>
[2022-10-31 20:38:51,458] {taskinstance.py:1042} INFO - 
--------------------------------------------------------------------------------
[2022-10-31 20:38:51,458] {taskinstance.py:1043} INFO - Starting attempt 1 of 1
[2022-10-31 20:38:51,458] {taskinstance.py:1044} INFO - 
--------------------------------------------------------------------------------
[2022-10-31 20:38:51,464] {taskinstance.py:1063} INFO - Executing <Task(BashOperator): runme_1> on 2022-10-29T00:00:00+00:00
[2022-10-31 20:38:51,468] {standard_task_runner.py:52} INFO - Started process 50 to run task
[2022-10-31 20:38:51,472] {standard_task_runner.py:76} INFO - Running: ['airflow', 'tasks', 'run', 'example_bash_operator', 'runme_1', '2022-10-29T00:00:00+00:00', '--job-id', '6', '--pool', 'default_pool', '--raw', '--subdir', '/home/airflow/.local/lib/python3.6/site-packages/airflow/example_dags/example_bash_operator.py', '--cfg-path', '/tmp/tmpxk0cis8n', '--error-file', '/tmp/tmpf8htn_sx']
[2022-10-31 20:38:51,472] {standard_task_runner.py:77} INFO - Job 6: Subtask runme_1
[2022-10-31 20:38:51,517] {logging_mixin.py:104} INFO - Running <TaskInstance: example_bash_operator.runme_1 2022-10-29T00:00:00+00:00 [running]> on host 8311e947f87b
[2022-10-31 20:38:51,562] {taskinstance.py:1257} INFO - Exporting the following env vars:
AIRFLOW_CTX_DAG_OWNER=airflow
AIRFLOW_CTX_DAG_ID=example_bash_operator
AIRFLOW_CTX_TASK_ID=runme_1
AIRFLOW_CTX_EXECUTION_DATE=2022-10-29T00:00:00+00:00
AIRFLOW_CTX_DAG_RUN_ID=scheduled__2022-10-29T00:00:00+00:00
[2022-10-31 20:38:51,562] {bash.py:135} INFO - Tmp dir root location: 
 /tmp
[2022-10-31 20:38:51,563] {bash.py:158} INFO - Running command: echo "example_bash_operator__runme_1__20221029" && sleep 1
[2022-10-31 20:38:51,586] {bash.py:169} INFO - Output:
[2022-10-31 20:38:51,588] {bash.py:173} INFO - example_bash_operator__runme_1__20221029
[2022-10-31 20:38:52,590] {bash.py:177} INFO - Command exited with return code 0
[2022-10-31 20:38:52,640] {taskinstance.py:1166} INFO - Marking task as SUCCESS. dag_id=example_bash_operator, task_id=runme_1, execution_date=20221029T000000, start_date=20221031T203851, end_date=20221031T203852
[2022-10-31 20:38:52,669] {taskinstance.py:1220} INFO - 0 downstream tasks scheduled from follow-on schedule check
[2022-10-31 20:38:52,688] {local_task_job.py:146} INFO - Task exited with return code 0
